Added Kind.FUNC (15): ['security_dentry_create_files_as', 'security_inode_copy_up', 'security_inode_copy_up_xattr', 'security_inode_invalidate_secctx', 'security_ib_pkey_access', 'security_ib_endport_manage_subnet', 'security_ib_alloc_security', 'security_ib_free_security', 'security_kernel_read_file', 'security_kernel_post_read_file', 'security_task_alloc', 'security_task_prlimit', 'security_bpf', 'security_bpf_map', 'security_bpf_prog']
Removed Kind.FUNC (6): ['security_kernel_fw_from_file', 'security_settime', 'security_bprm_secureexec', 'security_task_create', 'security_kernel_module_from_file', 'security_task_wait']
Changed Kind.FUNC (20): ['security_path_rename', 'security_sb_clone_mnt_opts', 'security_dentry_init_security', 'security_path_mknod', 'security_path_mkdir', 'security_path_rmdir', 'security_path_unlink', 'security_path_symlink', 'security_path_link', 'security_path_truncate', 'security_path_chmod', 'security_path_chown', 'security_capable', 'security_sb_mount', 'security_sb_pivotroot', 'security_path_chroot', 'security_inode_getsecurity', 'security_inode_getsecid', 'security_getprocattr', 'security_setprocattr']
Reasons Kind.FUNC (5): [('Param added', 4), ('Param removed', 1), ('Param type changed', 17), ('Param reordered', 1), ('Return type changed', 0)]
security_path_rename
	Param type changed
		old_dir             : {'kind': 'PTR', 'type': {'kind': 'STRUCT', 'name': 'path'}}
		                    ->{'kind': 'PTR', 'type': {'kind': 'CONST', 'name': '(anon)', 'type': {'kind': 'STRUCT', 'name': 'path'}}}
		new_dir             : {'kind': 'PTR', 'type': {'kind': 'STRUCT', 'name': 'path'}}
		                    ->{'kind': 'PTR', 'type': {'kind': 'CONST', 'name': '(anon)', 'type': {'kind': 'STRUCT', 'name': 'path'}}}
security_sb_clone_mnt_opts
	Param added
		kern_flags          : {'kind': 'INT', 'name': 'long unsigned int'}
		set_kern_flags      : {'kind': 'PTR', 'type': {'kind': 'INT', 'name': 'long unsigned int'}}
security_dentry_init_security
	Param type changed
		name                : {'kind': 'PTR', 'type': {'kind': 'STRUCT', 'name': 'qstr'}}
		                    ->{'kind': 'PTR', 'type': {'kind': 'CONST', 'name': '(anon)', 'type': {'kind': 'STRUCT', 'name': 'qstr'}}}
security_path_mknod
	Param type changed
		dir                 : {'kind': 'PTR', 'type': {'kind': 'STRUCT', 'name': 'path'}}
		                    ->{'kind': 'PTR', 'type': {'kind': 'CONST', 'name': '(anon)', 'type': {'kind': 'STRUCT', 'name': 'path'}}}
security_path_mkdir
	Param type changed
		dir                 : {'kind': 'PTR', 'type': {'kind': 'STRUCT', 'name': 'path'}}
		                    ->{'kind': 'PTR', 'type': {'kind': 'CONST', 'name': '(anon)', 'type': {'kind': 'STRUCT', 'name': 'path'}}}
security_path_rmdir
	Param type changed
		dir                 : {'kind': 'PTR', 'type': {'kind': 'STRUCT', 'name': 'path'}}
		                    ->{'kind': 'PTR', 'type': {'kind': 'CONST', 'name': '(anon)', 'type': {'kind': 'STRUCT', 'name': 'path'}}}
security_path_unlink
	Param type changed
		dir                 : {'kind': 'PTR', 'type': {'kind': 'STRUCT', 'name': 'path'}}
		                    ->{'kind': 'PTR', 'type': {'kind': 'CONST', 'name': '(anon)', 'type': {'kind': 'STRUCT', 'name': 'path'}}}
security_path_symlink
	Param type changed
		dir                 : {'kind': 'PTR', 'type': {'kind': 'STRUCT', 'name': 'path'}}
		                    ->{'kind': 'PTR', 'type': {'kind': 'CONST', 'name': '(anon)', 'type': {'kind': 'STRUCT', 'name': 'path'}}}
security_path_link
	Param type changed
		new_dir             : {'kind': 'PTR', 'type': {'kind': 'STRUCT', 'name': 'path'}}
		                    ->{'kind': 'PTR', 'type': {'kind': 'CONST', 'name': '(anon)', 'type': {'kind': 'STRUCT', 'name': 'path'}}}
security_path_truncate
	Param type changed
		path                : {'kind': 'PTR', 'type': {'kind': 'STRUCT', 'name': 'path'}}
		                    ->{'kind': 'PTR', 'type': {'kind': 'CONST', 'name': '(anon)', 'type': {'kind': 'STRUCT', 'name': 'path'}}}
security_path_chmod
	Param type changed
		path                : {'kind': 'PTR', 'type': {'kind': 'STRUCT', 'name': 'path'}}
		                    ->{'kind': 'PTR', 'type': {'kind': 'CONST', 'name': '(anon)', 'type': {'kind': 'STRUCT', 'name': 'path'}}}
security_path_chown
	Param type changed
		path                : {'kind': 'PTR', 'type': {'kind': 'STRUCT', 'name': 'path'}}
		                    ->{'kind': 'PTR', 'type': {'kind': 'CONST', 'name': '(anon)', 'type': {'kind': 'STRUCT', 'name': 'path'}}}
security_capable
	Param added
		opts                : {'kind': 'INT', 'name': 'unsigned int'}
security_sb_mount
	Param type changed
		path                : {'kind': 'PTR', 'type': {'kind': 'STRUCT', 'name': 'path'}}
		                    ->{'kind': 'PTR', 'type': {'kind': 'CONST', 'name': '(anon)', 'type': {'kind': 'STRUCT', 'name': 'path'}}}
security_sb_pivotroot
	Param type changed
		old_path            : {'kind': 'PTR', 'type': {'kind': 'STRUCT', 'name': 'path'}}
		                    ->{'kind': 'PTR', 'type': {'kind': 'CONST', 'name': '(anon)', 'type': {'kind': 'STRUCT', 'name': 'path'}}}
		new_path            : {'kind': 'PTR', 'type': {'kind': 'STRUCT', 'name': 'path'}}
		                    ->{'kind': 'PTR', 'type': {'kind': 'CONST', 'name': '(anon)', 'type': {'kind': 'STRUCT', 'name': 'path'}}}
security_path_chroot
	Param type changed
		path                : {'kind': 'PTR', 'type': {'kind': 'STRUCT', 'name': 'path'}}
		                    ->{'kind': 'PTR', 'type': {'kind': 'CONST', 'name': '(anon)', 'type': {'kind': 'STRUCT', 'name': 'path'}}}
security_inode_getsecurity
	Param type changed
		inode               : {'kind': 'PTR', 'type': {'kind': 'CONST', 'name': '(anon)', 'type': {'kind': 'STRUCT', 'name': 'inode'}}}
		                    ->{'kind': 'PTR', 'type': {'kind': 'STRUCT', 'name': 'inode'}}
security_inode_getsecid
	Param type changed
		inode               : {'kind': 'PTR', 'type': {'kind': 'CONST', 'name': '(anon)', 'type': {'kind': 'STRUCT', 'name': 'inode'}}}
		                    ->{'kind': 'PTR', 'type': {'kind': 'STRUCT', 'name': 'inode'}}
security_getprocattr
	Param added
		lsm                 : {'kind': 'PTR', 'type': {'kind': 'CONST', 'name': '(anon)', 'type': {'kind': 'INT', 'name': 'char'}}}
	Param reordered
		                     ['p', 'name', 'value']
		                     ['p', 'lsm', 'name', 'value']
security_setprocattr
	Param added
		lsm                 : {'kind': 'PTR', 'type': {'kind': 'CONST', 'name': '(anon)', 'type': {'kind': 'INT', 'name': 'char'}}}
	Param removed
		p                   : {'kind': 'PTR', 'type': {'kind': 'STRUCT', 'name': 'task_struct'}}
	Param type changed
		name                : {'kind': 'PTR', 'type': {'kind': 'INT', 'name': 'char'}}
		                    ->{'kind': 'PTR', 'type': {'kind': 'CONST', 'name': '(anon)', 'type': {'kind': 'INT', 'name': 'char'}}}
