Added Kind.UNION (7): ['acpi_subtable_headers', 'hv_stimer_config', 'nf_inet_addr', 'nf_conntrack_man_proto', 'nf_conntrack_proto', 'devlink_param_value', 'pptp_ctrl_union']
Removed Kind.UNION (2): ['irq_stack_union', 'c']
Changed Kind.UNION (5): ['security_list_options', 'nested_table', 'hdmi_infoframe', 'ec_response_get_next_data_v1', 'tls_crypto_context']
Reasons Kind.UNION (4): [('Field added', 4), ('Field removed', 1), ('Field type changed', 2), ('Layout changed', 4)]
security_list_options
	Field added
		fs_context_dup      : {'kind': 'PTR', 'type': {'kind': 'FUNC_PROTO', 'params': [{'name': '(anon)', 'type': {'kind': 'PTR', 'type': {'kind': 'STRUCT', 'name': 'fs_context'}}}, {'name': '(anon-1)', 'type': {'kind': 'PTR', 'type': {'kind': 'STRUCT', 'name': 'fs_context'}}}], 'ret_type': {'kind': 'INT', 'name': 'int'}}}
		fs_context_parse_param: {'kind': 'PTR', 'type': {'kind': 'FUNC_PROTO', 'params': [{'name': '(anon)', 'type': {'kind': 'PTR', 'type': {'kind': 'STRUCT', 'name': 'fs_context'}}}, {'name': '(anon-1)', 'type': {'kind': 'PTR', 'type': {'kind': 'STRUCT', 'name': 'fs_parameter'}}}], 'ret_type': {'kind': 'INT', 'name': 'int'}}}
		move_mount          : {'kind': 'PTR', 'type': {'kind': 'FUNC_PROTO', 'params': [{'name': '(anon)', 'type': {'kind': 'PTR', 'type': {'kind': 'CONST', 'name': '(anon)', 'type': {'kind': 'STRUCT', 'name': 'path'}}}}, {'name': '(anon-1)', 'type': {'kind': 'PTR', 'type': {'kind': 'CONST', 'name': '(anon)', 'type': {'kind': 'STRUCT', 'name': 'path'}}}}], 'ret_type': {'kind': 'INT', 'name': 'int'}}}
		kernfs_init_security: {'kind': 'PTR', 'type': {'kind': 'FUNC_PROTO', 'params': [{'name': '(anon)', 'type': {'kind': 'PTR', 'type': {'kind': 'STRUCT', 'name': 'kernfs_node'}}}, {'name': '(anon-1)', 'type': {'kind': 'PTR', 'type': {'kind': 'STRUCT', 'name': 'kernfs_node'}}}], 'ret_type': {'kind': 'INT', 'name': 'int'}}}
	Field type changed
		audit_rule_match    : {'kind': 'PTR', 'type': {'kind': 'FUNC_PROTO', 'params': [{'name': '(anon)', 'type': {'kind': 'TYPEDEF', 'name': 'u32'}}, {'name': '(anon-1)', 'type': {'kind': 'TYPEDEF', 'name': 'u32'}}, {'name': '(anon-2)', 'type': {'kind': 'TYPEDEF', 'name': 'u32'}}, {'name': '(anon-3)', 'type': {'kind': 'PTR', 'type': {'name': 'void', 'kind': 'VOID'}}}, {'name': '(anon-4)', 'type': {'kind': 'PTR', 'type': {'kind': 'STRUCT', 'name': 'audit_context'}}}], 'ret_type': {'kind': 'INT', 'name': 'int'}}}
		                    ->{'kind': 'PTR', 'type': {'kind': 'FUNC_PROTO', 'params': [{'name': '(anon)', 'type': {'kind': 'TYPEDEF', 'name': 'u32'}}, {'name': '(anon-1)', 'type': {'kind': 'TYPEDEF', 'name': 'u32'}}, {'name': '(anon-2)', 'type': {'kind': 'TYPEDEF', 'name': 'u32'}}, {'name': '(anon-3)', 'type': {'kind': 'PTR', 'type': {'name': 'void', 'kind': 'VOID'}}}], 'ret_type': {'kind': 'INT', 'name': 'int'}}}
	Layout changed
nested_table
	Field type changed
		bucket              : {'kind': 'PTR', 'type': {'kind': 'STRUCT', 'name': 'rhash_head'}}
		                    ->{'kind': 'PTR', 'type': {'kind': 'STRUCT', 'name': 'rhash_lock_head'}}
hdmi_infoframe
	Field added
		drm                 : {'kind': 'STRUCT', 'name': 'hdmi_drm_infoframe'}
	Layout changed
ec_response_get_next_data_v1
	Field added
		host_event64        : {'kind': 'TYPEDEF', 'name': 'uint64_t'}
		sensor_fifo         : {'kind': 'STRUCT', 'name': '(anon)'}
		fp_events           : {'kind': 'TYPEDEF', 'name': 'uint32_t'}
	Layout changed
tls_crypto_context
	Field added
		(anon)              : {'kind': 'UNION', 'name': '(anon)'}
	Field removed
		aes_gcm_128         : {'kind': 'STRUCT', 'name': 'tls12_crypto_info_aes_gcm_128'}
	Layout changed
