Added UNION (9): ['perf_sample_weight', 'hv_msi_address_register', 'hv_msi_data_register', 'hv_msi_entry', 'hv_ioapic_rte', 'hv_pci_bdf', 'hv_pci_bus_range', 'hv_device_id', 'hv_proximity_domain_info']
Removed UNION (1): ['skb_entry']
Changed UNION (6): ['flowi_uli', 'intel_x86_pebs_dse', 'hv_gpa_page_range', 'security_list_options', 'acpi_resource_data', 'aml_resource']
Reasons UNION (4): [('Field added', 5), ('Field removed', 2), ('Field type changed', 1), ('Layout changed', 6)]
flowi_uli
	Field removed
		spi                 : {'kind': 'TYPEDEF', 'name': '__be32'}
	Layout changed
intel_x86_pebs_dse
	Field added
		(anon-2)            : {'kind': 'STRUCT', 'name': '(anon)'}
	Layout changed
hv_gpa_page_range
	Field added
		(anon)              : {'kind': 'STRUCT', 'name': '(anon)'}
	Layout changed
security_list_options
	Field added
		sb_delete           : {'kind': 'PTR', 'type': {'kind': 'FUNC_PROTO', 'params': [{'name': '(anon)', 'type': {'kind': 'PTR', 'type': {'kind': 'STRUCT', 'name': 'super_block'}}}], 'ret_type': {'name': 'void', 'kind': 'VOID'}}}
		sb_mnt_opts_compat  : {'kind': 'PTR', 'type': {'kind': 'FUNC_PROTO', 'params': [{'name': '(anon)', 'type': {'kind': 'PTR', 'type': {'kind': 'STRUCT', 'name': 'super_block'}}}, {'name': '(anon-1)', 'type': {'kind': 'PTR', 'type': {'name': 'void', 'kind': 'VOID'}}}], 'ret_type': {'kind': 'INT', 'name': 'int'}}}
		inode_init_security_anon: {'kind': 'PTR', 'type': {'kind': 'FUNC_PROTO', 'params': [{'name': '(anon)', 'type': {'kind': 'PTR', 'type': {'kind': 'STRUCT', 'name': 'inode'}}}, {'name': '(anon-1)', 'type': {'kind': 'PTR', 'type': {'kind': 'CONST', 'name': '(anon)', 'type': {'kind': 'STRUCT', 'name': 'qstr'}}}}, {'name': '(anon-2)', 'type': {'kind': 'PTR', 'type': {'kind': 'CONST', 'name': '(anon)', 'type': {'kind': 'STRUCT', 'name': 'inode'}}}}], 'ret_type': {'kind': 'INT', 'name': 'int'}}}
		task_getsecid_subj  : {'kind': 'PTR', 'type': {'kind': 'FUNC_PROTO', 'params': [{'name': '(anon)', 'type': {'kind': 'PTR', 'type': {'kind': 'STRUCT', 'name': 'task_struct'}}}, {'name': '(anon-1)', 'type': {'kind': 'PTR', 'type': {'kind': 'TYPEDEF', 'name': 'u32'}}}], 'ret_type': {'name': 'void', 'kind': 'VOID'}}}
		task_getsecid_obj   : {'kind': 'PTR', 'type': {'kind': 'FUNC_PROTO', 'params': [{'name': '(anon)', 'type': {'kind': 'PTR', 'type': {'kind': 'STRUCT', 'name': 'task_struct'}}}, {'name': '(anon-1)', 'type': {'kind': 'PTR', 'type': {'kind': 'TYPEDEF', 'name': 'u32'}}}], 'ret_type': {'name': 'void', 'kind': 'VOID'}}}
	Field removed
		task_getsecid       : {'kind': 'PTR', 'type': {'kind': 'FUNC_PROTO', 'params': [{'name': '(anon)', 'type': {'kind': 'PTR', 'type': {'kind': 'STRUCT', 'name': 'task_struct'}}}, {'name': '(anon-1)', 'type': {'kind': 'PTR', 'type': {'kind': 'TYPEDEF', 'name': 'u32'}}}], 'ret_type': {'name': 'void', 'kind': 'VOID'}}}
	Field type changed
		inode_setxattr      : {'kind': 'PTR', 'type': {'kind': 'FUNC_PROTO', 'params': [{'name': '(anon)', 'type': {'kind': 'PTR', 'type': {'kind': 'STRUCT', 'name': 'dentry'}}}, {'name': '(anon-1)', 'type': {'kind': 'PTR', 'type': {'kind': 'CONST', 'name': '(anon)', 'type': {'kind': 'INT', 'name': 'char'}}}}, {'name': '(anon-2)', 'type': {'kind': 'PTR', 'type': {'kind': 'CONST', 'name': '(anon)', 'type': {'name': 'void', 'kind': 'VOID'}}}}, {'name': '(anon-3)', 'type': {'kind': 'TYPEDEF', 'name': 'size_t'}}, {'name': '(anon-4)', 'type': {'kind': 'INT', 'name': 'int'}}], 'ret_type': {'kind': 'INT', 'name': 'int'}}}
		                    ->{'kind': 'PTR', 'type': {'kind': 'FUNC_PROTO', 'params': [{'name': '(anon)', 'type': {'kind': 'PTR', 'type': {'kind': 'STRUCT', 'name': 'user_namespace'}}}, {'name': '(anon-1)', 'type': {'kind': 'PTR', 'type': {'kind': 'STRUCT', 'name': 'dentry'}}}, {'name': '(anon-2)', 'type': {'kind': 'PTR', 'type': {'kind': 'CONST', 'name': '(anon)', 'type': {'kind': 'INT', 'name': 'char'}}}}, {'name': '(anon-3)', 'type': {'kind': 'PTR', 'type': {'kind': 'CONST', 'name': '(anon)', 'type': {'name': 'void', 'kind': 'VOID'}}}}, {'name': '(anon-4)', 'type': {'kind': 'TYPEDEF', 'name': 'size_t'}}, {'name': '(anon-5)', 'type': {'kind': 'INT', 'name': 'int'}}], 'ret_type': {'kind': 'INT', 'name': 'int'}}}
		inode_removexattr   : {'kind': 'PTR', 'type': {'kind': 'FUNC_PROTO', 'params': [{'name': '(anon)', 'type': {'kind': 'PTR', 'type': {'kind': 'STRUCT', 'name': 'dentry'}}}, {'name': '(anon-1)', 'type': {'kind': 'PTR', 'type': {'kind': 'CONST', 'name': '(anon)', 'type': {'kind': 'INT', 'name': 'char'}}}}], 'ret_type': {'kind': 'INT', 'name': 'int'}}}
		                    ->{'kind': 'PTR', 'type': {'kind': 'FUNC_PROTO', 'params': [{'name': '(anon)', 'type': {'kind': 'PTR', 'type': {'kind': 'STRUCT', 'name': 'user_namespace'}}}, {'name': '(anon-1)', 'type': {'kind': 'PTR', 'type': {'kind': 'STRUCT', 'name': 'dentry'}}}, {'name': '(anon-2)', 'type': {'kind': 'PTR', 'type': {'kind': 'CONST', 'name': '(anon)', 'type': {'kind': 'INT', 'name': 'char'}}}}], 'ret_type': {'kind': 'INT', 'name': 'int'}}}
		inode_killpriv      : {'kind': 'PTR', 'type': {'kind': 'FUNC_PROTO', 'params': [{'name': '(anon)', 'type': {'kind': 'PTR', 'type': {'kind': 'STRUCT', 'name': 'dentry'}}}], 'ret_type': {'kind': 'INT', 'name': 'int'}}}
		                    ->{'kind': 'PTR', 'type': {'kind': 'FUNC_PROTO', 'params': [{'name': '(anon)', 'type': {'kind': 'PTR', 'type': {'kind': 'STRUCT', 'name': 'user_namespace'}}}, {'name': '(anon-1)', 'type': {'kind': 'PTR', 'type': {'kind': 'STRUCT', 'name': 'dentry'}}}], 'ret_type': {'kind': 'INT', 'name': 'int'}}}
		inode_getsecurity   : {'kind': 'PTR', 'type': {'kind': 'FUNC_PROTO', 'params': [{'name': '(anon)', 'type': {'kind': 'PTR', 'type': {'kind': 'STRUCT', 'name': 'inode'}}}, {'name': '(anon-1)', 'type': {'kind': 'PTR', 'type': {'kind': 'CONST', 'name': '(anon)', 'type': {'kind': 'INT', 'name': 'char'}}}}, {'name': '(anon-2)', 'type': {'kind': 'PTR', 'type': {'kind': 'PTR', 'type': {'name': 'void', 'kind': 'VOID'}}}}, {'name': '(anon-3)', 'type': {'kind': 'TYPEDEF', 'name': 'bool'}}], 'ret_type': {'kind': 'INT', 'name': 'int'}}}
		                    ->{'kind': 'PTR', 'type': {'kind': 'FUNC_PROTO', 'params': [{'name': '(anon)', 'type': {'kind': 'PTR', 'type': {'kind': 'STRUCT', 'name': 'user_namespace'}}}, {'name': '(anon-1)', 'type': {'kind': 'PTR', 'type': {'kind': 'STRUCT', 'name': 'inode'}}}, {'name': '(anon-2)', 'type': {'kind': 'PTR', 'type': {'kind': 'CONST', 'name': '(anon)', 'type': {'kind': 'INT', 'name': 'char'}}}}, {'name': '(anon-3)', 'type': {'kind': 'PTR', 'type': {'kind': 'PTR', 'type': {'name': 'void', 'kind': 'VOID'}}}}, {'name': '(anon-4)', 'type': {'kind': 'TYPEDEF', 'name': 'bool'}}], 'ret_type': {'kind': 'INT', 'name': 'int'}}}
	Layout changed
acpi_resource_data
	Field added
		csi2_serial_bus     : {'kind': 'STRUCT', 'name': 'acpi_resource_csi2_serialbus'}
	Layout changed
aml_resource
	Field added
		csi2_serial_bus     : {'kind': 'STRUCT', 'name': 'aml_resource_csi2_serialbus'}
	Layout changed
