Old Kind.ENUM (1361): ['system_states', 'timespec_type', 'x86_hardware_subarch', 'tlb_infos', 'l1tf_mitigations', 'pcpu_fc', 'node_states', 'uprobe_task_state', 'migratetype', 'numa_stat_item']
New Kind.ENUM (1390): ['system_states', 'timespec_type', 'x86_hardware_subarch', 'tlb_infos', 'l1tf_mitigations', 'pcpu_fc', 'node_states', 'uprobe_task_state', 'migratetype', 'numa_stat_item']
Added Kind.ENUM (49): ['device_removable', 'bpf_type_flag', 'cgroup_bpf_attach_type', 'perf_uncore_spr_iio_freerunning_type_id', 'perf_uncore_spr_imc_freerunning_type_id', 'xstate_copy_mode', 'l1d_flush_mitigations', 'gds_mitigations', 'retbleed_mitigation', 'retbleed_mitigation_cmd']
Removed Kind.ENUM (20): ['handler_type', 'log_flags', 'pcpu_chunk_type', 'usb_device_removable', 'arizona_type', 'sec_device_type', 's2mpa01_reg', 's2mps11_reg', 's2mps13_reg', 's2mps14_reg']
Common Kind.ENUM (1341): ['system_states', 'timespec_type', 'x86_hardware_subarch', 'tlb_infos', 'l1tf_mitigations', 'pcpu_fc', 'node_states', 'uprobe_task_state', 'migratetype', 'numa_stat_item']
Changed Kind.ENUM (66): ['numa_stat_item', 'vm_event_item', 'cpuhp_state', 'bpf_prog_type', 'bpf_attach_type', 'bpf_func_id', 'kmalloc_cache_type', 'bpf_arg_type', 'bpf_return_type', 'bpf_reg_type']
Reasons Kind.ENUM (3): [('Sub added', 60), ('Sub removed', 13), ('Value changed', 35)]
numa_stat_item
	Sub added
		NR_VM_NUMA_EVENT_ITEMS                  : 6
	Sub removed
		NR_VM_NUMA_STAT_ITEMS                   : 6
vm_event_item
	Sub added
		PGDEMOTE_KSWAPD                         : 27
		PGDEMOTE_DIRECT                         : 28
	Value changed
		PGSCAN_KSWAPD                           : 27 -> 29
		PGSCAN_DIRECT                           : 28 -> 30
		PGSCAN_DIRECT_THROTTLE                  : 29 -> 31
		PGSCAN_ANON                             : 30 -> 32
		PGSCAN_FILE                             : 31 -> 33
		PGSTEAL_ANON                            : 32 -> 34
		PGSTEAL_FILE                            : 33 -> 35
		PGSCAN_ZONE_RECLAIM_FAILED              : 34 -> 36
		PGINODESTEAL                            : 35 -> 37
		SLABS_SCANNED                           : 36 -> 38
		KSWAPD_INODESTEAL                       : 37 -> 39
		KSWAPD_LOW_WMARK_HIT_QUICKLY            : 38 -> 40
		KSWAPD_HIGH_WMARK_HIT_QUICKLY           : 39 -> 41
		PAGEOUTRUN                              : 40 -> 42
		PGROTATED                               : 41 -> 43
		DROP_PAGECACHE                          : 42 -> 44
		DROP_SLAB                               : 43 -> 45
		OOM_KILL                                : 44 -> 46
		NUMA_PTE_UPDATES                        : 45 -> 47
		NUMA_HUGE_PTE_UPDATES                   : 46 -> 48
		NUMA_HINT_FAULTS                        : 47 -> 49
		NUMA_HINT_FAULTS_LOCAL                  : 48 -> 50
		NUMA_PAGE_MIGRATE                       : 49 -> 51
		PGMIGRATE_SUCCESS                       : 50 -> 52
		PGMIGRATE_FAIL                          : 51 -> 53
		THP_MIGRATION_SUCCESS                   : 52 -> 54
		THP_MIGRATION_FAIL                      : 53 -> 55
		THP_MIGRATION_SPLIT                     : 54 -> 56
		COMPACTMIGRATE_SCANNED                  : 55 -> 57
		COMPACTFREE_SCANNED                     : 56 -> 58
		COMPACTISOLATED                         : 57 -> 59
		COMPACTSTALL                            : 58 -> 60
		COMPACTFAIL                             : 59 -> 61
		COMPACTSUCCESS                          : 60 -> 62
		KCOMPACTD_WAKE                          : 61 -> 63
		KCOMPACTD_MIGRATE_SCANNED               : 62 -> 64
		KCOMPACTD_FREE_SCANNED                  : 63 -> 65
		HTLB_BUDDY_PGALLOC                      : 64 -> 66
		HTLB_BUDDY_PGALLOC_FAIL                 : 65 -> 67
		UNEVICTABLE_PGCULLED                    : 66 -> 68
		UNEVICTABLE_PGSCANNED                   : 67 -> 69
		UNEVICTABLE_PGRESCUED                   : 68 -> 70
		UNEVICTABLE_PGMLOCKED                   : 69 -> 71
		UNEVICTABLE_PGMUNLOCKED                 : 70 -> 72
		UNEVICTABLE_PGCLEARED                   : 71 -> 73
		UNEVICTABLE_PGSTRANDED                  : 72 -> 74
		THP_FAULT_ALLOC                         : 73 -> 75
		THP_FAULT_FALLBACK                      : 74 -> 76
		THP_FAULT_FALLBACK_CHARGE               : 75 -> 77
		THP_COLLAPSE_ALLOC                      : 76 -> 78
		THP_COLLAPSE_ALLOC_FAILED               : 77 -> 79
		THP_FILE_ALLOC                          : 78 -> 80
		THP_FILE_FALLBACK                       : 79 -> 81
		THP_FILE_FALLBACK_CHARGE                : 80 -> 82
		THP_FILE_MAPPED                         : 81 -> 83
		THP_SPLIT_PAGE                          : 82 -> 84
		THP_SPLIT_PAGE_FAILED                   : 83 -> 85
		THP_DEFERRED_SPLIT_PAGE                 : 84 -> 86
		THP_SPLIT_PMD                           : 85 -> 87
		THP_SPLIT_PUD                           : 86 -> 88
		THP_ZERO_PAGE_ALLOC                     : 87 -> 89
		THP_ZERO_PAGE_ALLOC_FAILED              : 88 -> 90
		THP_SWPOUT                              : 89 -> 91
		THP_SWPOUT_FALLBACK                     : 90 -> 92
		BALLOON_INFLATE                         : 91 -> 93
		BALLOON_DEFLATE                         : 92 -> 94
		BALLOON_MIGRATE                         : 93 -> 95
		SWAP_RA                                 : 94 -> 96
		SWAP_RA_HIT                             : 95 -> 97
		DIRECT_MAP_LEVEL2_SPLIT                 : 96 -> 98
		DIRECT_MAP_LEVEL3_SPLIT                 : 97 -> 99
		NR_VM_EVENT_ITEMS                       : 98 -> 100
cpuhp_state
	Sub added
		CPUHP_MM_DEMOTION_DEAD                  : 14
		CPUHP_BIO_DEAD                          : 23
		CPUHP_XFS_DEAD                          : 30
		CPUHP_PAGE_ALLOC                        : 33
		CPUHP_RANDOM_PREPARE                    : 40
		CPUHP_AP_RANDOM_ONLINE                  : 190
		CPUHP_AP_MM_DEMOTION_ONLINE             : 224
	Sub removed
		CPUHP_PAGE_ALLOC_DEAD                   : 30
		CPUHP_AP_ARM_SDEI_STARTING              : 110
		CPUHP_AP_PERF_S390_CFD_ONLINE           : 165
	Value changed
		CPUHP_MM_VMSTAT_DEAD                    : 14 -> 15
		CPUHP_SOFTIRQ_DEAD                      : 15 -> 16
		CPUHP_NET_MVNETA_DEAD                   : 16 -> 17
		CPUHP_CPUIDLE_DEAD                      : 17 -> 18
		CPUHP_ARM64_FPSIMD_DEAD                 : 18 -> 19
		CPUHP_ARM_OMAP_WAKE_DEAD                : 19 -> 20
		CPUHP_IRQ_POLL_DEAD                     : 20 -> 21
		CPUHP_BLOCK_SOFTIRQ_DEAD                : 21 -> 22
		CPUHP_ACPI_CPUDRV_DEAD                  : 22 -> 24
		CPUHP_S390_PFAULT_DEAD                  : 23 -> 25
		CPUHP_BLK_MQ_DEAD                       : 24 -> 26
		CPUHP_FS_BUFF_DEAD                      : 25 -> 27
		CPUHP_PRINTK_DEAD                       : 26 -> 28
		CPUHP_MM_MEMCQ_DEAD                     : 27 -> 29
		CPUHP_PERCPU_CNT_DEAD                   : 28 -> 31
		CPUHP_RADIX_DEAD                        : 29 -> 32
		CPUHP_NET_DEV_DEAD                      : 31 -> 34
		CPUHP_PCI_XGENE_DEAD                    : 32 -> 35
		CPUHP_IOMMU_IOVA_DEAD                   : 33 -> 36
		CPUHP_LUSTRE_CFS_DEAD                   : 34 -> 37
		CPUHP_AP_ARM_CACHE_B15_RAC_DEAD         : 35 -> 38
		CPUHP_PADATA_DEAD                       : 36 -> 39
		CPUHP_WORKQUEUE_PREP                    : 37 -> 41
		CPUHP_POWER_NUMA_PREPARE                : 38 -> 42
		CPUHP_HRTIMERS_PREPARE                  : 39 -> 43
		CPUHP_PROFILE_PREPARE                   : 40 -> 44
		CPUHP_X2APIC_PREPARE                    : 41 -> 45
		CPUHP_SMPCFD_PREPARE                    : 42 -> 46
		CPUHP_RELAY_PREPARE                     : 43 -> 47
		CPUHP_SLAB_PREPARE                      : 44 -> 48
		CPUHP_MD_RAID5_PREPARE                  : 45 -> 49
		CPUHP_RCUTREE_PREP                      : 46 -> 50
		CPUHP_CPUIDLE_COUPLED_PREPARE           : 47 -> 51
		CPUHP_POWERPC_PMAC_PREPARE              : 48 -> 52
		CPUHP_POWERPC_MMU_CTX_PREPARE           : 49 -> 53
		CPUHP_XEN_PREPARE                       : 50 -> 54
		CPUHP_XEN_EVTCHN_PREPARE                : 51 -> 55
		CPUHP_ARM_SHMOBILE_SCU_PREPARE          : 52 -> 56
		CPUHP_SH_SH3X_PREPARE                   : 53 -> 57
		CPUHP_NET_FLOW_PREPARE                  : 54 -> 58
		CPUHP_TOPOLOGY_PREPARE                  : 55 -> 59
		CPUHP_NET_IUCV_PREPARE                  : 56 -> 60
		CPUHP_ARM_BL_PREPARE                    : 57 -> 61
		CPUHP_TRACE_RB_PREPARE                  : 58 -> 62
		CPUHP_MM_ZS_PREPARE                     : 59 -> 63
		CPUHP_MM_ZSWP_MEM_PREPARE               : 60 -> 64
		CPUHP_MM_ZSWP_POOL_PREPARE              : 61 -> 65
		CPUHP_KVM_PPC_BOOK3S_PREPARE            : 62 -> 66
		CPUHP_ZCOMP_PREPARE                     : 63 -> 67
		CPUHP_TIMERS_PREPARE                    : 64 -> 68
		CPUHP_MIPS_SOC_PREPARE                  : 65 -> 69
		CPUHP_BP_PREPARE_DYN                    : 66 -> 70
		CPUHP_BP_PREPARE_DYN_END                : 86 -> 90
		CPUHP_BRINGUP_CPU                       : 87 -> 91
		CPUHP_AP_IDLE_DEAD                      : 88 -> 92
		CPUHP_AP_OFFLINE                        : 89 -> 93
		CPUHP_AP_SCHED_STARTING                 : 90 -> 94
		CPUHP_AP_RCUTREE_DYING                  : 91 -> 95
		CPUHP_AP_CPU_PM_STARTING                : 92 -> 96
		CPUHP_AP_IRQ_GIC_STARTING               : 93 -> 97
		CPUHP_AP_IRQ_HIP04_STARTING             : 94 -> 98
		CPUHP_AP_IRQ_APPLE_AIC_STARTING         : 95 -> 99
		CPUHP_AP_IRQ_ARMADA_XP_STARTING         : 96 -> 100
		CPUHP_AP_IRQ_BCM2836_STARTING           : 97 -> 101
		CPUHP_AP_IRQ_MIPS_GIC_STARTING          : 98 -> 102
		CPUHP_AP_IRQ_RISCV_STARTING             : 99 -> 103
		CPUHP_AP_IRQ_SIFIVE_PLIC_STARTING       : 100 -> 104
		CPUHP_AP_ARM_MVEBU_COHERENCY            : 101 -> 105
		CPUHP_AP_MICROCODE_LOADER               : 102 -> 106
		CPUHP_AP_PERF_X86_AMD_UNCORE_STARTING   : 103 -> 107
		CPUHP_AP_PERF_X86_STARTING              : 104 -> 108
		CPUHP_AP_PERF_X86_AMD_IBS_STARTING      : 105 -> 109
		CPUHP_AP_PERF_X86_CQM_STARTING          : 106 -> 110
		CPUHP_AP_PERF_X86_CSTATE_STARTING       : 107 -> 111
		CPUHP_AP_PERF_XTENSA_STARTING           : 108 -> 112
		CPUHP_AP_MIPS_OP_LOONGSON3_STARTING     : 109 -> 113
		CPUHP_AP_ARM_VFP_STARTING               : 111 -> 114
		CPUHP_AP_ARM64_DEBUG_MONITORS_STARTING  : 112 -> 115
		CPUHP_AP_PERF_ARM_HW_BREAKPOINT_STARTING: 113 -> 116
		CPUHP_AP_PERF_ARM_ACPI_STARTING         : 114 -> 117
		CPUHP_AP_PERF_ARM_STARTING              : 115 -> 118
		CPUHP_AP_ARM_L2X0_STARTING              : 116 -> 119
		CPUHP_AP_EXYNOS4_MCT_TIMER_STARTING     : 117 -> 120
		CPUHP_AP_ARM_ARCH_TIMER_STARTING        : 118 -> 121
		CPUHP_AP_ARM_GLOBAL_TIMER_STARTING      : 119 -> 122
		CPUHP_AP_JCORE_TIMER_STARTING           : 120 -> 123
		CPUHP_AP_ARM_TWD_STARTING               : 121 -> 124
		CPUHP_AP_QCOM_TIMER_STARTING            : 122 -> 125
		CPUHP_AP_TEGRA_TIMER_STARTING           : 123 -> 126
		CPUHP_AP_ARMADA_TIMER_STARTING          : 124 -> 127
		CPUHP_AP_MARCO_TIMER_STARTING           : 125 -> 128
		CPUHP_AP_MIPS_GIC_TIMER_STARTING        : 126 -> 129
		CPUHP_AP_ARC_TIMER_STARTING             : 127 -> 130
		CPUHP_AP_RISCV_TIMER_STARTING           : 128 -> 131
		CPUHP_AP_CLINT_TIMER_STARTING           : 129 -> 132
		CPUHP_AP_CSKY_TIMER_STARTING            : 130 -> 133
		CPUHP_AP_TI_GP_TIMER_STARTING           : 131 -> 134
		CPUHP_AP_HYPERV_TIMER_STARTING          : 132 -> 135
		CPUHP_AP_KVM_STARTING                   : 133 -> 136
		CPUHP_AP_KVM_ARM_VGIC_INIT_STARTING     : 134 -> 137
		CPUHP_AP_KVM_ARM_VGIC_STARTING          : 135 -> 138
		CPUHP_AP_KVM_ARM_TIMER_STARTING         : 136 -> 139
		CPUHP_AP_DUMMY_TIMER_STARTING           : 137 -> 140
		CPUHP_AP_ARM_XEN_STARTING               : 138 -> 141
		CPUHP_AP_ARM_CORESIGHT_STARTING         : 139 -> 142
		CPUHP_AP_ARM_CORESIGHT_CTI_STARTING     : 140 -> 143
		CPUHP_AP_ARM64_ISNDEP_STARTING          : 141 -> 144
		CPUHP_AP_SMPCFD_DYING                   : 142 -> 145
		CPUHP_AP_X86_TBOOT_DYING                : 143 -> 146
		CPUHP_AP_ARM_CACHE_B15_RAC_DYING        : 144 -> 147
		CPUHP_AP_ONLINE                         : 145 -> 148
		CPUHP_TEARDOWN_CPU                      : 146 -> 149
		CPUHP_AP_ONLINE_IDLE                    : 147 -> 150
		CPUHP_AP_SCHED_WAIT_EMPTY               : 148 -> 151
		CPUHP_AP_SMPBOOT_THREADS                : 149 -> 152
		CPUHP_AP_X86_VDSO_VMA_ONLINE            : 150 -> 153
		CPUHP_AP_IRQ_AFFINITY_ONLINE            : 151 -> 154
		CPUHP_AP_BLK_MQ_ONLINE                  : 152 -> 155
		CPUHP_AP_ARM_MVEBU_SYNC_CLOCKS          : 153 -> 156
		CPUHP_AP_X86_INTEL_EPB_ONLINE           : 154 -> 157
		CPUHP_AP_PERF_ONLINE                    : 155 -> 158
		CPUHP_AP_PERF_X86_ONLINE                : 156 -> 159
		CPUHP_AP_PERF_X86_UNCORE_ONLINE         : 157 -> 160
		CPUHP_AP_PERF_X86_AMD_UNCORE_ONLINE     : 158 -> 161
		CPUHP_AP_PERF_X86_AMD_POWER_ONLINE      : 159 -> 162
		CPUHP_AP_PERF_X86_RAPL_ONLINE           : 160 -> 163
		CPUHP_AP_PERF_X86_CQM_ONLINE            : 161 -> 164
		CPUHP_AP_PERF_X86_CSTATE_ONLINE         : 162 -> 165
		CPUHP_AP_PERF_X86_IDXD_ONLINE           : 163 -> 166
		CPUHP_AP_PERF_S390_CF_ONLINE            : 164 -> 167
		CPUHP_AP_PERF_S390_SF_ONLINE            : 166 -> 168
		CPUHP_AP_PERF_ARM_CCI_ONLINE            : 167 -> 169
		CPUHP_AP_PERF_ARM_CCN_ONLINE            : 168 -> 170
		CPUHP_AP_PERF_ARM_HISI_DDRC_ONLINE      : 169 -> 171
		CPUHP_AP_PERF_ARM_HISI_HHA_ONLINE       : 170 -> 172
		CPUHP_AP_PERF_ARM_HISI_L3_ONLINE        : 171 -> 173
		CPUHP_AP_PERF_ARM_HISI_PA_ONLINE        : 172 -> 174
		CPUHP_AP_PERF_ARM_HISI_SLLC_ONLINE      : 173 -> 175
		CPUHP_AP_PERF_ARM_L2X0_ONLINE           : 174 -> 176
		CPUHP_AP_PERF_ARM_QCOM_L2_ONLINE        : 175 -> 177
		CPUHP_AP_PERF_ARM_QCOM_L3_ONLINE        : 176 -> 178
		CPUHP_AP_PERF_ARM_APM_XGENE_ONLINE      : 177 -> 179
		CPUHP_AP_PERF_ARM_CAVIUM_TX2_UNCORE_ONLINE: 178 -> 180
		CPUHP_AP_PERF_POWERPC_NEST_IMC_ONLINE   : 179 -> 181
		CPUHP_AP_PERF_POWERPC_CORE_IMC_ONLINE   : 180 -> 182
		CPUHP_AP_PERF_POWERPC_THREAD_IMC_ONLINE : 181 -> 183
		CPUHP_AP_PERF_POWERPC_TRACE_IMC_ONLINE  : 182 -> 184
		CPUHP_AP_PERF_POWERPC_HV_24x7_ONLINE    : 183 -> 185
		CPUHP_AP_PERF_POWERPC_HV_GPCI_ONLINE    : 184 -> 186
		CPUHP_AP_PERF_CSKY_ONLINE               : 185 -> 187
		CPUHP_AP_WATCHDOG_ONLINE                : 186 -> 188
		CPUHP_AP_WORKQUEUE_ONLINE               : 187 -> 189
		CPUHP_AP_RCUTREE_ONLINE                 : 188 -> 191
		CPUHP_AP_BASE_CACHEINFO_ONLINE          : 189 -> 192
		CPUHP_AP_ONLINE_DYN                     : 190 -> 193
		CPUHP_AP_ONLINE_DYN_END                 : 220 -> 223
		CPUHP_AP_X86_HPET_ONLINE                : 221 -> 225
		CPUHP_AP_X86_KVM_CLK_ONLINE             : 222 -> 226
		CPUHP_AP_DTPM_CPU_ONLINE                : 223 -> 227
		CPUHP_AP_ACTIVE                         : 224 -> 228
		CPUHP_ONLINE                            : 225 -> 229
bpf_prog_type
	Sub added
		BPF_PROG_TYPE_SYSCALL                   : 31
bpf_attach_type
	Sub added
		BPF_SK_REUSEPORT_SELECT                 : 39
		BPF_SK_REUSEPORT_SELECT_OR_MIGRATE      : 40
		BPF_PERF_EVENT                          : 41
	Value changed
		__MAX_BPF_ATTACH_TYPE                   : 39 -> 42
bpf_func_id
	Sub added
		BPF_FUNC_sys_bpf                        : 166
		BPF_FUNC_btf_find_by_name_kind          : 167
		BPF_FUNC_sys_close                      : 168
		BPF_FUNC_timer_init                     : 169
		BPF_FUNC_timer_set_callback             : 170
		BPF_FUNC_timer_start                    : 171
		BPF_FUNC_timer_cancel                   : 172
		BPF_FUNC_get_func_ip                    : 173
		BPF_FUNC_get_attach_cookie              : 174
		BPF_FUNC_task_pt_regs                   : 175
	Value changed
		__BPF_FUNC_MAX_ID                       : 166 -> 176
kmalloc_cache_type
	Sub added
		KMALLOC_CGROUP                          : 1
	Value changed
		KMALLOC_RECLAIM                         : 1 -> 2
		KMALLOC_DMA                             : 2 -> 3
		NR_KMALLOC_TYPES                        : 3 -> 4
bpf_arg_type
	Sub added
		ARG_PTR_TO_STACK                        : 22
		ARG_PTR_TO_TIMER                        : 24
		__BPF_ARG_TYPE_LIMIT                    : 1023
	Value changed
		ARG_PTR_TO_MAP_VALUE_OR_NULL            : 5 -> 259
		ARG_PTR_TO_MEM                          : 6 -> 5
		ARG_PTR_TO_MEM_OR_NULL                  : 7 -> 261
		ARG_PTR_TO_UNINIT_MEM                   : 8 -> 6
		ARG_CONST_SIZE                          : 9 -> 7
		ARG_CONST_SIZE_OR_ZERO                  : 10 -> 8
		ARG_PTR_TO_CTX                          : 11 -> 9
		ARG_PTR_TO_CTX_OR_NULL                  : 12 -> 265
		ARG_ANYTHING                            : 13 -> 10
		ARG_PTR_TO_SPIN_LOCK                    : 14 -> 11
		ARG_PTR_TO_SOCK_COMMON                  : 15 -> 12
		ARG_PTR_TO_INT                          : 16 -> 13
		ARG_PTR_TO_LONG                         : 17 -> 14
		ARG_PTR_TO_SOCKET                       : 18 -> 15
		ARG_PTR_TO_SOCKET_OR_NULL               : 19 -> 271
		ARG_PTR_TO_BTF_ID                       : 20 -> 16
		ARG_PTR_TO_ALLOC_MEM                    : 21 -> 17
		ARG_PTR_TO_ALLOC_MEM_OR_NULL            : 22 -> 273
		ARG_CONST_ALLOC_SIZE_OR_ZERO            : 23 -> 18
		ARG_PTR_TO_BTF_ID_SOCK_COMMON           : 24 -> 19
		ARG_PTR_TO_PERCPU_BTF_ID                : 25 -> 20
		ARG_PTR_TO_FUNC                         : 26 -> 21
		ARG_PTR_TO_STACK_OR_NULL                : 27 -> 278
		ARG_PTR_TO_CONST_STR                    : 28 -> 23
		__BPF_ARG_TYPE_MAX                      : 29 -> 25
bpf_return_type
	Sub added
		RET_PTR_TO_SOCKET                       : 3
		RET_PTR_TO_TCP_SOCK                     : 4
		RET_PTR_TO_SOCK_COMMON                  : 5
		RET_PTR_TO_ALLOC_MEM                    : 6
		__BPF_RET_TYPE_MAX                      : 9
		__BPF_RET_TYPE_LIMIT                    : 1023
	Sub removed
		RET_PTR_TO_MEM_OR_BTF_ID_OR_NULL        : 9
	Value changed
		RET_PTR_TO_MAP_VALUE_OR_NULL            : 3 -> 258
		RET_PTR_TO_SOCKET_OR_NULL               : 4 -> 259
		RET_PTR_TO_TCP_SOCK_OR_NULL             : 5 -> 260
		RET_PTR_TO_SOCK_COMMON_OR_NULL          : 6 -> 261
		RET_PTR_TO_ALLOC_MEM_OR_NULL            : 7 -> 262
		RET_PTR_TO_BTF_ID_OR_NULL               : 8 -> 264
		RET_PTR_TO_MEM_OR_BTF_ID                : 10 -> 7
		RET_PTR_TO_BTF_ID                       : 11 -> 8
bpf_reg_type
	Sub added
		PTR_TO_BUF                              : 18
		__BPF_REG_TYPE_LIMIT                    : 1023
	Sub removed
		PTR_TO_MEM_OR_NULL                      : 22
		PTR_TO_RDONLY_BUF                       : 23
		PTR_TO_RDONLY_BUF_OR_NULL               : 24
		PTR_TO_RDWR_BUF                         : 25
		PTR_TO_RDWR_BUF_OR_NULL                 : 26
	Value changed
		PTR_TO_MAP_VALUE_OR_NULL                : 5 -> 260
		PTR_TO_SOCKET_OR_NULL                   : 12 -> 267
		PTR_TO_SOCK_COMMON                      : 13 -> 12
		PTR_TO_SOCK_COMMON_OR_NULL              : 14 -> 268
		PTR_TO_TCP_SOCK                         : 15 -> 13
		PTR_TO_TCP_SOCK_OR_NULL                 : 16 -> 269
		PTR_TO_TP_BUFFER                        : 17 -> 14
		PTR_TO_XDP_SOCK                         : 18 -> 15
		PTR_TO_BTF_ID                           : 19 -> 16
		PTR_TO_BTF_ID_OR_NULL                   : 20 -> 272
		PTR_TO_MEM                              : 21 -> 17
		PTR_TO_PERCPU_BTF_ID                    : 27 -> 19
		PTR_TO_FUNC                             : 28 -> 20
		PTR_TO_MAP_KEY                          : 29 -> 5
		__BPF_REG_TYPE_MAX                      : 30 -> 21
ucount_type
	Sub added
		UCOUNT_RLIMIT_NPROC                     : 12
		UCOUNT_RLIMIT_MSGQUEUE                  : 13
		UCOUNT_RLIMIT_SIGPENDING                : 14
		UCOUNT_RLIMIT_MEMLOCK                   : 15
	Value changed
		UCOUNT_COUNTS                           : 12 -> 16
xfeature
	Sub added
		XFEATURE_RSRVD_COMP_16                  : 16
		XFEATURE_XTILE_CFG                      : 17
		XFEATURE_XTILE_DATA                     : 18
	Value changed
		XFEATURE_MAX                            : 16 -> 19
tsx_ctrl_states
	Sub added
		TSX_CTRL_RTM_ALWAYS_ABORT               : 2
	Value changed
		TSX_CTRL_NOT_SUPPORTED                  : 2 -> 3
lockdown_reason
	Sub added
		LOCKDOWN_BPF_READ_KERNEL                : 21
	Sub removed
		LOCKDOWN_BPF_READ                       : 21
cpuid_leafs
	Sub added
		CPUID_8000_0021_EAX                     : 20
spectre_v2_mitigation
	Sub added
		SPECTRE_V2_IBRS                         : 6
spectre_v2_mitigation_cmd
	Sub added
		SPECTRE_V2_CMD_IBRS                     : 9
split_lock_detect_state
	Sub added
		sld_ratelimit                           : 3
smca_bank_types
	Sub added
		SMCA_UMC_V2                             : 13
		SMCA_PCIE_V2                            : 22
		SMCA_XGMI_PCS                           : 23
		SMCA_XGMI_PHY                           : 24
		SMCA_WAFL_PHY                           : 25
	Value changed
		SMCA_PB                                 : 13 -> 14
		SMCA_PSP                                : 14 -> 15
		SMCA_PSP_V2                             : 15 -> 16
		SMCA_SMU                                : 16 -> 17
		SMCA_SMU_V2                             : 17 -> 18
		SMCA_MP5                                : 18 -> 19
		SMCA_NBIO                               : 19 -> 20
		SMCA_PCIE                               : 20 -> 21
		N_SMCA_BANK_TYPES                       : 21 -> 26
mmu_notifier_event
	Sub added
		MMU_NOTIFY_EXCLUSIVE                    : 7
kcore_type
	Sub removed
		KCORE_OTHER                             : 5
		KCORE_REMAP                             : 6
siginfo_layout
	Sub added
		SIL_FAULT_PERF_EVENT                    : 8
	Sub removed
		SIL_PERF_EVENT                          : 8
req_opf
	Sub removed
		REQ_OP_SCSI_IN                          : 32
		REQ_OP_SCSI_OUT                         : 33
migrate_reason
	Sub added
		MR_DEMOTION                             : 8
	Value changed
		MR_TYPES                                : 8 -> 9
bpf_link_type
	Sub added
		BPF_LINK_TYPE_PERF_EVENT                : 7
	Value changed
		MAX_BPF_LINK_TYPE                       : 7 -> 8
audit_state
	Sub added
		AUDIT_STATE_DISABLED                    : 0
		AUDIT_STATE_BUILD                       : 1
		AUDIT_STATE_RECORD                      : 2
	Sub removed
		AUDIT_DISABLED                          : 0
		AUDIT_BUILD_CONTEXT                     : 1
		AUDIT_RECORD_CONTEXT                    : 2
event_trigger_type
	Sub added
		ETT_EVENT_EPROBE                        : 64
trace_type
	Sub added
		TRACE_OSNOISE                           : 16
		TRACE_TIMERLAT                          : 17
	Value changed
		TRACE_RAW_DATA                          : 16 -> 18
		TRACE_FUNC_REPEATS                      : 17 -> 19
		__TRACE_LAST_TYPE                       : 18 -> 20
hist_field_flags
	Sub added
		HIST_FIELD_FL_BUCKET                    : 131072
fetch_op
	Sub added
		FETCH_OP_ST_SYMSTR                      : 17
		FETCH_OP_TP_ARG                         : 20
	Value changed
		FETCH_OP_MOD_BF                         : 17 -> 18
		FETCH_OP_LP_ARRAY                       : 18 -> 19
		FETCH_OP_END                            : 19 -> 21
		FETCH_NOP_SYMBOL                        : 20 -> 22
bpf_cmd
	Sub added
		BPF_PROG_RUN                            : 10
perf_event_read_format
	Sub added
		PERF_FORMAT_LOST                        : 16
	Value changed
		PERF_FORMAT_MAX                         : 16 -> 32
iter_type
	Value changed
		ITER_IOVEC                              : 4 -> 0
		ITER_KVEC                               : 8 -> 1
		ITER_BVEC                               : 16 -> 2
		ITER_PIPE                               : 32 -> 3
		ITER_DISCARD                            : 64 -> 5
		ITER_XARRAY                             : 128 -> 4
ttu_flags
	Sub removed
		TTU_MIGRATION                           : 1
		TTU_MUNLOCK                             : 2
		TTU_SPLIT_FREEZE                        : 256
sgp_type
	Sub added
		SGP_NOALLOC                             : 1
	Sub removed
		SGP_NOHUGE                              : 2
		SGP_HUGE                                : 3
	Value changed
		SGP_CACHE                               : 1 -> 2
		SGP_WRITE                               : 4 -> 3
		SGP_FALLOC                              : 5 -> 4
pgt_entry
	Sub added
		HPAGE_PUD                               : 3
zone_flags
	Sub added
		ZONE_RECLAIM_ACTIVE                     : 1
hugetlb_page_flags
	Sub added
		HPG_vmemmap_optimized                   : 4
	Value changed
		__NR_HPAGEFLAGS                         : 4 -> 5
OID
	Sub added
		OID_mskrb5                              : 30
		OID_krb5                                : 31
		OID_krb5u2u                             : 32
		OID_ntlmssp                             : 39
		OID_spnego                              : 40
		OID_IAKerb                              : 41
		OID_PKU2U                               : 42
		OID_Scram                               : 43
		OID_NetlogonMechanism                   : 73
		OID_appleLocalKdcSupported              : 74
	Value changed
		OID_msIndirectData                      : 30 -> 33
		OID_msStatementType                     : 31 -> 34
		OID_msSpOpusInfo                        : 32 -> 35
		OID_msPeImageDataObjId                  : 33 -> 36
		OID_msIndividualSPKeyPurpose            : 34 -> 37
		OID_msOutlookExpress                    : 35 -> 38
		OID_certAuthInfoAccess                  : 36 -> 44
		OID_sha1                                : 37 -> 45
		OID_id_ansip384r1                       : 38 -> 46
		OID_sha256                              : 39 -> 47
		OID_sha384                              : 40 -> 48
		OID_sha512                              : 41 -> 49
		OID_sha224                              : 42 -> 50
		OID_commonName                          : 43 -> 51
		OID_surname                             : 44 -> 52
		OID_countryName                         : 45 -> 53
		OID_locality                            : 46 -> 54
		OID_stateOrProvinceName                 : 47 -> 55
		OID_organizationName                    : 48 -> 56
		OID_organizationUnitName                : 49 -> 57
		OID_title                               : 50 -> 58
		OID_description                         : 51 -> 59
		OID_name                                : 52 -> 60
		OID_givenName                           : 53 -> 61
		OID_initials                            : 54 -> 62
		OID_generationalQualifier               : 55 -> 63
		OID_subjectKeyIdentifier                : 56 -> 64
		OID_keyUsage                            : 57 -> 65
		OID_subjectAltName                      : 58 -> 66
		OID_issuerAltName                       : 59 -> 67
		OID_basicConstraints                    : 60 -> 68
		OID_crlDistributionPoints               : 61 -> 69
		OID_certPolicies                        : 62 -> 70
		OID_authorityKeyIdentifier              : 63 -> 71
		OID_extKeyUsage                         : 64 -> 72
		OID_gostCPSignA                         : 65 -> 75
		OID_gostCPSignB                         : 66 -> 76
		OID_gostCPSignC                         : 67 -> 77
		OID_gost2012PKey256                     : 68 -> 78
		OID_gost2012PKey512                     : 69 -> 79
		OID_gost2012Digest256                   : 70 -> 80
		OID_gost2012Digest512                   : 71 -> 81
		OID_gost2012Signature256                : 72 -> 82
		OID_gost2012Signature512                : 73 -> 83
		OID_gostTC26Sign256A                    : 74 -> 84
		OID_gostTC26Sign256B                    : 75 -> 85
		OID_gostTC26Sign256C                    : 76 -> 86
		OID_gostTC26Sign256D                    : 77 -> 87
		OID_gostTC26Sign512A                    : 78 -> 88
		OID_gostTC26Sign512B                    : 79 -> 89
		OID_gostTC26Sign512C                    : 80 -> 90
		OID_sm2                                 : 81 -> 91
		OID_sm3                                 : 82 -> 92
		OID_SM2_with_SM3                        : 83 -> 93
		OID_sm3WithRSAEncryption                : 84 -> 94
		OID_TPMLoadableKey                      : 85 -> 95
		OID_TPMImportableKey                    : 86 -> 96
		OID_TPMSealedData                       : 87 -> 97
		OID__NR                                 : 88 -> 98
ethtool_link_ext_substate_bad_signal_integrity
	Sub added
		ETHTOOL_LINK_EXT_SUBSTATE_BSI_SERDES_REFERENCE_CLOCK_LOST: 3
		ETHTOOL_LINK_EXT_SUBSTATE_BSI_SERDES_ALOS: 4
sctp_cid
	Sub added
		SCTP_CID_PAD                            : 132
sctp_event_timeout
	Sub added
		SCTP_EVENT_TIMEOUT_PROBE                : 9
	Value changed
		SCTP_EVENT_TIMEOUT_SACK                 : 9 -> 10
		SCTP_EVENT_TIMEOUT_AUTOCLOSE            : 10 -> 11
integrity_status
	Sub added
		INTEGRITY_FAIL_IMMUTABLE                : 3
	Value changed
		INTEGRITY_NOLABEL                       : 3 -> 4
		INTEGRITY_NOXATTRS                      : 4 -> 5
		INTEGRITY_UNKNOWN                       : 5 -> 6
ima_hooks
	Sub added
		SETXATTR_CHECK                          : 14
	Value changed
		MAX_CHECK                               : 14 -> 15
data_formats
	Sub added
		DATA_FMT_UINT                           : 4
rq_qos_id
	Sub added
		RQ_QOS_IOPRIO                           : 3
rdma_driver_id
	Sub added
		RDMA_DRIVER_IRDMA                       : 9
pin_config_param
	Value changed
		PIN_CONFIG_OUTPUT_ENABLE                : 17 -> 18
		PIN_CONFIG_OUTPUT                       : 18 -> 17
		PIN_CONFIG_SLEEP_HARDWARE_STATE         : 21 -> 22
		PIN_CONFIG_SLEW_RATE                    : 22 -> 23
		PIN_CONFIG_SKEW_DELAY                   : 23 -> 21
dma_slave_buswidth
	Sub added
		DMA_SLAVE_BUSWIDTH_128_BYTES            : 128
acpi_subtable_type
	Sub added
		ACPI_SUBTABLE_PRMT                      : 2
pci_board_num_t
	Sub added
		pbn_b0_1_15625000                       : 14
		pbn_oxsemi_1_15625000                   : 72
		pbn_oxsemi_2_15625000                   : 73
		pbn_oxsemi_4_15625000                   : 74
		pbn_oxsemi_8_15625000                   : 75
		pbn_titan_1_4000000                     : 113
		pbn_titan_2_4000000                     : 114
		pbn_titan_4_4000000                     : 115
		pbn_titan_8_4000000                     : 116
	Sub removed
		pbn_b0_1_4000000                        : 14
		pbn_endrun_2_4000000                    : 71
		pbn_oxsemi_1_4000000                    : 73
		pbn_oxsemi_2_4000000                    : 74
		pbn_oxsemi_4_4000000                    : 75
		pbn_oxsemi_8_4000000                    : 76
	Value changed
		pbn_oxsemi                              : 72 -> 71
		pbn_intel_i960                          : 77 -> 76
		pbn_sgi_ioc3                            : 78 -> 77
		pbn_computone_4                         : 79 -> 78
		pbn_computone_6                         : 80 -> 79
		pbn_computone_8                         : 81 -> 80
		pbn_sbsxrsio                            : 82 -> 81
		pbn_pasemi_1682M                        : 83 -> 82
		pbn_ni8430_2                            : 84 -> 83
		pbn_ni8430_4                            : 85 -> 84
		pbn_ni8430_8                            : 86 -> 85
		pbn_ni8430_16                           : 87 -> 86
		pbn_ADDIDATA_PCIe_1_3906250             : 88 -> 87
		pbn_ADDIDATA_PCIe_2_3906250             : 89 -> 88
		pbn_ADDIDATA_PCIe_4_3906250             : 90 -> 89
		pbn_ADDIDATA_PCIe_8_3906250             : 91 -> 90
		pbn_ce4100_1_115200                     : 92 -> 91
		pbn_omegapci                            : 93 -> 92
		pbn_NETMOS9900_2s_115200                : 94 -> 93
		pbn_brcm_trumanage                      : 95 -> 94
		pbn_fintek_4                            : 96 -> 95
		pbn_fintek_8                            : 97 -> 96
		pbn_fintek_12                           : 98 -> 97
		pbn_fintek_F81504A                      : 99 -> 98
		pbn_fintek_F81508A                      : 100 -> 99
		pbn_fintek_F81512A                      : 101 -> 100
		pbn_wch382_2                            : 102 -> 101
		pbn_wch384_4                            : 103 -> 102
		pbn_wch384_8                            : 104 -> 103
		pbn_pericom_PI7C9X7951                  : 105 -> 104
		pbn_pericom_PI7C9X7952                  : 106 -> 105
		pbn_pericom_PI7C9X7954                  : 107 -> 106
		pbn_pericom_PI7C9X7958                  : 108 -> 107
		pbn_sunix_pci_1s                        : 109 -> 108
		pbn_sunix_pci_2s                        : 110 -> 109
		pbn_sunix_pci_4s                        : 111 -> 110
		pbn_sunix_pci_8s                        : 112 -> 111
		pbn_sunix_pci_16s                       : 113 -> 112
		pbn_moxa8250_2p                         : 114 -> 117
		pbn_moxa8250_4p                         : 115 -> 118
		pbn_moxa8250_8p                         : 116 -> 119
io_pgtable_fmt
	Sub added
		APPLE_DART                              : 7
	Value changed
		IO_PGTABLE_NUM_FMTS                     : 7 -> 8
nvmem_type
	Sub added
		NVMEM_TYPE_FRAM                         : 4
mem_type
	Sub added
		MEM_RDDR5                               : 24
		MEM_LRDDR5                              : 25
		MEM_HBM2                                : 28
	Value changed
		MEM_NVDIMM                              : 24 -> 26
		MEM_WIO2                                : 25 -> 27
mmc_busy_cmd
	Sub added
		MMC_BUSY_EXTR_SINGLE                    : 3
		MMC_BUSY_IO                             : 4
dsa_tag_protocol
	Sub added
		DSA_TAG_PROTO_SJA1110                   : 23
lwtunnel_encap_types
	Sub added
		LWTUNNEL_ENCAP_IOAM6                    : 9
	Value changed
		__LWTUNNEL_ENCAP_MAX                    : 9 -> 10
qdisc_state_t
	Sub added
		__QDISC_STATE_DRAINING                  : 3
devlink_command
	Sub added
		DEVLINK_CMD_RATE_GET                    : 74
		DEVLINK_CMD_RATE_SET                    : 75
		DEVLINK_CMD_RATE_NEW                    : 76
		DEVLINK_CMD_RATE_DEL                    : 77
	Value changed
		__DEVLINK_CMD_MAX                       : 74 -> 78
		DEVLINK_CMD_MAX                         : 73 -> 77
devlink_attr
	Sub added
		DEVLINK_ATTR_RATE_TYPE                  : 165
		DEVLINK_ATTR_RATE_TX_SHARE              : 166
		DEVLINK_ATTR_RATE_TX_MAX                : 167
		DEVLINK_ATTR_RATE_NODE_NAME             : 168
		DEVLINK_ATTR_RATE_PARENT_NODE_NAME      : 169
	Value changed
		__DEVLINK_ATTR_MAX                      : 165 -> 170
		DEVLINK_ATTR_MAX                        : 164 -> 169
devlink_param_generic_id
	Sub added
		DEVLINK_PARAM_GENERIC_ID_ENABLE_ETH     : 11
		DEVLINK_PARAM_GENERIC_ID_ENABLE_RDMA    : 12
		DEVLINK_PARAM_GENERIC_ID_ENABLE_VNET    : 13
	Value changed
		__DEVLINK_PARAM_GENERIC_ID_MAX          : 11 -> 14
		DEVLINK_PARAM_GENERIC_ID_MAX            : 10 -> 13
sk_psock_state_bits
	Sub added
		SK_PSOCK_RX_STRP_ENABLED                : 1
nl80211_ext_feature_index
	Sub added
		NL80211_EXT_FEATURE_BSS_COLOR           : 58
	Value changed
		NUM_NL80211_EXT_FEATURES                : 58 -> 59
		MAX_NL80211_EXT_FEATURES                : 57 -> 58
switchdev_notifier_type
	Sub added
		SWITCHDEV_BRPORT_OFFLOADED              : 15
		SWITCHDEV_BRPORT_UNOFFLOADED            : 16
linux_mptcp_mib_field
	Sub added
		MPTCP_MIB_DSSTCPMISMATCH                : 17
		MPTCP_MIB_DATACSUMERR                   : 18
		MPTCP_MIB_ADDADDRDROP                   : 27
		MPTCP_MIB_RMADDRDROP                    : 34
		MPTCP_MIB_MPFAILTX                      : 38
		MPTCP_MIB_MPFAILRX                      : 39
		MPTCP_MIB_SUBFLOWSTALE                  : 41
		MPTCP_MIB_SUBFLOWRECOVER                : 42
	Value changed
		MPTCP_MIB_OFOQUEUETAIL                  : 17 -> 19
		MPTCP_MIB_OFOQUEUE                      : 18 -> 20
		MPTCP_MIB_OFOMERGE                      : 19 -> 21
		MPTCP_MIB_NODSSWINDOW                   : 20 -> 22
		MPTCP_MIB_DUPDATA                       : 21 -> 23
		MPTCP_MIB_ADDADDR                       : 22 -> 24
		MPTCP_MIB_ECHOADD                       : 23 -> 25
		MPTCP_MIB_PORTADD                       : 24 -> 26
		MPTCP_MIB_JOINPORTSYNRX                 : 25 -> 28
		MPTCP_MIB_JOINPORTSYNACKRX              : 26 -> 29
		MPTCP_MIB_JOINPORTACKRX                 : 27 -> 30
		MPTCP_MIB_MISMATCHPORTSYNRX             : 28 -> 31
		MPTCP_MIB_MISMATCHPORTACKRX             : 29 -> 32
		MPTCP_MIB_RMADDR                        : 30 -> 33
		MPTCP_MIB_RMSUBFLOW                     : 31 -> 35
		MPTCP_MIB_MPPRIOTX                      : 32 -> 36
		MPTCP_MIB_MPPRIORX                      : 33 -> 37
		MPTCP_MIB_RCVPRUNED                     : 34 -> 40
		__MPTCP_MIB_MAX                         : 35 -> 43
mptcp_addr_signal_status
	Sub removed
		MPTCP_ADD_ADDR_IPV6                     : 2
		MPTCP_ADD_ADDR_PORT                     : 3
	Value changed
		MPTCP_RM_ADDR_SIGNAL                    : 4 -> 2
