Old Kind.ENUM (1178): ['system_states', 'timespec_type', 'x86_hardware_subarch', 'l1tf_mitigations', 'x86_legacy_i8042_state', 'fixed_addresses', 'uprobe_task_state', 'apic_intr_mode_id', 'pcpu_fc', 'numa_stat_item']
New Kind.ENUM (1237): ['system_states', 'timespec_type', 'x86_hardware_subarch', 'l1tf_mitigations', 'x86_legacy_i8042_state', 'fixed_addresses', 'uprobe_task_state', 'apic_intr_mode_id', 'pcpu_fc', 'numa_stat_item']
Added Kind.ENUM (74): ['bpf_tramp_prog_type', 'blkg_iostat_type', 'flow_action_hw_stats_bit', 'vdso_clock_mode', 'perf_tgl_uncore_imc_freerunning_types', 'perf_uncore_icx_iio_freerunning_type_id', 'perf_uncore_icx_imc_freerunning_type_id', 'kernel_gp_hint', 'refcount_saturation_type', 'netns_bpf_attach_type']
Removed Kind.ENUM (15): ['fs_parameter_type', 'hmm_pfn_flag_e', 'hmm_pfn_value_e', 'big_key_op', 'rc_proto', 'rc_driver_type', 'drm_mode_subconnector', 'drm_connector_force', 'drm_connector_status', 'drm_connector_registration_state']
Common Kind.ENUM (1163): ['system_states', 'timespec_type', 'x86_hardware_subarch', 'l1tf_mitigations', 'x86_legacy_i8042_state', 'fixed_addresses', 'uprobe_task_state', 'apic_intr_mode_id', 'pcpu_fc', 'numa_stat_item']
Changed Kind.ENUM (109): ['node_stat_item', 'vm_event_item', 'e820_type', 'cpuhp_state', 'bpf_map_type', 'bpf_func_id', 'bpf_arg_type', 'bpf_return_type', 'bpf_reg_type', 'irq_domain_bus_token']
Reasons Kind.ENUM (3): [('Added values', 91), ('Removed values', 25), ('Value changed', 66)]
node_stat_item
	Added values:
		NR_FOLL_PIN_ACQUIRED                    : 31
		NR_FOLL_PIN_RELEASED                    : 32
	Removed values:
		NR_UNSTABLE_NFS                         : 26
	Value changed:
		NR_VMSCAN_WRITE                         : 27 -> 26
		NR_VMSCAN_IMMEDIATE                     : 28 -> 27
		NR_DIRTIED                              : 29 -> 28
		NR_WRITTEN                              : 30 -> 29
		NR_KERNEL_MISC_RECLAIMABLE              : 31 -> 30
		NR_VM_NODE_STAT_ITEMS                   : 32 -> 33
vm_event_item
	Added values:
		PGSCAN_ANON                             : 29
		PGSCAN_FILE                             : 30
		PGSTEAL_ANON                            : 31
		PGSTEAL_FILE                            : 32
		THP_FAULT_FALLBACK_CHARGE               : 71
		THP_FILE_FALLBACK                       : 75
		THP_FILE_FALLBACK_CHARGE                : 76
	Value changed:
		PGSCAN_ZONE_RECLAIM_FAILED              : 29 -> 33
		PGINODESTEAL                            : 30 -> 34
		SLABS_SCANNED                           : 31 -> 35
		KSWAPD_INODESTEAL                       : 32 -> 36
		KSWAPD_LOW_WMARK_HIT_QUICKLY            : 33 -> 37
		KSWAPD_HIGH_WMARK_HIT_QUICKLY           : 34 -> 38
		PAGEOUTRUN                              : 35 -> 39
		PGROTATED                               : 36 -> 40
		DROP_PAGECACHE                          : 37 -> 41
		DROP_SLAB                               : 38 -> 42
		OOM_KILL                                : 39 -> 43
		NUMA_PTE_UPDATES                        : 40 -> 44
		NUMA_HUGE_PTE_UPDATES                   : 41 -> 45
		NUMA_HINT_FAULTS                        : 42 -> 46
		NUMA_HINT_FAULTS_LOCAL                  : 43 -> 47
		NUMA_PAGE_MIGRATE                       : 44 -> 48
		PGMIGRATE_SUCCESS                       : 45 -> 49
		PGMIGRATE_FAIL                          : 46 -> 50
		COMPACTMIGRATE_SCANNED                  : 47 -> 51
		COMPACTFREE_SCANNED                     : 48 -> 52
		COMPACTISOLATED                         : 49 -> 53
		COMPACTSTALL                            : 50 -> 54
		COMPACTFAIL                             : 51 -> 55
		COMPACTSUCCESS                          : 52 -> 56
		KCOMPACTD_WAKE                          : 53 -> 57
		KCOMPACTD_MIGRATE_SCANNED               : 54 -> 58
		KCOMPACTD_FREE_SCANNED                  : 55 -> 59
		HTLB_BUDDY_PGALLOC                      : 56 -> 60
		HTLB_BUDDY_PGALLOC_FAIL                 : 57 -> 61
		UNEVICTABLE_PGCULLED                    : 58 -> 62
		UNEVICTABLE_PGSCANNED                   : 59 -> 63
		UNEVICTABLE_PGRESCUED                   : 60 -> 64
		UNEVICTABLE_PGMLOCKED                   : 61 -> 65
		UNEVICTABLE_PGMUNLOCKED                 : 62 -> 66
		UNEVICTABLE_PGCLEARED                   : 63 -> 67
		UNEVICTABLE_PGSTRANDED                  : 64 -> 68
		THP_FAULT_ALLOC                         : 65 -> 69
		THP_FAULT_FALLBACK                      : 66 -> 70
		THP_COLLAPSE_ALLOC                      : 67 -> 72
		THP_COLLAPSE_ALLOC_FAILED               : 68 -> 73
		THP_FILE_ALLOC                          : 69 -> 74
		THP_FILE_MAPPED                         : 70 -> 77
		THP_SPLIT_PAGE                          : 71 -> 78
		THP_SPLIT_PAGE_FAILED                   : 72 -> 79
		THP_DEFERRED_SPLIT_PAGE                 : 73 -> 80
		THP_SPLIT_PMD                           : 74 -> 81
		THP_SPLIT_PUD                           : 75 -> 82
		THP_ZERO_PAGE_ALLOC                     : 76 -> 83
		THP_ZERO_PAGE_ALLOC_FAILED              : 77 -> 84
		THP_SWPOUT                              : 78 -> 85
		THP_SWPOUT_FALLBACK                     : 79 -> 86
		BALLOON_INFLATE                         : 80 -> 87
		BALLOON_DEFLATE                         : 81 -> 88
		BALLOON_MIGRATE                         : 82 -> 89
		SWAP_RA                                 : 83 -> 90
		SWAP_RA_HIT                             : 84 -> 91
		NR_VM_EVENT_ITEMS                       : 85 -> 92
e820_type
	Added values:
		E820_TYPE_SOFT_RESERVED                 : -268435457
cpuhp_state
	Added values:
		CPUHP_AP_CPU_PM_STARTING                : 91
		CPUHP_AP_IRQ_RISCV_STARTING             : 97
		CPUHP_AP_IRQ_SIFIVE_PLIC_STARTING       : 98
		CPUHP_AP_TI_GP_TIMER_STARTING           : 128
		CPUHP_AP_HYPERV_TIMER_STARTING          : 129
		CPUHP_AP_ARM_CORESIGHT_CTI_STARTING     : 137
		CPUHP_AP_BLK_MQ_ONLINE                  : 148
	Removed values:
		CPUHP_AP_OMAP_DM_TIMER_STARTING         : 114
	Value changed:
		CPUHP_AP_IRQ_GIC_STARTING               : 91 -> 92
		CPUHP_AP_IRQ_HIP04_STARTING             : 92 -> 93
		CPUHP_AP_IRQ_ARMADA_XP_STARTING         : 93 -> 94
		CPUHP_AP_IRQ_BCM2836_STARTING           : 94 -> 95
		CPUHP_AP_IRQ_MIPS_GIC_STARTING          : 95 -> 96
		CPUHP_AP_ARM_MVEBU_COHERENCY            : 96 -> 99
		CPUHP_AP_MICROCODE_LOADER               : 97 -> 100
		CPUHP_AP_PERF_X86_AMD_UNCORE_STARTING   : 98 -> 101
		CPUHP_AP_PERF_X86_STARTING              : 99 -> 102
		CPUHP_AP_PERF_X86_AMD_IBS_STARTING      : 100 -> 103
		CPUHP_AP_PERF_X86_CQM_STARTING          : 101 -> 104
		CPUHP_AP_PERF_X86_CSTATE_STARTING       : 102 -> 105
		CPUHP_AP_PERF_XTENSA_STARTING           : 103 -> 106
		CPUHP_AP_MIPS_OP_LOONGSON3_STARTING     : 104 -> 107
		CPUHP_AP_ARM_SDEI_STARTING              : 105 -> 108
		CPUHP_AP_ARM_VFP_STARTING               : 106 -> 109
		CPUHP_AP_ARM64_DEBUG_MONITORS_STARTING  : 107 -> 110
		CPUHP_AP_PERF_ARM_HW_BREAKPOINT_STARTING: 108 -> 111
		CPUHP_AP_PERF_ARM_ACPI_STARTING         : 109 -> 112
		CPUHP_AP_PERF_ARM_STARTING              : 110 -> 113
		CPUHP_AP_ARM_L2X0_STARTING              : 111 -> 114
		CPUHP_AP_EXYNOS4_MCT_TIMER_STARTING     : 112 -> 115
		CPUHP_AP_ARM_ARCH_TIMER_STARTING        : 113 -> 116
		CPUHP_AP_ARM_GLOBAL_TIMER_STARTING      : 115 -> 117
		CPUHP_AP_JCORE_TIMER_STARTING           : 116 -> 118
		CPUHP_AP_ARM_TWD_STARTING               : 117 -> 119
		CPUHP_AP_QCOM_TIMER_STARTING            : 118 -> 120
		CPUHP_AP_TEGRA_TIMER_STARTING           : 119 -> 121
		CPUHP_AP_ARMADA_TIMER_STARTING          : 120 -> 122
		CPUHP_AP_MARCO_TIMER_STARTING           : 121 -> 123
		CPUHP_AP_MIPS_GIC_TIMER_STARTING        : 122 -> 124
		CPUHP_AP_ARC_TIMER_STARTING             : 123 -> 125
		CPUHP_AP_RISCV_TIMER_STARTING           : 124 -> 126
		CPUHP_AP_CSKY_TIMER_STARTING            : 125 -> 127
		CPUHP_AP_KVM_STARTING                   : 126 -> 130
		CPUHP_AP_KVM_ARM_VGIC_INIT_STARTING     : 127 -> 131
		CPUHP_AP_KVM_ARM_VGIC_STARTING          : 128 -> 132
		CPUHP_AP_KVM_ARM_TIMER_STARTING         : 129 -> 133
		CPUHP_AP_DUMMY_TIMER_STARTING           : 130 -> 134
		CPUHP_AP_ARM_XEN_STARTING               : 131 -> 135
		CPUHP_AP_ARM_CORESIGHT_STARTING         : 132 -> 136
		CPUHP_AP_ARM64_ISNDEP_STARTING          : 133 -> 138
		CPUHP_AP_SMPCFD_DYING                   : 134 -> 139
		CPUHP_AP_X86_TBOOT_DYING                : 135 -> 140
		CPUHP_AP_ARM_CACHE_B15_RAC_DYING        : 136 -> 141
		CPUHP_AP_ONLINE                         : 137 -> 142
		CPUHP_TEARDOWN_CPU                      : 138 -> 143
		CPUHP_AP_ONLINE_IDLE                    : 139 -> 144
		CPUHP_AP_SMPBOOT_THREADS                : 140 -> 145
		CPUHP_AP_X86_VDSO_VMA_ONLINE            : 141 -> 146
		CPUHP_AP_IRQ_AFFINITY_ONLINE            : 142 -> 147
		CPUHP_AP_ARM_MVEBU_SYNC_CLOCKS          : 143 -> 149
		CPUHP_AP_X86_INTEL_EPB_ONLINE           : 144 -> 150
		CPUHP_AP_PERF_ONLINE                    : 145 -> 151
		CPUHP_AP_PERF_X86_ONLINE                : 146 -> 152
		CPUHP_AP_PERF_X86_UNCORE_ONLINE         : 147 -> 153
		CPUHP_AP_PERF_X86_AMD_UNCORE_ONLINE     : 148 -> 154
		CPUHP_AP_PERF_X86_AMD_POWER_ONLINE      : 149 -> 155
		CPUHP_AP_PERF_X86_RAPL_ONLINE           : 150 -> 156
		CPUHP_AP_PERF_X86_CQM_ONLINE            : 151 -> 157
		CPUHP_AP_PERF_X86_CSTATE_ONLINE         : 152 -> 158
		CPUHP_AP_PERF_S390_CF_ONLINE            : 153 -> 159
		CPUHP_AP_PERF_S390_SF_ONLINE            : 154 -> 160
		CPUHP_AP_PERF_ARM_CCI_ONLINE            : 155 -> 161
		CPUHP_AP_PERF_ARM_CCN_ONLINE            : 156 -> 162
		CPUHP_AP_PERF_ARM_HISI_DDRC_ONLINE      : 157 -> 163
		CPUHP_AP_PERF_ARM_HISI_HHA_ONLINE       : 158 -> 164
		CPUHP_AP_PERF_ARM_HISI_L3_ONLINE        : 159 -> 165
		CPUHP_AP_PERF_ARM_L2X0_ONLINE           : 160 -> 166
		CPUHP_AP_PERF_ARM_QCOM_L2_ONLINE        : 161 -> 167
		CPUHP_AP_PERF_ARM_QCOM_L3_ONLINE        : 162 -> 168
		CPUHP_AP_PERF_ARM_APM_XGENE_ONLINE      : 163 -> 169
		CPUHP_AP_PERF_ARM_CAVIUM_TX2_UNCORE_ONLINE: 164 -> 170
		CPUHP_AP_PERF_POWERPC_NEST_IMC_ONLINE   : 165 -> 171
		CPUHP_AP_PERF_POWERPC_CORE_IMC_ONLINE   : 166 -> 172
		CPUHP_AP_PERF_POWERPC_THREAD_IMC_ONLINE : 167 -> 173
		CPUHP_AP_PERF_POWERPC_TRACE_IMC_ONLINE  : 168 -> 174
		CPUHP_AP_WATCHDOG_ONLINE                : 169 -> 175
		CPUHP_AP_WORKQUEUE_ONLINE               : 170 -> 176
		CPUHP_AP_RCUTREE_ONLINE                 : 171 -> 177
		CPUHP_AP_BASE_CACHEINFO_ONLINE          : 172 -> 178
		CPUHP_AP_ONLINE_DYN                     : 173 -> 179
		CPUHP_AP_ONLINE_DYN_END                 : 203 -> 209
		CPUHP_AP_X86_HPET_ONLINE                : 204 -> 210
		CPUHP_AP_X86_KVM_CLK_ONLINE             : 205 -> 211
		CPUHP_AP_ACTIVE                         : 206 -> 212
		CPUHP_ONLINE                            : 207 -> 213
bpf_map_type
	Added values:
		BPF_MAP_TYPE_STRUCT_OPS                 : 26
		BPF_MAP_TYPE_RINGBUF                    : 27
bpf_func_id
	Added values:
		BPF_FUNC_skb_output                     : 111
		BPF_FUNC_probe_read_user                : 112
		BPF_FUNC_probe_read_kernel              : 113
		BPF_FUNC_probe_read_user_str            : 114
		BPF_FUNC_probe_read_kernel_str          : 115
		BPF_FUNC_tcp_send_ack                   : 116
		BPF_FUNC_send_signal_thread             : 117
		BPF_FUNC_jiffies64                      : 118
		BPF_FUNC_read_branch_records            : 119
		BPF_FUNC_get_ns_current_pid_tgid        : 120
		BPF_FUNC_xdp_output                     : 121
		BPF_FUNC_get_netns_cookie               : 122
		BPF_FUNC_get_current_ancestor_cgroup_id : 123
		BPF_FUNC_sk_assign                      : 124
		BPF_FUNC_ktime_get_boot_ns              : 125
		BPF_FUNC_seq_printf                     : 126
		BPF_FUNC_seq_write                      : 127
		BPF_FUNC_sk_cgroup_id                   : 128
		BPF_FUNC_sk_ancestor_cgroup_id          : 129
		BPF_FUNC_ringbuf_output                 : 130
		BPF_FUNC_ringbuf_reserve                : 131
		BPF_FUNC_ringbuf_submit                 : 132
		BPF_FUNC_ringbuf_discard                : 133
		BPF_FUNC_ringbuf_query                  : 134
		BPF_FUNC_csum_level                     : 135
	Value changed:
		__BPF_FUNC_MAX_ID                       : 111 -> 136
bpf_arg_type
	Added values:
		ARG_PTR_TO_CTX_OR_NULL                  : 12
		ARG_PTR_TO_BTF_ID                       : 19
		ARG_PTR_TO_ALLOC_MEM                    : 20
		ARG_PTR_TO_ALLOC_MEM_OR_NULL            : 21
		ARG_CONST_ALLOC_SIZE_OR_ZERO            : 22
	Value changed:
		ARG_ANYTHING                            : 12 -> 13
		ARG_PTR_TO_SPIN_LOCK                    : 13 -> 14
		ARG_PTR_TO_SOCK_COMMON                  : 14 -> 15
		ARG_PTR_TO_INT                          : 15 -> 16
		ARG_PTR_TO_LONG                         : 16 -> 17
		ARG_PTR_TO_SOCKET                       : 17 -> 18
bpf_return_type
	Added values:
		RET_PTR_TO_ALLOC_MEM_OR_NULL            : 7
bpf_reg_type
	Added values:
		PTR_TO_BTF_ID                           : 19
		PTR_TO_BTF_ID_OR_NULL                   : 20
		PTR_TO_MEM                              : 21
		PTR_TO_MEM_OR_NULL                      : 22
irq_domain_bus_token
	Added values:
		DOMAIN_BUS_WAKEUP                       : 9
wb_reason
	Removed values:
		WB_REASON_FREE_MORE_MEM                 : 5
	Value changed:
		WB_REASON_FS_FREE_SPACE                 : 6 -> 5
		WB_REASON_FORKER_THREAD                 : 7 -> 6
		WB_REASON_FOREIGN_FLUSH                 : 8 -> 7
		WB_REASON_MAX                           : 9 -> 8
stat_group
	Added values:
		STAT_FLUSH                              : 3
	Value changed:
		NR_STAT_GROUPS                          : 3 -> 4
memcg_stat_item
	Removed values:
		MEMCG_CACHE                             : 32
		MEMCG_RSS                               : 33
		MEMCG_RSS_HUGE                          : 34
	Value changed:
		MEMCG_SWAP                              : 35 -> 33
		MEMCG_SOCK                              : 36 -> 34
		MEMCG_KERNEL_STACK_KB                   : 37 -> 35
		MEMCG_NR_STAT                           : 38 -> 36
memcg_memory_event
	Added values:
		MEMCG_SWAP_HIGH                         : 5
	Value changed:
		MEMCG_SWAP_MAX                          : 5 -> 6
		MEMCG_SWAP_FAIL                         : 6 -> 7
		MEMCG_NR_MEMORY_EVENTS                  : 7 -> 8
mem_cgroup_events_target
	Removed values:
		MEM_CGROUP_TARGET_NUMAINFO              : 2
	Value changed:
		MEM_CGROUP_NTARGETS                     : 3 -> 2
bpf_prog_type
	Added values:
		BPF_PROG_TYPE_TRACING                   : 26
		BPF_PROG_TYPE_STRUCT_OPS                : 27
		BPF_PROG_TYPE_EXT                       : 28
		BPF_PROG_TYPE_LSM                       : 29
bpf_attach_type
	Added values:
		BPF_TRACE_RAW_TP                        : 23
		BPF_TRACE_FENTRY                        : 24
		BPF_TRACE_FEXIT                         : 25
		BPF_MODIFY_RETURN                       : 26
		BPF_LSM_MAC                             : 27
		BPF_TRACE_ITER                          : 28
		BPF_CGROUP_INET4_GETPEERNAME            : 29
		BPF_CGROUP_INET6_GETPEERNAME            : 30
		BPF_CGROUP_INET4_GETSOCKNAME            : 31
		BPF_CGROUP_INET6_GETSOCKNAME            : 32
		BPF_XDP_DEVMAP                          : 33
	Value changed:
		__MAX_BPF_ATTACH_TYPE                   : 23 -> 34
tc_setup_type
	Added values:
		TC_SETUP_FT                             : 14
		TC_SETUP_QDISC_ETS                      : 15
		TC_SETUP_QDISC_TBF                      : 16
		TC_SETUP_QDISC_FIFO                     : 17
perf_branch_sample_type_shift
	Added values:
		PERF_SAMPLE_BRANCH_HW_INDEX_SHIFT       : 17
	Value changed:
		PERF_SAMPLE_BRANCH_MAX_SHIFT            : 17 -> 18
exception_stack_ordering
	Removed values:
		ESTACK_DB2                              : 2
		ESTACK_DB1                              : 3
	Value changed:
		ESTACK_DB                               : 4 -> 2
		ESTACK_MCE                              : 5 -> 3
		N_EXCEPTION_STACKS                      : 6 -> 4
ucount_type
	Added values:
		UCOUNT_TIME_NAMESPACES                  : 7
	Value changed:
		UCOUNT_INOTIFY_INSTANCES                : 7 -> 8
		UCOUNT_INOTIFY_WATCHES                  : 8 -> 9
		UCOUNT_COUNTS                           : 9 -> 10
psi_task_count
	Added values:
		NR_ONCPU                                : 3
	Value changed:
		NR_PSI_TASK_COUNTS                      : 3 -> 4
skb_ext_id
	Added values:
		SKB_EXT_MPTCP                           : 3
	Value changed:
		SKB_EXT_NUM                             : 3 -> 4
perf_event_sample_format
	Added values:
		PERF_SAMPLE_AUX                         : 1048576
		PERF_SAMPLE_CGROUP                      : 2097152
	Value changed:
		PERF_SAMPLE_MAX                         : 1048576 -> 4194304
perf_branch_sample_type
	Added values:
		PERF_SAMPLE_BRANCH_HW_INDEX             : 131072
	Value changed:
		PERF_SAMPLE_BRANCH_MAX                  : 131072 -> 262144
stack_type
	Value changed:
		STACK_TYPE_EXCEPTION_LAST               : 10 -> 8
migratetype
	Removed values:
		MIGRATE_CMA                             : 4
	Value changed:
		MIGRATE_ISOLATE                         : 5 -> 4
		MIGRATE_TYPES                           : 6 -> 5
pageflags
	Added values:
		PG_reported                             : 2
dev_pm_qos_req_type
	Added values:
		DEV_PM_QOS_MIN_FREQUENCY                : 3
		DEV_PM_QOS_MAX_FREQUENCY                : 4
	Value changed:
		DEV_PM_QOS_FLAGS                        : 3 -> 5
pm_qos_type
	Removed values:
		PM_QOS_SUM                              : 3
dmi_field
	Added values:
		DMI_BIOS_RELEASE                        : 4
		DMI_EC_FIRMWARE_RELEASE                 : 5
	Value changed:
		DMI_SYS_VENDOR                          : 4 -> 6
		DMI_PRODUCT_NAME                        : 5 -> 7
		DMI_PRODUCT_VERSION                     : 6 -> 8
		DMI_PRODUCT_SERIAL                      : 7 -> 9
		DMI_PRODUCT_UUID                        : 8 -> 10
		DMI_PRODUCT_SKU                         : 9 -> 11
		DMI_PRODUCT_FAMILY                      : 10 -> 12
		DMI_BOARD_VENDOR                        : 11 -> 13
		DMI_BOARD_NAME                          : 12 -> 14
		DMI_BOARD_VERSION                       : 13 -> 15
		DMI_BOARD_SERIAL                        : 14 -> 16
		DMI_BOARD_ASSET_TAG                     : 15 -> 17
		DMI_CHASSIS_VENDOR                      : 16 -> 18
		DMI_CHASSIS_TYPE                        : 17 -> 19
		DMI_CHASSIS_VERSION                     : 18 -> 20
		DMI_CHASSIS_SERIAL                      : 19 -> 21
		DMI_CHASSIS_ASSET_TAG                   : 20 -> 22
		DMI_STRING_MAX                          : 21 -> 23
		DMI_OEM_STRING                          : 22 -> 24
hk_flags
	Added values:
		HK_FLAG_MANAGED_IRQ                     : 128
mce_notifier_prios
	Added values:
		MCE_PRIO_UC                             : 5
		MCE_PRIO_EARLY                          : 6
		MCE_PRIO_CEC                            : 7
		MCE_PRIO_HIGHEST                        : 7
	Removed values:
		MCE_PRIO_FIRST                          : 2147483647
		MCE_PRIO_SRAO                           : 2147483646
	Value changed:
		MCE_PRIO_EXTLOG                         : 2147483645 -> 4
		MCE_PRIO_NFIT                           : 2147483644 -> 3
		MCE_PRIO_EDAC                           : 2147483643 -> 2
fs_value_type
	Removed values:
		fs_value_is_filename_empty              : 5
	Value changed:
		fs_value_is_file                        : 6 -> 5
kernfs_root_flag
	Added values:
		KERNFS_ROOT_SUPPORT_USER_XATTR          : 8
dev_prop_type
	Added values:
		DEV_PROP_REF                            : 5
	Removed values:
		DEV_PROP_MAX                            : 5
kmsg_dump_reason
	Added values:
		KMSG_DUMP_SHUTDOWN                      : 4
		KMSG_DUMP_MAX                           : 5
	Removed values:
		KMSG_DUMP_RESTART                       : 4
		KMSG_DUMP_HALT                          : 5
		KMSG_DUMP_POWEROFF                      : 6
tick_dep_bits
	Added values:
		TICK_DEP_BIT_RCU                        : 4
		TICK_DEP_BIT_RCU_EXP                    : 5
group_type
	Added values:
		group_has_spare                         : 0
		group_fully_busy                        : 1
		group_asym_packing                      : 3
	Removed values:
		group_other                             : 0
	Value changed:
		group_misfit_task                       : 1 -> 2
		group_imbalanced                        : 2 -> 4
		group_overloaded                        : 3 -> 5
req_opf
	Added values:
		REQ_OP_ZONE_OPEN                        : 10
		REQ_OP_ZONE_CLOSE                       : 11
		REQ_OP_ZONE_FINISH                      : 12
		REQ_OP_ZONE_APPEND                      : 13
req_flag_bits
	Removed values:
		__REQ_NOWAIT_INLINE                     : 22
	Value changed:
		__REQ_CGROUP_PUNT                       : 23 -> 22
		__REQ_NOUNMAP                           : 24 -> 23
		__REQ_HIPRI                             : 25 -> 24
		__REQ_DRV                               : 26 -> 25
		__REQ_SWAP                              : 27 -> 26
		__REQ_NR_BITS                           : 28 -> 27
rcutorture_type
	Added values:
		RCU_TASKS_RUDE_FLAVOR                   : 2
		RCU_TASKS_TRACING_FLAVOR                : 3
	Value changed:
		RCU_TRIVIAL_FLAVOR                      : 2 -> 4
		SRCU_FLAVOR                             : 3 -> 5
		INVALID_RCU_FLAVOR                      : 4 -> 6
kernel_read_file_id
	Removed values:
		READING_FIRMWARE_PREALLOC_BUFFER        : 2
	Value changed:
		READING_MODULE                          : 3 -> 2
		READING_KEXEC_IMAGE                     : 4 -> 3
		READING_KEXEC_INITRAMFS                 : 5 -> 4
		READING_POLICY                          : 6 -> 5
		READING_X509_CERTIFICATE                : 7 -> 6
		READING_MAX_ID                          : 8 -> 7
kernel_load_data_id
	Removed values:
		LOADING_FIRMWARE_PREALLOC_BUFFER        : 2
	Value changed:
		LOADING_MODULE                          : 3 -> 2
		LOADING_KEXEC_IMAGE                     : 4 -> 3
		LOADING_KEXEC_INITRAMFS                 : 5 -> 4
		LOADING_POLICY                          : 6 -> 5
		LOADING_X509_CERTIFICATE                : 7 -> 6
		LOADING_MAX_ID                          : 8 -> 7
cgroup2_param
	Added values:
		Opt_memory_recursiveprot                : 2
	Value changed:
		nr__cgroup2_params                      : 2 -> 3
trace_iterator_bits
	Added values:
		TRACE_ITER_PAUSE_ON_TRACE_BIT           : 22
	Value changed:
		TRACE_ITER_FUNCTION_BIT                 : 22 -> 23
		TRACE_ITER_FUNC_FORK_BIT                : 23 -> 24
		TRACE_ITER_DISPLAY_GRAPH_BIT            : 24 -> 25
		TRACE_ITER_STACKTRACE_BIT               : 25 -> 26
		TRACE_ITER_LAST_BIT                     : 26 -> 27
trace_iterator_flags
	Added values:
		TRACE_ITER_PAUSE_ON_TRACE               : 4194304
	Value changed:
		TRACE_ITER_FUNCTION                     : 4194304 -> 8388608
		TRACE_ITER_FUNC_FORK                    : 8388608 -> 16777216
		TRACE_ITER_DISPLAY_GRAPH                : 16777216 -> 33554432
		TRACE_ITER_STACKTRACE                   : 33554432 -> 67108864
xdp_mem_type
	Added values:
		MEM_TYPE_XSK_BUFF_POOL                  : 3
	Removed values:
		MEM_TYPE_ZERO_COPY                      : 3
bpf_cmd
	Added values:
		BPF_MAP_LOOKUP_BATCH                    : 24
		BPF_MAP_LOOKUP_AND_DELETE_BATCH         : 25
		BPF_MAP_UPDATE_BATCH                    : 26
		BPF_MAP_DELETE_BATCH                    : 27
		BPF_LINK_CREATE                         : 28
		BPF_LINK_UPDATE                         : 29
		BPF_LINK_GET_FD_BY_ID                   : 30
		BPF_LINK_GET_NEXT_ID                    : 31
		BPF_ENABLE_STATS                        : 32
		BPF_ITER_CREATE                         : 33
bpf_type
	Added values:
		BPF_TYPE_LINK                           : 3
perf_event_type
	Added values:
		PERF_RECORD_CGROUP                      : 19
	Value changed:
		PERF_RECORD_MAX                         : 19 -> 20
mmu_notifier_event
	Added values:
		MMU_NOTIFY_RELEASE                      : 5
pgdat_flags
	Removed values:
		PGDAT_CONGESTED                         : 0
	Value changed:
		PGDAT_DIRTY                             : 1 -> 0
		PGDAT_WRITEBACK                         : 2 -> 1
		PGDAT_RECLAIM_LOCKED                    : 3 -> 2
ttu_flags
	Removed values:
		TTU_IGNORE_ACCESS                       : 16
		TTU_SYNC                                : 512
fid_type
	Added values:
		FILEID_KERNFS                           : 254
bh_state_bits
	Removed values:
		BH_Uptodate_Lock                        : 4
	Value changed:
		BH_Mapped                               : 5 -> 4
		BH_New                                  : 6 -> 5
		BH_Async_Read                           : 7 -> 6
		BH_Async_Write                          : 8 -> 7
		BH_Delay                                : 9 -> 8
		BH_Boundary                             : 10 -> 9
		BH_Write_EIO                            : 11 -> 10
		BH_Unwritten                            : 12 -> 11
		BH_Quiet                                : 13 -> 12
		BH_Meta                                 : 14 -> 13
		BH_Prio                                 : 15 -> 14
		BH_Defer_Completion                     : 16 -> 15
		BH_PrivateStart                         : 17 -> 16
scan_result
	Added values:
		SCAN_EXCEED_SHARED_PTE                  : 5
		SCAN_PTE_UFFD_WP                        : 7
	Value changed:
		SCAN_PTE_NON_PRESENT                    : 4 -> 6
		SCAN_PAGE_RO                            : 5 -> 8
		SCAN_LACK_REFERENCED_PAGE               : 6 -> 9
		SCAN_PAGE_NULL                          : 7 -> 10
		SCAN_SCAN_ABORT                         : 8 -> 11
		SCAN_PAGE_COUNT                         : 9 -> 12
		SCAN_PAGE_LRU                           : 10 -> 13
		SCAN_PAGE_LOCK                          : 11 -> 14
		SCAN_PAGE_ANON                          : 12 -> 15
		SCAN_PAGE_COMPOUND                      : 13 -> 16
		SCAN_ANY_PROCESS                        : 14 -> 17
		SCAN_VMA_NULL                           : 15 -> 18
		SCAN_VMA_CHECK                          : 16 -> 19
		SCAN_ADDRESS_RANGE                      : 17 -> 20
		SCAN_SWAP_CACHE_PAGE                    : 18 -> 21
		SCAN_DEL_PAGE_LRU                       : 19 -> 22
		SCAN_ALLOC_HUGE_PAGE_FAIL               : 20 -> 23
		SCAN_CGROUP_CHARGE_FAIL                 : 21 -> 24
		SCAN_EXCEED_SWAP_PTE                    : 22 -> 4
		SCAN_TRUNCATED                          : 23 -> 25
		SCAN_PAGE_HAS_PRIVATE                   : 24 -> 26
proc_param
	Added values:
		Opt_subset                              : 2
jbd_state_bits
	Removed values:
		BH_State                                : 23
	Value changed:
		BH_JBD                                  : 17 -> 16
		BH_JWrite                               : 18 -> 17
		BH_Freed                                : 19 -> 18
		BH_Revoked                              : 20 -> 19
		BH_RevokeValid                          : 21 -> 20
		BH_JBDDirty                             : 22 -> 21
		BH_JournalHead                          : 24 -> 22
		BH_Shadow                               : 25 -> 23
		BH_Verified                             : 26 -> 24
		BH_JBDPrivateStart                      : 27 -> 25
ib_uverbs_access_flags
	Added values:
		IB_UVERBS_ACCESS_RELAXED_ORDERING       : 1048576
		IB_UVERBS_ACCESS_OPTIONAL_RANGE         : 1072693248
ima_hooks
	Added values:
		KEY_CHECK                               : 12
	Value changed:
		MAX_CHECK                               : 12 -> 13
ib_poll_context
	Added values:
		IB_POLL_LAST_POOL_TYPE                  : 2
	Value changed:
		IB_POLL_DIRECT                          : 0 -> 3
		IB_POLL_SOFTIRQ                         : 1 -> 0
		IB_POLL_WORKQUEUE                       : 2 -> 1
		IB_POLL_UNBOUND_WORKQUEUE               : 3 -> 2
opal_uid
	Added values:
		OPAL_DATASTORE                          : 23
	Value changed:
		OPAL_C_PIN_MSID                         : 23 -> 24
		OPAL_C_PIN_SID                          : 24 -> 25
		OPAL_C_PIN_ADMIN1                       : 25 -> 26
		OPAL_HALF_UID_AUTHORITY_OBJ_REF         : 26 -> 27
		OPAL_HALF_UID_BOOLEAN_ACE               : 27 -> 28
		OPAL_UID_HEXFF                          : 28 -> 29
devm_ioremap_type
	Removed values:
		DEVM_IOREMAP_NC                         : 1
	Value changed:
		DEVM_IOREMAP_UC                         : 2 -> 1
		DEVM_IOREMAP_WC                         : 3 -> 2
nla_policy_validation
	Added values:
		NLA_VALIDATE_RANGE_PTR                  : 4
		NLA_VALIDATE_WARN_TOO_LONG              : 6
	Value changed:
		NLA_VALIDATE_FUNCTION                   : 4 -> 5
phy_mode
	Added values:
		PHY_MODE_LVDS                           : 18
		PHY_MODE_DP                             : 19
pci_dev_flags
	Added values:
		PCI_DEV_FLAGS_ENABLE_ASPM               : 4096
pci_barno
	Added values:
		NO_BAR                                  : -1
acpi_ex_debugger_commands
	Added values:
		CMD_FIELDS                              : 15
	Value changed:
		CMD_FIND                                : 15 -> 16
		CMD_GO                                  : 16 -> 17
		CMD_HANDLERS                            : 17 -> 18
		CMD_HELP                                : 18 -> 19
		CMD_HELP2                               : 19 -> 20
		CMD_HISTORY                             : 20 -> 21
		CMD_HISTORY_EXE                         : 21 -> 22
		CMD_HISTORY_LAST                        : 22 -> 23
		CMD_INFORMATION                         : 23 -> 24
		CMD_INTEGRITY                           : 24 -> 25
		CMD_INTO                                : 25 -> 26
		CMD_LEVEL                               : 26 -> 27
		CMD_LIST                                : 27 -> 28
		CMD_LOCALS                              : 28 -> 29
		CMD_LOCKS                               : 29 -> 30
		CMD_METHODS                             : 30 -> 31
		CMD_NAMESPACE                           : 31 -> 32
		CMD_NOTIFY                              : 32 -> 33
		CMD_OBJECTS                             : 33 -> 34
		CMD_OSI                                 : 34 -> 35
		CMD_OWNER                               : 35 -> 36
		CMD_PATHS                               : 36 -> 37
		CMD_PREDEFINED                          : 37 -> 38
		CMD_PREFIX                              : 38 -> 39
		CMD_QUIT                                : 39 -> 40
		CMD_REFERENCES                          : 40 -> 41
		CMD_RESOURCES                           : 41 -> 42
		CMD_RESULTS                             : 42 -> 43
		CMD_SET                                 : 43 -> 44
		CMD_STATS                               : 44 -> 45
		CMD_STOP                                : 45 -> 46
		CMD_TABLES                              : 46 -> 47
		CMD_TEMPLATE                            : 47 -> 48
		CMD_TRACE                               : 48 -> 49
		CMD_TREE                                : 49 -> 50
		CMD_TYPE                                : 50 -> 51
power_supply_property
	Added values:
		POWER_SUPPLY_PROP_CAPACITY_ERROR_MARGIN : 49
		POWER_SUPPLY_PROP_MANUFACTURE_YEAR      : 69
		POWER_SUPPLY_PROP_MANUFACTURE_MONTH     : 70
		POWER_SUPPLY_PROP_MANUFACTURE_DAY       : 71
	Value changed:
		POWER_SUPPLY_PROP_CAPACITY_LEVEL        : 49 -> 50
		POWER_SUPPLY_PROP_TEMP                  : 50 -> 51
		POWER_SUPPLY_PROP_TEMP_MAX              : 51 -> 52
		POWER_SUPPLY_PROP_TEMP_MIN              : 52 -> 53
		POWER_SUPPLY_PROP_TEMP_ALERT_MIN        : 53 -> 54
		POWER_SUPPLY_PROP_TEMP_ALERT_MAX        : 54 -> 55
		POWER_SUPPLY_PROP_TEMP_AMBIENT          : 55 -> 56
		POWER_SUPPLY_PROP_TEMP_AMBIENT_ALERT_MIN: 56 -> 57
		POWER_SUPPLY_PROP_TEMP_AMBIENT_ALERT_MAX: 57 -> 58
		POWER_SUPPLY_PROP_TIME_TO_EMPTY_NOW     : 58 -> 59
		POWER_SUPPLY_PROP_TIME_TO_EMPTY_AVG     : 59 -> 60
		POWER_SUPPLY_PROP_TIME_TO_FULL_NOW      : 60 -> 61
		POWER_SUPPLY_PROP_TIME_TO_FULL_AVG      : 61 -> 62
		POWER_SUPPLY_PROP_TYPE                  : 62 -> 63
		POWER_SUPPLY_PROP_USB_TYPE              : 63 -> 64
		POWER_SUPPLY_PROP_SCOPE                 : 64 -> 65
		POWER_SUPPLY_PROP_PRECHARGE_CURRENT     : 65 -> 66
		POWER_SUPPLY_PROP_CHARGE_TERM_CURRENT   : 66 -> 67
		POWER_SUPPLY_PROP_CALIBRATE             : 67 -> 68
		POWER_SUPPLY_PROP_MODEL_NAME            : 68 -> 72
		POWER_SUPPLY_PROP_MANUFACTURER          : 69 -> 73
		POWER_SUPPLY_PROP_SERIAL_NUMBER         : 70 -> 74
virtio_balloon_vq
	Added values:
		VIRTIO_BALLOON_VQ_REPORTING             : 4
	Value changed:
		VIRTIO_BALLOON_VQ_MAX                   : 4 -> 5
tpm_chip_flags
	Added values:
		TPM_CHIP_FLAG_FIRMWARE_POWER_MANAGED    : 64
ethtool_link_mode_bit_indices
	Added values:
		ETHTOOL_LINK_MODE_400000baseKR8_Full_BIT: 69
		ETHTOOL_LINK_MODE_400000baseSR8_Full_BIT: 70
		ETHTOOL_LINK_MODE_400000baseLR8_ER8_FR8_Full_BIT: 71
		ETHTOOL_LINK_MODE_400000baseDR8_Full_BIT: 72
		ETHTOOL_LINK_MODE_400000baseCR8_Full_BIT: 73
		ETHTOOL_LINK_MODE_FEC_LLRS_BIT          : 74
	Value changed:
		__ETHTOOL_LINK_MODE_MASK_NBITS          : 69 -> 75
phy_state
	Added values:
		PHY_CABLETEST                           : 6
fw_opt
	Added values:
		FW_OPT_NOFALLBACK_SYSFS                 : 32
		FW_OPT_FALLBACK_PLATFORM                : 64
	Removed values:
		FW_OPT_NOFALLBACK                       : 32
netdev_state_t
	Added values:
		__LINK_STATE_TESTING                    : 5
ethtool_stringset
	Added values:
		ETH_SS_LINK_MODES                       : 9
		ETH_SS_MSG_CLASSES                      : 10
		ETH_SS_WOL_MODES                        : 11
		ETH_SS_SOF_TIMESTAMPING                 : 12
		ETH_SS_TS_TX_TYPES                      : 13
		ETH_SS_TS_RX_FILTERS                    : 14
		ETH_SS_COUNT                            : 15
hwmon_sensor_types
	Added values:
		hwmon_intrusion                         : 9
	Value changed:
		hwmon_max                               : 9 -> 10
hwmon_temp_attributes
	Added values:
		hwmon_temp_enable                       : 0
	Value changed:
		hwmon_temp_input                        : 0 -> 1
		hwmon_temp_type                         : 1 -> 2
		hwmon_temp_lcrit                        : 2 -> 3
		hwmon_temp_lcrit_hyst                   : 3 -> 4
		hwmon_temp_min                          : 4 -> 5
		hwmon_temp_min_hyst                     : 5 -> 6
		hwmon_temp_max                          : 6 -> 7
		hwmon_temp_max_hyst                     : 7 -> 8
		hwmon_temp_crit                         : 8 -> 9
		hwmon_temp_crit_hyst                    : 9 -> 10
		hwmon_temp_emergency                    : 10 -> 11
		hwmon_temp_emergency_hyst               : 11 -> 12
		hwmon_temp_alarm                        : 12 -> 13
		hwmon_temp_lcrit_alarm                  : 13 -> 14
		hwmon_temp_min_alarm                    : 14 -> 15
		hwmon_temp_max_alarm                    : 15 -> 16
		hwmon_temp_crit_alarm                   : 16 -> 17
		hwmon_temp_emergency_alarm              : 17 -> 18
		hwmon_temp_fault                        : 18 -> 19
		hwmon_temp_offset                       : 19 -> 20
		hwmon_temp_label                        : 20 -> 21
		hwmon_temp_lowest                       : 21 -> 22
		hwmon_temp_highest                      : 22 -> 23
		hwmon_temp_reset_history                : 23 -> 24
hwmon_in_attributes
	Value changed:
		hwmon_in_input                          : 0 -> 1
		hwmon_in_min                            : 1 -> 2
		hwmon_in_max                            : 2 -> 3
		hwmon_in_lcrit                          : 3 -> 4
		hwmon_in_crit                           : 4 -> 5
		hwmon_in_average                        : 5 -> 6
		hwmon_in_lowest                         : 6 -> 7
		hwmon_in_highest                        : 7 -> 8
		hwmon_in_reset_history                  : 8 -> 9
		hwmon_in_label                          : 9 -> 10
		hwmon_in_alarm                          : 10 -> 11
		hwmon_in_min_alarm                      : 11 -> 12
		hwmon_in_max_alarm                      : 12 -> 13
		hwmon_in_lcrit_alarm                    : 13 -> 14
		hwmon_in_crit_alarm                     : 14 -> 15
		hwmon_in_enable                         : 15 -> 0
hwmon_curr_attributes
	Added values:
		hwmon_curr_enable                       : 0
	Value changed:
		hwmon_curr_input                        : 0 -> 1
		hwmon_curr_min                          : 1 -> 2
		hwmon_curr_max                          : 2 -> 3
		hwmon_curr_lcrit                        : 3 -> 4
		hwmon_curr_crit                         : 4 -> 5
		hwmon_curr_average                      : 5 -> 6
		hwmon_curr_lowest                       : 6 -> 7
		hwmon_curr_highest                      : 7 -> 8
		hwmon_curr_reset_history                : 8 -> 9
		hwmon_curr_label                        : 9 -> 10
		hwmon_curr_alarm                        : 10 -> 11
		hwmon_curr_min_alarm                    : 11 -> 12
		hwmon_curr_max_alarm                    : 12 -> 13
		hwmon_curr_lcrit_alarm                  : 13 -> 14
		hwmon_curr_crit_alarm                   : 14 -> 15
hwmon_power_attributes
	Added values:
		hwmon_power_enable                      : 0
	Value changed:
		hwmon_power_average                     : 0 -> 1
		hwmon_power_average_interval            : 1 -> 2
		hwmon_power_average_interval_max        : 2 -> 3
		hwmon_power_average_interval_min        : 3 -> 4
		hwmon_power_average_highest             : 4 -> 5
		hwmon_power_average_lowest              : 5 -> 6
		hwmon_power_average_max                 : 6 -> 7
		hwmon_power_average_min                 : 7 -> 8
		hwmon_power_input                       : 8 -> 9
		hwmon_power_input_highest               : 9 -> 10
		hwmon_power_input_lowest                : 10 -> 11
		hwmon_power_reset_history               : 11 -> 12
		hwmon_power_accuracy                    : 12 -> 13
		hwmon_power_cap                         : 13 -> 14
		hwmon_power_cap_hyst                    : 14 -> 15
		hwmon_power_cap_max                     : 15 -> 16
		hwmon_power_cap_min                     : 16 -> 17
		hwmon_power_min                         : 17 -> 18
		hwmon_power_max                         : 18 -> 19
		hwmon_power_crit                        : 19 -> 20
		hwmon_power_lcrit                       : 20 -> 21
		hwmon_power_label                       : 21 -> 22
		hwmon_power_alarm                       : 22 -> 23
		hwmon_power_cap_alarm                   : 23 -> 24
		hwmon_power_min_alarm                   : 24 -> 25
		hwmon_power_max_alarm                   : 25 -> 26
		hwmon_power_lcrit_alarm                 : 26 -> 27
		hwmon_power_crit_alarm                  : 27 -> 28
hwmon_energy_attributes
	Added values:
		hwmon_energy_enable                     : 0
	Value changed:
		hwmon_energy_input                      : 0 -> 1
		hwmon_energy_label                      : 1 -> 2
hwmon_humidity_attributes
	Added values:
		hwmon_humidity_enable                   : 0
	Value changed:
		hwmon_humidity_input                    : 0 -> 1
		hwmon_humidity_label                    : 1 -> 2
		hwmon_humidity_min                      : 2 -> 3
		hwmon_humidity_min_hyst                 : 3 -> 4
		hwmon_humidity_max                      : 4 -> 5
		hwmon_humidity_max_hyst                 : 5 -> 6
		hwmon_humidity_alarm                    : 6 -> 7
		hwmon_humidity_fault                    : 7 -> 8
hwmon_fan_attributes
	Added values:
		hwmon_fan_enable                        : 0
	Value changed:
		hwmon_fan_input                         : 0 -> 1
		hwmon_fan_label                         : 1 -> 2
		hwmon_fan_min                           : 2 -> 3
		hwmon_fan_max                           : 3 -> 4
		hwmon_fan_div                           : 4 -> 5
		hwmon_fan_pulses                        : 5 -> 6
		hwmon_fan_target                        : 6 -> 7
		hwmon_fan_alarm                         : 7 -> 8
		hwmon_fan_min_alarm                     : 8 -> 9
		hwmon_fan_max_alarm                     : 9 -> 10
		hwmon_fan_fault                         : 10 -> 11
flag_bits
	Added values:
		CollisionCheck                          : 18
	Removed values:
		WBCollisionCheck                        : 18
dev_pm_opp_event
	Added values:
		OPP_EVENT_ADJUST_VOLTAGE                : 4
rtnetlink_groups
	Added values:
		RTNLGRP_BRVLAN                          : 33
	Value changed:
		__RTNLGRP_MAX                           : 33 -> 34
devlink_port_flavour
	Added values:
		DEVLINK_PORT_FLAVOUR_VIRTUAL            : 5
devlink_trap_action
	Added values:
		DEVLINK_TRAP_ACTION_MIRROR              : 2
devlink_trap_type
	Added values:
		DEVLINK_TRAP_TYPE_CONTROL               : 2
switchdev_obj_id
	Added values:
		SWITCHDEV_OBJ_ID_MRP                    : 4
		SWITCHDEV_OBJ_ID_RING_TEST_MRP          : 5
		SWITCHDEV_OBJ_ID_RING_ROLE_MRP          : 6
		SWITCHDEV_OBJ_ID_RING_STATE_MRP         : 7
dsa_tag_protocol
	Added values:
		DSA_TAG_PROTO_OCELOT                    : 15
		DSA_TAG_PROTO_AR9331                    : 16
lwtunnel_encap_types
	Added values:
		LWTUNNEL_ENCAP_RPL                      : 8
	Value changed:
		__LWTUNNEL_ENCAP_MAX                    : 8 -> 9
qdisc_state_t
	Removed values:
		__QDISC_STATE_MISSED                    : 2
flow_action_id
	Added values:
		FLOW_ACTION_PRIORITY                    : 18
		FLOW_ACTION_CT_METADATA                 : 24
		FLOW_ACTION_GATE                        : 28
	Value changed:
		FLOW_ACTION_WAKE                        : 18 -> 19
		FLOW_ACTION_QUEUE                       : 19 -> 20
		FLOW_ACTION_SAMPLE                      : 20 -> 21
		FLOW_ACTION_POLICE                      : 21 -> 22
		FLOW_ACTION_CT                          : 22 -> 23
		FLOW_ACTION_MPLS_PUSH                   : 23 -> 25
		FLOW_ACTION_MPLS_POP                    : 24 -> 26
		FLOW_ACTION_MPLS_MANGLE                 : 25 -> 27
		NUM_FLOW_ACTIONS                        : 26 -> 29
hwtstamp_tx_types
	Added values:
		HWTSTAMP_TX_ONESTEP_P2P                 : 3
		__HWTSTAMP_TX_CNT                       : 4
hwtstamp_rx_filters
	Added values:
		__HWTSTAMP_FILTER_CNT                   : 16
net_dm_attr
	Added values:
		NET_DM_ATTR_FLOW_ACTION_COOKIE          : 22
	Value changed:
		__NET_DM_ATTR_MAX                       : 22 -> 23
		NET_DM_ATTR_MAX                         : 21 -> 22
devlink_command
	Added values:
		DEVLINK_CMD_TRAP_POLICER_GET            : 69
		DEVLINK_CMD_TRAP_POLICER_SET            : 70
		DEVLINK_CMD_TRAP_POLICER_NEW            : 71
		DEVLINK_CMD_TRAP_POLICER_DEL            : 72
	Value changed:
		__DEVLINK_CMD_MAX                       : 69 -> 73
		DEVLINK_CMD_MAX                         : 68 -> 72
devlink_attr
	Added values:
		DEVLINK_ATTR_NETNS_FD                   : 138
		DEVLINK_ATTR_NETNS_PID                  : 139
		DEVLINK_ATTR_NETNS_ID                   : 140
		DEVLINK_ATTR_HEALTH_REPORTER_AUTO_DUMP  : 141
		DEVLINK_ATTR_TRAP_POLICER_ID            : 142
		DEVLINK_ATTR_TRAP_POLICER_RATE          : 143
		DEVLINK_ATTR_TRAP_POLICER_BURST         : 144
	Value changed:
		__DEVLINK_ATTR_MAX                      : 138 -> 145
		DEVLINK_ATTR_MAX                        : 137 -> 144
devlink_trap_generic_id
	Added values:
		DEVLINK_TRAP_GENERIC_ID_NON_IP_PACKET   : 9
		DEVLINK_TRAP_GENERIC_ID_UC_DIP_MC_DMAC  : 10
		DEVLINK_TRAP_GENERIC_ID_DIP_LB          : 11
		DEVLINK_TRAP_GENERIC_ID_SIP_MC          : 12
		DEVLINK_TRAP_GENERIC_ID_SIP_LB          : 13
		DEVLINK_TRAP_GENERIC_ID_CORRUPTED_IP_HDR: 14
		DEVLINK_TRAP_GENERIC_ID_IPV4_SIP_BC     : 15
		DEVLINK_TRAP_GENERIC_ID_IPV6_MC_DIP_RESERVED_SCOPE: 16
		DEVLINK_TRAP_GENERIC_ID_IPV6_MC_DIP_INTERFACE_LOCAL_SCOPE: 17
		DEVLINK_TRAP_GENERIC_ID_MTU_ERROR       : 18
		DEVLINK_TRAP_GENERIC_ID_UNRESOLVED_NEIGH: 19
		DEVLINK_TRAP_GENERIC_ID_RPF             : 20
		DEVLINK_TRAP_GENERIC_ID_REJECT_ROUTE    : 21
		DEVLINK_TRAP_GENERIC_ID_IPV4_LPM_UNICAST_MISS: 22
		DEVLINK_TRAP_GENERIC_ID_IPV6_LPM_UNICAST_MISS: 23
		DEVLINK_TRAP_GENERIC_ID_NON_ROUTABLE    : 24
		DEVLINK_TRAP_GENERIC_ID_DECAP_ERROR     : 25
		DEVLINK_TRAP_GENERIC_ID_OVERLAY_SMAC_MC : 26
		DEVLINK_TRAP_GENERIC_ID_INGRESS_FLOW_ACTION_DROP: 27
		DEVLINK_TRAP_GENERIC_ID_EGRESS_FLOW_ACTION_DROP: 28
		DEVLINK_TRAP_GENERIC_ID_STP             : 29
		DEVLINK_TRAP_GENERIC_ID_LACP            : 30
		DEVLINK_TRAP_GENERIC_ID_LLDP            : 31
		DEVLINK_TRAP_GENERIC_ID_IGMP_QUERY      : 32
		DEVLINK_TRAP_GENERIC_ID_IGMP_V1_REPORT  : 33
		DEVLINK_TRAP_GENERIC_ID_IGMP_V2_REPORT  : 34
		DEVLINK_TRAP_GENERIC_ID_IGMP_V3_REPORT  : 35
		DEVLINK_TRAP_GENERIC_ID_IGMP_V2_LEAVE   : 36
		DEVLINK_TRAP_GENERIC_ID_MLD_QUERY       : 37
		DEVLINK_TRAP_GENERIC_ID_MLD_V1_REPORT   : 38
		DEVLINK_TRAP_GENERIC_ID_MLD_V2_REPORT   : 39
		DEVLINK_TRAP_GENERIC_ID_MLD_V1_DONE     : 40
		DEVLINK_TRAP_GENERIC_ID_IPV4_DHCP       : 41
		DEVLINK_TRAP_GENERIC_ID_IPV6_DHCP       : 42
		DEVLINK_TRAP_GENERIC_ID_ARP_REQUEST     : 43
		DEVLINK_TRAP_GENERIC_ID_ARP_RESPONSE    : 44
		DEVLINK_TRAP_GENERIC_ID_ARP_OVERLAY     : 45
		DEVLINK_TRAP_GENERIC_ID_IPV6_NEIGH_SOLICIT: 46
		DEVLINK_TRAP_GENERIC_ID_IPV6_NEIGH_ADVERT: 47
		DEVLINK_TRAP_GENERIC_ID_IPV4_BFD        : 48
		DEVLINK_TRAP_GENERIC_ID_IPV6_BFD        : 49
		DEVLINK_TRAP_GENERIC_ID_IPV4_OSPF       : 50
		DEVLINK_TRAP_GENERIC_ID_IPV6_OSPF       : 51
		DEVLINK_TRAP_GENERIC_ID_IPV4_BGP        : 52
		DEVLINK_TRAP_GENERIC_ID_IPV6_BGP        : 53
		DEVLINK_TRAP_GENERIC_ID_IPV4_VRRP       : 54
		DEVLINK_TRAP_GENERIC_ID_IPV6_VRRP       : 55
		DEVLINK_TRAP_GENERIC_ID_IPV4_PIM        : 56
		DEVLINK_TRAP_GENERIC_ID_IPV6_PIM        : 57
		DEVLINK_TRAP_GENERIC_ID_UC_LB           : 58
		DEVLINK_TRAP_GENERIC_ID_LOCAL_ROUTE     : 59
		DEVLINK_TRAP_GENERIC_ID_EXTERNAL_ROUTE  : 60
		DEVLINK_TRAP_GENERIC_ID_IPV6_UC_DIP_LINK_LOCAL_SCOPE: 61
		DEVLINK_TRAP_GENERIC_ID_IPV6_DIP_ALL_NODES: 62
		DEVLINK_TRAP_GENERIC_ID_IPV6_DIP_ALL_ROUTERS: 63
		DEVLINK_TRAP_GENERIC_ID_IPV6_ROUTER_SOLICIT: 64
		DEVLINK_TRAP_GENERIC_ID_IPV6_ROUTER_ADVERT: 65
		DEVLINK_TRAP_GENERIC_ID_IPV6_REDIRECT   : 66
		DEVLINK_TRAP_GENERIC_ID_IPV4_ROUTER_ALERT: 67
		DEVLINK_TRAP_GENERIC_ID_IPV6_ROUTER_ALERT: 68
		DEVLINK_TRAP_GENERIC_ID_PTP_EVENT       : 69
		DEVLINK_TRAP_GENERIC_ID_PTP_GENERAL     : 70
		DEVLINK_TRAP_GENERIC_ID_FLOW_ACTION_SAMPLE: 71
		DEVLINK_TRAP_GENERIC_ID_FLOW_ACTION_TRAP: 72
	Value changed:
		__DEVLINK_TRAP_GENERIC_ID_MAX           : 9 -> 73
		DEVLINK_TRAP_GENERIC_ID_MAX             : 8 -> 72
devlink_trap_group_generic_id
	Added values:
		DEVLINK_TRAP_GROUP_GENERIC_ID_L3_EXCEPTIONS: 2
		DEVLINK_TRAP_GROUP_GENERIC_ID_TUNNEL_DROPS: 4
		DEVLINK_TRAP_GROUP_GENERIC_ID_ACL_DROPS : 5
		DEVLINK_TRAP_GROUP_GENERIC_ID_STP       : 6
		DEVLINK_TRAP_GROUP_GENERIC_ID_LACP      : 7
		DEVLINK_TRAP_GROUP_GENERIC_ID_LLDP      : 8
		DEVLINK_TRAP_GROUP_GENERIC_ID_MC_SNOOPING: 9
		DEVLINK_TRAP_GROUP_GENERIC_ID_DHCP      : 10
		DEVLINK_TRAP_GROUP_GENERIC_ID_NEIGH_DISCOVERY: 11
		DEVLINK_TRAP_GROUP_GENERIC_ID_BFD       : 12
		DEVLINK_TRAP_GROUP_GENERIC_ID_OSPF      : 13
		DEVLINK_TRAP_GROUP_GENERIC_ID_BGP       : 14
		DEVLINK_TRAP_GROUP_GENERIC_ID_VRRP      : 15
		DEVLINK_TRAP_GROUP_GENERIC_ID_PIM       : 16
		DEVLINK_TRAP_GROUP_GENERIC_ID_UC_LB     : 17
		DEVLINK_TRAP_GROUP_GENERIC_ID_LOCAL_DELIVERY: 18
		DEVLINK_TRAP_GROUP_GENERIC_ID_EXTERNAL_DELIVERY: 19
		DEVLINK_TRAP_GROUP_GENERIC_ID_IPV6      : 20
		DEVLINK_TRAP_GROUP_GENERIC_ID_PTP_EVENT : 21
		DEVLINK_TRAP_GROUP_GENERIC_ID_PTP_GENERAL: 22
		DEVLINK_TRAP_GROUP_GENERIC_ID_ACL_SAMPLE: 23
		DEVLINK_TRAP_GROUP_GENERIC_ID_ACL_TRAP  : 24
	Value changed:
		DEVLINK_TRAP_GROUP_GENERIC_ID_BUFFER_DROPS: 2 -> 3
		__DEVLINK_TRAP_GROUP_GENERIC_ID_MAX     : 3 -> 25
		DEVLINK_TRAP_GROUP_GENERIC_ID_MAX       : 2 -> 24
tca_id
	Added values:
		TCA_ID_GATE                             : 30
ip_conntrack_status
	Added values:
		IPS_NAT_CLASH_BIT                       : 12
		IPS_NAT_CLASH                           : 4096
		IPS_HW_OFFLOAD_BIT                      : 15
		IPS_HW_OFFLOAD                          : 32768
	Value changed:
		IPS_UNCHANGEABLE_MASK                   : 19449 -> 56313
		__IPS_MAX_BIT                           : 15 -> 16
lwtunnel_ip_t
	Added values:
		LWTUNNEL_IP_OPTS                        : 8
	Value changed:
		__LWTUNNEL_IP_MAX                       : 8 -> 9
lwtunnel_ip6_t
	Added values:
		LWTUNNEL_IP6_OPTS                       : 8
	Value changed:
		__LWTUNNEL_IP6_MAX                      : 8 -> 9
nl80211_ext_feature_index
	Added values:
		NL80211_EXT_FEATURE_VLAN_OFFLOAD        : 39
		NL80211_EXT_FEATURE_AQL                 : 40
		NL80211_EXT_FEATURE_BEACON_PROTECTION   : 41
		NL80211_EXT_FEATURE_CONTROL_PORT_NO_PREAUTH: 42
		NL80211_EXT_FEATURE_PROTECTED_TWT       : 43
		NL80211_EXT_FEATURE_DEL_IBSS_STA        : 44
		NL80211_EXT_FEATURE_MULTICAST_REGISTRATIONS: 45
		NL80211_EXT_FEATURE_BEACON_PROTECTION_CLIENT: 46
		NL80211_EXT_FEATURE_SCAN_FREQ_KHZ       : 47
		NL80211_EXT_FEATURE_CONTROL_PORT_OVER_NL80211_TX_STATUS: 48
	Value changed:
		NUM_NL80211_EXT_FEATURES                : 39 -> 49
		MAX_NL80211_EXT_FEATURES                : 38 -> 48
switchdev_attr_id
	Added values:
		SWITCHDEV_ATTR_ID_MRP_PORT_ROLE         : 9
