Added STRUCT (51): ['trace_event_raw_hyperv_send_ipi_one', 'trace_event_raw_workqueue_activate_work', 'trace_event_raw_workqueue_execute_end', 'trace_event_raw_sched_move_numa', 'trace_event_raw_sched_numa_pair_template', 'trace_event_raw_cpu_latency_qos_request', 'trace_event_raw_rss_stat', 'trace_event_raw_vm_unmapped_area', 'trace_event_raw_io_uring_create', 'trace_event_raw_io_uring_register', 'trace_event_raw_io_uring_file_get', 'trace_event_raw_io_uring_queue_async_work', 'trace_event_raw_io_uring_defer', 'trace_event_raw_io_uring_link', 'trace_event_raw_io_uring_cqring_wait', 'trace_event_raw_io_uring_fail_link', 'trace_event_raw_io_uring_complete', 'trace_event_raw_io_uring_submit_sqe', 'trace_event_raw_io_uring_poll_arm', 'trace_event_raw_io_uring_poll_wake', 'trace_event_raw_io_uring_task_add', 'trace_event_raw_io_uring_task_run', 'trace_event_raw_iomap_readpage_class', 'trace_event_raw_iomap_range_class', 'trace_event_raw_iomap_class', 'trace_event_raw_iomap_apply', 'trace_event_raw_jbd2_handle_start_class', 'trace_event_raw_pwm', 'trace_event_raw_add_device_randomness', 'trace_event_raw_random__mix_pool_bytes', 'trace_event_raw_credit_entropy_bits', 'trace_event_raw_push_to_pool', 'trace_event_raw_debit_entropy', 'trace_event_raw_add_input_randomness', 'trace_event_raw_add_disk_randomness', 'trace_event_raw_xfer_secondary_pool', 'trace_event_raw_random__get_random_bytes', 'trace_event_raw_random__extract_entropy', 'trace_event_raw_random_read', 'trace_event_raw_urandom_read', 'trace_event_raw_dma_map_sg', 'trace_event_raw_xhci_log_doorbell', 'trace_event_raw_cros_ec_request_start', 'trace_event_raw_cros_ec_request_done', 'trace_event_raw_icc_set_bw', 'trace_event_raw_icc_set_bw_end', 'trace_event_raw_qdisc_reset', 'trace_event_raw_qdisc_destroy', 'trace_event_raw_qdisc_create', 'trace_event_raw_page_pool_release', 'trace_event_raw_page_pool_update_nid']
Removed STRUCT (16): ['trace_event_raw_mpx_bounds_register_exception', 'trace_event_raw_bounds_exception_mpx', 'trace_event_raw_mpx_range_trace', 'trace_event_raw_mpx_new_bounds_table', 'trace_event_raw_workqueue_work', 'trace_event_raw_sched_move_task_template', 'trace_event_raw_sched_swap_numa', 'trace_event_raw_pm_qos_request', 'trace_event_raw_pm_qos_update_request_timeout', 'trace_event_raw_cma_alloc', 'trace_event_raw_cma_release', 'trace_event_raw_do_sys_open', 'trace_event_raw_open_exec', 'trace_event_raw_jbd2_handle_start', 'trace_event_raw_cros_ec_cmd_class', 'trace_event_raw_page_pool_inflight']
Changed STRUCT (36): ['trace_event_raw_itimer_state', 'trace_event_raw_xdp_devmap_xmit', 'trace_event_raw_mm_vmscan_lru_isolate', 'trace_event_raw_kcompactd_wake_template', 'trace_event_raw_writeback_page_template', 'trace_event_raw_writeback_dirty_inode_template', 'trace_event_raw_inode_foreign_history', 'trace_event_raw_inode_switch_wbs', 'trace_event_raw_track_foreign_dirty', 'trace_event_raw_flush_foreign', 'trace_event_raw_writeback_write_inode_template', 'trace_event_raw_writeback_work_class', 'trace_event_raw_writeback_class', 'trace_event_raw_wbc_class', 'trace_event_raw_writeback_queue_io', 'trace_event_raw_global_dirty_state', 'trace_event_raw_bdi_dirty_ratelimit', 'trace_event_raw_balance_dirty_pages', 'trace_event_raw_writeback_sb_inodes_requeue', 'trace_event_raw_writeback_single_inode_template', 'trace_event_raw_writeback_inode_template', 'trace_event_raw_ext4_discard_preallocations', 'trace_event_raw_ext4_journal_start', 'trace_event_raw_jbd2_commit', 'trace_event_raw_jbd2_end_commit', 'trace_event_raw_jbd2_handle_extend', 'trace_event_raw_jbd2_handle_stats', 'trace_event_raw_jbd2_run_stats', 'trace_event_raw_jbd2_checkpoint_stats', 'trace_event_raw_xhci_log_trb', 'trace_event_raw_xhci_log_portsc', 'trace_event_raw_sock_exceed_buf_limit', 'trace_event_raw_inet_sock_set_state', 'trace_event_raw_br_fdb_update', 'trace_event_raw_page_pool_state_release', 'trace_event_raw_page_pool_state_hold']
Reasons STRUCT (4): [('Field added', 8), ('Field removed', 8), ('Field type changed', 25), ('Layout changed', 31)]
trace_event_raw_itimer_state
	Field added
		value_nsec          : {'kind': 'INT', 'name': 'long int'}
		interval_nsec       : {'kind': 'INT', 'name': 'long int'}
	Field removed
		value_usec          : {'kind': 'INT', 'name': 'long int'}
		interval_usec       : {'kind': 'INT', 'name': 'long int'}
	Layout changed
trace_event_raw_xdp_devmap_xmit
	Field removed
		map_id              : {'kind': 'INT', 'name': 'int'}
		map_index           : {'kind': 'TYPEDEF', 'name': 'u32'}
	Layout changed
trace_event_raw_mm_vmscan_lru_isolate
	Field added
		highest_zoneidx     : {'kind': 'INT', 'name': 'int'}
	Field removed
		classzone_idx       : {'kind': 'INT', 'name': 'int'}
	Field type changed
		isolate_mode        : {'kind': 'INT', 'name': 'unsigned int'}
		                    ->{'kind': 'TYPEDEF', 'name': 'isolate_mode_t'}
	Layout changed
trace_event_raw_kcompactd_wake_template
	Field added
		highest_zoneidx     : {'kind': 'ENUM', 'name': 'zone_type', 'size': 4}
	Field removed
		classzone_idx       : {'kind': 'ENUM', 'name': 'zone_type', 'size': 4}
	Layout changed
trace_event_raw_writeback_page_template
	Field type changed
		ino                 : {'kind': 'INT', 'name': 'long unsigned int'}
		                    ->{'kind': 'TYPEDEF', 'name': 'ino_t'}
trace_event_raw_writeback_dirty_inode_template
	Field type changed
		ino                 : {'kind': 'INT', 'name': 'long unsigned int'}
		                    ->{'kind': 'TYPEDEF', 'name': 'ino_t'}
trace_event_raw_inode_foreign_history
	Field type changed
		ino                 : {'kind': 'INT', 'name': 'long unsigned int'}
		                    ->{'kind': 'TYPEDEF', 'name': 'ino_t'}
		cgroup_ino          : {'kind': 'INT', 'name': 'unsigned int'}
		                    ->{'kind': 'TYPEDEF', 'name': 'ino_t'}
	Layout changed
trace_event_raw_inode_switch_wbs
	Field type changed
		ino                 : {'kind': 'INT', 'name': 'long unsigned int'}
		                    ->{'kind': 'TYPEDEF', 'name': 'ino_t'}
		old_cgroup_ino      : {'kind': 'INT', 'name': 'unsigned int'}
		                    ->{'kind': 'TYPEDEF', 'name': 'ino_t'}
		new_cgroup_ino      : {'kind': 'INT', 'name': 'unsigned int'}
		                    ->{'kind': 'TYPEDEF', 'name': 'ino_t'}
	Layout changed
trace_event_raw_track_foreign_dirty
	Field type changed
		ino                 : {'kind': 'INT', 'name': 'long unsigned int'}
		                    ->{'kind': 'TYPEDEF', 'name': 'ino_t'}
		cgroup_ino          : {'kind': 'INT', 'name': 'unsigned int'}
		                    ->{'kind': 'TYPEDEF', 'name': 'ino_t'}
		page_cgroup_ino     : {'kind': 'INT', 'name': 'unsigned int'}
		                    ->{'kind': 'TYPEDEF', 'name': 'ino_t'}
	Layout changed
trace_event_raw_flush_foreign
	Field type changed
		cgroup_ino          : {'kind': 'INT', 'name': 'unsigned int'}
		                    ->{'kind': 'TYPEDEF', 'name': 'ino_t'}
	Layout changed
trace_event_raw_writeback_write_inode_template
	Field type changed
		ino                 : {'kind': 'INT', 'name': 'long unsigned int'}
		                    ->{'kind': 'TYPEDEF', 'name': 'ino_t'}
		cgroup_ino          : {'kind': 'INT', 'name': 'unsigned int'}
		                    ->{'kind': 'TYPEDEF', 'name': 'ino_t'}
	Layout changed
trace_event_raw_writeback_work_class
	Field type changed
		cgroup_ino          : {'kind': 'INT', 'name': 'unsigned int'}
		                    ->{'kind': 'TYPEDEF', 'name': 'ino_t'}
	Layout changed
trace_event_raw_writeback_class
	Field type changed
		cgroup_ino          : {'kind': 'INT', 'name': 'unsigned int'}
		                    ->{'kind': 'TYPEDEF', 'name': 'ino_t'}
	Layout changed
trace_event_raw_wbc_class
	Field type changed
		cgroup_ino          : {'kind': 'INT', 'name': 'unsigned int'}
		                    ->{'kind': 'TYPEDEF', 'name': 'ino_t'}
	Layout changed
trace_event_raw_writeback_queue_io
	Field type changed
		cgroup_ino          : {'kind': 'INT', 'name': 'unsigned int'}
		                    ->{'kind': 'TYPEDEF', 'name': 'ino_t'}
	Layout changed
trace_event_raw_global_dirty_state
	Field removed
		nr_unstable         : {'kind': 'INT', 'name': 'long unsigned int'}
	Layout changed
trace_event_raw_bdi_dirty_ratelimit
	Field type changed
		cgroup_ino          : {'kind': 'INT', 'name': 'unsigned int'}
		                    ->{'kind': 'TYPEDEF', 'name': 'ino_t'}
	Layout changed
trace_event_raw_balance_dirty_pages
	Field type changed
		cgroup_ino          : {'kind': 'INT', 'name': 'unsigned int'}
		                    ->{'kind': 'TYPEDEF', 'name': 'ino_t'}
	Layout changed
trace_event_raw_writeback_sb_inodes_requeue
	Field type changed
		ino                 : {'kind': 'INT', 'name': 'long unsigned int'}
		                    ->{'kind': 'TYPEDEF', 'name': 'ino_t'}
		cgroup_ino          : {'kind': 'INT', 'name': 'unsigned int'}
		                    ->{'kind': 'TYPEDEF', 'name': 'ino_t'}
	Layout changed
trace_event_raw_writeback_single_inode_template
	Field type changed
		ino                 : {'kind': 'INT', 'name': 'long unsigned int'}
		                    ->{'kind': 'TYPEDEF', 'name': 'ino_t'}
		cgroup_ino          : {'kind': 'INT', 'name': 'unsigned int'}
		                    ->{'kind': 'TYPEDEF', 'name': 'ino_t'}
	Layout changed
trace_event_raw_writeback_inode_template
	Field type changed
		ino                 : {'kind': 'INT', 'name': 'long unsigned int'}
		                    ->{'kind': 'TYPEDEF', 'name': 'ino_t'}
trace_event_raw_ext4_discard_preallocations
	Field added
		len                 : {'kind': 'INT', 'name': 'unsigned int'}
		needed              : {'kind': 'INT', 'name': 'unsigned int'}
	Layout changed
trace_event_raw_ext4_journal_start
	Field added
		revoke_creds        : {'kind': 'INT', 'name': 'int'}
	Layout changed
trace_event_raw_jbd2_commit
	Field type changed
		transaction         : {'kind': 'TYPEDEF', 'name': 'tid_t'}
		                    ->{'kind': 'INT', 'name': 'int'}
trace_event_raw_jbd2_end_commit
	Field type changed
		transaction         : {'kind': 'TYPEDEF', 'name': 'tid_t'}
		                    ->{'kind': 'INT', 'name': 'int'}
		head                : {'kind': 'TYPEDEF', 'name': 'tid_t'}
		                    ->{'kind': 'INT', 'name': 'int'}
trace_event_raw_jbd2_handle_extend
	Field type changed
		tid                 : {'kind': 'TYPEDEF', 'name': 'tid_t'}
		                    ->{'kind': 'INT', 'name': 'long unsigned int'}
	Layout changed
trace_event_raw_jbd2_handle_stats
	Field type changed
		tid                 : {'kind': 'TYPEDEF', 'name': 'tid_t'}
		                    ->{'kind': 'INT', 'name': 'long unsigned int'}
	Layout changed
trace_event_raw_jbd2_run_stats
	Field type changed
		tid                 : {'kind': 'TYPEDEF', 'name': 'tid_t'}
		                    ->{'kind': 'INT', 'name': 'long unsigned int'}
	Layout changed
trace_event_raw_jbd2_checkpoint_stats
	Field type changed
		tid                 : {'kind': 'TYPEDEF', 'name': 'tid_t'}
		                    ->{'kind': 'INT', 'name': 'long unsigned int'}
	Layout changed
trace_event_raw_xhci_log_trb
	Field removed
		__data_loc_str      : {'kind': 'TYPEDEF', 'name': 'u32'}
	Layout changed
trace_event_raw_xhci_log_portsc
	Field removed
		__data_loc_str      : {'kind': 'TYPEDEF', 'name': 'u32'}
	Layout changed
trace_event_raw_sock_exceed_buf_limit
	Field type changed
		sysctl_mem          : {'kind': 'ARRAY', 'name': '(anon)', 'nr_elems': 3, 'type': {'kind': 'INT', 'name': 'long int'}}
		                    ->{'kind': 'PTR', 'type': {'kind': 'INT', 'name': 'long int'}}
	Layout changed
trace_event_raw_inet_sock_set_state
	Field type changed
		protocol            : {'kind': 'TYPEDEF', 'name': '__u8'}
		                    ->{'kind': 'TYPEDEF', 'name': '__u16'}
	Layout changed
trace_event_raw_br_fdb_update
	Field added
		flags               : {'kind': 'INT', 'name': 'long unsigned int'}
	Field removed
		added_by_user       : {'kind': 'TYPEDEF', 'name': 'bool'}
	Layout changed
trace_event_raw_page_pool_state_release
	Field added
		pfn                 : {'kind': 'INT', 'name': 'long unsigned int'}
	Layout changed
trace_event_raw_page_pool_state_hold
	Field added
		pfn                 : {'kind': 'INT', 'name': 'long unsigned int'}
	Layout changed
