Old Kind.UNION (126): ['fpregs_state', 'sigval', '__sifields', 'kernfs_node_id', 'thread_union', 'key_payload', 'perf_mem_data_src', 'bpf_attr', 'flowi_uli', 'ethtool_flow_union']
New Kind.UNION (127): ['fpregs_state', 'sigval', '__sifields', 'rcu_special', 'thread_union', 'key_payload', 'perf_mem_data_src', 'bpf_attr', 'flowi_uli', 'ethtool_flow_union']
Added Kind.UNION (4): ['rcu_special', 'text_poke_insn', 'aa_buffer', 'blk_crypto_iv']
Removed Kind.UNION (3): ['kernfs_node_id', 'jump_code_union', 'ftrace_code_union']
Common Kind.UNION (123): ['fpregs_state', 'sigval', '__sifields', 'thread_union', 'key_payload', 'perf_mem_data_src', 'bpf_attr', 'flowi_uli', 'ethtool_flow_union', 'perf_capabilities']
Changed Kind.UNION (3): ['bpf_attr', 'security_list_options', 'phy_configure_opts']
Kind.UNION  bpf_attr
                     Added fields:
                                    batch: {'kind': 'STRUCT', 'name': '(anon)'}
                              link_create: {'kind': 'STRUCT', 'name': '(anon)'}
                              link_update: {'kind': 'STRUCT', 'name': '(anon)'}
                             enable_stats: {'kind': 'STRUCT', 'name': '(anon)'}
                              iter_create: {'kind': 'STRUCT', 'name': '(anon)'}
Kind.UNION  security_list_options
                     Added fields:
                      bprm_creds_for_exec: {'kind': 'PTR', 'type': {'kind': 'FUNC_PROTO', 'params': [{'name': '(anon)', 'type': {'kind': 'PTR', 'type': {'kind': 'STRUCT', 'name': 'linux_binprm'}}}], 'ret_type': {'kind': 'INT', 'name': 'int'}}}
                     bprm_creds_from_file: {'kind': 'PTR', 'type': {'kind': 'FUNC_PROTO', 'params': [{'name': '(anon)', 'type': {'kind': 'PTR', 'type': {'kind': 'STRUCT', 'name': 'linux_binprm'}}}, {'name': '(anon-1)', 'type': {'kind': 'PTR', 'type': {'kind': 'STRUCT', 'name': 'file'}}}], 'ret_type': {'kind': 'INT', 'name': 'int'}}}
                          task_fix_setgid: {'kind': 'PTR', 'type': {'kind': 'FUNC_PROTO', 'params': [{'name': '(anon)', 'type': {'kind': 'PTR', 'type': {'kind': 'STRUCT', 'name': 'cred'}}}, {'name': '(anon-1)', 'type': {'kind': 'PTR', 'type': {'kind': 'CONST', 'name': '(anon)', 'type': {'kind': 'STRUCT', 'name': 'cred'}}}}, {'name': '(anon-2)', 'type': {'kind': 'INT', 'name': 'int'}}], 'ret_type': {'kind': 'INT', 'name': 'int'}}}
                        post_notification: {'kind': 'PTR', 'type': {'kind': 'FUNC_PROTO', 'params': [{'name': '(anon)', 'type': {'kind': 'PTR', 'type': {'kind': 'CONST', 'name': '(anon)', 'type': {'kind': 'STRUCT', 'name': 'cred'}}}}, {'name': '(anon-1)', 'type': {'kind': 'PTR', 'type': {'kind': 'CONST', 'name': '(anon)', 'type': {'kind': 'STRUCT', 'name': 'cred'}}}}, {'name': '(anon-2)', 'type': {'kind': 'PTR', 'type': {'kind': 'STRUCT', 'name': 'watch_notification'}}}], 'ret_type': {'kind': 'INT', 'name': 'int'}}}
                                watch_key: {'kind': 'PTR', 'type': {'kind': 'FUNC_PROTO', 'params': [{'name': '(anon)', 'type': {'kind': 'PTR', 'type': {'kind': 'STRUCT', 'name': 'key'}}}], 'ret_type': {'kind': 'INT', 'name': 'int'}}}
                          perf_event_open: {'kind': 'PTR', 'type': {'kind': 'FUNC_PROTO', 'params': [{'name': '(anon)', 'type': {'kind': 'PTR', 'type': {'kind': 'STRUCT', 'name': 'perf_event_attr'}}}, {'name': '(anon-1)', 'type': {'kind': 'INT', 'name': 'int'}}], 'ret_type': {'kind': 'INT', 'name': 'int'}}}
                         perf_event_alloc: {'kind': 'PTR', 'type': {'kind': 'FUNC_PROTO', 'params': [{'name': '(anon)', 'type': {'kind': 'PTR', 'type': {'kind': 'STRUCT', 'name': 'perf_event'}}}], 'ret_type': {'kind': 'INT', 'name': 'int'}}}
                          perf_event_free: {'kind': 'PTR', 'type': {'kind': 'FUNC_PROTO', 'params': [{'name': '(anon)', 'type': {'kind': 'PTR', 'type': {'kind': 'STRUCT', 'name': 'perf_event'}}}], 'ret_type': {'name': 'void', 'kind': 'VOID'}}}
                          perf_event_read: {'kind': 'PTR', 'type': {'kind': 'FUNC_PROTO', 'params': [{'name': '(anon)', 'type': {'kind': 'PTR', 'type': {'kind': 'STRUCT', 'name': 'perf_event'}}}], 'ret_type': {'kind': 'INT', 'name': 'int'}}}
                         perf_event_write: {'kind': 'PTR', 'type': {'kind': 'FUNC_PROTO', 'params': [{'name': '(anon)', 'type': {'kind': 'PTR', 'type': {'kind': 'STRUCT', 'name': 'perf_event'}}}], 'ret_type': {'kind': 'INT', 'name': 'int'}}}
                     Removed fields:
                           bprm_set_creds: {'kind': 'PTR', 'type': {'kind': 'FUNC_PROTO', 'params': [{'name': '(anon)', 'type': {'kind': 'PTR', 'type': {'kind': 'STRUCT', 'name': 'linux_binprm'}}}], 'ret_type': {'kind': 'INT', 'name': 'int'}}}
                     Field type changed:
                           key_permission: {'kind': 'PTR', 'type': {'kind': 'FUNC_PROTO', 'params': [{'name': '(anon)', 'type': {'kind': 'TYPEDEF', 'name': 'key_ref_t'}}, {'name': '(anon-1)', 'type': {'kind': 'PTR', 'type': {'kind': 'CONST', 'name': '(anon)', 'type': {'kind': 'STRUCT', 'name': 'cred'}}}}, {'name': '(anon-2)', 'type': {'kind': 'INT', 'name': 'unsigned int'}}], 'ret_type': {'kind': 'INT', 'name': 'int'}}}
                                         ->{'kind': 'PTR', 'type': {'kind': 'FUNC_PROTO', 'params': [{'name': '(anon)', 'type': {'kind': 'TYPEDEF', 'name': 'key_ref_t'}}, {'name': '(anon-1)', 'type': {'kind': 'PTR', 'type': {'kind': 'CONST', 'name': '(anon)', 'type': {'kind': 'STRUCT', 'name': 'cred'}}}}, {'name': '(anon-2)', 'type': {'kind': 'ENUM', 'name': 'key_need_perm', 'size': 4}}], 'ret_type': {'kind': 'INT', 'name': 'int'}}}
Kind.UNION  phy_configure_opts
                     Added fields:
                                       dp: {'kind': 'STRUCT', 'name': 'phy_configure_opts_dp'}
