Added FUNC (31): ['perf_trace_sched_kthread_work_execute_end', 'perf_trace_sched_kthread_work_execute_start', 'perf_trace_sched_kthread_work_queue_work', 'perf_trace_bpf_trace_printk', 'perf_trace_mmap_lock_released', 'perf_trace_mmap_lock_acquire_returned', 'perf_trace_mmap_lock_start_locking', 'perf_trace_ext4_fc_track_range', 'perf_trace_ext4_fc_track_inode', 'perf_trace_ext4_fc_track_unlink', 'perf_trace_ext4_fc_track_link', 'perf_trace_ext4_fc_track_create', 'perf_trace_ext4_fc_stats', 'perf_trace_ext4_fc_commit_stop', 'perf_trace_ext4_fc_commit_start', 'perf_trace_ext4_fc_replay', 'perf_trace_ext4_fc_replay_scan', 'perf_trace_ext4_lazy_itable_init', 'perf_trace_ext4_prefetch_bitmaps', 'perf_trace_ext4_read_block_bitmap_load', 'perf_trace_selinux_audited', 'perf_trace_block_bio', 'perf_trace_iocost_iocg_forgive_debt', 'perf_trace_iocost_iocg_state', 'perf_trace_clk_rate_range', 'perf_trace_prandom_u32', 'perf_trace_cros_ec_sensorhub_filter', 'perf_trace_cros_ec_sensorhub_data', 'perf_trace_cros_ec_sensorhub_timestamp', 'perf_trace_devfreq_frequency', 'perf_trace_devlink_trap_report']
Removed FUNC (6): ['perf_trace_xen_mmu_set_pte_at', 'perf_trace_block_get_rq', 'perf_trace_block_bio_queue', 'perf_trace_block_bio_merge', 'perf_trace_block_bio_bounce', 'perf_trace_iocost_iocg_activate']
Changed FUNC (10): ['perf_trace_xdp_cpumap_kthread', 'perf_trace_mm_migrate_pages', 'perf_trace_ext4_load_inode', 'perf_trace_block_rq_remap', 'perf_trace_block_bio_remap', 'perf_trace_block_split', 'perf_trace_block_rq', 'perf_trace_block_rq_requeue', 'perf_trace_iocost_ioc_vrate_adj', 'perf_trace_thermal_power_devfreq_get_power']
Reasons FUNC (5): [('Param added', 3), ('Param removed', 8), ('Param type changed', 0), ('Param reordered', 7), ('Return type changed', 0)]
perf_trace_xdp_cpumap_kthread
	Param added
		xdp_stats           : {'kind': 'PTR', 'type': {'kind': 'STRUCT', 'name': 'xdp_cpumap_stats'}}
perf_trace_mm_migrate_pages
	Param added
		thp_succeeded       : {'kind': 'INT', 'name': 'long unsigned int'}
		thp_failed          : {'kind': 'INT', 'name': 'long unsigned int'}
		thp_split           : {'kind': 'INT', 'name': 'long unsigned int'}
	Param reordered
		                     ['__data', 'succeeded', 'failed', 'mode', 'reason']
		                     ['__data', 'succeeded', 'failed', 'thp_succeeded', 'thp_failed', 'thp_split', 'mode', 'reason']
perf_trace_ext4_load_inode
	Param added
		sb                  : {'kind': 'PTR', 'type': {'kind': 'STRUCT', 'name': 'super_block'}}
		ino                 : {'kind': 'INT', 'name': 'long unsigned int'}
	Param removed
		inode               : {'kind': 'PTR', 'type': {'kind': 'STRUCT', 'name': 'inode'}}
perf_trace_block_rq_remap
	Param removed
		q                   : {'kind': 'PTR', 'type': {'kind': 'STRUCT', 'name': 'request_queue'}}
	Param reordered
		                     ['__data', 'q', 'rq', 'dev', 'from']
		                     ['__data', 'rq', 'dev', 'from']
perf_trace_block_bio_remap
	Param removed
		q                   : {'kind': 'PTR', 'type': {'kind': 'STRUCT', 'name': 'request_queue'}}
	Param reordered
		                     ['__data', 'q', 'bio', 'dev', 'from']
		                     ['__data', 'bio', 'dev', 'from']
perf_trace_block_split
	Param removed
		q                   : {'kind': 'PTR', 'type': {'kind': 'STRUCT', 'name': 'request_queue'}}
	Param reordered
		                     ['__data', 'q', 'bio', 'new_sector']
		                     ['__data', 'bio', 'new_sector']
perf_trace_block_rq
	Param removed
		q                   : {'kind': 'PTR', 'type': {'kind': 'STRUCT', 'name': 'request_queue'}}
	Param reordered
		                     ['__data', 'q', 'rq']
		                     ['__data', 'rq']
perf_trace_block_rq_requeue
	Param removed
		q                   : {'kind': 'PTR', 'type': {'kind': 'STRUCT', 'name': 'request_queue'}}
	Param reordered
		                     ['__data', 'q', 'rq']
		                     ['__data', 'rq']
perf_trace_iocost_ioc_vrate_adj
	Param removed
		nr_surpluses        : {'kind': 'INT', 'name': 'int'}
perf_trace_thermal_power_devfreq_get_power
	Param removed
		dynamic_power       : {'kind': 'TYPEDEF', 'name': 'u32'}
		static_power        : {'kind': 'TYPEDEF', 'name': 'u32'}
	Param reordered
		                     ['__data', 'cdev', 'status', 'freq', 'dynamic_power', 'static_power', 'power']
		                     ['__data', 'cdev', 'status', 'freq', 'power']
