Added UNION (39): ['rcu_special', 'perf_sample_weight', 'ibs_fetch_ctl', 'ibs_op_ctl', 'cpuid28_eax', 'cpuid28_ebx', 'cpuid28_ecx', 'hv_vp_assist_msr_contents', 'hv_msi_address_register', 'hv_msi_data_register', 'hv_msi_entry', 'hv_ioapic_rte', 'hv_pci_bdf', 'hv_pci_bus_range', 'hv_device_id', 'hv_proximity_domain_info', 'text_poke_insn', 'uvyh_gr0_gam_gr_config_u', 'uvh_rh10_gam_addr_map_config_u', 'uvh_rh10_gam_mmioh_overlay_config0_u', 'uvh_rh10_gam_mmioh_overlay_config1_u', 'uvh_rh10_gam_mmr_overlay_config_u', 'uvh_rh_gam_addr_map_config_u', 'uvh_rh_gam_alias_2_overlay_config_u', 'uvh_rh_gam_alias_2_redirect_config_u', 'uvh_rh_gam_gru_overlay_config_u', 'uvh_rh_gam_mmioh_overlay_config_u', 'uvh_rh_gam_mmioh_overlay_config0_u', 'uvh_rh_gam_mmioh_overlay_config1_u', 'uvh_rh_gam_mmr_overlay_config_u', 'hv_message_flags', 'hv_port_id', 'kvm_mmu_page_role', 'kvm_mmu_extended_role', 'kvm_mmu_role', 'bpf_iter_link_info', 'aa_buffer', 'blk_crypto_iv', 'intcapxt']
Removed UNION (14): ['kernfs_node_id', 'jump_code_union', 'entry_union', 'uvh_rh_gam_alias210_overlay_config_2_mmr_u', 'uvh_rh_gam_alias210_redirect_config_2_mmr_u', 'uvh_rh_gam_config_mmr_u', 'uvh_rh_gam_gru_overlay_config_mmr_u', 'uvh_rh_gam_mmioh_overlay_config_mmr_u', 'uvh_rh_gam_mmr_overlay_config_mmr_u', 'uv1h_lb_target_physical_apic_id_mask_u', 'uv3h_gr0_gam_gr_config_u', 'ftrace_code_union', 'bau_msg_header', 'bau_payload_header']
Changed UNION (11): ['bpf_attr', 'flowi_uli', 'intel_x86_pebs_dse', 'hv_gpa_page_range', 'acpi_subtable_headers', 'uvh_node_id_u', 'fscrypt_iv', 'security_list_options', 'phy_configure_opts', 'acpi_resource_data', 'aml_resource']
Reasons UNION (4): [('Field added', 10), ('Field removed', 3), ('Field type changed', 1), ('Layout changed', 11)]
bpf_attr
	Field added
		batch               : {'kind': 'STRUCT', 'name': '(anon)'}
		link_create         : {'kind': 'STRUCT', 'name': '(anon)'}
		link_update         : {'kind': 'STRUCT', 'name': '(anon)'}
		link_detach         : {'kind': 'STRUCT', 'name': '(anon)'}
		enable_stats        : {'kind': 'STRUCT', 'name': '(anon)'}
		iter_create         : {'kind': 'STRUCT', 'name': '(anon)'}
		prog_bind_map       : {'kind': 'STRUCT', 'name': '(anon)'}
	Layout changed
flowi_uli
	Field removed
		dnports             : {'kind': 'STRUCT', 'name': '(anon)'}
		spi                 : {'kind': 'TYPEDEF', 'name': '__be32'}
	Layout changed
intel_x86_pebs_dse
	Field added
		(anon-2)            : {'kind': 'STRUCT', 'name': '(anon)'}
	Layout changed
hv_gpa_page_range
	Field added
		(anon)              : {'kind': 'STRUCT', 'name': '(anon)'}
	Layout changed
acpi_subtable_headers
	Field added
		prmt                : {'kind': 'STRUCT', 'name': 'acpi_prmt_module_header'}
	Layout changed
uvh_node_id_u
	Field added
		sy                  : {'kind': 'STRUCT', 'name': 'uvyh_node_id_s'}
		s5                  : {'kind': 'STRUCT', 'name': 'uv5h_node_id_s'}
	Field removed
		s1                  : {'kind': 'STRUCT', 'name': 'uv1h_node_id_s'}
	Layout changed
fscrypt_iv
	Field added
		dun                 : {'kind': 'ARRAY', 'name': '(anon)', 'nr_elems': 4, 'type': {'kind': 'TYPEDEF', 'name': '__le64'}}
	Layout changed
security_list_options
	Field added
		bprm_creds_for_exec : {'kind': 'PTR', 'type': {'kind': 'FUNC_PROTO', 'params': [{'name': '(anon)', 'type': {'kind': 'PTR', 'type': {'kind': 'STRUCT', 'name': 'linux_binprm'}}}], 'ret_type': {'kind': 'INT', 'name': 'int'}}}
		bprm_creds_from_file: {'kind': 'PTR', 'type': {'kind': 'FUNC_PROTO', 'params': [{'name': '(anon)', 'type': {'kind': 'PTR', 'type': {'kind': 'STRUCT', 'name': 'linux_binprm'}}}, {'name': '(anon-1)', 'type': {'kind': 'PTR', 'type': {'kind': 'STRUCT', 'name': 'file'}}}], 'ret_type': {'kind': 'INT', 'name': 'int'}}}
		sb_delete           : {'kind': 'PTR', 'type': {'kind': 'FUNC_PROTO', 'params': [{'name': '(anon)', 'type': {'kind': 'PTR', 'type': {'kind': 'STRUCT', 'name': 'super_block'}}}], 'ret_type': {'name': 'void', 'kind': 'VOID'}}}
		sb_mnt_opts_compat  : {'kind': 'PTR', 'type': {'kind': 'FUNC_PROTO', 'params': [{'name': '(anon)', 'type': {'kind': 'PTR', 'type': {'kind': 'STRUCT', 'name': 'super_block'}}}, {'name': '(anon-1)', 'type': {'kind': 'PTR', 'type': {'name': 'void', 'kind': 'VOID'}}}], 'ret_type': {'kind': 'INT', 'name': 'int'}}}
		inode_init_security_anon: {'kind': 'PTR', 'type': {'kind': 'FUNC_PROTO', 'params': [{'name': '(anon)', 'type': {'kind': 'PTR', 'type': {'kind': 'STRUCT', 'name': 'inode'}}}, {'name': '(anon-1)', 'type': {'kind': 'PTR', 'type': {'kind': 'CONST', 'name': '(anon)', 'type': {'kind': 'STRUCT', 'name': 'qstr'}}}}, {'name': '(anon-2)', 'type': {'kind': 'PTR', 'type': {'kind': 'CONST', 'name': '(anon)', 'type': {'kind': 'STRUCT', 'name': 'inode'}}}}], 'ret_type': {'kind': 'INT', 'name': 'int'}}}
		kernel_post_load_data: {'kind': 'PTR', 'type': {'kind': 'FUNC_PROTO', 'params': [{'name': '(anon)', 'type': {'kind': 'PTR', 'type': {'kind': 'INT', 'name': 'char'}}}, {'name': '(anon-1)', 'type': {'kind': 'TYPEDEF', 'name': 'loff_t'}}, {'name': '(anon-2)', 'type': {'kind': 'ENUM', 'name': 'kernel_load_data_id', 'size': 4}}, {'name': '(anon-3)', 'type': {'kind': 'PTR', 'type': {'kind': 'INT', 'name': 'char'}}}], 'ret_type': {'kind': 'INT', 'name': 'int'}}}
		task_fix_setgid     : {'kind': 'PTR', 'type': {'kind': 'FUNC_PROTO', 'params': [{'name': '(anon)', 'type': {'kind': 'PTR', 'type': {'kind': 'STRUCT', 'name': 'cred'}}}, {'name': '(anon-1)', 'type': {'kind': 'PTR', 'type': {'kind': 'CONST', 'name': '(anon)', 'type': {'kind': 'STRUCT', 'name': 'cred'}}}}, {'name': '(anon-2)', 'type': {'kind': 'INT', 'name': 'int'}}], 'ret_type': {'kind': 'INT', 'name': 'int'}}}
		task_getsecid_subj  : {'kind': 'PTR', 'type': {'kind': 'FUNC_PROTO', 'params': [{'name': '(anon)', 'type': {'kind': 'PTR', 'type': {'kind': 'STRUCT', 'name': 'task_struct'}}}, {'name': '(anon-1)', 'type': {'kind': 'PTR', 'type': {'kind': 'TYPEDEF', 'name': 'u32'}}}], 'ret_type': {'name': 'void', 'kind': 'VOID'}}}
		task_getsecid_obj   : {'kind': 'PTR', 'type': {'kind': 'FUNC_PROTO', 'params': [{'name': '(anon)', 'type': {'kind': 'PTR', 'type': {'kind': 'STRUCT', 'name': 'task_struct'}}}, {'name': '(anon-1)', 'type': {'kind': 'PTR', 'type': {'kind': 'TYPEDEF', 'name': 'u32'}}}], 'ret_type': {'name': 'void', 'kind': 'VOID'}}}
		post_notification   : {'kind': 'PTR', 'type': {'kind': 'FUNC_PROTO', 'params': [{'name': '(anon)', 'type': {'kind': 'PTR', 'type': {'kind': 'CONST', 'name': '(anon)', 'type': {'kind': 'STRUCT', 'name': 'cred'}}}}, {'name': '(anon-1)', 'type': {'kind': 'PTR', 'type': {'kind': 'CONST', 'name': '(anon)', 'type': {'kind': 'STRUCT', 'name': 'cred'}}}}, {'name': '(anon-2)', 'type': {'kind': 'PTR', 'type': {'kind': 'STRUCT', 'name': 'watch_notification'}}}], 'ret_type': {'kind': 'INT', 'name': 'int'}}}
		watch_key           : {'kind': 'PTR', 'type': {'kind': 'FUNC_PROTO', 'params': [{'name': '(anon)', 'type': {'kind': 'PTR', 'type': {'kind': 'STRUCT', 'name': 'key'}}}], 'ret_type': {'kind': 'INT', 'name': 'int'}}}
		perf_event_open     : {'kind': 'PTR', 'type': {'kind': 'FUNC_PROTO', 'params': [{'name': '(anon)', 'type': {'kind': 'PTR', 'type': {'kind': 'STRUCT', 'name': 'perf_event_attr'}}}, {'name': '(anon-1)', 'type': {'kind': 'INT', 'name': 'int'}}], 'ret_type': {'kind': 'INT', 'name': 'int'}}}
		perf_event_alloc    : {'kind': 'PTR', 'type': {'kind': 'FUNC_PROTO', 'params': [{'name': '(anon)', 'type': {'kind': 'PTR', 'type': {'kind': 'STRUCT', 'name': 'perf_event'}}}], 'ret_type': {'kind': 'INT', 'name': 'int'}}}
		perf_event_free     : {'kind': 'PTR', 'type': {'kind': 'FUNC_PROTO', 'params': [{'name': '(anon)', 'type': {'kind': 'PTR', 'type': {'kind': 'STRUCT', 'name': 'perf_event'}}}], 'ret_type': {'name': 'void', 'kind': 'VOID'}}}
		perf_event_read     : {'kind': 'PTR', 'type': {'kind': 'FUNC_PROTO', 'params': [{'name': '(anon)', 'type': {'kind': 'PTR', 'type': {'kind': 'STRUCT', 'name': 'perf_event'}}}], 'ret_type': {'kind': 'INT', 'name': 'int'}}}
		perf_event_write    : {'kind': 'PTR', 'type': {'kind': 'FUNC_PROTO', 'params': [{'name': '(anon)', 'type': {'kind': 'PTR', 'type': {'kind': 'STRUCT', 'name': 'perf_event'}}}], 'ret_type': {'kind': 'INT', 'name': 'int'}}}
	Field removed
		bprm_set_creds      : {'kind': 'PTR', 'type': {'kind': 'FUNC_PROTO', 'params': [{'name': '(anon)', 'type': {'kind': 'PTR', 'type': {'kind': 'STRUCT', 'name': 'linux_binprm'}}}], 'ret_type': {'kind': 'INT', 'name': 'int'}}}
		task_getsecid       : {'kind': 'PTR', 'type': {'kind': 'FUNC_PROTO', 'params': [{'name': '(anon)', 'type': {'kind': 'PTR', 'type': {'kind': 'STRUCT', 'name': 'task_struct'}}}, {'name': '(anon-1)', 'type': {'kind': 'PTR', 'type': {'kind': 'TYPEDEF', 'name': 'u32'}}}], 'ret_type': {'name': 'void', 'kind': 'VOID'}}}
	Field type changed
		inode_setxattr      : {'kind': 'PTR', 'type': {'kind': 'FUNC_PROTO', 'params': [{'name': '(anon)', 'type': {'kind': 'PTR', 'type': {'kind': 'STRUCT', 'name': 'dentry'}}}, {'name': '(anon-1)', 'type': {'kind': 'PTR', 'type': {'kind': 'CONST', 'name': '(anon)', 'type': {'kind': 'INT', 'name': 'char'}}}}, {'name': '(anon-2)', 'type': {'kind': 'PTR', 'type': {'kind': 'CONST', 'name': '(anon)', 'type': {'name': 'void', 'kind': 'VOID'}}}}, {'name': '(anon-3)', 'type': {'kind': 'TYPEDEF', 'name': 'size_t'}}, {'name': '(anon-4)', 'type': {'kind': 'INT', 'name': 'int'}}], 'ret_type': {'kind': 'INT', 'name': 'int'}}}
		                    ->{'kind': 'PTR', 'type': {'kind': 'FUNC_PROTO', 'params': [{'name': '(anon)', 'type': {'kind': 'PTR', 'type': {'kind': 'STRUCT', 'name': 'user_namespace'}}}, {'name': '(anon-1)', 'type': {'kind': 'PTR', 'type': {'kind': 'STRUCT', 'name': 'dentry'}}}, {'name': '(anon-2)', 'type': {'kind': 'PTR', 'type': {'kind': 'CONST', 'name': '(anon)', 'type': {'kind': 'INT', 'name': 'char'}}}}, {'name': '(anon-3)', 'type': {'kind': 'PTR', 'type': {'kind': 'CONST', 'name': '(anon)', 'type': {'name': 'void', 'kind': 'VOID'}}}}, {'name': '(anon-4)', 'type': {'kind': 'TYPEDEF', 'name': 'size_t'}}, {'name': '(anon-5)', 'type': {'kind': 'INT', 'name': 'int'}}], 'ret_type': {'kind': 'INT', 'name': 'int'}}}
		inode_removexattr   : {'kind': 'PTR', 'type': {'kind': 'FUNC_PROTO', 'params': [{'name': '(anon)', 'type': {'kind': 'PTR', 'type': {'kind': 'STRUCT', 'name': 'dentry'}}}, {'name': '(anon-1)', 'type': {'kind': 'PTR', 'type': {'kind': 'CONST', 'name': '(anon)', 'type': {'kind': 'INT', 'name': 'char'}}}}], 'ret_type': {'kind': 'INT', 'name': 'int'}}}
		                    ->{'kind': 'PTR', 'type': {'kind': 'FUNC_PROTO', 'params': [{'name': '(anon)', 'type': {'kind': 'PTR', 'type': {'kind': 'STRUCT', 'name': 'user_namespace'}}}, {'name': '(anon-1)', 'type': {'kind': 'PTR', 'type': {'kind': 'STRUCT', 'name': 'dentry'}}}, {'name': '(anon-2)', 'type': {'kind': 'PTR', 'type': {'kind': 'CONST', 'name': '(anon)', 'type': {'kind': 'INT', 'name': 'char'}}}}], 'ret_type': {'kind': 'INT', 'name': 'int'}}}
		inode_killpriv      : {'kind': 'PTR', 'type': {'kind': 'FUNC_PROTO', 'params': [{'name': '(anon)', 'type': {'kind': 'PTR', 'type': {'kind': 'STRUCT', 'name': 'dentry'}}}], 'ret_type': {'kind': 'INT', 'name': 'int'}}}
		                    ->{'kind': 'PTR', 'type': {'kind': 'FUNC_PROTO', 'params': [{'name': '(anon)', 'type': {'kind': 'PTR', 'type': {'kind': 'STRUCT', 'name': 'user_namespace'}}}, {'name': '(anon-1)', 'type': {'kind': 'PTR', 'type': {'kind': 'STRUCT', 'name': 'dentry'}}}], 'ret_type': {'kind': 'INT', 'name': 'int'}}}
		inode_getsecurity   : {'kind': 'PTR', 'type': {'kind': 'FUNC_PROTO', 'params': [{'name': '(anon)', 'type': {'kind': 'PTR', 'type': {'kind': 'STRUCT', 'name': 'inode'}}}, {'name': '(anon-1)', 'type': {'kind': 'PTR', 'type': {'kind': 'CONST', 'name': '(anon)', 'type': {'kind': 'INT', 'name': 'char'}}}}, {'name': '(anon-2)', 'type': {'kind': 'PTR', 'type': {'kind': 'PTR', 'type': {'name': 'void', 'kind': 'VOID'}}}}, {'name': '(anon-3)', 'type': {'kind': 'TYPEDEF', 'name': 'bool'}}], 'ret_type': {'kind': 'INT', 'name': 'int'}}}
		                    ->{'kind': 'PTR', 'type': {'kind': 'FUNC_PROTO', 'params': [{'name': '(anon)', 'type': {'kind': 'PTR', 'type': {'kind': 'STRUCT', 'name': 'user_namespace'}}}, {'name': '(anon-1)', 'type': {'kind': 'PTR', 'type': {'kind': 'STRUCT', 'name': 'inode'}}}, {'name': '(anon-2)', 'type': {'kind': 'PTR', 'type': {'kind': 'CONST', 'name': '(anon)', 'type': {'kind': 'INT', 'name': 'char'}}}}, {'name': '(anon-3)', 'type': {'kind': 'PTR', 'type': {'kind': 'PTR', 'type': {'name': 'void', 'kind': 'VOID'}}}}, {'name': '(anon-4)', 'type': {'kind': 'TYPEDEF', 'name': 'bool'}}], 'ret_type': {'kind': 'INT', 'name': 'int'}}}
		kernel_load_data    : {'kind': 'PTR', 'type': {'kind': 'FUNC_PROTO', 'params': [{'name': '(anon)', 'type': {'kind': 'ENUM', 'name': 'kernel_load_data_id', 'size': 4}}], 'ret_type': {'kind': 'INT', 'name': 'int'}}}
		                    ->{'kind': 'PTR', 'type': {'kind': 'FUNC_PROTO', 'params': [{'name': '(anon)', 'type': {'kind': 'ENUM', 'name': 'kernel_load_data_id', 'size': 4}}, {'name': '(anon-1)', 'type': {'kind': 'TYPEDEF', 'name': 'bool'}}], 'ret_type': {'kind': 'INT', 'name': 'int'}}}
		kernel_read_file    : {'kind': 'PTR', 'type': {'kind': 'FUNC_PROTO', 'params': [{'name': '(anon)', 'type': {'kind': 'PTR', 'type': {'kind': 'STRUCT', 'name': 'file'}}}, {'name': '(anon-1)', 'type': {'kind': 'ENUM', 'name': 'kernel_read_file_id', 'size': 4}}], 'ret_type': {'kind': 'INT', 'name': 'int'}}}
		                    ->{'kind': 'PTR', 'type': {'kind': 'FUNC_PROTO', 'params': [{'name': '(anon)', 'type': {'kind': 'PTR', 'type': {'kind': 'STRUCT', 'name': 'file'}}}, {'name': '(anon-1)', 'type': {'kind': 'ENUM', 'name': 'kernel_read_file_id', 'size': 4}}, {'name': '(anon-2)', 'type': {'kind': 'TYPEDEF', 'name': 'bool'}}], 'ret_type': {'kind': 'INT', 'name': 'int'}}}
		inet_conn_request   : {'kind': 'PTR', 'type': {'kind': 'FUNC_PROTO', 'params': [{'name': '(anon)', 'type': {'kind': 'PTR', 'type': {'kind': 'STRUCT', 'name': 'sock'}}}, {'name': '(anon-1)', 'type': {'kind': 'PTR', 'type': {'kind': 'STRUCT', 'name': 'sk_buff'}}}, {'name': '(anon-2)', 'type': {'kind': 'PTR', 'type': {'kind': 'STRUCT', 'name': 'request_sock'}}}], 'ret_type': {'kind': 'INT', 'name': 'int'}}}
		                    ->{'kind': 'PTR', 'type': {'kind': 'FUNC_PROTO', 'params': [{'name': '(anon)', 'type': {'kind': 'PTR', 'type': {'kind': 'CONST', 'name': '(anon)', 'type': {'kind': 'STRUCT', 'name': 'sock'}}}}, {'name': '(anon-1)', 'type': {'kind': 'PTR', 'type': {'kind': 'STRUCT', 'name': 'sk_buff'}}}, {'name': '(anon-2)', 'type': {'kind': 'PTR', 'type': {'kind': 'STRUCT', 'name': 'request_sock'}}}], 'ret_type': {'kind': 'INT', 'name': 'int'}}}
		req_classify_flow   : {'kind': 'PTR', 'type': {'kind': 'FUNC_PROTO', 'params': [{'name': '(anon)', 'type': {'kind': 'PTR', 'type': {'kind': 'CONST', 'name': '(anon)', 'type': {'kind': 'STRUCT', 'name': 'request_sock'}}}}, {'name': '(anon-1)', 'type': {'kind': 'PTR', 'type': {'kind': 'STRUCT', 'name': 'flowi'}}}], 'ret_type': {'name': 'void', 'kind': 'VOID'}}}
		                    ->{'kind': 'PTR', 'type': {'kind': 'FUNC_PROTO', 'params': [{'name': '(anon)', 'type': {'kind': 'PTR', 'type': {'kind': 'CONST', 'name': '(anon)', 'type': {'kind': 'STRUCT', 'name': 'request_sock'}}}}, {'name': '(anon-1)', 'type': {'kind': 'PTR', 'type': {'kind': 'STRUCT', 'name': 'flowi_common'}}}], 'ret_type': {'name': 'void', 'kind': 'VOID'}}}
		xfrm_policy_lookup  : {'kind': 'PTR', 'type': {'kind': 'FUNC_PROTO', 'params': [{'name': '(anon)', 'type': {'kind': 'PTR', 'type': {'kind': 'STRUCT', 'name': 'xfrm_sec_ctx'}}}, {'name': '(anon-1)', 'type': {'kind': 'TYPEDEF', 'name': 'u32'}}, {'name': '(anon-2)', 'type': {'kind': 'TYPEDEF', 'name': 'u8'}}], 'ret_type': {'kind': 'INT', 'name': 'int'}}}
		                    ->{'kind': 'PTR', 'type': {'kind': 'FUNC_PROTO', 'params': [{'name': '(anon)', 'type': {'kind': 'PTR', 'type': {'kind': 'STRUCT', 'name': 'xfrm_sec_ctx'}}}, {'name': '(anon-1)', 'type': {'kind': 'TYPEDEF', 'name': 'u32'}}], 'ret_type': {'kind': 'INT', 'name': 'int'}}}
		xfrm_state_pol_flow_match: {'kind': 'PTR', 'type': {'kind': 'FUNC_PROTO', 'params': [{'name': '(anon)', 'type': {'kind': 'PTR', 'type': {'kind': 'STRUCT', 'name': 'xfrm_state'}}}, {'name': '(anon-1)', 'type': {'kind': 'PTR', 'type': {'kind': 'STRUCT', 'name': 'xfrm_policy'}}}, {'name': '(anon-2)', 'type': {'kind': 'PTR', 'type': {'kind': 'CONST', 'name': '(anon)', 'type': {'kind': 'STRUCT', 'name': 'flowi'}}}}], 'ret_type': {'kind': 'INT', 'name': 'int'}}}
		                    ->{'kind': 'PTR', 'type': {'kind': 'FUNC_PROTO', 'params': [{'name': '(anon)', 'type': {'kind': 'PTR', 'type': {'kind': 'STRUCT', 'name': 'xfrm_state'}}}, {'name': '(anon-1)', 'type': {'kind': 'PTR', 'type': {'kind': 'STRUCT', 'name': 'xfrm_policy'}}}, {'name': '(anon-2)', 'type': {'kind': 'PTR', 'type': {'kind': 'CONST', 'name': '(anon)', 'type': {'kind': 'STRUCT', 'name': 'flowi_common'}}}}], 'ret_type': {'kind': 'INT', 'name': 'int'}}}
		key_permission      : {'kind': 'PTR', 'type': {'kind': 'FUNC_PROTO', 'params': [{'name': '(anon)', 'type': {'kind': 'TYPEDEF', 'name': 'key_ref_t'}}, {'name': '(anon-1)', 'type': {'kind': 'PTR', 'type': {'kind': 'CONST', 'name': '(anon)', 'type': {'kind': 'STRUCT', 'name': 'cred'}}}}, {'name': '(anon-2)', 'type': {'kind': 'INT', 'name': 'unsigned int'}}], 'ret_type': {'kind': 'INT', 'name': 'int'}}}
		                    ->{'kind': 'PTR', 'type': {'kind': 'FUNC_PROTO', 'params': [{'name': '(anon)', 'type': {'kind': 'TYPEDEF', 'name': 'key_ref_t'}}, {'name': '(anon-1)', 'type': {'kind': 'PTR', 'type': {'kind': 'CONST', 'name': '(anon)', 'type': {'kind': 'STRUCT', 'name': 'cred'}}}}, {'name': '(anon-2)', 'type': {'kind': 'ENUM', 'name': 'key_need_perm', 'size': 4}}], 'ret_type': {'kind': 'INT', 'name': 'int'}}}
	Layout changed
phy_configure_opts
	Field added
		dp                  : {'kind': 'STRUCT', 'name': 'phy_configure_opts_dp'}
	Layout changed
acpi_resource_data
	Field added
		csi2_serial_bus     : {'kind': 'STRUCT', 'name': 'acpi_resource_csi2_serialbus'}
	Layout changed
aml_resource
	Field added
		csi2_serial_bus     : {'kind': 'STRUCT', 'name': 'aml_resource_csi2_serialbus'}
	Layout changed
