Added Kind.FUNC (0): []
Removed Kind.FUNC (0): []
Changed Kind.FUNC (5): ['security_xfrm_policy_lookup', 'security_binder_transfer_file', 'security_binder_transfer_binder', 'security_binder_transaction', 'security_binder_set_context_mgr']
Reasons Kind.FUNC (5): [('Param added', 0), ('Param removed', 1), ('Param type changed', 4), ('Param reordered', 0), ('Return type changed', 0)]
security_xfrm_policy_lookup
	Param removed
		dir                 : {'kind': 'TYPEDEF', 'name': 'u8'}
security_binder_transfer_file
	Param type changed
		from                : {'kind': 'PTR', 'type': {'kind': 'STRUCT', 'name': 'task_struct'}}
		                    ->{'kind': 'PTR', 'type': {'kind': 'CONST', 'name': '(anon)', 'type': {'kind': 'STRUCT', 'name': 'cred'}}}
		to                  : {'kind': 'PTR', 'type': {'kind': 'STRUCT', 'name': 'task_struct'}}
		                    ->{'kind': 'PTR', 'type': {'kind': 'CONST', 'name': '(anon)', 'type': {'kind': 'STRUCT', 'name': 'cred'}}}
security_binder_transfer_binder
	Param type changed
		from                : {'kind': 'PTR', 'type': {'kind': 'STRUCT', 'name': 'task_struct'}}
		                    ->{'kind': 'PTR', 'type': {'kind': 'CONST', 'name': '(anon)', 'type': {'kind': 'STRUCT', 'name': 'cred'}}}
		to                  : {'kind': 'PTR', 'type': {'kind': 'STRUCT', 'name': 'task_struct'}}
		                    ->{'kind': 'PTR', 'type': {'kind': 'CONST', 'name': '(anon)', 'type': {'kind': 'STRUCT', 'name': 'cred'}}}
security_binder_transaction
	Param type changed
		from                : {'kind': 'PTR', 'type': {'kind': 'STRUCT', 'name': 'task_struct'}}
		                    ->{'kind': 'PTR', 'type': {'kind': 'CONST', 'name': '(anon)', 'type': {'kind': 'STRUCT', 'name': 'cred'}}}
		to                  : {'kind': 'PTR', 'type': {'kind': 'STRUCT', 'name': 'task_struct'}}
		                    ->{'kind': 'PTR', 'type': {'kind': 'CONST', 'name': '(anon)', 'type': {'kind': 'STRUCT', 'name': 'cred'}}}
security_binder_set_context_mgr
	Param type changed
		mgr                 : {'kind': 'PTR', 'type': {'kind': 'STRUCT', 'name': 'task_struct'}}
		                    ->{'kind': 'PTR', 'type': {'kind': 'CONST', 'name': '(anon)', 'type': {'kind': 'STRUCT', 'name': 'cred'}}}
