Added Kind.FUNC (5): ['security_task_getsecid_obj', 'security_task_getsecid_subj', 'security_inode_init_security_anon', 'security_sb_mnt_opts_compat', 'security_sb_delete']
Removed Kind.FUNC (1): ['security_task_getsecid']
Changed Kind.FUNC (4): ['security_inode_getsecurity', 'security_inode_killpriv', 'security_inode_removexattr', 'security_inode_setxattr']
Reasons Kind.FUNC (5): [('Param added', 4), ('Param removed', 0), ('Param type changed', 0), ('Param reordered', 4), ('Return type changed', 0)]
security_inode_getsecurity
	Param added
		mnt_userns          : {'kind': 'PTR', 'type': {'kind': 'STRUCT', 'name': 'user_namespace'}}
	Param reordered
		                     ['inode', 'name', 'buffer', 'alloc']
		                     ['mnt_userns', 'inode', 'name', 'buffer', 'alloc']
security_inode_killpriv
	Param added
		mnt_userns          : {'kind': 'PTR', 'type': {'kind': 'STRUCT', 'name': 'user_namespace'}}
	Param reordered
		                     ['dentry']
		                     ['mnt_userns', 'dentry']
security_inode_removexattr
	Param added
		mnt_userns          : {'kind': 'PTR', 'type': {'kind': 'STRUCT', 'name': 'user_namespace'}}
	Param reordered
		                     ['dentry', 'name']
		                     ['mnt_userns', 'dentry', 'name']
security_inode_setxattr
	Param added
		mnt_userns          : {'kind': 'PTR', 'type': {'kind': 'STRUCT', 'name': 'user_namespace'}}
	Param reordered
		                     ['dentry', 'name', 'value', 'size', 'flags']
		                     ['mnt_userns', 'dentry', 'name', 'value', 'size', 'flags']
