Added Kind.ENUM (302): ['ftr_type', 'arch_timer_erratum_match_type', 'dbg_active_el', 'cpu_pm_event', 'aarch64_regset', 'compat_regset', 'ptrace_syscall_dir', 'vdso_abi', 'aarch32_map', 'aarch64_map', 'aarch64_insn_encoding_class', 'aarch64_insn_hint_cr_op', 'aarch64_insn_imm_type', 'aarch64_insn_register_type', 'aarch64_insn_register', 'aarch64_insn_variant', 'aarch64_insn_condition', 'aarch64_insn_branch_type', 'aarch64_insn_size_type', 'aarch64_insn_ldst_type', 'aarch64_insn_adsb_type', 'aarch64_insn_movewide_type', 'aarch64_insn_bitfield_type', 'aarch64_insn_data1_type', 'aarch64_insn_data2_type', 'aarch64_insn_data3_type', 'aarch64_insn_logic_type', 'aarch64_insn_prfm_type', 'aarch64_insn_prfm_target', 'aarch64_insn_prfm_policy', 'aarch64_insn_adr_type', 'arm_smccc_conduit', 'vgic_type', 'vgic_irq_config', 'iodev_type', 'vcpu_sysreg', 'kvm_bus', 'kvm_stat_kind', 'ipi_msg_type', 'aarch64_reloc_op', 'aarch64_insn_movw_imm_type', 'perf_event_arm_regs', 'armpmu_attr_groups', 'hw_breakpoint_ops', 'insn_emulation_mode', 'legacy_insn_status', 'kaslr_status', 'probe_insn', 'aarch64_insn_special_register', 'kvm_device_type', 'kvm_mr_change', 'kvm_arch_timers', 'exception_type', 'kvm_arch_timer_regs', 'gic_type', 'al_fic_state', 'acpi_madt_gic_version', 'gic_intid_range', 'its_vcpu_info_cmd_type', 'pdc_irq_config_bits', 'mc_cmd_status', 'dprc_region_type', 'cmu_type_t', 'clk_type_t', 'xgene_phy_mode', 'brcm_sata_phy_version', 'brcm_sata_phy_rxaeq_mode', 'sata_phy_regs', 'sata_phy_ctrl_regs', 'as3722_pinmux_option', 'bm1880_pinmux_functions', 'meson_reg_type', 'meson_pinconf_drv', 'palmas_pinmux', 'rockchip_pinctrl_type', 'rockchip_pin_drv_type', 'rockchip_pin_pull_type', 'rockchip_mux_route_location', 'i2c_slave_event', 'owl_pinconf_drv', 's700_pinmux_functions', 's700_pinconf_pull', 's900_pinmux_functions', 's900_pinconf_pull', 'bcm2835_fsel', 'iproc_pinconf_param', 'iproc_pinconf_ctrl_type', 'imx_sc_rpc_svc', 'pad_func_e', 'imx8mm_pads', 'imx8mn_pads', 'imx8mp_pads', 'imx8mq_pads', 'ioctrl_regs', 'pin_type', 'pin_sleep_mode', 'pin_func_sel', 'sprd_sc9860_pins', 'sunxi_desc_bias_voltage', 'of_reconfig_change', 'mxc_gpio_hwtype', 'stmpe_block', 'stmpe_partnum', 'cdns_pcie_rp_bar', 'cdns_pcie_msg_code', 'cdns_pcie_msg_routing', 'iproc_pcie_type', 'iproc_msi_reg', 'altera_pcie_version', 'imx6_pcie_variants', 'ipu_channel', 'ipu_channel_status', 'pixel_fmt', 'display_port', 'disp_data_mapping', 'ipu_panel', 'acpi_pptt_type', 'acpi_iort_node_type', 'arch_timer_ppi_nr', 'acpi_gtdt_type', 'xgene_pll_type', 'iproc_arm_pll_fid', 'kp_band', 'vco_freq_range', 'imx_pll14xx_type', 'imx_pllv1_type', 'imx_pllv3_type', 'imx_sc_pm_func', 'clk_types', 'rcar_gen3_clk_types', 'clk_ids', 'r8a77970_clk_types', 'rockchip_pll_type', 'rockchip_clk_branch_type', 'px30_plls', 'px30_pmu_plls', 'rv1108_plls', 'rk3036_plls', 'rk3128_plls', 'rk3188_plls', 'rk3228_plls', 'rk3288_plls', 'rk3308_plls', 'rk3328_plls', 'rk3368_plls', 'rk3399_plls', 'rk3399_pmu_plls', 'icst_control_type', 'pll_mode', 'pm_query_id', 'topology_type', 'clk_type', 'pl08x_burst_size', 'pl08x_bus_width', 'pl08x_dma_chan_state', 'mv_xor_type', 'mv_xor_mode', 'mxs_dma_devtype', 'mxs_dma_id', 'ipu_color_space', 'ipu_rotate_mode', 'k3_ring_mode', 'k3_ring_size', 'cppi5_tr_types', 'cppi5_tr_event_size', 'udma_rm_range', 'udma_tp_level', 'psil_endpoint_type', 'udma_mmr', 'udma_chan_state', 'rpi_firmware_property_tag', 'cpubiuctrl_regs', 'qm_wq_class', 'qm_memory', 'qm_dc_portal', 'bm_rcr_pmode', 'bm_rcr_cmode', 'qman_cb_dqrr_result', 'qman_fq_state', 'qm_eqcr_pmode', 'qm_dqrr_dmode', 'qm_dqrr_pmode', 'qm_dqrr_cmode', 'qm_mr_pmode', 'qm_mr_cmode', 'qe_clock', 'qe_fltr_tbl_lookup_key_size', 'comm_dir', 'ucc_speed_type', 'ucc_slow_channel_protocol_mode', 'ucc_slow_transparent_tcrc', 'ucc_slow_tx_oversampling_rate', 'ucc_slow_rx_oversampling_rate', 'ucc_slow_tx_encoding_method', 'ucc_slow_rx_decoding_method', 'ucc_slow_diag_mode', 'ucc_fast_channel_protocol_mode', 'ucc_fast_transparent_txrx', 'ucc_fast_sync_len', 'ucc_fast_rx_decoding_method', 'ucc_fast_tx_encoding_method', 'ucc_fast_transparent_tcrc', 'tdm_framer_t', 'tdm_mode_t', 'imx_misc_func', 'clk_id', 'mtk_ddp_comp_id', 'cmd_db_hw_type', 'rpmh_state', 'k3_ringacc_proxy_access_mode', 'k3_ringacc_access_mode', 'zynqmp_pm_suspend_reason', 'pm_suspend_mode', 'pm_api_cb_id', 'zynqmp_pm_request_ack', 'imx7_src_registers', 'imx8mq_src_registers', 'imx8mp_src_registers', 'zynqmp_pm_reset_action', 'zynqmp_pm_reset', 'dma_rx_status', 'amba_vendor', 'imx_uart_type', 'io_pgtable_fmt', 'arm_smmu_s2cr_privcfg', 'arm_smmu_s2cr_type', 'arm_smmu_cbar_type', 'arm_smmu_arch_version', 'arm_smmu_implementation', 'arm_smmu_context_fmt', 'arm_smmu_domain_stage', 'pri_resp', 'arm_smmu_msi_index', 'sun50i_iommu_aci', 'tx3589x_block', 'tc3589x_version', 'lochnagar_type', 'max77620_chip_id', 'max77686_pmic_reg', 'max77802_pmic_reg', 'max77802_rtc_reg', 'max77686_irq_source', 'max77686_types', 'as3722_irq', 'ahci_imx_type', 'bcma_hosttype', 'bgmac_dma_ring_type', 'imx_fec_type', 'fman_port_type', 'fman_exceptions', 'fman_event_modules', 'fman_intr_type', 'fman_inter_module_event', 'fman_dma_aid_mode', 'fman_port_deq_prefetch', 'fman_port_dma_swap', 'fman_port_color', 'fman_port_deq_type', 'comm_mode', 'fman_mac_exceptions', 'usb_phy_interface', 'orion_ehci_phy_ver', 'usb_role', 'vexpress_reset_func', 'clock_cooling_property', 'drvtype', 'mmc_issued', 'mmc_issue_type', 'mmc_drv_op', 'rpi_firmware_property_status', 'qcom_scm_ocmem_client', 'qcom_scm_convention', 'qcom_scm_arg_types', 'scmi_std_protocol', 'scmi_common_cmd', 'scmi_error_codes', 'scmi_base_protocol_cmd', 'scmi_clock_protocol_cmd', 'scmi_performance_protocol_cmd', 'scmi_power_protocol_cmd', 'scmi_reset_protocol_cmd', 'scmi_sensor_protocol_cmd', 'imx_sc_error_codes', 'psci_function', 'pm_api_id', 'pm_ret_status', 'pm_ioctl_id', 'zynqmp_pm_shutdown_type', 'zynqmp_pm_shutdown_subtype', 'sh_cmt_model', 'sh_tmu_model', 'arch_timer_reg', 'arch_timer_spi_nr', 'of_overlay_notify_action', 'dpfe_msg_fields', 'dpfe_commands', 'mtk_smi_gen', 'cci_models', 'cci400_perf_events', 'xgene_pmu_version', 'xgene_pmu_dev_type', 'efi_cmdline_option']
Removed Kind.ENUM (119): ['x86_hardware_subarch', 'l1tf_mitigations', 'x86_legacy_i8042_state', 'apic_intr_mode_id', 'e820_type', 'tlb_infos', 'exception_stack_ordering', 'x86_pf_error_code', 'perf_event_x86_regs', 'extra_reg_type', 'intel_excl_state_type', 'ibs_states', 'perf_msr_id', 'P4_EVENTS', 'P4_EVENT_OPCODES', 'P4_ESCR_EMASKS', 'P4_PEBS_METRIC', 'cpuid_regs_idx', 'pt_capabilities', 'perf_snb_uncore_imc_freerunning_types', 'perf_tgl_uncore_imc_freerunning_types', 'perf_uncore_iio_freerunning_type_id', 'perf_uncore_snr_iio_freerunning_type_id', 'perf_uncore_snr_imc_freerunning_type_id', 'perf_uncore_icx_iio_freerunning_type_id', 'perf_uncore_icx_imc_freerunning_type_id', 'x86_hypervisor_type', 'hvmmem_type_t', 'pg_level', 'paravirt_lazy_mode', 'tsx_ctrl_states', 'pt_level', 'xen_mc_flush_reason', 'xen_mc_extend_args', 'HV_GENERIC_SET_FORMAT', 'xfeature', 'show_regs_mode', 'which_selector', 'kernel_gp_hint', 'nmi_states', 'align_flags', 'intel_mid_cpu_type', 'intel_mid_timer_options', 'idle_boot_override', 'x86_regset', '_cache_type', 'cpuid_leafs', 'spectre_v2_mitigation', 'spectre_v2_user_mitigation', 'ssb_mitigation', 'mds_mitigations', 'vmx_l1d_flush_state', 'taa_mitigations', 'srbds_mitigations', 'spectre_v1_mitigation', 'spectre_v2_mitigation_cmd', 'spectre_v2_user_cmd', 'ssb_mitigation_cmd', 'vmx_feature_leafs', 'split_lock_detect_state', 'pconfig_target', 'mce_notifier_prios', 'mcp_flags', 'severity_level', 'context', 'ser', 'exception', 'smca_bank_types', 'ucode_state', 'rdt_group_type', 'rdtgrp_mode', 'rdt_param', 'mp_irq_source_types', 'mp_bustype', 'irq_alloc_type', 'ioapic_domain_type', 'page_cache_mode', 'ioapic_irq_destination_types', 'uv_system_type', 'map_type', 'regnames', 'hpet_mode', 'chipset_type', 'tlb_flush_reason', 'cpa_warn', 'reason_type', 'mm_io_opcode', 'pti_mode', 'pti_clone_level', 'uv_bau_version', 'uv_bios_cmd', 'uv_memprotect', 'vcpu_state', 'reg_type', 'ctrl_register', 'intel_msic_block', 'pci_irq_reroute_variant', 'acpi_ex_debugger_commands', 'aper_size_type', 'amd_iommu_intr_mode_type', 'irq_remap_cap', 'iommu_init_state', 'acpi_dmar_type', 'acpi_dmar_scope_type', 'faulttype', 'iommu_inv_granularity', 'irq_mode', 'piix_controller_ids', 'vga_switcheroo_handler_flags_t', 'vga_switcheroo_state', 'vga_switcheroo_client_id', 'vfio_notify_type', 'i8042_controller_reset_mode', 'elants_state', 'elants_iap_mode', 'acpi_preferred_pm_profiles', 'err_types', 'ppfear_regs', 'pci_bf_sort_state']
Changed Kind.ENUM (10): ['fixed_addresses', 'vm_event_item', 'vdso_clock_mode', 'stack_type', 'migratetype', 'pageflags', 'ipi_vector', 'die_val', 'address_markers_idx', 'bp_type_idx']
Reasons Kind.ENUM (3): [('Elem added', 7), ('Elem removed', 8), ('Value changed', 7)]
fixed_addresses
	Elem added
		FIX_HOLE                                : 0
		FIX_FDT_END                             : 1
		FIX_FDT                                 : 1024
		FIX_TEXT_POKE0                          : 1026
		FIX_APEI_GHES_SEA                       : 1028
		FIX_APEI_GHES_SDEI_NORMAL               : 1029
		FIX_APEI_GHES_SDEI_CRITICAL             : 1030
		FIX_ENTRY_TRAMP_DATA                    : 1031
		FIX_ENTRY_TRAMP_TEXT                    : 1032
		FIX_PTE                                 : 1481
		FIX_PMD                                 : 1482
		FIX_PUD                                 : 1483
		FIX_PGD                                 : 1484
	Elem removed
		VSYSCALL_PAGE                           : 511
		FIX_DBGP_BASE                           : 512
		FIX_APIC_BASE                           : 514
		FIX_IO_APIC_BASE_0                      : 515
		FIX_IO_APIC_BASE_END                    : 642
		FIX_PARAVIRT_BOOTMAP                    : 643
		FIX_APEI_GHES_NMI                       : 645
		FIX_TBOOT_BASE                          : 1536
	Value changed
		FIX_EARLYCON_MEM_BASE                   : 513 -> 1025
		FIX_APEI_GHES_IRQ                       : 644 -> 1027
		__end_of_permanent_fixed_addresses      : 646 -> 1033
		FIX_BTMAP_END                           : 1024 -> 1033
		FIX_BTMAP_BEGIN                         : 1535 -> 1480
		__end_of_fixed_addresses                : 1537 -> 1485
vm_event_item
	Elem removed
		THP_SPLIT_PUD                           : 82
	Value changed
		THP_ZERO_PAGE_ALLOC                     : 83 -> 82
		THP_ZERO_PAGE_ALLOC_FAILED              : 84 -> 83
		THP_SWPOUT                              : 85 -> 84
		THP_SWPOUT_FALLBACK                     : 86 -> 85
		BALLOON_INFLATE                         : 87 -> 86
		BALLOON_DEFLATE                         : 88 -> 87
		BALLOON_MIGRATE                         : 89 -> 88
		SWAP_RA                                 : 90 -> 89
		SWAP_RA_HIT                             : 91 -> 90
		NR_VM_EVENT_ITEMS                       : 92 -> 91
vdso_clock_mode
	Elem added
		VDSO_CLOCKMODE_ARCHTIMER                : 1
		VDSO_CLOCKMODE_ARCHTIMER_NOCOMPAT       : 2
	Elem removed
		VDSO_CLOCKMODE_TSC                      : 1
		VDSO_CLOCKMODE_PVCLOCK                  : 2
		VDSO_CLOCKMODE_HVCLOCK                  : 3
	Value changed
		VDSO_CLOCKMODE_MAX                      : 4 -> 3
stack_type
	Elem added
		STACK_TYPE_OVERFLOW                     : 3
		STACK_TYPE_SDEI_NORMAL                  : 4
		STACK_TYPE_SDEI_CRITICAL                : 5
		__NR_STACK_TYPES                        : 6
	Elem removed
		STACK_TYPE_SOFTIRQ                      : 3
		STACK_TYPE_ENTRY                        : 4
		STACK_TYPE_EXCEPTION                    : 5
		STACK_TYPE_EXCEPTION_LAST               : 8
migratetype
	Elem added
		MIGRATE_CMA                             : 4
	Value changed
		MIGRATE_ISOLATE                         : 4 -> 5
		MIGRATE_TYPES                           : 5 -> 6
pageflags
	Elem removed
		PG_uncached                             : 22
	Value changed
		PG_hwpoison                             : 23 -> 22
		PG_young                                : 24 -> 23
		PG_idle                                 : 25 -> 24
		__NR_PAGEFLAGS                          : 26 -> 25
ipi_vector
	Elem added
		XEN_PLACEHOLDER_VECTOR                  : 0
	Elem removed
		XEN_RESCHEDULE_VECTOR                   : 0
		XEN_CALL_FUNCTION_VECTOR                : 1
		XEN_CALL_FUNCTION_SINGLE_VECTOR         : 2
		XEN_SPIN_UNLOCK_VECTOR                  : 3
		XEN_IRQ_WORK_VECTOR                     : 4
		XEN_NMI_VECTOR                          : 5
	Value changed
		XEN_NR_IPIS                             : 6 -> 1
die_val
	Elem added
		DIE_UNUSED                              : 0
	Elem removed
		DIE_INT3                                : 2
		DIE_DEBUG                               : 3
		DIE_PANIC                               : 4
		DIE_NMI                                 : 5
		DIE_DIE                                 : 6
		DIE_KERNELDEBUG                         : 7
		DIE_TRAP                                : 8
		DIE_GPF                                 : 9
		DIE_CALL                                : 10
		DIE_PAGE_FAULT                          : 11
		DIE_NMIUNKNOWN                          : 12
address_markers_idx
	Elem added
		PAGE_OFFSET_NR                          : 0
		PAGE_END_NR                             : 1
	Elem removed
		USER_SPACE_NR                           : 0
		KERNEL_SPACE_NR                         : 1
		LDT_NR                                  : 2
		LOW_KERNEL_NR                           : 3
		VMALLOC_START_NR                        : 4
		VMEMMAP_START_NR                        : 5
		CPU_ENTRY_AREA_NR                       : 6
		ESPFIX_START_NR                         : 7
		EFI_END_NR                              : 8
		HIGH_KERNEL_NR                          : 9
		MODULES_VADDR_NR                        : 10
		MODULES_END_NR                          : 11
		FIXADDR_START_NR                        : 12
		END_OF_SPACE_NR                         : 13
bp_type_idx
	Value changed
		TYPE_DATA                               : 0 -> 1
		TYPE_MAX                                : 1 -> 2
