Added Kind.FUNC (15): ['perf_trace_hyperv_send_ipi_mask', 'perf_trace_hyperv_nested_flush_guest_mapping_range', 'perf_trace_hyperv_nested_flush_guest_mapping', 'perf_trace_pseudo_lock_l3', 'perf_trace_pseudo_lock_l2', 'perf_trace_pseudo_lock_mem_latency', 'perf_trace_cpu_frequency_limits', 'perf_trace_ext4_es_insert_delayed_block', 'perf_trace_ext4_es_find_extent_range_exit', 'perf_trace_ext4_es_find_extent_range_enter', 'perf_trace_ext4_nfs_commit_metadata', 'perf_trace_clk_duty_cycle', 'perf_trace_hwmon_attr_show_string', 'perf_trace_hwmon_attr_class', 'perf_trace_net_dev_rx_exit_template']
Removed Kind.FUNC (3): ['perf_trace_mm_numa_migrate_ratelimit', 'perf_trace_ext4_es_find_delayed_extent_range_exit', 'perf_trace_ext4_es_find_delayed_extent_range_enter']
Changed Kind.FUNC (8): ['perf_trace_signal_deliver', 'perf_trace_signal_generate', 'perf_trace_cgroup_migrate', 'perf_trace_cgroup', 'perf_trace_ext4_ext_remove_space_done', 'perf_trace_ext4_ext_rm_leaf', 'perf_trace_ext4_remove_blocks', 'perf_trace_sock_exceed_buf_limit']
Reasons Kind.FUNC (5): [('Param added', 6), ('Param removed', 3), ('Param type changed', 2), ('Param reordered', 1), ('Return type changed', 0)]
perf_trace_signal_deliver
	Param type changed
		info                : {'kind': 'PTR', 'type': {'kind': 'STRUCT', 'name': 'siginfo'}}
		                    ->{'kind': 'PTR', 'type': {'kind': 'STRUCT', 'name': 'kernel_siginfo'}}
perf_trace_signal_generate
	Param type changed
		info                : {'kind': 'PTR', 'type': {'kind': 'STRUCT', 'name': 'siginfo'}}
		                    ->{'kind': 'PTR', 'type': {'kind': 'STRUCT', 'name': 'kernel_siginfo'}}
perf_trace_cgroup_migrate
	Param added
		path                : {'kind': 'PTR', 'type': {'kind': 'CONST', 'name': '(anon)', 'type': {'kind': 'INT', 'name': 'char'}}}
	Param reordered
		                     ['__data', 'dst_cgrp', 'task', 'threadgroup']
		                     ['__data', 'dst_cgrp', 'path', 'task', 'threadgroup']
perf_trace_cgroup
	Param added
		path                : {'kind': 'PTR', 'type': {'kind': 'CONST', 'name': '(anon)', 'type': {'kind': 'INT', 'name': 'char'}}}
perf_trace_ext4_ext_remove_space_done
	Param added
		pc                  : {'kind': 'PTR', 'type': {'kind': 'STRUCT', 'name': 'partial_cluster'}}
	Param removed
		partial             : {'kind': 'INT', 'name': 'long long int'}
perf_trace_ext4_ext_rm_leaf
	Param added
		pc                  : {'kind': 'PTR', 'type': {'kind': 'STRUCT', 'name': 'partial_cluster'}}
	Param removed
		partial_cluster     : {'kind': 'INT', 'name': 'long long int'}
perf_trace_ext4_remove_blocks
	Param added
		pc                  : {'kind': 'PTR', 'type': {'kind': 'STRUCT', 'name': 'partial_cluster'}}
	Param removed
		partial_cluster     : {'kind': 'INT', 'name': 'long long int'}
perf_trace_sock_exceed_buf_limit
	Param added
		kind                : {'kind': 'INT', 'name': 'int'}
