Added Kind.STRUCT (25): ['trace_event_raw_notifier_info', 'trace_event_raw_ext4__folio_op', 'trace_event_raw_tasklet', 'trace_event_raw_csd_queue_cpu', 'trace_event_raw_csd_function', 'trace_event_raw_ksm_scan_template', 'trace_event_raw_ksm_enter_exit_template', 'trace_event_raw_ksm_merge_one_page', 'trace_event_raw_ksm_merge_with_ksm_page', 'trace_event_raw_ksm_remove_ksm_page', 'trace_event_raw_ksm_remove_rmap_item', 'trace_event_raw_ipi_raise', 'trace_event_raw_ipi_send_cpu', 'trace_event_raw_ipi_send_cpumask', 'trace_event_raw_ipi_handler', 'trace_event_raw_sk_data_ready', 'trace_event_raw_sock_msg_length', 'trace_event_raw_br_mdb_full', 'trace_event_raw_handshake_event_class', 'trace_event_raw_handshake_fd_class', 'trace_event_raw_handshake_error_class', 'trace_event_raw_handshake_complete', 'trace_event_raw_iomap_dio_rw_begin', 'trace_event_raw_iomap_dio_complete', 'trace_event_raw_io_uring_submit_req']
Removed Kind.STRUCT (2): ['trace_event_raw_io_uring_submit_sqe', 'trace_event_raw_ext4__page_op']
Changed Kind.STRUCT (11): ['trace_event_raw_rseq_update', 'trace_event_raw_xhci_log_ctx', 'trace_event_raw_xhci_log_trb', 'trace_event_raw_xhci_log_ep_ctx', 'trace_event_raw_xhci_log_slot_ctx', 'trace_event_raw_xhci_log_ctrl_ctx', 'trace_event_raw_xhci_log_ring', 'trace_event_raw_xhci_log_portsc', 'trace_event_raw_xhci_log_doorbell', 'trace_event_raw_consume_skb', 'trace_event_raw_scsi_cmd_done_timeout_template']
Reasons Kind.STRUCT (4): [('Field added', 3), ('Field removed', 8), ('Field type changed', 0), ('Layout changed', 11)]
trace_event_raw_rseq_update
	Field added
		node_id             : {'kind': 'TYPEDEF', 'name': 's32'}
		mm_cid              : {'kind': 'TYPEDEF', 'name': 's32'}
	Layout changed
trace_event_raw_xhci_log_ctx
	Field removed
		slot_id             : {'kind': 'INT', 'name': 'int'}
	Layout changed
trace_event_raw_xhci_log_trb
	Field removed
		__data_loc_str      : {'kind': 'TYPEDEF', 'name': 'u32'}
	Layout changed
trace_event_raw_xhci_log_ep_ctx
	Field removed
		__data_loc_str      : {'kind': 'TYPEDEF', 'name': 'u32'}
	Layout changed
trace_event_raw_xhci_log_slot_ctx
	Field removed
		__data_loc_str      : {'kind': 'TYPEDEF', 'name': 'u32'}
	Layout changed
trace_event_raw_xhci_log_ctrl_ctx
	Field removed
		__data_loc_str      : {'kind': 'TYPEDEF', 'name': 'u32'}
	Layout changed
trace_event_raw_xhci_log_ring
	Field removed
		num_trbs_free       : {'kind': 'INT', 'name': 'unsigned int'}
	Layout changed
trace_event_raw_xhci_log_portsc
	Field removed
		__data_loc_str      : {'kind': 'TYPEDEF', 'name': 'u32'}
	Layout changed
trace_event_raw_xhci_log_doorbell
	Field removed
		__data_loc_str      : {'kind': 'TYPEDEF', 'name': 'u32'}
	Layout changed
trace_event_raw_consume_skb
	Field added
		location            : {'kind': 'PTR', 'type': {'name': 'void', 'kind': 'VOID'}}
	Layout changed
trace_event_raw_scsi_cmd_done_timeout_template
	Field added
		sense_key           : {'kind': 'TYPEDEF', 'name': 'u8'}
		asc                 : {'kind': 'TYPEDEF', 'name': 'u8'}
		ascq                : {'kind': 'TYPEDEF', 'name': 'u8'}
	Layout changed
