Added Kind.FUNC (5): ['security_sctp_sk_clone', 'security_sctp_bind_connect', 'security_sctp_assoc_request', 'security_socket_socketpair', 'security_cred_getsecid']
Removed Kind.FUNC (0): []
Changed Kind.FUNC (14): ['security_setprocattr', 'security_getprocattr', 'security_sem_semop', 'security_sem_semctl', 'security_sem_associate', 'security_shm_shmat', 'security_shm_shmctl', 'security_shm_associate', 'security_msg_queue_msgrcv', 'security_msg_queue_msgsnd', 'security_msg_queue_msgctl', 'security_msg_queue_associate', 'security_task_kill', 'security_capable']
Reasons Kind.FUNC (5): [('Param added', 1), ('Param removed', 4), ('Param type changed', 10), ('Param reordered', 2), ('Return type changed', 0)]
security_setprocattr
	Param removed
		lsm                 : {'kind': 'PTR', 'type': {'kind': 'CONST', 'name': '(anon)', 'type': {'kind': 'INT', 'name': 'char'}}}
	Param reordered
		                     ['lsm', 'name', 'value', 'size']
		                     ['name', 'value', 'size']
security_getprocattr
	Param removed
		lsm                 : {'kind': 'PTR', 'type': {'kind': 'CONST', 'name': '(anon)', 'type': {'kind': 'INT', 'name': 'char'}}}
	Param reordered
		                     ['p', 'lsm', 'name', 'value']
		                     ['p', 'name', 'value']
security_sem_semop
	Param type changed
		sma                 : {'kind': 'PTR', 'type': {'kind': 'STRUCT', 'name': 'sem_array'}}
		                    ->{'kind': 'PTR', 'type': {'kind': 'STRUCT', 'name': 'kern_ipc_perm'}}
security_sem_semctl
	Param type changed
		sma                 : {'kind': 'PTR', 'type': {'kind': 'STRUCT', 'name': 'sem_array'}}
		                    ->{'kind': 'PTR', 'type': {'kind': 'STRUCT', 'name': 'kern_ipc_perm'}}
security_sem_associate
	Param type changed
		sma                 : {'kind': 'PTR', 'type': {'kind': 'STRUCT', 'name': 'sem_array'}}
		                    ->{'kind': 'PTR', 'type': {'kind': 'STRUCT', 'name': 'kern_ipc_perm'}}
security_shm_shmat
	Param type changed
		shp                 : {'kind': 'PTR', 'type': {'kind': 'STRUCT', 'name': 'shmid_kernel'}}
		                    ->{'kind': 'PTR', 'type': {'kind': 'STRUCT', 'name': 'kern_ipc_perm'}}
security_shm_shmctl
	Param type changed
		shp                 : {'kind': 'PTR', 'type': {'kind': 'STRUCT', 'name': 'shmid_kernel'}}
		                    ->{'kind': 'PTR', 'type': {'kind': 'STRUCT', 'name': 'kern_ipc_perm'}}
security_shm_associate
	Param type changed
		shp                 : {'kind': 'PTR', 'type': {'kind': 'STRUCT', 'name': 'shmid_kernel'}}
		                    ->{'kind': 'PTR', 'type': {'kind': 'STRUCT', 'name': 'kern_ipc_perm'}}
security_msg_queue_msgrcv
	Param type changed
		msq                 : {'kind': 'PTR', 'type': {'kind': 'STRUCT', 'name': 'msg_queue'}}
		                    ->{'kind': 'PTR', 'type': {'kind': 'STRUCT', 'name': 'kern_ipc_perm'}}
security_msg_queue_msgsnd
	Param type changed
		msq                 : {'kind': 'PTR', 'type': {'kind': 'STRUCT', 'name': 'msg_queue'}}
		                    ->{'kind': 'PTR', 'type': {'kind': 'STRUCT', 'name': 'kern_ipc_perm'}}
security_msg_queue_msgctl
	Param type changed
		msq                 : {'kind': 'PTR', 'type': {'kind': 'STRUCT', 'name': 'msg_queue'}}
		                    ->{'kind': 'PTR', 'type': {'kind': 'STRUCT', 'name': 'kern_ipc_perm'}}
security_msg_queue_associate
	Param type changed
		msq                 : {'kind': 'PTR', 'type': {'kind': 'STRUCT', 'name': 'msg_queue'}}
		                    ->{'kind': 'PTR', 'type': {'kind': 'STRUCT', 'name': 'kern_ipc_perm'}}
security_task_kill
	Param added
		cred                : {'kind': 'PTR', 'type': {'kind': 'CONST', 'name': '(anon)', 'type': {'kind': 'STRUCT', 'name': 'cred'}}}
	Param removed
		secid               : {'kind': 'TYPEDEF', 'name': 'u32'}
security_capable
	Param removed
		opts                : {'kind': 'INT', 'name': 'unsigned int'}
