Added Kind.STRUCT (28): ['trace_event_raw_initcall_level', 'trace_event_raw_initcall_start', 'trace_event_raw_initcall_finish', 'trace_event_raw_xdp_devmap_xmit', 'trace_event_raw_rseq_update', 'trace_event_raw_rseq_ip_fixup', 'trace_event_raw_ext4_shutdown', 'trace_event_raw_ext4_error', 'trace_event_raw_add_device_randomness', 'trace_event_raw_random__mix_pool_bytes', 'trace_event_raw_credit_entropy_bits', 'trace_event_raw_push_to_pool', 'trace_event_raw_debit_entropy', 'trace_event_raw_add_input_randomness', 'trace_event_raw_add_disk_randomness', 'trace_event_raw_xfer_secondary_pool', 'trace_event_raw_random__get_random_bytes', 'trace_event_raw_random__extract_entropy', 'trace_event_raw_random_read', 'trace_event_raw_urandom_read', 'trace_event_raw_rtc_time_alarm_class', 'trace_event_raw_rtc_irq_set_freq', 'trace_event_raw_rtc_irq_set_state', 'trace_event_raw_rtc_alarm_irq_enable', 'trace_event_raw_rtc_offset_class', 'trace_event_raw_rtc_timer_class', 'trace_event_raw_inet_sock_set_state', 'trace_event_raw_tcp_probe']
Removed Kind.STRUCT (12): ['trace_event_raw_bpf_prog_event', 'trace_event_raw_bpf_prog_load', 'trace_event_raw_bpf_map_create', 'trace_event_raw_bpf_obj_prog', 'trace_event_raw_bpf_obj_map', 'trace_event_raw_bpf_map_keyval', 'trace_event_raw_bpf_map_delete_elem', 'trace_event_raw_bpf_map_next_key', 'trace_event_raw_ext4_nfs_commit_metadata', 'trace_event_raw_tcp_set_state', 'trace_event_raw_fib_table_lookup_nh', 'trace_event_raw_fib_validate_source']
Changed Kind.STRUCT (9): ['trace_event_raw_hrtimer_start', 'trace_event_raw_mm_vmscan_wakeup_kswapd', 'trace_event_raw_mm_shrink_slab_start', 'trace_event_raw_mm_vmscan_lru_isolate', 'trace_event_raw_aer_event', 'trace_event_raw_sock_exceed_buf_limit', 'trace_event_raw_tcp_event_sk', 'trace_event_raw_fib_table_lookup', 'trace_event_raw_fib6_table_lookup']
Reasons Kind.STRUCT (4): [('Field added', 7), ('Field removed', 1), ('Field type changed', 2), ('Layout changed', 8)]
trace_event_raw_hrtimer_start
	Field added
		mode                : {'kind': 'ENUM', 'name': 'hrtimer_mode', 'size': 4}
	Layout changed
trace_event_raw_mm_vmscan_wakeup_kswapd
	Field added
		gfp_flags           : {'kind': 'TYPEDEF', 'name': 'gfp_t'}
	Layout changed
trace_event_raw_mm_shrink_slab_start
	Field added
		priority            : {'kind': 'INT', 'name': 'int'}
	Field removed
		pgs_scanned         : {'kind': 'INT', 'name': 'long unsigned int'}
		lru_pgs             : {'kind': 'INT', 'name': 'long unsigned int'}
	Layout changed
trace_event_raw_mm_vmscan_lru_isolate
	Field type changed
		isolate_mode        : {'kind': 'INT', 'name': 'unsigned int'}
		                    ->{'kind': 'TYPEDEF', 'name': 'isolate_mode_t'}
trace_event_raw_aer_event
	Field added
		tlp_header_valid    : {'kind': 'TYPEDEF', 'name': 'u8'}
		tlp_header          : {'kind': 'ARRAY', 'name': '(anon)', 'nr_elems': 4, 'type': {'kind': 'TYPEDEF', 'name': 'u32'}}
	Layout changed
trace_event_raw_sock_exceed_buf_limit
	Field type changed
		sysctl_mem          : {'kind': 'ARRAY', 'name': '(anon)', 'nr_elems': 3, 'type': {'kind': 'INT', 'name': 'long int'}}
		                    ->{'kind': 'PTR', 'type': {'kind': 'INT', 'name': 'long int'}}
	Layout changed
trace_event_raw_tcp_event_sk
	Field added
		sock_cookie         : {'kind': 'TYPEDEF', 'name': '__u64'}
	Layout changed
trace_event_raw_fib_table_lookup
	Field added
		err                 : {'kind': 'INT', 'name': 'int'}
		gw                  : {'kind': 'ARRAY', 'name': '(anon)', 'nr_elems': 4, 'type': {'kind': 'TYPEDEF', 'name': '__u8'}}
		saddr               : {'kind': 'ARRAY', 'name': '(anon)', 'nr_elems': 4, 'type': {'kind': 'TYPEDEF', 'name': '__u8'}}
		sport               : {'kind': 'TYPEDEF', 'name': 'u16'}
		dport               : {'kind': 'TYPEDEF', 'name': 'u16'}
		proto               : {'kind': 'TYPEDEF', 'name': 'u8'}
		__data_loc_name     : {'kind': 'TYPEDEF', 'name': 'u32'}
	Layout changed
trace_event_raw_fib6_table_lookup
	Field added
		err                 : {'kind': 'INT', 'name': 'int'}
		sport               : {'kind': 'TYPEDEF', 'name': 'u16'}
		dport               : {'kind': 'TYPEDEF', 'name': 'u16'}
		proto               : {'kind': 'TYPEDEF', 'name': 'u8'}
		rt_type             : {'kind': 'TYPEDEF', 'name': 'u8'}
	Layout changed
