Old Kind.UNION (108): ['fpregs_state', 'irq_stack_union', 'sigval', '__sifields', 'kernfs_node_id', 'thread_union', 'key_payload', 'perf_mem_data_src', 'bpf_attr', 'flowi_uli']
New Kind.UNION (113): ['fpregs_state', 'sigval', '__sifields', 'kernfs_node_id', 'thread_union', 'key_payload', 'perf_mem_data_src', 'bpf_attr', 'flowi_uli', 'ethtool_flow_union']
Removed Kind.UNION (2): ['irq_stack_union', 'c']
Added Kind.UNION (7): ['pptp_ctrl_union', 'nf_inet_addr', 'nf_conntrack_proto', 'nf_conntrack_man_proto', 'hv_stimer_config', 'devlink_param_value', 'acpi_subtable_headers']
Common Kind.UNION (106): ['tpacket_req_u', 'sidtab_entry_inner', 'mon_data_bits', 'ec_response_get_next_data_v1', 'acpi_descriptor', 'tls_crypto_context', 'irte_ga_lo', 'entry_union', 'hsw_tsx_tuning', 'l2_cache']
Changed Kind.UNION (5): ['ec_response_get_next_data_v1', 'tls_crypto_context', 'security_list_options', 'hdmi_infoframe', 'nested_table']
Kind.UNION  ec_response_get_next_data_v1
                     Added fields:
                              sensor_fifo: {'kind': 'STRUCT', 'name': '(anon)'}
                                fp_events: {'kind': 'TYPEDEF', 'name': 'uint32_t'}
                             host_event64: {'kind': 'TYPEDEF', 'name': 'uint64_t'}
Kind.UNION  tls_crypto_context
                     Added fields:
                                   (anon): {'kind': 'UNION', 'name': '(anon)'}
                     Removed fields:
                              aes_gcm_128: {'kind': 'STRUCT', 'name': 'tls12_crypto_info_aes_gcm_128'}
Kind.UNION  security_list_options
                     Added fields:
                           fs_context_dup: {'kind': 'PTR', 'type': {'kind': 'FUNC_PROTO', 'params': [{'name': '(anon)', 'type': {'kind': 'PTR', 'type': {'kind': 'STRUCT', 'name': 'fs_context'}}}, {'name': '(anon)', 'type': {'kind': 'PTR', 'type': {'kind': 'STRUCT', 'name': 'fs_context'}}}], 'ret_type': {'kind': 'INT', 'name': 'int'}}}
                               move_mount: {'kind': 'PTR', 'type': {'kind': 'FUNC_PROTO', 'params': [{'name': '(anon)', 'type': {'kind': 'PTR', 'type': {'kind': 'CONST', 'name': '(anon)', 'type': {'kind': 'STRUCT', 'name': 'path'}}}}, {'name': '(anon)', 'type': {'kind': 'PTR', 'type': {'kind': 'CONST', 'name': '(anon)', 'type': {'kind': 'STRUCT', 'name': 'path'}}}}], 'ret_type': {'kind': 'INT', 'name': 'int'}}}
                     kernfs_init_security: {'kind': 'PTR', 'type': {'kind': 'FUNC_PROTO', 'params': [{'name': '(anon)', 'type': {'kind': 'PTR', 'type': {'kind': 'STRUCT', 'name': 'kernfs_node'}}}, {'name': '(anon)', 'type': {'kind': 'PTR', 'type': {'kind': 'STRUCT', 'name': 'kernfs_node'}}}], 'ret_type': {'kind': 'INT', 'name': 'int'}}}
                     fs_context_parse_param: {'kind': 'PTR', 'type': {'kind': 'FUNC_PROTO', 'params': [{'name': '(anon)', 'type': {'kind': 'PTR', 'type': {'kind': 'STRUCT', 'name': 'fs_context'}}}, {'name': '(anon)', 'type': {'kind': 'PTR', 'type': {'kind': 'STRUCT', 'name': 'fs_parameter'}}}], 'ret_type': {'kind': 'INT', 'name': 'int'}}}
                     Field type changed:
                         audit_rule_match: {'kind': 'PTR', 'type': {'kind': 'FUNC_PROTO', 'params': [{'name': '(anon)', 'type': {'kind': 'TYPEDEF', 'name': 'u32'}}, {'name': '(anon)', 'type': {'kind': 'TYPEDEF', 'name': 'u32'}}, {'name': '(anon)', 'type': {'kind': 'TYPEDEF', 'name': 'u32'}}, {'name': '(anon)', 'type': {'kind': 'PTR', 'type': {'name': 'void', 'kind': 'VOID'}}}, {'name': '(anon)', 'type': {'kind': 'PTR', 'type': {'kind': 'STRUCT', 'name': 'audit_context'}}}], 'ret_type': {'kind': 'INT', 'name': 'int'}}}
                                         ->{'kind': 'PTR', 'type': {'kind': 'FUNC_PROTO', 'params': [{'name': '(anon)', 'type': {'kind': 'TYPEDEF', 'name': 'u32'}}, {'name': '(anon)', 'type': {'kind': 'TYPEDEF', 'name': 'u32'}}, {'name': '(anon)', 'type': {'kind': 'TYPEDEF', 'name': 'u32'}}, {'name': '(anon)', 'type': {'kind': 'PTR', 'type': {'name': 'void', 'kind': 'VOID'}}}], 'ret_type': {'kind': 'INT', 'name': 'int'}}}
Kind.UNION  hdmi_infoframe
                     Added fields:
                                      drm: {'kind': 'STRUCT', 'name': 'hdmi_drm_infoframe'}
Kind.UNION  nested_table
                     Field type changed:
                                   bucket: {'kind': 'PTR', 'type': {'kind': 'STRUCT', 'name': 'rhash_head'}}
                                         ->{'kind': 'PTR', 'type': {'kind': 'STRUCT', 'name': 'rhash_lock_head'}}
