Added Kind.FUNC (14): ['security_lock_kernel_down', 'security_locked_down', 'security_sctp_sk_clone', 'security_sctp_bind_connect', 'security_sctp_assoc_request', 'security_socket_socketpair', 'security_kernel_load_data', 'security_cred_getsecid', 'security_kernfs_init_security', 'security_path_notify', 'security_move_mount', 'security_sb_eat_lsm_opts', 'security_fs_context_parse_param', 'security_fs_context_dup']
Removed Kind.FUNC (2): ['security_sb_parse_opts_str', 'security_sb_copy_data']
Changed Kind.FUNC (16): ['security_audit_rule_match', 'security_sem_semop', 'security_sem_semctl', 'security_sem_associate', 'security_shm_shmat', 'security_shm_shmctl', 'security_shm_associate', 'security_msg_queue_msgrcv', 'security_msg_queue_msgsnd', 'security_msg_queue_msgctl', 'security_msg_queue_associate', 'security_task_kill', 'security_file_open', 'security_sb_set_mnt_opts', 'security_sb_kern_mount', 'security_sb_remount']
Reasons Kind.FUNC (5): [('Param added', 3), ('Param removed', 6), ('Param type changed', 11), ('Param reordered', 0), ('Return type changed', 0)]
security_audit_rule_match
	Param removed
		actx                : {'kind': 'PTR', 'type': {'kind': 'STRUCT', 'name': 'audit_context'}}
security_sem_semop
	Param type changed
		sma                 : {'kind': 'PTR', 'type': {'kind': 'STRUCT', 'name': 'sem_array'}}
		                    ->{'kind': 'PTR', 'type': {'kind': 'STRUCT', 'name': 'kern_ipc_perm'}}
security_sem_semctl
	Param type changed
		sma                 : {'kind': 'PTR', 'type': {'kind': 'STRUCT', 'name': 'sem_array'}}
		                    ->{'kind': 'PTR', 'type': {'kind': 'STRUCT', 'name': 'kern_ipc_perm'}}
security_sem_associate
	Param type changed
		sma                 : {'kind': 'PTR', 'type': {'kind': 'STRUCT', 'name': 'sem_array'}}
		                    ->{'kind': 'PTR', 'type': {'kind': 'STRUCT', 'name': 'kern_ipc_perm'}}
security_shm_shmat
	Param type changed
		shp                 : {'kind': 'PTR', 'type': {'kind': 'STRUCT', 'name': 'shmid_kernel'}}
		                    ->{'kind': 'PTR', 'type': {'kind': 'STRUCT', 'name': 'kern_ipc_perm'}}
security_shm_shmctl
	Param type changed
		shp                 : {'kind': 'PTR', 'type': {'kind': 'STRUCT', 'name': 'shmid_kernel'}}
		                    ->{'kind': 'PTR', 'type': {'kind': 'STRUCT', 'name': 'kern_ipc_perm'}}
security_shm_associate
	Param type changed
		shp                 : {'kind': 'PTR', 'type': {'kind': 'STRUCT', 'name': 'shmid_kernel'}}
		                    ->{'kind': 'PTR', 'type': {'kind': 'STRUCT', 'name': 'kern_ipc_perm'}}
security_msg_queue_msgrcv
	Param type changed
		msq                 : {'kind': 'PTR', 'type': {'kind': 'STRUCT', 'name': 'msg_queue'}}
		                    ->{'kind': 'PTR', 'type': {'kind': 'STRUCT', 'name': 'kern_ipc_perm'}}
security_msg_queue_msgsnd
	Param type changed
		msq                 : {'kind': 'PTR', 'type': {'kind': 'STRUCT', 'name': 'msg_queue'}}
		                    ->{'kind': 'PTR', 'type': {'kind': 'STRUCT', 'name': 'kern_ipc_perm'}}
security_msg_queue_msgctl
	Param type changed
		msq                 : {'kind': 'PTR', 'type': {'kind': 'STRUCT', 'name': 'msg_queue'}}
		                    ->{'kind': 'PTR', 'type': {'kind': 'STRUCT', 'name': 'kern_ipc_perm'}}
security_msg_queue_associate
	Param type changed
		msq                 : {'kind': 'PTR', 'type': {'kind': 'STRUCT', 'name': 'msg_queue'}}
		                    ->{'kind': 'PTR', 'type': {'kind': 'STRUCT', 'name': 'kern_ipc_perm'}}
security_task_kill
	Param added
		cred                : {'kind': 'PTR', 'type': {'kind': 'CONST', 'name': '(anon)', 'type': {'kind': 'STRUCT', 'name': 'cred'}}}
	Param removed
		secid               : {'kind': 'TYPEDEF', 'name': 'u32'}
	Param type changed
		info                : {'kind': 'PTR', 'type': {'kind': 'STRUCT', 'name': 'siginfo'}}
		                    ->{'kind': 'PTR', 'type': {'kind': 'STRUCT', 'name': 'kernel_siginfo'}}
security_file_open
	Param removed
		cred                : {'kind': 'PTR', 'type': {'kind': 'CONST', 'name': '(anon)', 'type': {'kind': 'STRUCT', 'name': 'cred'}}}
security_sb_set_mnt_opts
	Param added
		mnt_opts            : {'kind': 'PTR', 'type': {'name': 'void', 'kind': 'VOID'}}
	Param removed
		opts                : {'kind': 'PTR', 'type': {'kind': 'STRUCT', 'name': 'security_mnt_opts'}}
security_sb_kern_mount
	Param removed
		flags               : {'kind': 'INT', 'name': 'int'}
		data                : {'kind': 'PTR', 'type': {'name': 'void', 'kind': 'VOID'}}
security_sb_remount
	Param added
		mnt_opts            : {'kind': 'PTR', 'type': {'name': 'void', 'kind': 'VOID'}}
	Param removed
		data                : {'kind': 'PTR', 'type': {'name': 'void', 'kind': 'VOID'}}
