Added STRUCT (44): ['trace_event_raw_xen_mmu_set_p4d', 'trace_event_raw_bpf_prog_event', 'trace_event_raw_bpf_prog_load', 'trace_event_raw_bpf_map_create', 'trace_event_raw_bpf_obj_prog', 'trace_event_raw_bpf_obj_map', 'trace_event_raw_bpf_map_keyval', 'trace_event_raw_bpf_map_delete_elem', 'trace_event_raw_bpf_map_next_key', 'trace_event_raw_xdp_exception', 'trace_event_raw_filemap_set_wb_err', 'trace_event_raw_file_check_and_advance_wb_err', 'trace_event_raw_reclaim_retry_zone', 'trace_event_raw_mark_victim', 'trace_event_raw_wake_reaper', 'trace_event_raw_start_task_reaping', 'trace_event_raw_finish_task_reaping', 'trace_event_raw_skip_task_reaping', 'trace_event_raw_compact_retry', 'trace_event_raw_mm_vmscan_lru_isolate', 'trace_event_raw_mm_vmscan_lru_shrink_active', 'trace_event_raw_mm_vmscan_inactive_list_is_low', 'trace_event_raw_percpu_alloc_percpu', 'trace_event_raw_percpu_free_percpu', 'trace_event_raw_percpu_alloc_percpu_fail', 'trace_event_raw_percpu_create_chunk', 'trace_event_raw_percpu_destroy_chunk', 'trace_event_raw_dax_pmd_fault_class', 'trace_event_raw_dax_pmd_load_hole_class', 'trace_event_raw_dax_pmd_insert_mapping_class', 'trace_event_raw_dax_pte_fault_class', 'trace_event_raw_dax_insert_mapping', 'trace_event_raw_dax_writeback_range_class', 'trace_event_raw_dax_writeback_one', 'trace_event_raw_ext4_fsmap_class', 'trace_event_raw_ext4_getfsmap_class', 'trace_event_raw_block_rq_requeue', 'trace_event_raw_spi_controller', 'trace_event_raw_xhci_log_trb', 'trace_event_raw_xhci_log_virt_dev', 'trace_event_raw_xhci_log_urb', 'trace_event_raw_xhci_log_ep_ctx', 'trace_event_raw_xhci_log_slot_ctx', 'trace_event_raw_xhci_log_ring']
Removed STRUCT (7): ['trace_event_raw_xen_mmu_set_pgd', 'trace_event_raw_x86_irq_vector', 'trace_event_raw_x86_exceptions', 'trace_event_raw_mm_vmscan_lru_isolate_template', 'trace_event_raw_block_rq_with_error', 'trace_event_raw_spi_master', 'trace_event_raw_xhci_log_event']
Changed STRUCT (10): ['trace_event_raw_itimer_state', 'trace_event_raw_itimer_expire', 'trace_event_raw_mm_vmscan_lru_shrink_inactive', 'trace_event_raw_ext4_alloc_da_blocks', 'trace_event_raw_ext4_da_update_reserve_space', 'trace_event_raw_ext4_da_reserve_space', 'trace_event_raw_ext4_da_release_space', 'trace_event_raw_block_rq_complete', 'trace_event_raw_mdio_access', 'trace_event_raw_thermal_power_devfreq_get_power']
Reasons STRUCT (4): [('Field added', 3), ('Field removed', 5), ('Field type changed', 3), ('Layout changed', 8)]
trace_event_raw_itimer_state
	Field type changed
		expires             : {'kind': 'TYPEDEF', 'name': 'cputime_t'}
		                    ->{'kind': 'INT', 'name': 'long long unsigned int'}
trace_event_raw_itimer_expire
	Field type changed
		now                 : {'kind': 'TYPEDEF', 'name': 'cputime_t'}
		                    ->{'kind': 'INT', 'name': 'long long unsigned int'}
trace_event_raw_mm_vmscan_lru_shrink_inactive
	Field added
		nr_dirty            : {'kind': 'INT', 'name': 'long unsigned int'}
		nr_writeback        : {'kind': 'INT', 'name': 'long unsigned int'}
		nr_congested        : {'kind': 'INT', 'name': 'long unsigned int'}
		nr_immediate        : {'kind': 'INT', 'name': 'long unsigned int'}
		nr_activate         : {'kind': 'INT', 'name': 'long unsigned int'}
		nr_ref_keep         : {'kind': 'INT', 'name': 'long unsigned int'}
		nr_unmap_fail       : {'kind': 'INT', 'name': 'long unsigned int'}
	Layout changed
trace_event_raw_ext4_alloc_da_blocks
	Field removed
		meta_blocks         : {'kind': 'INT', 'name': 'unsigned int'}
	Layout changed
trace_event_raw_ext4_da_update_reserve_space
	Field removed
		reserved_meta_blocks: {'kind': 'INT', 'name': 'int'}
		allocated_meta_blocks: {'kind': 'INT', 'name': 'int'}
	Layout changed
trace_event_raw_ext4_da_reserve_space
	Field removed
		reserved_meta_blocks: {'kind': 'INT', 'name': 'int'}
	Layout changed
trace_event_raw_ext4_da_release_space
	Field removed
		reserved_meta_blocks: {'kind': 'INT', 'name': 'int'}
		allocated_meta_blocks: {'kind': 'INT', 'name': 'int'}
	Layout changed
trace_event_raw_block_rq_complete
	Field added
		error               : {'kind': 'INT', 'name': 'int'}
	Field removed
		errors              : {'kind': 'INT', 'name': 'int'}
	Layout changed
trace_event_raw_mdio_access
	Field type changed
		busid               : {'kind': 'ARRAY', 'name': '(anon)', 'nr_elems': 17, 'type': {'kind': 'INT', 'name': 'char'}}
		                    ->{'kind': 'ARRAY', 'name': '(anon)', 'nr_elems': 61, 'type': {'kind': 'INT', 'name': 'char'}}
	Layout changed
trace_event_raw_thermal_power_devfreq_get_power
	Field added
		power               : {'kind': 'TYPEDEF', 'name': 'u32'}
	Layout changed
