Added STRUCT (32): ['trace_event_raw_xen_mmu_flush_tlb_one_user', 'trace_event_raw_hyperv_mmu_flush_tlb_others', 'trace_event_raw_x86_irq_vector', 'trace_event_raw_vector_config', 'trace_event_raw_vector_mod', 'trace_event_raw_vector_reserve', 'trace_event_raw_vector_alloc', 'trace_event_raw_vector_alloc_managed', 'trace_event_raw_vector_activate', 'trace_event_raw_vector_teardown', 'trace_event_raw_vector_setup', 'trace_event_raw_vector_free_moved', 'trace_event_raw_x86_exceptions', 'trace_event_raw_irq_matrix_global', 'trace_event_raw_irq_matrix_global_update', 'trace_event_raw_irq_matrix_cpu', 'trace_event_raw_xdp_redirect_template', 'trace_event_raw_xdp_cpumap_kthread', 'trace_event_raw_xdp_cpumap_enqueue', 'trace_event_raw_ext4_nfs_commit_metadata', 'trace_event_raw_xhci_log_free_virt_dev', 'trace_event_raw_xhci_log_portsc', 'trace_event_raw_xhci_dbc_log_request', 'trace_event_raw_tcp_event_sk_skb', 'trace_event_raw_tcp_event_sk', 'trace_event_raw_tcp_set_state', 'trace_event_raw_tcp_retransmit_synack', 'trace_event_raw_qdisc_dequeue', 'trace_event_raw_br_fdb_add', 'trace_event_raw_br_fdb_external_learn_add', 'trace_event_raw_fdb_delete', 'trace_event_raw_br_fdb_update']
Removed STRUCT (11): ['trace_event_raw_xen_mmu_set_domain_pte', 'trace_event_raw_xen_mmu_pte_clear', 'trace_event_raw_xen_mmu_pmd_clear', 'trace_event_raw_xen_mmu_pud_clear', 'trace_event_raw_xen_mmu_pgd_clear', 'trace_event_raw_xen_mmu_flush_tlb_all', 'trace_event_raw_xen_mmu_flush_tlb', 'trace_event_raw_xen_mmu_flush_tlb_single', 'trace_event_raw_dma_fence_annotate_wait_on', 'trace_event_raw_thermal_power_cpu_get_power', 'trace_event_raw_thermal_power_cpu_limit']
Changed STRUCT (5): ['trace_event_raw_x86_fpu', 'trace_event_raw_xdp_exception', 'trace_event_raw_mm_page_free_batched', 'trace_event_raw_mmc_request_start', 'trace_event_raw_mmc_request_done']
Reasons STRUCT (4): [('Field added', 4), ('Field removed', 3), ('Field type changed', 0), ('Layout changed', 5)]
trace_event_raw_x86_fpu
	Field added
		initialized         : {'kind': 'TYPEDEF', 'name': 'bool'}
	Field removed
		fpregs_active       : {'kind': 'TYPEDEF', 'name': 'bool'}
		fpstate_active      : {'kind': 'TYPEDEF', 'name': 'bool'}
	Layout changed
trace_event_raw_xdp_exception
	Field added
		prog_id             : {'kind': 'INT', 'name': 'int'}
		ifindex             : {'kind': 'INT', 'name': 'int'}
	Field removed
		__data_loc_name     : {'kind': 'TYPEDEF', 'name': 'u32'}
		prog_tag            : {'kind': 'ARRAY', 'name': '(anon)', 'nr_elems': 8, 'type': {'kind': 'TYPEDEF', 'name': 'u8'}}
	Layout changed
trace_event_raw_mm_page_free_batched
	Field removed
		cold                : {'kind': 'INT', 'name': 'int'}
	Layout changed
trace_event_raw_mmc_request_start
	Field added
		blk_addr            : {'kind': 'INT', 'name': 'unsigned int'}
		tag                 : {'kind': 'INT', 'name': 'int'}
	Layout changed
trace_event_raw_mmc_request_done
	Field added
		tag                 : {'kind': 'INT', 'name': 'int'}
	Layout changed
