Added FUNC (108): ['perf_trace_xen_mmu_set_p4d', 'perf_trace_xen_mmu_flush_tlb_one_user', 'perf_trace_hyperv_mmu_flush_tlb_others', 'perf_trace_vector_config', 'perf_trace_vector_mod', 'perf_trace_vector_reserve', 'perf_trace_vector_alloc', 'perf_trace_vector_alloc_managed', 'perf_trace_vector_activate', 'perf_trace_vector_teardown', 'perf_trace_vector_setup', 'perf_trace_vector_free_moved', 'perf_trace_x86_fpu', 'perf_trace_cpuhp_enter', 'perf_trace_cpuhp_multi_enter', 'perf_trace_cpuhp_exit', 'perf_trace_irq_matrix_global', 'perf_trace_irq_matrix_global_update', 'perf_trace_irq_matrix_cpu', 'perf_trace_alarmtimer_suspend', 'perf_trace_alarm_class', 'perf_trace_cgroup', 'perf_trace_cgroup_root', 'perf_trace_cgroup_migrate', 'perf_trace_buf_alloc', 'perf_trace_buf_update', 'perf_trace_bpf_prog_event', 'perf_trace_bpf_prog_load', 'perf_trace_bpf_map_create', 'perf_trace_bpf_map_keyval', 'perf_trace_bpf_map_delete_elem', 'perf_trace_bpf_map_next_key', 'perf_trace_xdp_exception', 'perf_trace_xdp_redirect_template', 'perf_trace_xdp_cpumap_kthread', 'perf_trace_xdp_cpumap_enqueue', 'perf_trace_bpf_obj_map', 'perf_trace_bpf_obj_prog', 'perf_trace_run_bpf_submit', 'perf_trace_filemap_set_wb_err', 'perf_trace_file_check_and_advance_wb_err', 'perf_trace_reclaim_retry_zone', 'perf_trace_mark_victim', 'perf_trace_wake_reaper', 'perf_trace_start_task_reaping', 'perf_trace_finish_task_reaping', 'perf_trace_skip_task_reaping', 'perf_trace_compact_retry', 'perf_trace_mm_vmscan_lru_isolate', 'perf_trace_mm_vmscan_lru_shrink_active', 'perf_trace_mm_vmscan_inactive_list_is_low', 'perf_trace_percpu_alloc_percpu', 'perf_trace_percpu_free_percpu', 'perf_trace_percpu_alloc_percpu_fail', 'perf_trace_percpu_create_chunk', 'perf_trace_percpu_destroy_chunk', 'perf_trace_mm_compaction_kcompactd_sleep', 'perf_trace_kcompactd_wake_template', 'perf_trace_mm_khugepaged_scan_pmd', 'perf_trace_mm_collapse_huge_page', 'perf_trace_mm_collapse_huge_page_isolate', 'perf_trace_mm_collapse_huge_page_swapin', 'perf_trace_test_pages_isolated', 'perf_trace_writeback_inode_template', 'perf_trace_dax_pmd_fault_class', 'perf_trace_dax_pmd_load_hole_class', 'perf_trace_dax_pmd_insert_mapping_class', 'perf_trace_dax_pte_fault_class', 'perf_trace_dax_insert_mapping', 'perf_trace_dax_writeback_range_class', 'perf_trace_dax_writeback_one', 'perf_trace_locks_get_lock_context', 'perf_trace_filelock_lock', 'perf_trace_ext4_fsmap_class', 'perf_trace_ext4_getfsmap_class', 'perf_trace_block_rq_requeue', 'perf_trace_wbt_stat', 'perf_trace_wbt_lat', 'perf_trace_wbt_step', 'perf_trace_wbt_timer', 'perf_trace_msr_trace_class', 'perf_trace_dma_fence', 'perf_trace_sync_timeline', 'perf_trace_spi_controller', 'perf_trace_mdio_access', 'perf_trace_xhci_log_trb', 'perf_trace_xhci_log_free_virt_dev', 'perf_trace_xhci_log_virt_dev', 'perf_trace_xhci_log_urb', 'perf_trace_xhci_log_ep_ctx', 'perf_trace_xhci_log_slot_ctx', 'perf_trace_xhci_log_portsc', 'perf_trace_xhci_dbc_log_request', 'perf_trace_xhci_log_ring', 'perf_trace_mmc_request_start', 'perf_trace_mmc_request_done', 'perf_trace_arm_event', 'perf_trace_non_standard_event', 'perf_trace_tcp_event_sk_skb', 'perf_trace_tcp_event_sk', 'perf_trace_tcp_set_state', 'perf_trace_tcp_retransmit_synack', 'perf_trace_qdisc_dequeue', 'perf_trace_fib6_table_lookup', 'perf_trace_br_fdb_add', 'perf_trace_br_fdb_update', 'perf_trace_br_fdb_external_learn_add', 'perf_trace_fdb_delete']
Removed FUNC (17): ['perf_trace_xen_mmu_pgd_clear', 'perf_trace_xen_mmu_flush_tlb_single', 'perf_trace_xen_mmu_pmd_clear', 'perf_trace_xen_mmu_pud_clear', 'perf_trace_xen_mmu_pte_clear', 'perf_trace_xen_mmu_set_pgd', 'perf_trace_xen_mmu_set_domain_pte', 'perf_trace_buf_prepare', 'perf_trace_mm_vmscan_lru_isolate_template', 'perf_trace_writeback_lazytime_template', 'perf_trace_block_rq_with_error', 'perf_trace_fence', 'perf_trace_fence_annotate_wait_on', 'perf_trace_spi_master', 'perf_trace_xhci_log_event', 'perf_trace_thermal_power_cpu_get_power', 'perf_trace_thermal_power_cpu_limit']
Changed FUNC (15): ['perf_trace_sched_pi_setprio', 'perf_trace_itimer_expire', 'perf_trace_itimer_state', 'perf_trace_tick_stop', 'perf_trace_pstate_sample', 'perf_trace_mm_vmscan_kswapd_wake', 'perf_trace_mm_vmscan_direct_reclaim_begin_template', 'perf_trace_mm_vmscan_writepage', 'perf_trace_mm_vmscan_lru_shrink_inactive', 'perf_trace_mm_page_free_batched', 'perf_trace_mm_compaction_try_to_compact_pages', 'perf_trace_block_rq_complete', 'perf_trace_swiotlb_bounced', 'perf_trace_thermal_power_devfreq_get_power', 'perf_trace_napi_poll']
Reasons FUNC (5): [('Param added', 10), ('Param removed', 7), ('Param type changed', 3), ('Param reordered', 3), ('Return type changed', 0)]
perf_trace_sched_pi_setprio
	Param added
		pi_task             : {'kind': 'PTR', 'type': {'kind': 'STRUCT', 'name': 'task_struct'}}
	Param removed
		newprio             : {'kind': 'INT', 'name': 'int'}
perf_trace_itimer_expire
	Param type changed
		now                 : {'kind': 'TYPEDEF', 'name': 'cputime_t'}
		                    ->{'kind': 'INT', 'name': 'long long unsigned int'}
perf_trace_itimer_state
	Param type changed
		expires             : {'kind': 'TYPEDEF', 'name': 'cputime_t'}
		                    ->{'kind': 'INT', 'name': 'long long unsigned int'}
perf_trace_tick_stop
	Param added
		dependency          : {'kind': 'INT', 'name': 'int'}
	Param removed
		error_msg           : {'kind': 'PTR', 'type': {'kind': 'INT', 'name': 'char'}}
perf_trace_pstate_sample
	Param added
		io_boost            : {'kind': 'TYPEDEF', 'name': 'u32'}
perf_trace_mm_vmscan_kswapd_wake
	Param added
		zid                 : {'kind': 'INT', 'name': 'int'}
	Param reordered
		                     ['__data', 'nid', 'order']
		                     ['__data', 'nid', 'zid', 'order']
perf_trace_mm_vmscan_direct_reclaim_begin_template
	Param added
		classzone_idx       : {'kind': 'INT', 'name': 'int'}
perf_trace_mm_vmscan_writepage
	Param removed
		reclaim_flags       : {'kind': 'INT', 'name': 'int'}
perf_trace_mm_vmscan_lru_shrink_inactive
	Param added
		nr_dirty            : {'kind': 'INT', 'name': 'long unsigned int'}
		nr_writeback        : {'kind': 'INT', 'name': 'long unsigned int'}
		nr_congested        : {'kind': 'INT', 'name': 'long unsigned int'}
		nr_immediate        : {'kind': 'INT', 'name': 'long unsigned int'}
		nr_activate         : {'kind': 'INT', 'name': 'long unsigned int'}
		nr_ref_keep         : {'kind': 'INT', 'name': 'long unsigned int'}
		nr_unmap_fail       : {'kind': 'INT', 'name': 'long unsigned int'}
		file                : {'kind': 'INT', 'name': 'int'}
	Param removed
		zid                 : {'kind': 'INT', 'name': 'int'}
		reclaim_flags       : {'kind': 'INT', 'name': 'int'}
	Param reordered
		                     ['__data', 'nid', 'zid', 'nr_scanned', 'nr_reclaimed', 'priority', 'reclaim_flags']
		                     ['__data', 'nid', 'nr_scanned', 'nr_reclaimed', 'nr_dirty', 'nr_writeback', 'nr_congested', 'nr_immediate', 'nr_activate', 'nr_ref_keep', 'nr_unmap_fail', 'priority', 'file']
perf_trace_mm_page_free_batched
	Param removed
		cold                : {'kind': 'INT', 'name': 'int'}
perf_trace_mm_compaction_try_to_compact_pages
	Param added
		prio                : {'kind': 'INT', 'name': 'int'}
	Param removed
		mode                : {'kind': 'ENUM', 'name': 'migrate_mode', 'size': 4}
perf_trace_block_rq_complete
	Param added
		error               : {'kind': 'INT', 'name': 'int'}
	Param removed
		q                   : {'kind': 'PTR', 'type': {'kind': 'STRUCT', 'name': 'request_queue'}}
	Param reordered
		                     ['__data', 'q', 'rq', 'nr_bytes']
		                     ['__data', 'rq', 'error', 'nr_bytes']
perf_trace_swiotlb_bounced
	Param type changed
		swiotlb_force       : {'kind': 'INT', 'name': 'int'}
		                    ->{'kind': 'ENUM', 'name': 'swiotlb_force', 'size': 4}
perf_trace_thermal_power_devfreq_get_power
	Param added
		power               : {'kind': 'TYPEDEF', 'name': 'u32'}
perf_trace_napi_poll
	Param added
		work                : {'kind': 'INT', 'name': 'int'}
		budget              : {'kind': 'INT', 'name': 'int'}
