Added Kind.STRUCT (19): ['trace_event_raw_xen_mmu_flush_tlb_all', 'trace_event_raw_xen_mmu_flush_tlb', 'trace_event_raw_x86_fpu', 'trace_event_raw_cpuhp_enter', 'trace_event_raw_cpuhp_exit', 'trace_event_raw_mm_compaction_kcompactd_sleep', 'trace_event_raw_kcompactd_wake_template', 'trace_event_raw_mm_khugepaged_scan_pmd', 'trace_event_raw_mm_collapse_huge_page', 'trace_event_raw_mm_collapse_huge_page_isolate', 'trace_event_raw_mm_collapse_huge_page_swapin', 'trace_event_raw_test_pages_isolated', 'trace_event_raw_writeback_inode_template', 'trace_event_raw_locks_get_lock_context', 'trace_event_raw_filelock_lock', 'trace_event_raw_msr_trace_class', 'trace_event_raw_mmc_request_start', 'trace_event_raw_mmc_request_done', 'trace_event_raw_fib6_table_lookup']
Removed Kind.STRUCT (2): ['trace_event_raw_writeback_lazytime_template', 'trace_event_raw_ext4_nfs_commit_metadata']
Changed Kind.STRUCT (16): ['trace_event_raw_tick_stop', 'trace_event_raw_mm_vmscan_kswapd_wake', 'trace_event_raw_mm_vmscan_direct_reclaim_begin_template', 'trace_event_raw_mm_vmscan_lru_isolate_template', 'trace_event_raw_mm_vmscan_lru_shrink_inactive', 'trace_event_raw_mm_compaction_try_to_compact_pages', 'trace_event_raw_writeback_write_inode_template', 'trace_event_raw_writeback_work_class', 'trace_event_raw_writeback_class', 'trace_event_raw_wbc_class', 'trace_event_raw_writeback_queue_io', 'trace_event_raw_bdi_dirty_ratelimit', 'trace_event_raw_balance_dirty_pages', 'trace_event_raw_writeback_sb_inodes_requeue', 'trace_event_raw_writeback_single_inode_template', 'trace_event_raw_napi_poll']
Reasons Kind.STRUCT (4): [('Field added', 15), ('Field removed', 12), ('Field type changed', 0), ('Layout changed', 16)]
trace_event_raw_tick_stop
	Field added
		dependency          : {'kind': 'INT', 'name': 'int'}
	Field removed
		__data_loc_msg      : {'kind': 'TYPEDEF', 'name': 'u32'}
	Layout changed
trace_event_raw_mm_vmscan_kswapd_wake
	Field added
		zid                 : {'kind': 'INT', 'name': 'int'}
	Layout changed
trace_event_raw_mm_vmscan_direct_reclaim_begin_template
	Field added
		classzone_idx       : {'kind': 'INT', 'name': 'int'}
	Layout changed
trace_event_raw_mm_vmscan_lru_isolate_template
	Field added
		classzone_idx       : {'kind': 'INT', 'name': 'int'}
	Layout changed
trace_event_raw_mm_vmscan_lru_shrink_inactive
	Field removed
		zid                 : {'kind': 'INT', 'name': 'int'}
	Layout changed
trace_event_raw_mm_compaction_try_to_compact_pages
	Field added
		prio                : {'kind': 'INT', 'name': 'int'}
	Field removed
		mode                : {'kind': 'ENUM', 'name': 'migrate_mode', 'size': 4}
	Layout changed
trace_event_raw_writeback_write_inode_template
	Field added
		cgroup_ino          : {'kind': 'INT', 'name': 'unsigned int'}
	Field removed
		__data_loc_cgroup   : {'kind': 'TYPEDEF', 'name': 'u32'}
	Layout changed
trace_event_raw_writeback_work_class
	Field added
		cgroup_ino          : {'kind': 'INT', 'name': 'unsigned int'}
	Field removed
		__data_loc_cgroup   : {'kind': 'TYPEDEF', 'name': 'u32'}
	Layout changed
trace_event_raw_writeback_class
	Field added
		cgroup_ino          : {'kind': 'INT', 'name': 'unsigned int'}
	Field removed
		__data_loc_cgroup   : {'kind': 'TYPEDEF', 'name': 'u32'}
	Layout changed
trace_event_raw_wbc_class
	Field added
		cgroup_ino          : {'kind': 'INT', 'name': 'unsigned int'}
	Field removed
		__data_loc_cgroup   : {'kind': 'TYPEDEF', 'name': 'u32'}
	Layout changed
trace_event_raw_writeback_queue_io
	Field added
		cgroup_ino          : {'kind': 'INT', 'name': 'unsigned int'}
	Field removed
		__data_loc_cgroup   : {'kind': 'TYPEDEF', 'name': 'u32'}
	Layout changed
trace_event_raw_bdi_dirty_ratelimit
	Field added
		cgroup_ino          : {'kind': 'INT', 'name': 'unsigned int'}
	Field removed
		__data_loc_cgroup   : {'kind': 'TYPEDEF', 'name': 'u32'}
	Layout changed
trace_event_raw_balance_dirty_pages
	Field added
		cgroup_ino          : {'kind': 'INT', 'name': 'unsigned int'}
	Field removed
		__data_loc_cgroup   : {'kind': 'TYPEDEF', 'name': 'u32'}
	Layout changed
trace_event_raw_writeback_sb_inodes_requeue
	Field added
		cgroup_ino          : {'kind': 'INT', 'name': 'unsigned int'}
	Field removed
		__data_loc_cgroup   : {'kind': 'TYPEDEF', 'name': 'u32'}
	Layout changed
trace_event_raw_writeback_single_inode_template
	Field added
		cgroup_ino          : {'kind': 'INT', 'name': 'unsigned int'}
	Field removed
		__data_loc_cgroup   : {'kind': 'TYPEDEF', 'name': 'u32'}
	Layout changed
trace_event_raw_napi_poll
	Field added
		work                : {'kind': 'INT', 'name': 'int'}
		budget              : {'kind': 'INT', 'name': 'int'}
	Layout changed
