Added UNION (6): ['sctp_sack_variable', 'sctp_addr', 'sctp_addr_param', 'sctp_params', 'ib_flow_spec', 'skb_entry']
Removed UNION (3): ['nf_inet_addr', 'nf_conntrack_man_proto', 'nf_conntrack_proto']
Changed UNION (4): ['thread_union', 'bpf_attr', 'proc_op', 'security_list_options']
Reasons UNION (4): [('Field added', 3), ('Field removed', 1), ('Field type changed', 1), ('Layout changed', 4)]
thread_union
	Field added
		task                : {'kind': 'STRUCT', 'name': 'task_struct'}
	Layout changed
bpf_attr
	Field added
		raw_tracepoint      : {'kind': 'STRUCT', 'name': '(anon)'}
		(anon-6)            : {'kind': 'STRUCT', 'name': '(anon)'}
		task_fd_query       : {'kind': 'STRUCT', 'name': '(anon)'}
	Layout changed
proc_op
	Field removed
		lsm                 : {'kind': 'PTR', 'type': {'kind': 'CONST', 'name': '(anon)', 'type': {'kind': 'INT', 'name': 'char'}}}
	Layout changed
security_list_options
	Field added
		cred_getsecid       : {'kind': 'PTR', 'type': {'kind': 'FUNC_PROTO', 'params': [{'name': '(anon)', 'type': {'kind': 'PTR', 'type': {'kind': 'CONST', 'name': '(anon)', 'type': {'kind': 'STRUCT', 'name': 'cred'}}}}, {'name': '(anon-1)', 'type': {'kind': 'PTR', 'type': {'kind': 'TYPEDEF', 'name': 'u32'}}}], 'ret_type': {'name': 'void', 'kind': 'VOID'}}}
		socket_socketpair   : {'kind': 'PTR', 'type': {'kind': 'FUNC_PROTO', 'params': [{'name': '(anon)', 'type': {'kind': 'PTR', 'type': {'kind': 'STRUCT', 'name': 'socket'}}}, {'name': '(anon-1)', 'type': {'kind': 'PTR', 'type': {'kind': 'STRUCT', 'name': 'socket'}}}], 'ret_type': {'kind': 'INT', 'name': 'int'}}}
		sctp_assoc_request  : {'kind': 'PTR', 'type': {'kind': 'FUNC_PROTO', 'params': [{'name': '(anon)', 'type': {'kind': 'PTR', 'type': {'kind': 'STRUCT', 'name': 'sctp_endpoint'}}}, {'name': '(anon-1)', 'type': {'kind': 'PTR', 'type': {'kind': 'STRUCT', 'name': 'sk_buff'}}}], 'ret_type': {'kind': 'INT', 'name': 'int'}}}
		sctp_bind_connect   : {'kind': 'PTR', 'type': {'kind': 'FUNC_PROTO', 'params': [{'name': '(anon)', 'type': {'kind': 'PTR', 'type': {'kind': 'STRUCT', 'name': 'sock'}}}, {'name': '(anon-1)', 'type': {'kind': 'INT', 'name': 'int'}}, {'name': '(anon-2)', 'type': {'kind': 'PTR', 'type': {'kind': 'STRUCT', 'name': 'sockaddr'}}}, {'name': '(anon-3)', 'type': {'kind': 'INT', 'name': 'int'}}], 'ret_type': {'kind': 'INT', 'name': 'int'}}}
		sctp_sk_clone       : {'kind': 'PTR', 'type': {'kind': 'FUNC_PROTO', 'params': [{'name': '(anon)', 'type': {'kind': 'PTR', 'type': {'kind': 'STRUCT', 'name': 'sctp_endpoint'}}}, {'name': '(anon-1)', 'type': {'kind': 'PTR', 'type': {'kind': 'STRUCT', 'name': 'sock'}}}, {'name': '(anon-2)', 'type': {'kind': 'PTR', 'type': {'kind': 'STRUCT', 'name': 'sock'}}}], 'ret_type': {'name': 'void', 'kind': 'VOID'}}}
	Field type changed
		capable             : {'kind': 'PTR', 'type': {'kind': 'FUNC_PROTO', 'params': [{'name': '(anon)', 'type': {'kind': 'PTR', 'type': {'kind': 'CONST', 'name': '(anon)', 'type': {'kind': 'STRUCT', 'name': 'cred'}}}}, {'name': '(anon-1)', 'type': {'kind': 'PTR', 'type': {'kind': 'STRUCT', 'name': 'user_namespace'}}}, {'name': '(anon-2)', 'type': {'kind': 'INT', 'name': 'int'}}, {'name': '(anon-3)', 'type': {'kind': 'INT', 'name': 'unsigned int'}}], 'ret_type': {'kind': 'INT', 'name': 'int'}}}
		                    ->{'kind': 'PTR', 'type': {'kind': 'FUNC_PROTO', 'params': [{'name': '(anon)', 'type': {'kind': 'PTR', 'type': {'kind': 'CONST', 'name': '(anon)', 'type': {'kind': 'STRUCT', 'name': 'cred'}}}}, {'name': '(anon-1)', 'type': {'kind': 'PTR', 'type': {'kind': 'STRUCT', 'name': 'user_namespace'}}}, {'name': '(anon-2)', 'type': {'kind': 'INT', 'name': 'int'}}, {'name': '(anon-3)', 'type': {'kind': 'INT', 'name': 'int'}}], 'ret_type': {'kind': 'INT', 'name': 'int'}}}
		settime             : {'kind': 'PTR', 'type': {'kind': 'FUNC_PROTO', 'params': [{'name': '(anon)', 'type': {'kind': 'PTR', 'type': {'kind': 'CONST', 'name': '(anon)', 'type': {'kind': 'STRUCT', 'name': 'timespec'}}}}, {'name': '(anon-1)', 'type': {'kind': 'PTR', 'type': {'kind': 'CONST', 'name': '(anon)', 'type': {'kind': 'STRUCT', 'name': 'timezone'}}}}], 'ret_type': {'kind': 'INT', 'name': 'int'}}}
		                    ->{'kind': 'PTR', 'type': {'kind': 'FUNC_PROTO', 'params': [{'name': '(anon)', 'type': {'kind': 'PTR', 'type': {'kind': 'CONST', 'name': '(anon)', 'type': {'kind': 'STRUCT', 'name': 'timespec64'}}}}, {'name': '(anon-1)', 'type': {'kind': 'PTR', 'type': {'kind': 'CONST', 'name': '(anon)', 'type': {'kind': 'STRUCT', 'name': 'timezone'}}}}], 'ret_type': {'kind': 'INT', 'name': 'int'}}}
		task_kill           : {'kind': 'PTR', 'type': {'kind': 'FUNC_PROTO', 'params': [{'name': '(anon)', 'type': {'kind': 'PTR', 'type': {'kind': 'STRUCT', 'name': 'task_struct'}}}, {'name': '(anon-1)', 'type': {'kind': 'PTR', 'type': {'kind': 'STRUCT', 'name': 'siginfo'}}}, {'name': '(anon-2)', 'type': {'kind': 'INT', 'name': 'int'}}, {'name': '(anon-3)', 'type': {'kind': 'TYPEDEF', 'name': 'u32'}}], 'ret_type': {'kind': 'INT', 'name': 'int'}}}
		                    ->{'kind': 'PTR', 'type': {'kind': 'FUNC_PROTO', 'params': [{'name': '(anon)', 'type': {'kind': 'PTR', 'type': {'kind': 'STRUCT', 'name': 'task_struct'}}}, {'name': '(anon-1)', 'type': {'kind': 'PTR', 'type': {'kind': 'STRUCT', 'name': 'siginfo'}}}, {'name': '(anon-2)', 'type': {'kind': 'INT', 'name': 'int'}}, {'name': '(anon-3)', 'type': {'kind': 'PTR', 'type': {'kind': 'CONST', 'name': '(anon)', 'type': {'kind': 'STRUCT', 'name': 'cred'}}}}], 'ret_type': {'kind': 'INT', 'name': 'int'}}}
		msg_queue_alloc_security: {'kind': 'PTR', 'type': {'kind': 'FUNC_PROTO', 'params': [{'name': '(anon)', 'type': {'kind': 'PTR', 'type': {'kind': 'STRUCT', 'name': 'msg_queue'}}}], 'ret_type': {'kind': 'INT', 'name': 'int'}}}
		                    ->{'kind': 'PTR', 'type': {'kind': 'FUNC_PROTO', 'params': [{'name': '(anon)', 'type': {'kind': 'PTR', 'type': {'kind': 'STRUCT', 'name': 'kern_ipc_perm'}}}], 'ret_type': {'kind': 'INT', 'name': 'int'}}}
		msg_queue_free_security: {'kind': 'PTR', 'type': {'kind': 'FUNC_PROTO', 'params': [{'name': '(anon)', 'type': {'kind': 'PTR', 'type': {'kind': 'STRUCT', 'name': 'msg_queue'}}}], 'ret_type': {'name': 'void', 'kind': 'VOID'}}}
		                    ->{'kind': 'PTR', 'type': {'kind': 'FUNC_PROTO', 'params': [{'name': '(anon)', 'type': {'kind': 'PTR', 'type': {'kind': 'STRUCT', 'name': 'kern_ipc_perm'}}}], 'ret_type': {'name': 'void', 'kind': 'VOID'}}}
		msg_queue_associate : {'kind': 'PTR', 'type': {'kind': 'FUNC_PROTO', 'params': [{'name': '(anon)', 'type': {'kind': 'PTR', 'type': {'kind': 'STRUCT', 'name': 'msg_queue'}}}, {'name': '(anon-1)', 'type': {'kind': 'INT', 'name': 'int'}}], 'ret_type': {'kind': 'INT', 'name': 'int'}}}
		                    ->{'kind': 'PTR', 'type': {'kind': 'FUNC_PROTO', 'params': [{'name': '(anon)', 'type': {'kind': 'PTR', 'type': {'kind': 'STRUCT', 'name': 'kern_ipc_perm'}}}, {'name': '(anon-1)', 'type': {'kind': 'INT', 'name': 'int'}}], 'ret_type': {'kind': 'INT', 'name': 'int'}}}
		msg_queue_msgctl    : {'kind': 'PTR', 'type': {'kind': 'FUNC_PROTO', 'params': [{'name': '(anon)', 'type': {'kind': 'PTR', 'type': {'kind': 'STRUCT', 'name': 'msg_queue'}}}, {'name': '(anon-1)', 'type': {'kind': 'INT', 'name': 'int'}}], 'ret_type': {'kind': 'INT', 'name': 'int'}}}
		                    ->{'kind': 'PTR', 'type': {'kind': 'FUNC_PROTO', 'params': [{'name': '(anon)', 'type': {'kind': 'PTR', 'type': {'kind': 'STRUCT', 'name': 'kern_ipc_perm'}}}, {'name': '(anon-1)', 'type': {'kind': 'INT', 'name': 'int'}}], 'ret_type': {'kind': 'INT', 'name': 'int'}}}
		msg_queue_msgsnd    : {'kind': 'PTR', 'type': {'kind': 'FUNC_PROTO', 'params': [{'name': '(anon)', 'type': {'kind': 'PTR', 'type': {'kind': 'STRUCT', 'name': 'msg_queue'}}}, {'name': '(anon-1)', 'type': {'kind': 'PTR', 'type': {'kind': 'STRUCT', 'name': 'msg_msg'}}}, {'name': '(anon-2)', 'type': {'kind': 'INT', 'name': 'int'}}], 'ret_type': {'kind': 'INT', 'name': 'int'}}}
		                    ->{'kind': 'PTR', 'type': {'kind': 'FUNC_PROTO', 'params': [{'name': '(anon)', 'type': {'kind': 'PTR', 'type': {'kind': 'STRUCT', 'name': 'kern_ipc_perm'}}}, {'name': '(anon-1)', 'type': {'kind': 'PTR', 'type': {'kind': 'STRUCT', 'name': 'msg_msg'}}}, {'name': '(anon-2)', 'type': {'kind': 'INT', 'name': 'int'}}], 'ret_type': {'kind': 'INT', 'name': 'int'}}}
		msg_queue_msgrcv    : {'kind': 'PTR', 'type': {'kind': 'FUNC_PROTO', 'params': [{'name': '(anon)', 'type': {'kind': 'PTR', 'type': {'kind': 'STRUCT', 'name': 'msg_queue'}}}, {'name': '(anon-1)', 'type': {'kind': 'PTR', 'type': {'kind': 'STRUCT', 'name': 'msg_msg'}}}, {'name': '(anon-2)', 'type': {'kind': 'PTR', 'type': {'kind': 'STRUCT', 'name': 'task_struct'}}}, {'name': '(anon-3)', 'type': {'kind': 'INT', 'name': 'long int'}}, {'name': '(anon-4)', 'type': {'kind': 'INT', 'name': 'int'}}], 'ret_type': {'kind': 'INT', 'name': 'int'}}}
		                    ->{'kind': 'PTR', 'type': {'kind': 'FUNC_PROTO', 'params': [{'name': '(anon)', 'type': {'kind': 'PTR', 'type': {'kind': 'STRUCT', 'name': 'kern_ipc_perm'}}}, {'name': '(anon-1)', 'type': {'kind': 'PTR', 'type': {'kind': 'STRUCT', 'name': 'msg_msg'}}}, {'name': '(anon-2)', 'type': {'kind': 'PTR', 'type': {'kind': 'STRUCT', 'name': 'task_struct'}}}, {'name': '(anon-3)', 'type': {'kind': 'INT', 'name': 'long int'}}, {'name': '(anon-4)', 'type': {'kind': 'INT', 'name': 'int'}}], 'ret_type': {'kind': 'INT', 'name': 'int'}}}
		shm_alloc_security  : {'kind': 'PTR', 'type': {'kind': 'FUNC_PROTO', 'params': [{'name': '(anon)', 'type': {'kind': 'PTR', 'type': {'kind': 'STRUCT', 'name': 'shmid_kernel'}}}], 'ret_type': {'kind': 'INT', 'name': 'int'}}}
		                    ->{'kind': 'PTR', 'type': {'kind': 'FUNC_PROTO', 'params': [{'name': '(anon)', 'type': {'kind': 'PTR', 'type': {'kind': 'STRUCT', 'name': 'kern_ipc_perm'}}}], 'ret_type': {'kind': 'INT', 'name': 'int'}}}
		shm_free_security   : {'kind': 'PTR', 'type': {'kind': 'FUNC_PROTO', 'params': [{'name': '(anon)', 'type': {'kind': 'PTR', 'type': {'kind': 'STRUCT', 'name': 'shmid_kernel'}}}], 'ret_type': {'name': 'void', 'kind': 'VOID'}}}
		                    ->{'kind': 'PTR', 'type': {'kind': 'FUNC_PROTO', 'params': [{'name': '(anon)', 'type': {'kind': 'PTR', 'type': {'kind': 'STRUCT', 'name': 'kern_ipc_perm'}}}], 'ret_type': {'name': 'void', 'kind': 'VOID'}}}
		shm_associate       : {'kind': 'PTR', 'type': {'kind': 'FUNC_PROTO', 'params': [{'name': '(anon)', 'type': {'kind': 'PTR', 'type': {'kind': 'STRUCT', 'name': 'shmid_kernel'}}}, {'name': '(anon-1)', 'type': {'kind': 'INT', 'name': 'int'}}], 'ret_type': {'kind': 'INT', 'name': 'int'}}}
		                    ->{'kind': 'PTR', 'type': {'kind': 'FUNC_PROTO', 'params': [{'name': '(anon)', 'type': {'kind': 'PTR', 'type': {'kind': 'STRUCT', 'name': 'kern_ipc_perm'}}}, {'name': '(anon-1)', 'type': {'kind': 'INT', 'name': 'int'}}], 'ret_type': {'kind': 'INT', 'name': 'int'}}}
		shm_shmctl          : {'kind': 'PTR', 'type': {'kind': 'FUNC_PROTO', 'params': [{'name': '(anon)', 'type': {'kind': 'PTR', 'type': {'kind': 'STRUCT', 'name': 'shmid_kernel'}}}, {'name': '(anon-1)', 'type': {'kind': 'INT', 'name': 'int'}}], 'ret_type': {'kind': 'INT', 'name': 'int'}}}
		                    ->{'kind': 'PTR', 'type': {'kind': 'FUNC_PROTO', 'params': [{'name': '(anon)', 'type': {'kind': 'PTR', 'type': {'kind': 'STRUCT', 'name': 'kern_ipc_perm'}}}, {'name': '(anon-1)', 'type': {'kind': 'INT', 'name': 'int'}}], 'ret_type': {'kind': 'INT', 'name': 'int'}}}
		shm_shmat           : {'kind': 'PTR', 'type': {'kind': 'FUNC_PROTO', 'params': [{'name': '(anon)', 'type': {'kind': 'PTR', 'type': {'kind': 'STRUCT', 'name': 'shmid_kernel'}}}, {'name': '(anon-1)', 'type': {'kind': 'PTR', 'type': {'kind': 'INT', 'name': 'char'}}}, {'name': '(anon-2)', 'type': {'kind': 'INT', 'name': 'int'}}], 'ret_type': {'kind': 'INT', 'name': 'int'}}}
		                    ->{'kind': 'PTR', 'type': {'kind': 'FUNC_PROTO', 'params': [{'name': '(anon)', 'type': {'kind': 'PTR', 'type': {'kind': 'STRUCT', 'name': 'kern_ipc_perm'}}}, {'name': '(anon-1)', 'type': {'kind': 'PTR', 'type': {'kind': 'INT', 'name': 'char'}}}, {'name': '(anon-2)', 'type': {'kind': 'INT', 'name': 'int'}}], 'ret_type': {'kind': 'INT', 'name': 'int'}}}
		sem_alloc_security  : {'kind': 'PTR', 'type': {'kind': 'FUNC_PROTO', 'params': [{'name': '(anon)', 'type': {'kind': 'PTR', 'type': {'kind': 'STRUCT', 'name': 'sem_array'}}}], 'ret_type': {'kind': 'INT', 'name': 'int'}}}
		                    ->{'kind': 'PTR', 'type': {'kind': 'FUNC_PROTO', 'params': [{'name': '(anon)', 'type': {'kind': 'PTR', 'type': {'kind': 'STRUCT', 'name': 'kern_ipc_perm'}}}], 'ret_type': {'kind': 'INT', 'name': 'int'}}}
		sem_free_security   : {'kind': 'PTR', 'type': {'kind': 'FUNC_PROTO', 'params': [{'name': '(anon)', 'type': {'kind': 'PTR', 'type': {'kind': 'STRUCT', 'name': 'sem_array'}}}], 'ret_type': {'name': 'void', 'kind': 'VOID'}}}
		                    ->{'kind': 'PTR', 'type': {'kind': 'FUNC_PROTO', 'params': [{'name': '(anon)', 'type': {'kind': 'PTR', 'type': {'kind': 'STRUCT', 'name': 'kern_ipc_perm'}}}], 'ret_type': {'name': 'void', 'kind': 'VOID'}}}
		sem_associate       : {'kind': 'PTR', 'type': {'kind': 'FUNC_PROTO', 'params': [{'name': '(anon)', 'type': {'kind': 'PTR', 'type': {'kind': 'STRUCT', 'name': 'sem_array'}}}, {'name': '(anon-1)', 'type': {'kind': 'INT', 'name': 'int'}}], 'ret_type': {'kind': 'INT', 'name': 'int'}}}
		                    ->{'kind': 'PTR', 'type': {'kind': 'FUNC_PROTO', 'params': [{'name': '(anon)', 'type': {'kind': 'PTR', 'type': {'kind': 'STRUCT', 'name': 'kern_ipc_perm'}}}, {'name': '(anon-1)', 'type': {'kind': 'INT', 'name': 'int'}}], 'ret_type': {'kind': 'INT', 'name': 'int'}}}
		sem_semctl          : {'kind': 'PTR', 'type': {'kind': 'FUNC_PROTO', 'params': [{'name': '(anon)', 'type': {'kind': 'PTR', 'type': {'kind': 'STRUCT', 'name': 'sem_array'}}}, {'name': '(anon-1)', 'type': {'kind': 'INT', 'name': 'int'}}], 'ret_type': {'kind': 'INT', 'name': 'int'}}}
		                    ->{'kind': 'PTR', 'type': {'kind': 'FUNC_PROTO', 'params': [{'name': '(anon)', 'type': {'kind': 'PTR', 'type': {'kind': 'STRUCT', 'name': 'kern_ipc_perm'}}}, {'name': '(anon-1)', 'type': {'kind': 'INT', 'name': 'int'}}], 'ret_type': {'kind': 'INT', 'name': 'int'}}}
		sem_semop           : {'kind': 'PTR', 'type': {'kind': 'FUNC_PROTO', 'params': [{'name': '(anon)', 'type': {'kind': 'PTR', 'type': {'kind': 'STRUCT', 'name': 'sem_array'}}}, {'name': '(anon-1)', 'type': {'kind': 'PTR', 'type': {'kind': 'STRUCT', 'name': 'sembuf'}}}, {'name': '(anon-2)', 'type': {'kind': 'INT', 'name': 'unsigned int'}}, {'name': '(anon-3)', 'type': {'kind': 'INT', 'name': 'int'}}], 'ret_type': {'kind': 'INT', 'name': 'int'}}}
		                    ->{'kind': 'PTR', 'type': {'kind': 'FUNC_PROTO', 'params': [{'name': '(anon)', 'type': {'kind': 'PTR', 'type': {'kind': 'STRUCT', 'name': 'kern_ipc_perm'}}}, {'name': '(anon-1)', 'type': {'kind': 'PTR', 'type': {'kind': 'STRUCT', 'name': 'sembuf'}}}, {'name': '(anon-2)', 'type': {'kind': 'INT', 'name': 'unsigned int'}}, {'name': '(anon-3)', 'type': {'kind': 'INT', 'name': 'int'}}], 'ret_type': {'kind': 'INT', 'name': 'int'}}}
	Layout changed
