Added FUNC (29): ['perf_trace_initcall_finish', 'perf_trace_initcall_start', 'perf_trace_initcall_level', 'perf_trace_event_init', 'perf_trace_xdp_devmap_xmit', 'perf_trace_rseq_ip_fixup', 'perf_trace_rseq_update', 'perf_trace_ext4_error', 'perf_trace_ext4_shutdown', 'perf_trace_urandom_read', 'perf_trace_random_read', 'perf_trace_random__extract_entropy', 'perf_trace_random__get_random_bytes', 'perf_trace_xfer_secondary_pool', 'perf_trace_add_disk_randomness', 'perf_trace_add_input_randomness', 'perf_trace_debit_entropy', 'perf_trace_push_to_pool', 'perf_trace_credit_entropy_bits', 'perf_trace_random__mix_pool_bytes', 'perf_trace_add_device_randomness', 'perf_trace_rtc_timer_class', 'perf_trace_rtc_offset_class', 'perf_trace_rtc_alarm_irq_enable', 'perf_trace_rtc_irq_set_state', 'perf_trace_rtc_irq_set_freq', 'perf_trace_rtc_time_alarm_class', 'perf_trace_tcp_probe', 'perf_trace_inet_sock_set_state']
Removed FUNC (12): ['perf_trace_bpf_map_next_key', 'perf_trace_bpf_map_delete_elem', 'perf_trace_bpf_map_keyval', 'perf_trace_bpf_obj_map', 'perf_trace_bpf_obj_prog', 'perf_trace_bpf_map_create', 'perf_trace_bpf_prog_load', 'perf_trace_bpf_prog_event', 'perf_trace_ext4_nfs_commit_metadata', 'perf_trace_fib_validate_source', 'perf_trace_fib_table_lookup_nh', 'perf_trace_tcp_set_state']
Changed FUNC (9): ['perf_trace_hrtimer_start', 'perf_trace_mm_vmscan_lru_shrink_inactive', 'perf_trace_mm_shrink_slab_start', 'perf_trace_mm_vmscan_wakeup_kswapd', 'perf_trace_writeback_queue_io', 'perf_trace_aer_event', 'perf_trace_fib6_table_lookup', 'perf_trace_fib_table_lookup', 'perf_trace_tcp_event_sk']
Reasons FUNC (5): [('Param added', 7), ('Param removed', 4), ('Param type changed', 1), ('Param reordered', 3), ('Return type changed', 0)]
perf_trace_hrtimer_start
	Param added
		mode                : {'kind': 'ENUM', 'name': 'hrtimer_mode', 'size': 4}
perf_trace_mm_vmscan_lru_shrink_inactive
	Param added
		stat                : {'kind': 'PTR', 'type': {'kind': 'STRUCT', 'name': 'reclaim_stat'}}
	Param removed
		nr_dirty            : {'kind': 'INT', 'name': 'long unsigned int'}
		nr_writeback        : {'kind': 'INT', 'name': 'long unsigned int'}
		nr_congested        : {'kind': 'INT', 'name': 'long unsigned int'}
		nr_immediate        : {'kind': 'INT', 'name': 'long unsigned int'}
		nr_activate         : {'kind': 'INT', 'name': 'long unsigned int'}
		nr_ref_keep         : {'kind': 'INT', 'name': 'long unsigned int'}
		nr_unmap_fail       : {'kind': 'INT', 'name': 'long unsigned int'}
	Param reordered
		                     ['__data', 'nid', 'nr_scanned', 'nr_reclaimed', 'nr_dirty', 'nr_writeback', 'nr_congested', 'nr_immediate', 'nr_activate', 'nr_ref_keep', 'nr_unmap_fail', 'priority', 'file']
		                     ['__data', 'nid', 'nr_scanned', 'nr_reclaimed', 'stat', 'priority', 'file']
perf_trace_mm_shrink_slab_start
	Param added
		priority            : {'kind': 'INT', 'name': 'int'}
	Param removed
		pgs_scanned         : {'kind': 'INT', 'name': 'long unsigned int'}
		lru_pgs             : {'kind': 'INT', 'name': 'long unsigned int'}
	Param reordered
		                     ['__data', 'shr', 'sc', 'nr_objects_to_shrink', 'pgs_scanned', 'lru_pgs', 'cache_items', 'delta', 'total_scan']
		                     ['__data', 'shr', 'sc', 'nr_objects_to_shrink', 'cache_items', 'delta', 'total_scan', 'priority']
perf_trace_mm_vmscan_wakeup_kswapd
	Param added
		gfp_flags           : {'kind': 'TYPEDEF', 'name': 'gfp_t'}
perf_trace_writeback_queue_io
	Param removed
		dirtied_before      : {'kind': 'INT', 'name': 'long unsigned int'}
	Param reordered
		                     ['__data', 'wb', 'work', 'dirtied_before', 'moved']
		                     ['__data', 'wb', 'work', 'moved']
perf_trace_aer_event
	Param added
		tlp_header_valid    : {'kind': 'CONST', 'name': '(anon)', 'type': {'kind': 'TYPEDEF', 'name': 'u8'}}
		tlp                 : {'kind': 'PTR', 'type': {'kind': 'STRUCT', 'name': 'aer_header_log_regs'}}
perf_trace_fib6_table_lookup
	Param added
		f6i                 : {'kind': 'PTR', 'type': {'kind': 'CONST', 'name': '(anon)', 'type': {'kind': 'STRUCT', 'name': 'fib6_info'}}}
	Param removed
		rt                  : {'kind': 'PTR', 'type': {'kind': 'CONST', 'name': '(anon)', 'type': {'kind': 'STRUCT', 'name': 'rt6_info'}}}
perf_trace_fib_table_lookup
	Param added
		nh                  : {'kind': 'PTR', 'type': {'kind': 'CONST', 'name': '(anon)', 'type': {'kind': 'STRUCT', 'name': 'fib_nh'}}}
		err                 : {'kind': 'INT', 'name': 'int'}
perf_trace_tcp_event_sk
	Param type changed
		sk                  : {'kind': 'PTR', 'type': {'kind': 'CONST', 'name': '(anon)', 'type': {'kind': 'STRUCT', 'name': 'sock'}}}
		                    ->{'kind': 'PTR', 'type': {'kind': 'STRUCT', 'name': 'sock'}}
