Old Kind.UNION (102): ['fpregs_state', 'irq_stack_union', 'sigval', 'kernfs_node_id', 'thread_union', 'key_payload', 'perf_mem_data_src', 'flowi_uli', 'ethtool_flow_union', 'perf_capabilities']
New Kind.UNION (108): ['fpregs_state', 'irq_stack_union', 'sigval', '__sifields', 'kernfs_node_id', 'thread_union', 'key_payload', 'perf_mem_data_src', 'bpf_attr', 'flowi_uli']
Added Kind.UNION (8): ['__sifields', 'hv_gpa_page_range', 'apic_ir', 'fscrypt_iv', 'sidtab_entry_inner', 'phy_configure_opts', 'ec_response_get_next_data_v1', 'tls_crypto_context']
Removed Kind.UNION (2): ['tpm2_cmd_params', 'ec_response_get_next_data']
Common Kind.UNION (100): ['fpregs_state', 'irq_stack_union', 'sigval', 'kernfs_node_id', 'thread_union', 'key_payload', 'perf_mem_data_src', 'flowi_uli', 'ethtool_flow_union', 'perf_capabilities']
Changed Kind.UNION (3): ['bpf_attr', 'proc_op', 'security_list_options']
Kind.UNION  bpf_attr
                     Layout changed
Kind.UNION  proc_op
                     Added fields:
                                      lsm: {'kind': 'PTR', 'type': {'kind': 'CONST', 'name': '(anon)', 'type': {'kind': 'INT', 'name': 'char'}}}
Kind.UNION  security_list_options
                     Added fields:
                         sb_free_mnt_opts: {'kind': 'PTR', 'type': {'kind': 'FUNC_PROTO', 'params': [{'name': '(anon)', 'type': {'kind': 'PTR', 'type': {'name': 'void', 'kind': 'VOID'}}}], 'ret_type': {'name': 'void', 'kind': 'VOID'}}}
                          sb_eat_lsm_opts: {'kind': 'PTR', 'type': {'kind': 'FUNC_PROTO', 'params': [{'name': '(anon)', 'type': {'kind': 'PTR', 'type': {'kind': 'INT', 'name': 'char'}}}, {'name': '(anon)', 'type': {'kind': 'PTR', 'type': {'kind': 'PTR', 'type': {'name': 'void', 'kind': 'VOID'}}}}], 'ret_type': {'kind': 'INT', 'name': 'int'}}}
                           sb_add_mnt_opt: {'kind': 'PTR', 'type': {'kind': 'FUNC_PROTO', 'params': [{'name': '(anon)', 'type': {'kind': 'PTR', 'type': {'kind': 'CONST', 'name': '(anon)', 'type': {'kind': 'INT', 'name': 'char'}}}}, {'name': '(anon)', 'type': {'kind': 'PTR', 'type': {'kind': 'CONST', 'name': '(anon)', 'type': {'kind': 'INT', 'name': 'char'}}}}, {'name': '(anon)', 'type': {'kind': 'INT', 'name': 'int'}}, {'name': '(anon)', 'type': {'kind': 'PTR', 'type': {'kind': 'PTR', 'type': {'name': 'void', 'kind': 'VOID'}}}}], 'ret_type': {'kind': 'INT', 'name': 'int'}}}
                         kernel_load_data: {'kind': 'PTR', 'type': {'kind': 'FUNC_PROTO', 'params': [{'name': '(anon)', 'type': {'kind': 'ENUM', 'name': 'kernel_load_data_id', 'size': 4}}], 'ret_type': {'kind': 'INT', 'name': 'int'}}}
                     Removed fields:
                             sb_copy_data: {'kind': 'PTR', 'type': {'kind': 'FUNC_PROTO', 'params': [{'name': '(anon)', 'type': {'kind': 'PTR', 'type': {'kind': 'INT', 'name': 'char'}}}, {'name': '(anon)', 'type': {'kind': 'PTR', 'type': {'kind': 'INT', 'name': 'char'}}}], 'ret_type': {'kind': 'INT', 'name': 'int'}}}
                        sb_parse_opts_str: {'kind': 'PTR', 'type': {'kind': 'FUNC_PROTO', 'params': [{'name': '(anon)', 'type': {'kind': 'PTR', 'type': {'kind': 'INT', 'name': 'char'}}}, {'name': '(anon)', 'type': {'kind': 'PTR', 'type': {'kind': 'STRUCT', 'name': 'security_mnt_opts'}}}], 'ret_type': {'kind': 'INT', 'name': 'int'}}}
                     Field type changed:
                                  capable: {'kind': 'PTR', 'type': {'kind': 'FUNC_PROTO', 'params': [{'name': '(anon)', 'type': {'kind': 'PTR', 'type': {'kind': 'CONST', 'name': '(anon)', 'type': {'kind': 'STRUCT', 'name': 'cred'}}}}, {'name': '(anon)', 'type': {'kind': 'PTR', 'type': {'kind': 'STRUCT', 'name': 'user_namespace'}}}, {'name': '(anon)', 'type': {'kind': 'INT', 'name': 'int'}}, {'name': '(anon)', 'type': {'kind': 'INT', 'name': 'int'}}], 'ret_type': {'kind': 'INT', 'name': 'int'}}}
                                         ->{'kind': 'PTR', 'type': {'kind': 'FUNC_PROTO', 'params': [{'name': '(anon)', 'type': {'kind': 'PTR', 'type': {'kind': 'CONST', 'name': '(anon)', 'type': {'kind': 'STRUCT', 'name': 'cred'}}}}, {'name': '(anon)', 'type': {'kind': 'PTR', 'type': {'kind': 'STRUCT', 'name': 'user_namespace'}}}, {'name': '(anon)', 'type': {'kind': 'INT', 'name': 'int'}}, {'name': '(anon)', 'type': {'kind': 'INT', 'name': 'unsigned int'}}], 'ret_type': {'kind': 'INT', 'name': 'int'}}}
                            sb_kern_mount: {'kind': 'PTR', 'type': {'kind': 'FUNC_PROTO', 'params': [{'name': '(anon)', 'type': {'kind': 'PTR', 'type': {'kind': 'STRUCT', 'name': 'super_block'}}}, {'name': '(anon)', 'type': {'kind': 'INT', 'name': 'int'}}, {'name': '(anon)', 'type': {'kind': 'PTR', 'type': {'name': 'void', 'kind': 'VOID'}}}], 'ret_type': {'kind': 'INT', 'name': 'int'}}}
                                         ->{'kind': 'PTR', 'type': {'kind': 'FUNC_PROTO', 'params': [{'name': '(anon)', 'type': {'kind': 'PTR', 'type': {'kind': 'STRUCT', 'name': 'super_block'}}}], 'ret_type': {'kind': 'INT', 'name': 'int'}}}
                          sb_set_mnt_opts: {'kind': 'PTR', 'type': {'kind': 'FUNC_PROTO', 'params': [{'name': '(anon)', 'type': {'kind': 'PTR', 'type': {'kind': 'STRUCT', 'name': 'super_block'}}}, {'name': '(anon)', 'type': {'kind': 'PTR', 'type': {'kind': 'STRUCT', 'name': 'security_mnt_opts'}}}, {'name': '(anon)', 'type': {'kind': 'INT', 'name': 'long unsigned int'}}, {'name': '(anon)', 'type': {'kind': 'PTR', 'type': {'kind': 'INT', 'name': 'long unsigned int'}}}], 'ret_type': {'kind': 'INT', 'name': 'int'}}}
                                         ->{'kind': 'PTR', 'type': {'kind': 'FUNC_PROTO', 'params': [{'name': '(anon)', 'type': {'kind': 'PTR', 'type': {'kind': 'STRUCT', 'name': 'super_block'}}}, {'name': '(anon)', 'type': {'kind': 'PTR', 'type': {'name': 'void', 'kind': 'VOID'}}}, {'name': '(anon)', 'type': {'kind': 'INT', 'name': 'long unsigned int'}}, {'name': '(anon)', 'type': {'kind': 'PTR', 'type': {'kind': 'INT', 'name': 'long unsigned int'}}}], 'ret_type': {'kind': 'INT', 'name': 'int'}}}
                                file_open: {'kind': 'PTR', 'type': {'kind': 'FUNC_PROTO', 'params': [{'name': '(anon)', 'type': {'kind': 'PTR', 'type': {'kind': 'STRUCT', 'name': 'file'}}}, {'name': '(anon)', 'type': {'kind': 'PTR', 'type': {'kind': 'CONST', 'name': '(anon)', 'type': {'kind': 'STRUCT', 'name': 'cred'}}}}], 'ret_type': {'kind': 'INT', 'name': 'int'}}}
                                         ->{'kind': 'PTR', 'type': {'kind': 'FUNC_PROTO', 'params': [{'name': '(anon)', 'type': {'kind': 'PTR', 'type': {'kind': 'STRUCT', 'name': 'file'}}}], 'ret_type': {'kind': 'INT', 'name': 'int'}}}
                                task_kill: {'kind': 'PTR', 'type': {'kind': 'FUNC_PROTO', 'params': [{'name': '(anon)', 'type': {'kind': 'PTR', 'type': {'kind': 'STRUCT', 'name': 'task_struct'}}}, {'name': '(anon)', 'type': {'kind': 'PTR', 'type': {'kind': 'STRUCT', 'name': 'siginfo'}}}, {'name': '(anon)', 'type': {'kind': 'INT', 'name': 'int'}}, {'name': '(anon)', 'type': {'kind': 'PTR', 'type': {'kind': 'CONST', 'name': '(anon)', 'type': {'kind': 'STRUCT', 'name': 'cred'}}}}], 'ret_type': {'kind': 'INT', 'name': 'int'}}}
                                         ->{'kind': 'PTR', 'type': {'kind': 'FUNC_PROTO', 'params': [{'name': '(anon)', 'type': {'kind': 'PTR', 'type': {'kind': 'STRUCT', 'name': 'task_struct'}}}, {'name': '(anon)', 'type': {'kind': 'PTR', 'type': {'kind': 'STRUCT', 'name': 'kernel_siginfo'}}}, {'name': '(anon)', 'type': {'kind': 'INT', 'name': 'int'}}, {'name': '(anon)', 'type': {'kind': 'PTR', 'type': {'kind': 'CONST', 'name': '(anon)', 'type': {'kind': 'STRUCT', 'name': 'cred'}}}}], 'ret_type': {'kind': 'INT', 'name': 'int'}}}
