Old Kind.UNION (108): ['fpregs_state', 'irq_stack_union', 'sigval', '__sifields', 'kernfs_node_id', 'thread_union', 'key_payload', 'perf_mem_data_src', 'bpf_attr', 'flowi_uli']
New Kind.UNION (113): ['fpregs_state', 'sigval', '__sifields', 'kernfs_node_id', 'thread_union', 'key_payload', 'perf_mem_data_src', 'bpf_attr', 'flowi_uli', 'ethtool_flow_union']
Added Kind.UNION (7): ['acpi_subtable_headers', 'hv_stimer_config', 'nf_inet_addr', 'nf_conntrack_man_proto', 'nf_conntrack_proto', 'devlink_param_value', 'pptp_ctrl_union']
Removed Kind.UNION (2): ['irq_stack_union', 'c']
Common Kind.UNION (106): ['fpregs_state', 'sigval', '__sifields', 'kernfs_node_id', 'thread_union', 'key_payload', 'perf_mem_data_src', 'bpf_attr', 'flowi_uli', 'ethtool_flow_union']
Changed Kind.UNION (5): ['security_list_options', 'nested_table', 'hdmi_infoframe', 'ec_response_get_next_data_v1', 'tls_crypto_context']
Reasons Kind.UNION (5): [('Sub added', 4), ('Sub removed', 1), ('Sub reordered', 0), ('Sub type changed', 2), ('Layout changed', 0)]
security_list_options
	Sub added
		fs_context_dup      : {'kind': 'PTR', 'type': {'kind': 'FUNC_PROTO', 'params': [{'name': '(anon)', 'type': {'kind': 'PTR', 'type': {'kind': 'STRUCT', 'name': 'fs_context'}}}, {'name': '(anon-1)', 'type': {'kind': 'PTR', 'type': {'kind': 'STRUCT', 'name': 'fs_context'}}}], 'ret_type': {'kind': 'INT', 'name': 'int'}}}
		fs_context_parse_param: {'kind': 'PTR', 'type': {'kind': 'FUNC_PROTO', 'params': [{'name': '(anon)', 'type': {'kind': 'PTR', 'type': {'kind': 'STRUCT', 'name': 'fs_context'}}}, {'name': '(anon-1)', 'type': {'kind': 'PTR', 'type': {'kind': 'STRUCT', 'name': 'fs_parameter'}}}], 'ret_type': {'kind': 'INT', 'name': 'int'}}}
		move_mount          : {'kind': 'PTR', 'type': {'kind': 'FUNC_PROTO', 'params': [{'name': '(anon)', 'type': {'kind': 'PTR', 'type': {'kind': 'CONST', 'name': '(anon)', 'type': {'kind': 'STRUCT', 'name': 'path'}}}}, {'name': '(anon-1)', 'type': {'kind': 'PTR', 'type': {'kind': 'CONST', 'name': '(anon)', 'type': {'kind': 'STRUCT', 'name': 'path'}}}}], 'ret_type': {'kind': 'INT', 'name': 'int'}}}
		kernfs_init_security: {'kind': 'PTR', 'type': {'kind': 'FUNC_PROTO', 'params': [{'name': '(anon)', 'type': {'kind': 'PTR', 'type': {'kind': 'STRUCT', 'name': 'kernfs_node'}}}, {'name': '(anon-1)', 'type': {'kind': 'PTR', 'type': {'kind': 'STRUCT', 'name': 'kernfs_node'}}}], 'ret_type': {'kind': 'INT', 'name': 'int'}}}
	Sub type changed
		audit_rule_match    : {'kind': 'PTR', 'type': {'kind': 'FUNC_PROTO', 'params': [{'name': '(anon)', 'type': {'kind': 'TYPEDEF', 'name': 'u32'}}, {'name': '(anon-1)', 'type': {'kind': 'TYPEDEF', 'name': 'u32'}}, {'name': '(anon-2)', 'type': {'kind': 'TYPEDEF', 'name': 'u32'}}, {'name': '(anon-3)', 'type': {'kind': 'PTR', 'type': {'name': 'void', 'kind': 'VOID'}}}, {'name': '(anon-4)', 'type': {'kind': 'PTR', 'type': {'kind': 'STRUCT', 'name': 'audit_context'}}}], 'ret_type': {'kind': 'INT', 'name': 'int'}}}
		                    ->{'kind': 'PTR', 'type': {'kind': 'FUNC_PROTO', 'params': [{'name': '(anon)', 'type': {'kind': 'TYPEDEF', 'name': 'u32'}}, {'name': '(anon-1)', 'type': {'kind': 'TYPEDEF', 'name': 'u32'}}, {'name': '(anon-2)', 'type': {'kind': 'TYPEDEF', 'name': 'u32'}}, {'name': '(anon-3)', 'type': {'kind': 'PTR', 'type': {'name': 'void', 'kind': 'VOID'}}}], 'ret_type': {'kind': 'INT', 'name': 'int'}}}
nested_table
	Sub type changed
		bucket              : {'kind': 'PTR', 'type': {'kind': 'STRUCT', 'name': 'rhash_head'}}
		                    ->{'kind': 'PTR', 'type': {'kind': 'STRUCT', 'name': 'rhash_lock_head'}}
hdmi_infoframe
	Sub added
		drm                 : {'kind': 'STRUCT', 'name': 'hdmi_drm_infoframe'}
ec_response_get_next_data_v1
	Sub added
		host_event64        : {'kind': 'TYPEDEF', 'name': 'uint64_t'}
		sensor_fifo         : {'kind': 'STRUCT', 'name': '(anon)'}
		fp_events           : {'kind': 'TYPEDEF', 'name': 'uint32_t'}
tls_crypto_context
	Sub added
		(anon)              : {'kind': 'UNION', 'name': '(anon)'}
	Sub removed
		aes_gcm_128         : {'kind': 'STRUCT', 'name': 'tls12_crypto_info_aes_gcm_128'}
