Old Kind.FUNC (46910): ['copy_bootdata', 'early_make_pgtable', 'reset_early_page_tables', '__startup_secondary_64', '__startup_64', 'x86_64_start_reservations', 'x86_64_start_kernel', '__early_make_pgtable', 'read_cr3_pa', 'clear_page']
New Kind.FUNC (47961): ['copy_bootdata', 'early_make_pgtable', 'reset_early_page_tables', '__startup_secondary_64', '__startup_64', 'x86_64_start_reservations', 'x86_64_start_kernel', '__early_make_pgtable', 'read_cr3_pa', 'memcpy']
Added Kind.FUNC (1400): ['pgtable_cache_init', 'rootfs_init_fs_context', 'x86_pmu_aux_output_match', 'amd_put_event_constraints_f17h', 'intel_pmu_aux_output_match', 'is_intel_pt_event', 'pt_topa_entry_for_page', 'hswep_has_limit_sbox', 'xen_parse_no_vector_callback', 'xen_domu_set_legacy_features']
Removed Kind.FUNC (349): ['clear_page', 'pgd_cache_init', 'rootfs_mount', 'cr4_clear_bits', 'intel_pmu_drain_pebs_buffer', 'pt_buffer_fini_topa', 'xen_write_cr8', 'xen_read_cr8', 'handle_irq', 'kernel_fpu_begin']
Common Kind.FUNC (46561): ['copy_bootdata', 'early_make_pgtable', 'reset_early_page_tables', '__startup_secondary_64', '__startup_64', 'x86_64_start_reservations', 'x86_64_start_kernel', '__early_make_pgtable', 'read_cr3_pa', 'memcpy']
Changed Kind.FUNC (338): ['_iommu_event_show', 'uncore_event_show', '__uncore_iperf_cfg_show', '__uncore_qlx_cfg_show', '__uncore_xbr_mask_show', '__uncore_xbr_match_show', '__uncore_xbr_mm_cfg_show', '__uncore_pld_show', '__uncore_iss_show', '__uncore_map_show']
Reasons Kind.FUNC (4): [('Added params', 253), ('Removed params', 206), ('Param type changed', 146), ('Return type changed', 32)]
_iommu_event_show
	Added params:
		dev                 : {'kind': 'PTR', 'type': {'kind': 'STRUCT', 'name': 'device'}}
	Removed params:
		kobj                : {'kind': 'PTR', 'type': {'kind': 'STRUCT', 'name': 'kobject'}}
	Param type changed:
		attr                : {'kind': 'PTR', 'type': {'kind': 'STRUCT', 'name': 'kobj_attribute'}}
		                    ->{'kind': 'PTR', 'type': {'kind': 'STRUCT', 'name': 'device_attribute'}}
uncore_event_show
	Added params:
		dev                 : {'kind': 'PTR', 'type': {'kind': 'STRUCT', 'name': 'device'}}
	Removed params:
		kobj                : {'kind': 'PTR', 'type': {'kind': 'STRUCT', 'name': 'kobject'}}
	Param type changed:
		attr                : {'kind': 'PTR', 'type': {'kind': 'STRUCT', 'name': 'kobj_attribute'}}
		                    ->{'kind': 'PTR', 'type': {'kind': 'STRUCT', 'name': 'device_attribute'}}
__uncore_iperf_cfg_show
	Added params:
		dev                 : {'kind': 'PTR', 'type': {'kind': 'STRUCT', 'name': 'device'}}
	Removed params:
		kobj                : {'kind': 'PTR', 'type': {'kind': 'STRUCT', 'name': 'kobject'}}
	Param type changed:
		attr                : {'kind': 'PTR', 'type': {'kind': 'STRUCT', 'name': 'kobj_attribute'}}
		                    ->{'kind': 'PTR', 'type': {'kind': 'STRUCT', 'name': 'device_attribute'}}
__uncore_qlx_cfg_show
	Added params:
		dev                 : {'kind': 'PTR', 'type': {'kind': 'STRUCT', 'name': 'device'}}
	Removed params:
		kobj                : {'kind': 'PTR', 'type': {'kind': 'STRUCT', 'name': 'kobject'}}
	Param type changed:
		attr                : {'kind': 'PTR', 'type': {'kind': 'STRUCT', 'name': 'kobj_attribute'}}
		                    ->{'kind': 'PTR', 'type': {'kind': 'STRUCT', 'name': 'device_attribute'}}
__uncore_xbr_mask_show
	Added params:
		dev                 : {'kind': 'PTR', 'type': {'kind': 'STRUCT', 'name': 'device'}}
	Removed params:
		kobj                : {'kind': 'PTR', 'type': {'kind': 'STRUCT', 'name': 'kobject'}}
	Param type changed:
		attr                : {'kind': 'PTR', 'type': {'kind': 'STRUCT', 'name': 'kobj_attribute'}}
		                    ->{'kind': 'PTR', 'type': {'kind': 'STRUCT', 'name': 'device_attribute'}}
__uncore_xbr_match_show
	Added params:
		dev                 : {'kind': 'PTR', 'type': {'kind': 'STRUCT', 'name': 'device'}}
	Removed params:
		kobj                : {'kind': 'PTR', 'type': {'kind': 'STRUCT', 'name': 'kobject'}}
	Param type changed:
		attr                : {'kind': 'PTR', 'type': {'kind': 'STRUCT', 'name': 'kobj_attribute'}}
		                    ->{'kind': 'PTR', 'type': {'kind': 'STRUCT', 'name': 'device_attribute'}}
__uncore_xbr_mm_cfg_show
	Added params:
		dev                 : {'kind': 'PTR', 'type': {'kind': 'STRUCT', 'name': 'device'}}
	Removed params:
		kobj                : {'kind': 'PTR', 'type': {'kind': 'STRUCT', 'name': 'kobject'}}
	Param type changed:
		attr                : {'kind': 'PTR', 'type': {'kind': 'STRUCT', 'name': 'kobj_attribute'}}
		                    ->{'kind': 'PTR', 'type': {'kind': 'STRUCT', 'name': 'device_attribute'}}
__uncore_pld_show
	Added params:
		dev                 : {'kind': 'PTR', 'type': {'kind': 'STRUCT', 'name': 'device'}}
	Removed params:
		kobj                : {'kind': 'PTR', 'type': {'kind': 'STRUCT', 'name': 'kobject'}}
	Param type changed:
		attr                : {'kind': 'PTR', 'type': {'kind': 'STRUCT', 'name': 'kobj_attribute'}}
		                    ->{'kind': 'PTR', 'type': {'kind': 'STRUCT', 'name': 'device_attribute'}}
__uncore_iss_show
	Added params:
		dev                 : {'kind': 'PTR', 'type': {'kind': 'STRUCT', 'name': 'device'}}
	Removed params:
		kobj                : {'kind': 'PTR', 'type': {'kind': 'STRUCT', 'name': 'kobject'}}
	Param type changed:
		attr                : {'kind': 'PTR', 'type': {'kind': 'STRUCT', 'name': 'kobj_attribute'}}
		                    ->{'kind': 'PTR', 'type': {'kind': 'STRUCT', 'name': 'device_attribute'}}
__uncore_map_show
	Added params:
		dev                 : {'kind': 'PTR', 'type': {'kind': 'STRUCT', 'name': 'device'}}
	Removed params:
		kobj                : {'kind': 'PTR', 'type': {'kind': 'STRUCT', 'name': 'kobject'}}
	Param type changed:
		attr                : {'kind': 'PTR', 'type': {'kind': 'STRUCT', 'name': 'kobj_attribute'}}
		                    ->{'kind': 'PTR', 'type': {'kind': 'STRUCT', 'name': 'device_attribute'}}
__uncore_pgt_show
	Added params:
		dev                 : {'kind': 'PTR', 'type': {'kind': 'STRUCT', 'name': 'device'}}
	Removed params:
		kobj                : {'kind': 'PTR', 'type': {'kind': 'STRUCT', 'name': 'kobject'}}
	Param type changed:
		attr                : {'kind': 'PTR', 'type': {'kind': 'STRUCT', 'name': 'kobj_attribute'}}
		                    ->{'kind': 'PTR', 'type': {'kind': 'STRUCT', 'name': 'device_attribute'}}
__uncore_fvc_show
	Added params:
		dev                 : {'kind': 'PTR', 'type': {'kind': 'STRUCT', 'name': 'device'}}
	Removed params:
		kobj                : {'kind': 'PTR', 'type': {'kind': 'STRUCT', 'name': 'kobject'}}
	Param type changed:
		attr                : {'kind': 'PTR', 'type': {'kind': 'STRUCT', 'name': 'kobj_attribute'}}
		                    ->{'kind': 'PTR', 'type': {'kind': 'STRUCT', 'name': 'device_attribute'}}
__uncore_thr_show
	Added params:
		dev                 : {'kind': 'PTR', 'type': {'kind': 'STRUCT', 'name': 'device'}}
	Removed params:
		kobj                : {'kind': 'PTR', 'type': {'kind': 'STRUCT', 'name': 'kobject'}}
	Param type changed:
		attr                : {'kind': 'PTR', 'type': {'kind': 'STRUCT', 'name': 'kobj_attribute'}}
		                    ->{'kind': 'PTR', 'type': {'kind': 'STRUCT', 'name': 'device_attribute'}}
__uncore_dsp_show
	Added params:
		dev                 : {'kind': 'PTR', 'type': {'kind': 'STRUCT', 'name': 'device'}}
	Removed params:
		kobj                : {'kind': 'PTR', 'type': {'kind': 'STRUCT', 'name': 'kobject'}}
	Param type changed:
		attr                : {'kind': 'PTR', 'type': {'kind': 'STRUCT', 'name': 'kobj_attribute'}}
		                    ->{'kind': 'PTR', 'type': {'kind': 'STRUCT', 'name': 'device_attribute'}}
__uncore_filter_mask_show
	Added params:
		dev                 : {'kind': 'PTR', 'type': {'kind': 'STRUCT', 'name': 'device'}}
	Removed params:
		kobj                : {'kind': 'PTR', 'type': {'kind': 'STRUCT', 'name': 'kobject'}}
	Param type changed:
		attr                : {'kind': 'PTR', 'type': {'kind': 'STRUCT', 'name': 'kobj_attribute'}}
		                    ->{'kind': 'PTR', 'type': {'kind': 'STRUCT', 'name': 'device_attribute'}}
__uncore_filter_match_show
	Added params:
		dev                 : {'kind': 'PTR', 'type': {'kind': 'STRUCT', 'name': 'device'}}
	Removed params:
		kobj                : {'kind': 'PTR', 'type': {'kind': 'STRUCT', 'name': 'kobject'}}
	Param type changed:
		attr                : {'kind': 'PTR', 'type': {'kind': 'STRUCT', 'name': 'kobj_attribute'}}
		                    ->{'kind': 'PTR', 'type': {'kind': 'STRUCT', 'name': 'device_attribute'}}
__uncore_filter_cfg_en_show
	Added params:
		dev                 : {'kind': 'PTR', 'type': {'kind': 'STRUCT', 'name': 'device'}}
	Removed params:
		kobj                : {'kind': 'PTR', 'type': {'kind': 'STRUCT', 'name': 'kobject'}}
	Param type changed:
		attr                : {'kind': 'PTR', 'type': {'kind': 'STRUCT', 'name': 'kobj_attribute'}}
		                    ->{'kind': 'PTR', 'type': {'kind': 'STRUCT', 'name': 'device_attribute'}}
__uncore_set_flag_sel_show
	Added params:
		dev                 : {'kind': 'PTR', 'type': {'kind': 'STRUCT', 'name': 'device'}}
	Removed params:
		kobj                : {'kind': 'PTR', 'type': {'kind': 'STRUCT', 'name': 'kobject'}}
	Param type changed:
		attr                : {'kind': 'PTR', 'type': {'kind': 'STRUCT', 'name': 'kobj_attribute'}}
		                    ->{'kind': 'PTR', 'type': {'kind': 'STRUCT', 'name': 'device_attribute'}}
__uncore_inc_sel_show
	Added params:
		dev                 : {'kind': 'PTR', 'type': {'kind': 'STRUCT', 'name': 'device'}}
	Removed params:
		kobj                : {'kind': 'PTR', 'type': {'kind': 'STRUCT', 'name': 'kobject'}}
	Param type changed:
		attr                : {'kind': 'PTR', 'type': {'kind': 'STRUCT', 'name': 'kobj_attribute'}}
		                    ->{'kind': 'PTR', 'type': {'kind': 'STRUCT', 'name': 'device_attribute'}}
__uncore_flag_mode_show
	Added params:
		dev                 : {'kind': 'PTR', 'type': {'kind': 'STRUCT', 'name': 'device'}}
	Removed params:
		kobj                : {'kind': 'PTR', 'type': {'kind': 'STRUCT', 'name': 'kobject'}}
	Param type changed:
		attr                : {'kind': 'PTR', 'type': {'kind': 'STRUCT', 'name': 'kobj_attribute'}}
		                    ->{'kind': 'PTR', 'type': {'kind': 'STRUCT', 'name': 'device_attribute'}}
__uncore_wrap_mode_show
	Added params:
		dev                 : {'kind': 'PTR', 'type': {'kind': 'STRUCT', 'name': 'device'}}
	Removed params:
		kobj                : {'kind': 'PTR', 'type': {'kind': 'STRUCT', 'name': 'kobject'}}
	Param type changed:
		attr                : {'kind': 'PTR', 'type': {'kind': 'STRUCT', 'name': 'kobj_attribute'}}
		                    ->{'kind': 'PTR', 'type': {'kind': 'STRUCT', 'name': 'device_attribute'}}
__uncore_storage_mode_show
	Added params:
		dev                 : {'kind': 'PTR', 'type': {'kind': 'STRUCT', 'name': 'device'}}
	Removed params:
		kobj                : {'kind': 'PTR', 'type': {'kind': 'STRUCT', 'name': 'kobject'}}
	Param type changed:
		attr                : {'kind': 'PTR', 'type': {'kind': 'STRUCT', 'name': 'kobj_attribute'}}
		                    ->{'kind': 'PTR', 'type': {'kind': 'STRUCT', 'name': 'device_attribute'}}
__uncore_count_mode_show
	Added params:
		dev                 : {'kind': 'PTR', 'type': {'kind': 'STRUCT', 'name': 'device'}}
	Removed params:
		kobj                : {'kind': 'PTR', 'type': {'kind': 'STRUCT', 'name': 'kobject'}}
	Param type changed:
		attr                : {'kind': 'PTR', 'type': {'kind': 'STRUCT', 'name': 'kobj_attribute'}}
		                    ->{'kind': 'PTR', 'type': {'kind': 'STRUCT', 'name': 'device_attribute'}}
__uncore_mask_show
	Added params:
		dev                 : {'kind': 'PTR', 'type': {'kind': 'STRUCT', 'name': 'device'}}
	Removed params:
		kobj                : {'kind': 'PTR', 'type': {'kind': 'STRUCT', 'name': 'kobject'}}
	Param type changed:
		attr                : {'kind': 'PTR', 'type': {'kind': 'STRUCT', 'name': 'kobj_attribute'}}
		                    ->{'kind': 'PTR', 'type': {'kind': 'STRUCT', 'name': 'device_attribute'}}
__uncore_match_show
	Added params:
		dev                 : {'kind': 'PTR', 'type': {'kind': 'STRUCT', 'name': 'device'}}
	Removed params:
		kobj                : {'kind': 'PTR', 'type': {'kind': 'STRUCT', 'name': 'kobject'}}
	Param type changed:
		attr                : {'kind': 'PTR', 'type': {'kind': 'STRUCT', 'name': 'kobj_attribute'}}
		                    ->{'kind': 'PTR', 'type': {'kind': 'STRUCT', 'name': 'device_attribute'}}
__uncore_counter_show
	Added params:
		dev                 : {'kind': 'PTR', 'type': {'kind': 'STRUCT', 'name': 'device'}}
	Removed params:
		kobj                : {'kind': 'PTR', 'type': {'kind': 'STRUCT', 'name': 'kobject'}}
	Param type changed:
		attr                : {'kind': 'PTR', 'type': {'kind': 'STRUCT', 'name': 'kobj_attribute'}}
		                    ->{'kind': 'PTR', 'type': {'kind': 'STRUCT', 'name': 'device_attribute'}}
__uncore_thresh8_show
	Added params:
		dev                 : {'kind': 'PTR', 'type': {'kind': 'STRUCT', 'name': 'device'}}
	Removed params:
		kobj                : {'kind': 'PTR', 'type': {'kind': 'STRUCT', 'name': 'kobject'}}
	Param type changed:
		attr                : {'kind': 'PTR', 'type': {'kind': 'STRUCT', 'name': 'kobj_attribute'}}
		                    ->{'kind': 'PTR', 'type': {'kind': 'STRUCT', 'name': 'device_attribute'}}
__uncore_inv_show
	Added params:
		dev                 : {'kind': 'PTR', 'type': {'kind': 'STRUCT', 'name': 'device'}}
	Removed params:
		kobj                : {'kind': 'PTR', 'type': {'kind': 'STRUCT', 'name': 'kobject'}}
	Param type changed:
		attr                : {'kind': 'PTR', 'type': {'kind': 'STRUCT', 'name': 'kobj_attribute'}}
		                    ->{'kind': 'PTR', 'type': {'kind': 'STRUCT', 'name': 'device_attribute'}}
__uncore_edge_show
	Added params:
		dev                 : {'kind': 'PTR', 'type': {'kind': 'STRUCT', 'name': 'device'}}
	Removed params:
		kobj                : {'kind': 'PTR', 'type': {'kind': 'STRUCT', 'name': 'kobject'}}
	Param type changed:
		attr                : {'kind': 'PTR', 'type': {'kind': 'STRUCT', 'name': 'kobj_attribute'}}
		                    ->{'kind': 'PTR', 'type': {'kind': 'STRUCT', 'name': 'device_attribute'}}
__uncore_umask_show
	Added params:
		dev                 : {'kind': 'PTR', 'type': {'kind': 'STRUCT', 'name': 'device'}}
	Removed params:
		kobj                : {'kind': 'PTR', 'type': {'kind': 'STRUCT', 'name': 'kobject'}}
	Param type changed:
		attr                : {'kind': 'PTR', 'type': {'kind': 'STRUCT', 'name': 'kobj_attribute'}}
		                    ->{'kind': 'PTR', 'type': {'kind': 'STRUCT', 'name': 'device_attribute'}}
__uncore_event5_show
	Added params:
		dev                 : {'kind': 'PTR', 'type': {'kind': 'STRUCT', 'name': 'device'}}
	Removed params:
		kobj                : {'kind': 'PTR', 'type': {'kind': 'STRUCT', 'name': 'kobject'}}
	Param type changed:
		attr                : {'kind': 'PTR', 'type': {'kind': 'STRUCT', 'name': 'kobj_attribute'}}
		                    ->{'kind': 'PTR', 'type': {'kind': 'STRUCT', 'name': 'device_attribute'}}
__uncore_event_show
	Added params:
		dev                 : {'kind': 'PTR', 'type': {'kind': 'STRUCT', 'name': 'device'}}
	Removed params:
		kobj                : {'kind': 'PTR', 'type': {'kind': 'STRUCT', 'name': 'kobject'}}
	Param type changed:
		attr                : {'kind': 'PTR', 'type': {'kind': 'STRUCT', 'name': 'kobj_attribute'}}
		                    ->{'kind': 'PTR', 'type': {'kind': 'STRUCT', 'name': 'device_attribute'}}
__uncore_cmask8_show
	Added params:
		dev                 : {'kind': 'PTR', 'type': {'kind': 'STRUCT', 'name': 'device'}}
	Removed params:
		kobj                : {'kind': 'PTR', 'type': {'kind': 'STRUCT', 'name': 'kobject'}}
	Param type changed:
		attr                : {'kind': 'PTR', 'type': {'kind': 'STRUCT', 'name': 'kobj_attribute'}}
		                    ->{'kind': 'PTR', 'type': {'kind': 'STRUCT', 'name': 'device_attribute'}}
__uncore_cmask5_show
	Added params:
		dev                 : {'kind': 'PTR', 'type': {'kind': 'STRUCT', 'name': 'device'}}
	Removed params:
		kobj                : {'kind': 'PTR', 'type': {'kind': 'STRUCT', 'name': 'kobject'}}
	Param type changed:
		attr                : {'kind': 'PTR', 'type': {'kind': 'STRUCT', 'name': 'kobj_attribute'}}
		                    ->{'kind': 'PTR', 'type': {'kind': 'STRUCT', 'name': 'device_attribute'}}
__uncore_mask1_show
	Added params:
		dev                 : {'kind': 'PTR', 'type': {'kind': 'STRUCT', 'name': 'device'}}
	Removed params:
		kobj                : {'kind': 'PTR', 'type': {'kind': 'STRUCT', 'name': 'kobject'}}
	Param type changed:
		attr                : {'kind': 'PTR', 'type': {'kind': 'STRUCT', 'name': 'kobj_attribute'}}
		                    ->{'kind': 'PTR', 'type': {'kind': 'STRUCT', 'name': 'device_attribute'}}
__uncore_mask0_show
	Added params:
		dev                 : {'kind': 'PTR', 'type': {'kind': 'STRUCT', 'name': 'device'}}
	Removed params:
		kobj                : {'kind': 'PTR', 'type': {'kind': 'STRUCT', 'name': 'kobject'}}
	Param type changed:
		attr                : {'kind': 'PTR', 'type': {'kind': 'STRUCT', 'name': 'kobj_attribute'}}
		                    ->{'kind': 'PTR', 'type': {'kind': 'STRUCT', 'name': 'device_attribute'}}
__uncore_mask_vnw_show
	Added params:
		dev                 : {'kind': 'PTR', 'type': {'kind': 'STRUCT', 'name': 'device'}}
	Removed params:
		kobj                : {'kind': 'PTR', 'type': {'kind': 'STRUCT', 'name': 'kobject'}}
	Param type changed:
		attr                : {'kind': 'PTR', 'type': {'kind': 'STRUCT', 'name': 'kobj_attribute'}}
		                    ->{'kind': 'PTR', 'type': {'kind': 'STRUCT', 'name': 'device_attribute'}}
__uncore_mask_opc_show
	Added params:
		dev                 : {'kind': 'PTR', 'type': {'kind': 'STRUCT', 'name': 'device'}}
	Removed params:
		kobj                : {'kind': 'PTR', 'type': {'kind': 'STRUCT', 'name': 'kobject'}}
	Param type changed:
		attr                : {'kind': 'PTR', 'type': {'kind': 'STRUCT', 'name': 'kobj_attribute'}}
		                    ->{'kind': 'PTR', 'type': {'kind': 'STRUCT', 'name': 'device_attribute'}}
__uncore_mask_mc_show
	Added params:
		dev                 : {'kind': 'PTR', 'type': {'kind': 'STRUCT', 'name': 'device'}}
	Removed params:
		kobj                : {'kind': 'PTR', 'type': {'kind': 'STRUCT', 'name': 'kobject'}}
	Param type changed:
		attr                : {'kind': 'PTR', 'type': {'kind': 'STRUCT', 'name': 'kobj_attribute'}}
		                    ->{'kind': 'PTR', 'type': {'kind': 'STRUCT', 'name': 'device_attribute'}}
__uncore_mask_dnid_show
	Added params:
		dev                 : {'kind': 'PTR', 'type': {'kind': 'STRUCT', 'name': 'device'}}
	Removed params:
		kobj                : {'kind': 'PTR', 'type': {'kind': 'STRUCT', 'name': 'kobject'}}
	Param type changed:
		attr                : {'kind': 'PTR', 'type': {'kind': 'STRUCT', 'name': 'kobj_attribute'}}
		                    ->{'kind': 'PTR', 'type': {'kind': 'STRUCT', 'name': 'device_attribute'}}
__uncore_mask_rnid4_show
	Added params:
		dev                 : {'kind': 'PTR', 'type': {'kind': 'STRUCT', 'name': 'device'}}
	Removed params:
		kobj                : {'kind': 'PTR', 'type': {'kind': 'STRUCT', 'name': 'kobject'}}
	Param type changed:
		attr                : {'kind': 'PTR', 'type': {'kind': 'STRUCT', 'name': 'kobj_attribute'}}
		                    ->{'kind': 'PTR', 'type': {'kind': 'STRUCT', 'name': 'device_attribute'}}
__uncore_mask_rnid30_show
	Added params:
		dev                 : {'kind': 'PTR', 'type': {'kind': 'STRUCT', 'name': 'device'}}
	Removed params:
		kobj                : {'kind': 'PTR', 'type': {'kind': 'STRUCT', 'name': 'kobject'}}
	Param type changed:
		attr                : {'kind': 'PTR', 'type': {'kind': 'STRUCT', 'name': 'kobj_attribute'}}
		                    ->{'kind': 'PTR', 'type': {'kind': 'STRUCT', 'name': 'device_attribute'}}
__uncore_mask_rds_show
	Added params:
		dev                 : {'kind': 'PTR', 'type': {'kind': 'STRUCT', 'name': 'device'}}
	Removed params:
		kobj                : {'kind': 'PTR', 'type': {'kind': 'STRUCT', 'name': 'kobject'}}
	Param type changed:
		attr                : {'kind': 'PTR', 'type': {'kind': 'STRUCT', 'name': 'kobj_attribute'}}
		                    ->{'kind': 'PTR', 'type': {'kind': 'STRUCT', 'name': 'device_attribute'}}
__uncore_match1_show
	Added params:
		dev                 : {'kind': 'PTR', 'type': {'kind': 'STRUCT', 'name': 'device'}}
	Removed params:
		kobj                : {'kind': 'PTR', 'type': {'kind': 'STRUCT', 'name': 'kobject'}}
	Param type changed:
		attr                : {'kind': 'PTR', 'type': {'kind': 'STRUCT', 'name': 'kobj_attribute'}}
		                    ->{'kind': 'PTR', 'type': {'kind': 'STRUCT', 'name': 'device_attribute'}}
__uncore_match0_show
	Added params:
		dev                 : {'kind': 'PTR', 'type': {'kind': 'STRUCT', 'name': 'device'}}
	Removed params:
		kobj                : {'kind': 'PTR', 'type': {'kind': 'STRUCT', 'name': 'kobject'}}
	Param type changed:
		attr                : {'kind': 'PTR', 'type': {'kind': 'STRUCT', 'name': 'kobj_attribute'}}
		                    ->{'kind': 'PTR', 'type': {'kind': 'STRUCT', 'name': 'device_attribute'}}
__uncore_match_vnw_show
	Added params:
		dev                 : {'kind': 'PTR', 'type': {'kind': 'STRUCT', 'name': 'device'}}
	Removed params:
		kobj                : {'kind': 'PTR', 'type': {'kind': 'STRUCT', 'name': 'kobject'}}
	Param type changed:
		attr                : {'kind': 'PTR', 'type': {'kind': 'STRUCT', 'name': 'kobj_attribute'}}
		                    ->{'kind': 'PTR', 'type': {'kind': 'STRUCT', 'name': 'device_attribute'}}
__uncore_match_opc_show
	Added params:
		dev                 : {'kind': 'PTR', 'type': {'kind': 'STRUCT', 'name': 'device'}}
	Removed params:
		kobj                : {'kind': 'PTR', 'type': {'kind': 'STRUCT', 'name': 'kobject'}}
	Param type changed:
		attr                : {'kind': 'PTR', 'type': {'kind': 'STRUCT', 'name': 'kobj_attribute'}}
		                    ->{'kind': 'PTR', 'type': {'kind': 'STRUCT', 'name': 'device_attribute'}}
__uncore_match_mc_show
	Added params:
		dev                 : {'kind': 'PTR', 'type': {'kind': 'STRUCT', 'name': 'device'}}
	Removed params:
		kobj                : {'kind': 'PTR', 'type': {'kind': 'STRUCT', 'name': 'kobject'}}
	Param type changed:
		attr                : {'kind': 'PTR', 'type': {'kind': 'STRUCT', 'name': 'kobj_attribute'}}
		                    ->{'kind': 'PTR', 'type': {'kind': 'STRUCT', 'name': 'device_attribute'}}
__uncore_match_dnid_show
	Added params:
		dev                 : {'kind': 'PTR', 'type': {'kind': 'STRUCT', 'name': 'device'}}
	Removed params:
		kobj                : {'kind': 'PTR', 'type': {'kind': 'STRUCT', 'name': 'kobject'}}
	Param type changed:
		attr                : {'kind': 'PTR', 'type': {'kind': 'STRUCT', 'name': 'kobj_attribute'}}
		                    ->{'kind': 'PTR', 'type': {'kind': 'STRUCT', 'name': 'device_attribute'}}
__uncore_match_rnid4_show
	Added params:
		dev                 : {'kind': 'PTR', 'type': {'kind': 'STRUCT', 'name': 'device'}}
	Removed params:
		kobj                : {'kind': 'PTR', 'type': {'kind': 'STRUCT', 'name': 'kobject'}}
	Param type changed:
		attr                : {'kind': 'PTR', 'type': {'kind': 'STRUCT', 'name': 'kobj_attribute'}}
		                    ->{'kind': 'PTR', 'type': {'kind': 'STRUCT', 'name': 'device_attribute'}}
__uncore_match_rnid30_show
	Added params:
		dev                 : {'kind': 'PTR', 'type': {'kind': 'STRUCT', 'name': 'device'}}
	Removed params:
		kobj                : {'kind': 'PTR', 'type': {'kind': 'STRUCT', 'name': 'kobject'}}
	Param type changed:
		attr                : {'kind': 'PTR', 'type': {'kind': 'STRUCT', 'name': 'kobj_attribute'}}
		                    ->{'kind': 'PTR', 'type': {'kind': 'STRUCT', 'name': 'device_attribute'}}
__uncore_match_rds_show
	Added params:
		dev                 : {'kind': 'PTR', 'type': {'kind': 'STRUCT', 'name': 'device'}}
	Removed params:
		kobj                : {'kind': 'PTR', 'type': {'kind': 'STRUCT', 'name': 'kobject'}}
	Param type changed:
		attr                : {'kind': 'PTR', 'type': {'kind': 'STRUCT', 'name': 'kobj_attribute'}}
		                    ->{'kind': 'PTR', 'type': {'kind': 'STRUCT', 'name': 'device_attribute'}}
__uncore_filter_band3_show
	Added params:
		dev                 : {'kind': 'PTR', 'type': {'kind': 'STRUCT', 'name': 'device'}}
	Removed params:
		kobj                : {'kind': 'PTR', 'type': {'kind': 'STRUCT', 'name': 'kobject'}}
	Param type changed:
		attr                : {'kind': 'PTR', 'type': {'kind': 'STRUCT', 'name': 'kobj_attribute'}}
		                    ->{'kind': 'PTR', 'type': {'kind': 'STRUCT', 'name': 'device_attribute'}}
__uncore_filter_band2_show
	Added params:
		dev                 : {'kind': 'PTR', 'type': {'kind': 'STRUCT', 'name': 'device'}}
	Removed params:
		kobj                : {'kind': 'PTR', 'type': {'kind': 'STRUCT', 'name': 'kobject'}}
	Param type changed:
		attr                : {'kind': 'PTR', 'type': {'kind': 'STRUCT', 'name': 'kobj_attribute'}}
		                    ->{'kind': 'PTR', 'type': {'kind': 'STRUCT', 'name': 'device_attribute'}}
__uncore_filter_band1_show
	Added params:
		dev                 : {'kind': 'PTR', 'type': {'kind': 'STRUCT', 'name': 'device'}}
	Removed params:
		kobj                : {'kind': 'PTR', 'type': {'kind': 'STRUCT', 'name': 'kobject'}}
	Param type changed:
		attr                : {'kind': 'PTR', 'type': {'kind': 'STRUCT', 'name': 'kobj_attribute'}}
		                    ->{'kind': 'PTR', 'type': {'kind': 'STRUCT', 'name': 'device_attribute'}}
__uncore_filter_band0_show
	Added params:
		dev                 : {'kind': 'PTR', 'type': {'kind': 'STRUCT', 'name': 'device'}}
	Removed params:
		kobj                : {'kind': 'PTR', 'type': {'kind': 'STRUCT', 'name': 'kobject'}}
	Param type changed:
		attr                : {'kind': 'PTR', 'type': {'kind': 'STRUCT', 'name': 'kobj_attribute'}}
		                    ->{'kind': 'PTR', 'type': {'kind': 'STRUCT', 'name': 'device_attribute'}}
__uncore_filter_isoc_show
	Added params:
		dev                 : {'kind': 'PTR', 'type': {'kind': 'STRUCT', 'name': 'device'}}
	Removed params:
		kobj                : {'kind': 'PTR', 'type': {'kind': 'STRUCT', 'name': 'kobject'}}
	Param type changed:
		attr                : {'kind': 'PTR', 'type': {'kind': 'STRUCT', 'name': 'kobj_attribute'}}
		                    ->{'kind': 'PTR', 'type': {'kind': 'STRUCT', 'name': 'device_attribute'}}
__uncore_filter_c6_show
	Added params:
		dev                 : {'kind': 'PTR', 'type': {'kind': 'STRUCT', 'name': 'device'}}
	Removed params:
		kobj                : {'kind': 'PTR', 'type': {'kind': 'STRUCT', 'name': 'kobject'}}
	Param type changed:
		attr                : {'kind': 'PTR', 'type': {'kind': 'STRUCT', 'name': 'kobj_attribute'}}
		                    ->{'kind': 'PTR', 'type': {'kind': 'STRUCT', 'name': 'device_attribute'}}
__uncore_filter_nc_show
	Added params:
		dev                 : {'kind': 'PTR', 'type': {'kind': 'STRUCT', 'name': 'device'}}
	Removed params:
		kobj                : {'kind': 'PTR', 'type': {'kind': 'STRUCT', 'name': 'kobject'}}
	Param type changed:
		attr                : {'kind': 'PTR', 'type': {'kind': 'STRUCT', 'name': 'kobj_attribute'}}
		                    ->{'kind': 'PTR', 'type': {'kind': 'STRUCT', 'name': 'device_attribute'}}
__uncore_filter_opc_1_show
	Added params:
		dev                 : {'kind': 'PTR', 'type': {'kind': 'STRUCT', 'name': 'device'}}
	Removed params:
		kobj                : {'kind': 'PTR', 'type': {'kind': 'STRUCT', 'name': 'kobject'}}
	Param type changed:
		attr                : {'kind': 'PTR', 'type': {'kind': 'STRUCT', 'name': 'kobj_attribute'}}
		                    ->{'kind': 'PTR', 'type': {'kind': 'STRUCT', 'name': 'device_attribute'}}
__uncore_filter_opc_0_show
	Added params:
		dev                 : {'kind': 'PTR', 'type': {'kind': 'STRUCT', 'name': 'device'}}
	Removed params:
		kobj                : {'kind': 'PTR', 'type': {'kind': 'STRUCT', 'name': 'kobject'}}
	Param type changed:
		attr                : {'kind': 'PTR', 'type': {'kind': 'STRUCT', 'name': 'kobj_attribute'}}
		                    ->{'kind': 'PTR', 'type': {'kind': 'STRUCT', 'name': 'device_attribute'}}
__uncore_filter_opc3_show
	Added params:
		dev                 : {'kind': 'PTR', 'type': {'kind': 'STRUCT', 'name': 'device'}}
	Removed params:
		kobj                : {'kind': 'PTR', 'type': {'kind': 'STRUCT', 'name': 'kobject'}}
	Param type changed:
		attr                : {'kind': 'PTR', 'type': {'kind': 'STRUCT', 'name': 'kobj_attribute'}}
		                    ->{'kind': 'PTR', 'type': {'kind': 'STRUCT', 'name': 'device_attribute'}}
__uncore_filter_opc2_show
	Added params:
		dev                 : {'kind': 'PTR', 'type': {'kind': 'STRUCT', 'name': 'device'}}
	Removed params:
		kobj                : {'kind': 'PTR', 'type': {'kind': 'STRUCT', 'name': 'kobject'}}
	Param type changed:
		attr                : {'kind': 'PTR', 'type': {'kind': 'STRUCT', 'name': 'kobj_attribute'}}
		                    ->{'kind': 'PTR', 'type': {'kind': 'STRUCT', 'name': 'device_attribute'}}
__uncore_filter_opc_show
	Added params:
		dev                 : {'kind': 'PTR', 'type': {'kind': 'STRUCT', 'name': 'device'}}
	Removed params:
		kobj                : {'kind': 'PTR', 'type': {'kind': 'STRUCT', 'name': 'kobject'}}
	Param type changed:
		attr                : {'kind': 'PTR', 'type': {'kind': 'STRUCT', 'name': 'kobj_attribute'}}
		                    ->{'kind': 'PTR', 'type': {'kind': 'STRUCT', 'name': 'device_attribute'}}
__uncore_filter_nnm_show
	Added params:
		dev                 : {'kind': 'PTR', 'type': {'kind': 'STRUCT', 'name': 'device'}}
	Removed params:
		kobj                : {'kind': 'PTR', 'type': {'kind': 'STRUCT', 'name': 'kobject'}}
	Param type changed:
		attr                : {'kind': 'PTR', 'type': {'kind': 'STRUCT', 'name': 'kobj_attribute'}}
		                    ->{'kind': 'PTR', 'type': {'kind': 'STRUCT', 'name': 'device_attribute'}}
__uncore_filter_all_op_show
	Added params:
		dev                 : {'kind': 'PTR', 'type': {'kind': 'STRUCT', 'name': 'device'}}
	Removed params:
		kobj                : {'kind': 'PTR', 'type': {'kind': 'STRUCT', 'name': 'kobject'}}
	Param type changed:
		attr                : {'kind': 'PTR', 'type': {'kind': 'STRUCT', 'name': 'kobj_attribute'}}
		                    ->{'kind': 'PTR', 'type': {'kind': 'STRUCT', 'name': 'device_attribute'}}
__uncore_filter_local_show
	Added params:
		dev                 : {'kind': 'PTR', 'type': {'kind': 'STRUCT', 'name': 'device'}}
	Removed params:
		kobj                : {'kind': 'PTR', 'type': {'kind': 'STRUCT', 'name': 'kobject'}}
	Param type changed:
		attr                : {'kind': 'PTR', 'type': {'kind': 'STRUCT', 'name': 'kobj_attribute'}}
		                    ->{'kind': 'PTR', 'type': {'kind': 'STRUCT', 'name': 'device_attribute'}}
__uncore_filter_not_nm_show
	Added params:
		dev                 : {'kind': 'PTR', 'type': {'kind': 'STRUCT', 'name': 'device'}}
	Removed params:
		kobj                : {'kind': 'PTR', 'type': {'kind': 'STRUCT', 'name': 'kobject'}}
	Param type changed:
		attr                : {'kind': 'PTR', 'type': {'kind': 'STRUCT', 'name': 'kobj_attribute'}}
		                    ->{'kind': 'PTR', 'type': {'kind': 'STRUCT', 'name': 'device_attribute'}}
__uncore_filter_nm_show
	Added params:
		dev                 : {'kind': 'PTR', 'type': {'kind': 'STRUCT', 'name': 'device'}}
	Removed params:
		kobj                : {'kind': 'PTR', 'type': {'kind': 'STRUCT', 'name': 'kobject'}}
	Param type changed:
		attr                : {'kind': 'PTR', 'type': {'kind': 'STRUCT', 'name': 'kobj_attribute'}}
		                    ->{'kind': 'PTR', 'type': {'kind': 'STRUCT', 'name': 'device_attribute'}}
__uncore_filter_loc_show
	Added params:
		dev                 : {'kind': 'PTR', 'type': {'kind': 'STRUCT', 'name': 'device'}}
	Removed params:
		kobj                : {'kind': 'PTR', 'type': {'kind': 'STRUCT', 'name': 'kobject'}}
	Param type changed:
		attr                : {'kind': 'PTR', 'type': {'kind': 'STRUCT', 'name': 'kobj_attribute'}}
		                    ->{'kind': 'PTR', 'type': {'kind': 'STRUCT', 'name': 'device_attribute'}}
__uncore_filter_rem_show
	Added params:
		dev                 : {'kind': 'PTR', 'type': {'kind': 'STRUCT', 'name': 'device'}}
	Removed params:
		kobj                : {'kind': 'PTR', 'type': {'kind': 'STRUCT', 'name': 'kobject'}}
	Param type changed:
		attr                : {'kind': 'PTR', 'type': {'kind': 'STRUCT', 'name': 'kobj_attribute'}}
		                    ->{'kind': 'PTR', 'type': {'kind': 'STRUCT', 'name': 'device_attribute'}}
__uncore_filter_state5_show
	Added params:
		dev                 : {'kind': 'PTR', 'type': {'kind': 'STRUCT', 'name': 'device'}}
	Removed params:
		kobj                : {'kind': 'PTR', 'type': {'kind': 'STRUCT', 'name': 'kobject'}}
	Param type changed:
		attr                : {'kind': 'PTR', 'type': {'kind': 'STRUCT', 'name': 'kobj_attribute'}}
		                    ->{'kind': 'PTR', 'type': {'kind': 'STRUCT', 'name': 'device_attribute'}}
__uncore_filter_state4_show
	Added params:
		dev                 : {'kind': 'PTR', 'type': {'kind': 'STRUCT', 'name': 'device'}}
	Removed params:
		kobj                : {'kind': 'PTR', 'type': {'kind': 'STRUCT', 'name': 'kobject'}}
	Param type changed:
		attr                : {'kind': 'PTR', 'type': {'kind': 'STRUCT', 'name': 'kobj_attribute'}}
		                    ->{'kind': 'PTR', 'type': {'kind': 'STRUCT', 'name': 'device_attribute'}}
__uncore_filter_state3_show
	Added params:
		dev                 : {'kind': 'PTR', 'type': {'kind': 'STRUCT', 'name': 'device'}}
	Removed params:
		kobj                : {'kind': 'PTR', 'type': {'kind': 'STRUCT', 'name': 'kobject'}}
	Param type changed:
		attr                : {'kind': 'PTR', 'type': {'kind': 'STRUCT', 'name': 'kobj_attribute'}}
		                    ->{'kind': 'PTR', 'type': {'kind': 'STRUCT', 'name': 'device_attribute'}}
__uncore_filter_state2_show
	Added params:
		dev                 : {'kind': 'PTR', 'type': {'kind': 'STRUCT', 'name': 'device'}}
	Removed params:
		kobj                : {'kind': 'PTR', 'type': {'kind': 'STRUCT', 'name': 'kobject'}}
	Param type changed:
		attr                : {'kind': 'PTR', 'type': {'kind': 'STRUCT', 'name': 'kobj_attribute'}}
		                    ->{'kind': 'PTR', 'type': {'kind': 'STRUCT', 'name': 'device_attribute'}}
__uncore_filter_state_show
	Added params:
		dev                 : {'kind': 'PTR', 'type': {'kind': 'STRUCT', 'name': 'device'}}
	Removed params:
		kobj                : {'kind': 'PTR', 'type': {'kind': 'STRUCT', 'name': 'kobject'}}
	Param type changed:
		attr                : {'kind': 'PTR', 'type': {'kind': 'STRUCT', 'name': 'kobj_attribute'}}
		                    ->{'kind': 'PTR', 'type': {'kind': 'STRUCT', 'name': 'device_attribute'}}
__uncore_filter_nid2_show
	Added params:
		dev                 : {'kind': 'PTR', 'type': {'kind': 'STRUCT', 'name': 'device'}}
	Removed params:
		kobj                : {'kind': 'PTR', 'type': {'kind': 'STRUCT', 'name': 'kobject'}}
	Param type changed:
		attr                : {'kind': 'PTR', 'type': {'kind': 'STRUCT', 'name': 'kobj_attribute'}}
		                    ->{'kind': 'PTR', 'type': {'kind': 'STRUCT', 'name': 'device_attribute'}}
__uncore_filter_nid_show
	Added params:
		dev                 : {'kind': 'PTR', 'type': {'kind': 'STRUCT', 'name': 'device'}}
	Removed params:
		kobj                : {'kind': 'PTR', 'type': {'kind': 'STRUCT', 'name': 'kobject'}}
	Param type changed:
		attr                : {'kind': 'PTR', 'type': {'kind': 'STRUCT', 'name': 'kobj_attribute'}}
		                    ->{'kind': 'PTR', 'type': {'kind': 'STRUCT', 'name': 'device_attribute'}}
__uncore_filter_link3_show
	Added params:
		dev                 : {'kind': 'PTR', 'type': {'kind': 'STRUCT', 'name': 'device'}}
	Removed params:
		kobj                : {'kind': 'PTR', 'type': {'kind': 'STRUCT', 'name': 'kobject'}}
	Param type changed:
		attr                : {'kind': 'PTR', 'type': {'kind': 'STRUCT', 'name': 'kobj_attribute'}}
		                    ->{'kind': 'PTR', 'type': {'kind': 'STRUCT', 'name': 'device_attribute'}}
__uncore_filter_link2_show
	Added params:
		dev                 : {'kind': 'PTR', 'type': {'kind': 'STRUCT', 'name': 'device'}}
	Removed params:
		kobj                : {'kind': 'PTR', 'type': {'kind': 'STRUCT', 'name': 'kobject'}}
	Param type changed:
		attr                : {'kind': 'PTR', 'type': {'kind': 'STRUCT', 'name': 'kobj_attribute'}}
		                    ->{'kind': 'PTR', 'type': {'kind': 'STRUCT', 'name': 'device_attribute'}}
__uncore_filter_link_show
	Added params:
		dev                 : {'kind': 'PTR', 'type': {'kind': 'STRUCT', 'name': 'device'}}
	Removed params:
		kobj                : {'kind': 'PTR', 'type': {'kind': 'STRUCT', 'name': 'kobject'}}
	Param type changed:
		attr                : {'kind': 'PTR', 'type': {'kind': 'STRUCT', 'name': 'kobj_attribute'}}
		                    ->{'kind': 'PTR', 'type': {'kind': 'STRUCT', 'name': 'device_attribute'}}
__uncore_filter_cid_show
	Added params:
		dev                 : {'kind': 'PTR', 'type': {'kind': 'STRUCT', 'name': 'device'}}
	Removed params:
		kobj                : {'kind': 'PTR', 'type': {'kind': 'STRUCT', 'name': 'kobject'}}
	Param type changed:
		attr                : {'kind': 'PTR', 'type': {'kind': 'STRUCT', 'name': 'kobj_attribute'}}
		                    ->{'kind': 'PTR', 'type': {'kind': 'STRUCT', 'name': 'device_attribute'}}
__uncore_filter_tid5_show
	Added params:
		dev                 : {'kind': 'PTR', 'type': {'kind': 'STRUCT', 'name': 'device'}}
	Removed params:
		kobj                : {'kind': 'PTR', 'type': {'kind': 'STRUCT', 'name': 'kobject'}}
	Param type changed:
		attr                : {'kind': 'PTR', 'type': {'kind': 'STRUCT', 'name': 'kobj_attribute'}}
		                    ->{'kind': 'PTR', 'type': {'kind': 'STRUCT', 'name': 'device_attribute'}}
__uncore_filter_tid4_show
	Added params:
		dev                 : {'kind': 'PTR', 'type': {'kind': 'STRUCT', 'name': 'device'}}
	Removed params:
		kobj                : {'kind': 'PTR', 'type': {'kind': 'STRUCT', 'name': 'kobject'}}
	Param type changed:
		attr                : {'kind': 'PTR', 'type': {'kind': 'STRUCT', 'name': 'kobj_attribute'}}
		                    ->{'kind': 'PTR', 'type': {'kind': 'STRUCT', 'name': 'device_attribute'}}
__uncore_filter_tid3_show
	Added params:
		dev                 : {'kind': 'PTR', 'type': {'kind': 'STRUCT', 'name': 'device'}}
	Removed params:
		kobj                : {'kind': 'PTR', 'type': {'kind': 'STRUCT', 'name': 'kobject'}}
	Param type changed:
		attr                : {'kind': 'PTR', 'type': {'kind': 'STRUCT', 'name': 'kobj_attribute'}}
		                    ->{'kind': 'PTR', 'type': {'kind': 'STRUCT', 'name': 'device_attribute'}}
__uncore_filter_tid2_show
	Added params:
		dev                 : {'kind': 'PTR', 'type': {'kind': 'STRUCT', 'name': 'device'}}
	Removed params:
		kobj                : {'kind': 'PTR', 'type': {'kind': 'STRUCT', 'name': 'kobject'}}
	Param type changed:
		attr                : {'kind': 'PTR', 'type': {'kind': 'STRUCT', 'name': 'kobj_attribute'}}
		                    ->{'kind': 'PTR', 'type': {'kind': 'STRUCT', 'name': 'device_attribute'}}
__uncore_filter_tid_show
	Added params:
		dev                 : {'kind': 'PTR', 'type': {'kind': 'STRUCT', 'name': 'device'}}
	Removed params:
		kobj                : {'kind': 'PTR', 'type': {'kind': 'STRUCT', 'name': 'kobject'}}
	Param type changed:
		attr                : {'kind': 'PTR', 'type': {'kind': 'STRUCT', 'name': 'kobj_attribute'}}
		                    ->{'kind': 'PTR', 'type': {'kind': 'STRUCT', 'name': 'device_attribute'}}
__uncore_fc_mask2_show
	Added params:
		dev                 : {'kind': 'PTR', 'type': {'kind': 'STRUCT', 'name': 'device'}}
	Removed params:
		kobj                : {'kind': 'PTR', 'type': {'kind': 'STRUCT', 'name': 'kobject'}}
	Param type changed:
		attr                : {'kind': 'PTR', 'type': {'kind': 'STRUCT', 'name': 'kobj_attribute'}}
		                    ->{'kind': 'PTR', 'type': {'kind': 'STRUCT', 'name': 'device_attribute'}}
__uncore_fc_mask_show
	Added params:
		dev                 : {'kind': 'PTR', 'type': {'kind': 'STRUCT', 'name': 'device'}}
	Removed params:
		kobj                : {'kind': 'PTR', 'type': {'kind': 'STRUCT', 'name': 'kobject'}}
	Param type changed:
		attr                : {'kind': 'PTR', 'type': {'kind': 'STRUCT', 'name': 'kobj_attribute'}}
		                    ->{'kind': 'PTR', 'type': {'kind': 'STRUCT', 'name': 'device_attribute'}}
__uncore_ch_mask2_show
	Added params:
		dev                 : {'kind': 'PTR', 'type': {'kind': 'STRUCT', 'name': 'device'}}
	Removed params:
		kobj                : {'kind': 'PTR', 'type': {'kind': 'STRUCT', 'name': 'kobject'}}
	Param type changed:
		attr                : {'kind': 'PTR', 'type': {'kind': 'STRUCT', 'name': 'kobj_attribute'}}
		                    ->{'kind': 'PTR', 'type': {'kind': 'STRUCT', 'name': 'device_attribute'}}
__uncore_ch_mask_show
	Added params:
		dev                 : {'kind': 'PTR', 'type': {'kind': 'STRUCT', 'name': 'device'}}
	Removed params:
		kobj                : {'kind': 'PTR', 'type': {'kind': 'STRUCT', 'name': 'kobject'}}
	Param type changed:
		attr                : {'kind': 'PTR', 'type': {'kind': 'STRUCT', 'name': 'kobj_attribute'}}
		                    ->{'kind': 'PTR', 'type': {'kind': 'STRUCT', 'name': 'device_attribute'}}
__uncore_occ_edge_det_show
	Added params:
		dev                 : {'kind': 'PTR', 'type': {'kind': 'STRUCT', 'name': 'device'}}
	Removed params:
		kobj                : {'kind': 'PTR', 'type': {'kind': 'STRUCT', 'name': 'kobject'}}
	Param type changed:
		attr                : {'kind': 'PTR', 'type': {'kind': 'STRUCT', 'name': 'kobj_attribute'}}
		                    ->{'kind': 'PTR', 'type': {'kind': 'STRUCT', 'name': 'device_attribute'}}
__uncore_occ_edge_show
	Added params:
		dev                 : {'kind': 'PTR', 'type': {'kind': 'STRUCT', 'name': 'device'}}
	Removed params:
		kobj                : {'kind': 'PTR', 'type': {'kind': 'STRUCT', 'name': 'kobject'}}
	Param type changed:
		attr                : {'kind': 'PTR', 'type': {'kind': 'STRUCT', 'name': 'kobj_attribute'}}
		                    ->{'kind': 'PTR', 'type': {'kind': 'STRUCT', 'name': 'device_attribute'}}
__uncore_occ_invert_show
	Added params:
		dev                 : {'kind': 'PTR', 'type': {'kind': 'STRUCT', 'name': 'device'}}
	Removed params:
		kobj                : {'kind': 'PTR', 'type': {'kind': 'STRUCT', 'name': 'kobject'}}
	Param type changed:
		attr                : {'kind': 'PTR', 'type': {'kind': 'STRUCT', 'name': 'kobj_attribute'}}
		                    ->{'kind': 'PTR', 'type': {'kind': 'STRUCT', 'name': 'device_attribute'}}
__uncore_occ_sel_show
	Added params:
		dev                 : {'kind': 'PTR', 'type': {'kind': 'STRUCT', 'name': 'device'}}
	Removed params:
		kobj                : {'kind': 'PTR', 'type': {'kind': 'STRUCT', 'name': 'kobject'}}
	Param type changed:
		attr                : {'kind': 'PTR', 'type': {'kind': 'STRUCT', 'name': 'kobj_attribute'}}
		                    ->{'kind': 'PTR', 'type': {'kind': 'STRUCT', 'name': 'device_attribute'}}
__uncore_thresh5_show
	Added params:
		dev                 : {'kind': 'PTR', 'type': {'kind': 'STRUCT', 'name': 'device'}}
	Removed params:
		kobj                : {'kind': 'PTR', 'type': {'kind': 'STRUCT', 'name': 'kobject'}}
	Param type changed:
		attr                : {'kind': 'PTR', 'type': {'kind': 'STRUCT', 'name': 'kobj_attribute'}}
		                    ->{'kind': 'PTR', 'type': {'kind': 'STRUCT', 'name': 'device_attribute'}}
__uncore_thresh6_show
	Added params:
		dev                 : {'kind': 'PTR', 'type': {'kind': 'STRUCT', 'name': 'device'}}
	Removed params:
		kobj                : {'kind': 'PTR', 'type': {'kind': 'STRUCT', 'name': 'kobject'}}
	Param type changed:
		attr                : {'kind': 'PTR', 'type': {'kind': 'STRUCT', 'name': 'kobj_attribute'}}
		                    ->{'kind': 'PTR', 'type': {'kind': 'STRUCT', 'name': 'device_attribute'}}
__uncore_thresh9_show
	Added params:
		dev                 : {'kind': 'PTR', 'type': {'kind': 'STRUCT', 'name': 'device'}}
	Removed params:
		kobj                : {'kind': 'PTR', 'type': {'kind': 'STRUCT', 'name': 'kobject'}}
	Param type changed:
		attr                : {'kind': 'PTR', 'type': {'kind': 'STRUCT', 'name': 'kobj_attribute'}}
		                    ->{'kind': 'PTR', 'type': {'kind': 'STRUCT', 'name': 'device_attribute'}}
__uncore_tid_en_show
	Added params:
		dev                 : {'kind': 'PTR', 'type': {'kind': 'STRUCT', 'name': 'device'}}
	Removed params:
		kobj                : {'kind': 'PTR', 'type': {'kind': 'STRUCT', 'name': 'kobject'}}
	Param type changed:
		attr                : {'kind': 'PTR', 'type': {'kind': 'STRUCT', 'name': 'kobj_attribute'}}
		                    ->{'kind': 'PTR', 'type': {'kind': 'STRUCT', 'name': 'device_attribute'}}
__uncore_qor_show
	Added params:
		dev                 : {'kind': 'PTR', 'type': {'kind': 'STRUCT', 'name': 'device'}}
	Removed params:
		kobj                : {'kind': 'PTR', 'type': {'kind': 'STRUCT', 'name': 'kobject'}}
	Param type changed:
		attr                : {'kind': 'PTR', 'type': {'kind': 'STRUCT', 'name': 'kobj_attribute'}}
		                    ->{'kind': 'PTR', 'type': {'kind': 'STRUCT', 'name': 'device_attribute'}}
__uncore_umask_ext3_show
	Added params:
		dev                 : {'kind': 'PTR', 'type': {'kind': 'STRUCT', 'name': 'device'}}
	Removed params:
		kobj                : {'kind': 'PTR', 'type': {'kind': 'STRUCT', 'name': 'kobject'}}
	Param type changed:
		attr                : {'kind': 'PTR', 'type': {'kind': 'STRUCT', 'name': 'kobj_attribute'}}
		                    ->{'kind': 'PTR', 'type': {'kind': 'STRUCT', 'name': 'device_attribute'}}
__uncore_umask_ext2_show
	Added params:
		dev                 : {'kind': 'PTR', 'type': {'kind': 'STRUCT', 'name': 'device'}}
	Removed params:
		kobj                : {'kind': 'PTR', 'type': {'kind': 'STRUCT', 'name': 'kobject'}}
	Param type changed:
		attr                : {'kind': 'PTR', 'type': {'kind': 'STRUCT', 'name': 'kobj_attribute'}}
		                    ->{'kind': 'PTR', 'type': {'kind': 'STRUCT', 'name': 'device_attribute'}}
__uncore_umask_ext_show
	Added params:
		dev                 : {'kind': 'PTR', 'type': {'kind': 'STRUCT', 'name': 'device'}}
	Removed params:
		kobj                : {'kind': 'PTR', 'type': {'kind': 'STRUCT', 'name': 'kobject'}}
	Param type changed:
		attr                : {'kind': 'PTR', 'type': {'kind': 'STRUCT', 'name': 'kobj_attribute'}}
		                    ->{'kind': 'PTR', 'type': {'kind': 'STRUCT', 'name': 'device_attribute'}}
__uncore_use_occ_ctr_show
	Added params:
		dev                 : {'kind': 'PTR', 'type': {'kind': 'STRUCT', 'name': 'device'}}
	Removed params:
		kobj                : {'kind': 'PTR', 'type': {'kind': 'STRUCT', 'name': 'kobject'}}
	Param type changed:
		attr                : {'kind': 'PTR', 'type': {'kind': 'STRUCT', 'name': 'kobj_attribute'}}
		                    ->{'kind': 'PTR', 'type': {'kind': 'STRUCT', 'name': 'device_attribute'}}
__uncore_event_ext_show
	Added params:
		dev                 : {'kind': 'PTR', 'type': {'kind': 'STRUCT', 'name': 'device'}}
	Removed params:
		kobj                : {'kind': 'PTR', 'type': {'kind': 'STRUCT', 'name': 'kobject'}}
	Param type changed:
		attr                : {'kind': 'PTR', 'type': {'kind': 'STRUCT', 'name': 'kobj_attribute'}}
		                    ->{'kind': 'PTR', 'type': {'kind': 'STRUCT', 'name': 'device_attribute'}}
__uncore_event2_show
	Added params:
		dev                 : {'kind': 'PTR', 'type': {'kind': 'STRUCT', 'name': 'device'}}
	Removed params:
		kobj                : {'kind': 'PTR', 'type': {'kind': 'STRUCT', 'name': 'kobject'}}
	Param type changed:
		attr                : {'kind': 'PTR', 'type': {'kind': 'STRUCT', 'name': 'kobj_attribute'}}
		                    ->{'kind': 'PTR', 'type': {'kind': 'STRUCT', 'name': 'device_attribute'}}
xen_convert_trap_info
	Added params:
		full                : {'kind': 'TYPEDEF', 'name': 'bool'}
	Return type changed:
		                    : {'name': 'void', 'kind': 'VOID'}
		                    ->{'kind': 'INT', 'name': 'unsigned int'}
cacheinfo_hygon_init_llc_id
	Removed params:
		node_id             : {'kind': 'TYPEDEF', 'name': 'u8'}
cacheinfo_amd_init_llc_id
	Removed params:
		node_id             : {'kind': 'TYPEDEF', 'name': 'u8'}
__mon_event_count
	Return type changed:
		                    : {'kind': 'INT', 'name': 'int'}
		                    ->{'kind': 'TYPEDEF', 'name': 'u64'}
__default_send_IPI_shortcut
	Removed params:
		dest                : {'kind': 'INT', 'name': 'unsigned int'}
x2apic_get_apic_id
	Added params:
		x                   : {'kind': 'INT', 'name': 'long unsigned int'}
	Removed params:
		id                  : {'kind': 'INT', 'name': 'long unsigned int'}
copy_clone_args_from_user
	Added params:
		usize               : {'kind': 'TYPEDEF', 'name': 'size_t'}
	Removed params:
		size                : {'kind': 'TYPEDEF', 'name': 'size_t'}
uclamp_eff_value
	Param type changed:
		clamp_id            : {'kind': 'INT', 'name': 'unsigned int'}
		                    ->{'kind': 'ENUM', 'name': 'uclamp_id', 'size': 4}
play_idle
	Added params:
		duration_us         : {'kind': 'INT', 'name': 'long unsigned int'}
	Removed params:
		duration_ms         : {'kind': 'INT', 'name': 'long unsigned int'}
throttle_cfs_rq
	Return type changed:
		                    : {'name': 'void', 'kind': 'VOID'}
		                    ->{'kind': 'TYPEDEF', 'name': 'bool'}
prepare_to_wait_exclusive
	Return type changed:
		                    : {'name': 'void', 'kind': 'VOID'}
		                    ->{'kind': 'TYPEDEF', 'name': 'bool'}
task_group_path
	Added params:
		path                : {'kind': 'PTR', 'type': {'kind': 'INT', 'name': 'char'}}
		plen                : {'kind': 'INT', 'name': 'int'}
	Return type changed:
		                    : {'kind': 'PTR', 'type': {'kind': 'INT', 'name': 'char'}}
		                    ->{'name': 'void', 'kind': 'VOID'}
rt_mutex_proxy_unlock
	Removed params:
		proxy_owner         : {'kind': 'PTR', 'type': {'kind': 'STRUCT', 'name': 'task_struct'}}
__irq_domain_alloc_fwnode
	Added params:
		pa                  : {'kind': 'PTR', 'type': {'kind': 'TYPEDEF', 'name': 'phys_addr_t'}}
	Removed params:
		data                : {'kind': 'PTR', 'type': {'name': 'void', 'kind': 'VOID'}}
swiotlb_tbl_unmap_single
	Added params:
		mapping_size        : {'kind': 'TYPEDEF', 'name': 'size_t'}
		alloc_size          : {'kind': 'TYPEDEF', 'name': 'size_t'}
	Removed params:
		size                : {'kind': 'TYPEDEF', 'name': 'size_t'}
swiotlb_tbl_map_single
	Added params:
		mapping_size        : {'kind': 'TYPEDEF', 'name': 'size_t'}
		alloc_size          : {'kind': 'TYPEDEF', 'name': 'size_t'}
	Removed params:
		size                : {'kind': 'TYPEDEF', 'name': 'size_t'}
stack_trace_snprint
	Param type changed:
		entries             : {'kind': 'PTR', 'type': {'kind': 'INT', 'name': 'long unsigned int'}}
		                    ->{'kind': 'PTR', 'type': {'kind': 'CONST', 'name': '(anon)', 'type': {'kind': 'INT', 'name': 'long unsigned int'}}}
stack_trace_print
	Param type changed:
		entries             : {'kind': 'PTR', 'type': {'kind': 'INT', 'name': 'long unsigned int'}}
		                    ->{'kind': 'PTR', 'type': {'kind': 'CONST', 'name': '(anon)', 'type': {'kind': 'INT', 'name': 'long unsigned int'}}}
hrtimer_init_sleeper
	Added params:
		clock_id            : {'kind': 'TYPEDEF', 'name': 'clockid_t'}
		mode                : {'kind': 'ENUM', 'name': 'hrtimer_mode', 'size': 4}
	Removed params:
		task                : {'kind': 'PTR', 'type': {'kind': 'STRUCT', 'name': 'task_struct'}}
do_timer_settime
	Added params:
		tmr_flags           : {'kind': 'INT', 'name': 'int'}
	Removed params:
		flags               : {'kind': 'INT', 'name': 'int'}
set_process_cpu_timer
	Added params:
		clkid               : {'kind': 'INT', 'name': 'unsigned int'}
	Removed params:
		clock_idx           : {'kind': 'INT', 'name': 'unsigned int'}
run_posix_cpu_timers
	Removed params:
		tsk                 : {'kind': 'PTR', 'type': {'kind': 'STRUCT', 'name': 'task_struct'}}
cleanup_timers
	Added params:
		pct                 : {'kind': 'PTR', 'type': {'kind': 'STRUCT', 'name': 'posix_cputimers'}}
	Removed params:
		head                : {'kind': 'PTR', 'type': {'kind': 'STRUCT', 'name': 'list_head'}}
posix_cpu_clock_get
	Added params:
		clock               : {'kind': 'CONST', 'name': '(anon)', 'type': {'kind': 'TYPEDEF', 'name': 'clockid_t'}}
	Removed params:
		which_clock         : {'kind': 'CONST', 'name': '(anon)', 'type': {'kind': 'TYPEDEF', 'name': 'clockid_t'}}
cpu_clock_sample
	Added params:
		clkid               : {'kind': 'CONST', 'name': '(anon)', 'type': {'kind': 'TYPEDEF', 'name': 'clockid_t'}}
	Removed params:
		which_clock         : {'kind': 'CONST', 'name': '(anon)', 'type': {'kind': 'TYPEDEF', 'name': 'clockid_t'}}
		sample              : {'kind': 'PTR', 'type': {'kind': 'TYPEDEF', 'name': 'u64'}}
	Return type changed:
		                    : {'kind': 'INT', 'name': 'int'}
		                    ->{'kind': 'TYPEDEF', 'name': 'u64'}
posix_cpu_clock_set
	Added params:
		clock               : {'kind': 'CONST', 'name': '(anon)', 'type': {'kind': 'TYPEDEF', 'name': 'clockid_t'}}
	Removed params:
		which_clock         : {'kind': 'CONST', 'name': '(anon)', 'type': {'kind': 'TYPEDEF', 'name': 'clockid_t'}}
bump_cpu_timer
	Return type changed:
		                    : {'name': 'void', 'kind': 'VOID'}
		                    ->{'kind': 'TYPEDEF', 'name': 'u64'}
futex_lock_pi_atomic
	Added params:
		exiting             : {'kind': 'PTR', 'type': {'kind': 'PTR', 'type': {'kind': 'STRUCT', 'name': 'task_struct'}}}
attach_to_pi_owner
	Added params:
		exiting             : {'kind': 'PTR', 'type': {'kind': 'PTR', 'type': {'kind': 'STRUCT', 'name': 'task_struct'}}}
smp_call_function_single_async
	Param type changed:
		csd                 : {'kind': 'PTR', 'type': {'kind': 'TYPEDEF', 'name': 'call_single_data_t'}}
		                    ->{'kind': 'PTR', 'type': {'kind': 'STRUCT', 'name': '__call_single_data'}}
generic_exec_single
	Param type changed:
		csd                 : {'kind': 'PTR', 'type': {'kind': 'TYPEDEF', 'name': 'call_single_data_t'}}
		                    ->{'kind': 'PTR', 'type': {'kind': 'STRUCT', 'name': '__call_single_data'}}
cmp_name
	Added params:
		name                : {'kind': 'PTR', 'type': {'kind': 'CONST', 'name': '(anon)', 'type': {'name': 'void', 'kind': 'VOID'}}}
		sym                 : {'kind': 'PTR', 'type': {'kind': 'CONST', 'name': '(anon)', 'type': {'name': 'void', 'kind': 'VOID'}}}
	Removed params:
		va                  : {'kind': 'PTR', 'type': {'kind': 'CONST', 'name': '(anon)', 'type': {'name': 'void', 'kind': 'VOID'}}}
		vb                  : {'kind': 'PTR', 'type': {'kind': 'CONST', 'name': '(anon)', 'type': {'name': 'void', 'kind': 'VOID'}}}
kprobe_on_func_entry
	Return type changed:
		                    : {'kind': 'TYPEDEF', 'name': 'bool'}
		                    ->{'kind': 'INT', 'name': 'int'}
trace_array_destroy
	Added params:
		this_tr             : {'kind': 'PTR', 'type': {'kind': 'STRUCT', 'name': 'trace_array'}}
	Removed params:
		tr                  : {'kind': 'PTR', 'type': {'kind': 'STRUCT', 'name': 'trace_array'}}
synth_event_match
	Added params:
		argc                : {'kind': 'INT', 'name': 'int'}
		argv                : {'kind': 'PTR', 'type': {'kind': 'PTR', 'type': {'kind': 'CONST', 'name': '(anon)', 'type': {'kind': 'INT', 'name': 'char'}}}}
disable_trace_kprobe
	Added params:
		call                : {'kind': 'PTR', 'type': {'kind': 'STRUCT', 'name': 'trace_event_call'}}
	Removed params:
		tk                  : {'kind': 'PTR', 'type': {'kind': 'STRUCT', 'name': 'trace_kprobe'}}
trace_kprobe_match
	Added params:
		argc                : {'kind': 'INT', 'name': 'int'}
		argv                : {'kind': 'PTR', 'type': {'kind': 'PTR', 'type': {'kind': 'CONST', 'name': '(anon)', 'type': {'kind': 'INT', 'name': 'char'}}}}
trace_probe_init
	Added params:
		alloc_filter        : {'kind': 'TYPEDEF', 'name': 'bool'}
uprobe_perf_close
	Added params:
		call                : {'kind': 'PTR', 'type': {'kind': 'STRUCT', 'name': 'trace_event_call'}}
	Removed params:
		tu                  : {'kind': 'PTR', 'type': {'kind': 'STRUCT', 'name': 'trace_uprobe'}}
probe_event_enable
	Added params:
		call                : {'kind': 'PTR', 'type': {'kind': 'STRUCT', 'name': 'trace_event_call'}}
	Removed params:
		tu                  : {'kind': 'PTR', 'type': {'kind': 'STRUCT', 'name': 'trace_uprobe'}}
trace_uprobe_match
	Added params:
		argc                : {'kind': 'INT', 'name': 'int'}
		argv                : {'kind': 'PTR', 'type': {'kind': 'PTR', 'type': {'kind': 'CONST', 'name': '(anon)', 'type': {'kind': 'INT', 'name': 'char'}}}}
check_ids
	Param type changed:
		idmap               : {'kind': 'PTR', 'type': {'kind': 'STRUCT', 'name': 'idpair'}}
		                    ->{'kind': 'PTR', 'type': {'kind': 'STRUCT', 'name': 'bpf_id_pair'}}
sanitize_ptr_alu
	Added params:
		off_reg             : {'kind': 'PTR', 'type': {'kind': 'CONST', 'name': '(anon)', 'type': {'kind': 'STRUCT', 'name': 'bpf_reg_state'}}}
		info                : {'kind': 'PTR', 'type': {'kind': 'STRUCT', 'name': 'bpf_sanitize_info'}}
		commit_window       : {'kind': 'CONST', 'name': '(anon)', 'type': {'kind': 'TYPEDEF', 'name': 'bool'}}
	Removed params:
		off_is_neg          : {'kind': 'TYPEDEF', 'name': 'bool'}
bpf_fill_super
	Added params:
		fc                  : {'kind': 'PTR', 'type': {'kind': 'STRUCT', 'name': 'fs_context'}}
	Removed params:
		data                : {'kind': 'PTR', 'type': {'name': 'void', 'kind': 'VOID'}}
		silent              : {'kind': 'INT', 'name': 'int'}
padata_alloc_possible
	Added params:
		name                : {'kind': 'PTR', 'type': {'kind': 'CONST', 'name': '(anon)', 'type': {'kind': 'INT', 'name': 'char'}}}
	Removed params:
		wq                  : {'kind': 'PTR', 'type': {'kind': 'STRUCT', 'name': 'workqueue_struct'}}
padata_replace
	Removed params:
		pd_new              : {'kind': 'PTR', 'type': {'kind': 'STRUCT', 'name': 'parallel_data'}}
	Return type changed:
		                    : {'name': 'void', 'kind': 'VOID'}
		                    ->{'kind': 'INT', 'name': 'int'}
padata_alloc_pd
	Added params:
		ps                  : {'kind': 'PTR', 'type': {'kind': 'STRUCT', 'name': 'padata_shell'}}
	Removed params:
		pinst               : {'kind': 'PTR', 'type': {'kind': 'STRUCT', 'name': 'padata_instance'}}
		pcpumask            : {'kind': 'PTR', 'type': {'kind': 'CONST', 'name': '(anon)', 'type': {'kind': 'STRUCT', 'name': 'cpumask'}}}
		cbcpumask           : {'kind': 'PTR', 'type': {'kind': 'CONST', 'name': '(anon)', 'type': {'kind': 'STRUCT', 'name': 'cpumask'}}}
padata_do_parallel
	Added params:
		ps                  : {'kind': 'PTR', 'type': {'kind': 'STRUCT', 'name': 'padata_shell'}}
	Removed params:
		pinst               : {'kind': 'PTR', 'type': {'kind': 'STRUCT', 'name': 'padata_instance'}}
	Param type changed:
		cb_cpu              : {'kind': 'INT', 'name': 'int'}
		                    ->{'kind': 'PTR', 'type': {'kind': 'INT', 'name': 'int'}}
oom_badness
	Return type changed:
		                    : {'kind': 'INT', 'name': 'long unsigned int'}
		                    ->{'kind': 'INT', 'name': 'long int'}
truncate_cleanup_page
	Removed params:
		mapping             : {'kind': 'PTR', 'type': {'kind': 'STRUCT', 'name': 'address_space'}}
shrink_page_list
	Added params:
		ignore_references   : {'kind': 'TYPEDEF', 'name': 'bool'}
	Removed params:
		force_reclaim       : {'kind': 'TYPEDEF', 'name': 'bool'}
shmem_fill_super
	Added params:
		fc                  : {'kind': 'PTR', 'type': {'kind': 'STRUCT', 'name': 'fs_context'}}
	Removed params:
		data                : {'kind': 'PTR', 'type': {'name': 'void', 'kind': 'VOID'}}
		silent              : {'kind': 'INT', 'name': 'int'}
shmem_parse_options
	Added params:
		fc                  : {'kind': 'PTR', 'type': {'kind': 'STRUCT', 'name': 'fs_context'}}
		data                : {'kind': 'PTR', 'type': {'name': 'void', 'kind': 'VOID'}}
	Removed params:
		options             : {'kind': 'PTR', 'type': {'kind': 'INT', 'name': 'char'}}
		sbinfo              : {'kind': 'PTR', 'type': {'kind': 'STRUCT', 'name': 'shmem_sb_info'}}
		remount             : {'kind': 'TYPEDEF', 'name': 'bool'}
pcpu_setup_first_chunk
	Return type changed:
		                    : {'kind': 'INT', 'name': 'int'}
		                    ->{'name': 'void', 'kind': 'VOID'}
put_user_pages_dirty_lock
	Added params:
		make_dirty          : {'kind': 'TYPEDEF', 'name': 'bool'}
walk_page_vma
	Added params:
		ops                 : {'kind': 'PTR', 'type': {'kind': 'CONST', 'name': '(anon)', 'type': {'kind': 'STRUCT', 'name': 'mm_walk_ops'}}}
		private             : {'kind': 'PTR', 'type': {'name': 'void', 'kind': 'VOID'}}
	Removed params:
		walk                : {'kind': 'PTR', 'type': {'kind': 'STRUCT', 'name': 'mm_walk'}}
walk_page_range
	Added params:
		mm                  : {'kind': 'PTR', 'type': {'kind': 'STRUCT', 'name': 'mm_struct'}}
		ops                 : {'kind': 'PTR', 'type': {'kind': 'CONST', 'name': '(anon)', 'type': {'kind': 'STRUCT', 'name': 'mm_walk_ops'}}}
		private             : {'kind': 'PTR', 'type': {'name': 'void', 'kind': 'VOID'}}
	Removed params:
		walk                : {'kind': 'PTR', 'type': {'kind': 'STRUCT', 'name': 'mm_walk'}}
memmap_init_zone
	Param type changed:
		context             : {'kind': 'ENUM', 'name': 'memmap_context', 'size': 4}
		                    ->{'kind': 'ENUM', 'name': 'meminit_context', 'size': 4}
hugetlb_fault_mutex_hash
	Removed params:
		address             : {'kind': 'INT', 'name': 'long unsigned int'}
alloc_pool_huge_page
	Added params:
		node_alloc_noretry  : {'kind': 'PTR', 'type': {'kind': 'TYPEDEF', 'name': 'nodemask_t'}}
alloc_fresh_huge_page
	Added params:
		node_alloc_noretry  : {'kind': 'PTR', 'type': {'kind': 'TYPEDEF', 'name': 'nodemask_t'}}
alloc_pages_vma
	Added params:
		hugepage            : {'kind': 'TYPEDEF', 'name': 'bool'}
zone_for_pfn_range
	Param type changed:
		start_pfn           : {'kind': 'INT', 'name': 'unsigned int'}
		                    ->{'kind': 'INT', 'name': 'long unsigned int'}
devmap_managed_enable_put
	Removed params:
		data                : {'kind': 'PTR', 'type': {'name': 'void', 'kind': 'VOID'}}
hmm_range_dma_unmap
	Removed params:
		vma                 : {'kind': 'PTR', 'type': {'kind': 'STRUCT', 'name': 'vm_area_struct'}}
hmm_range_dma_map
	Added params:
		flags               : {'kind': 'INT', 'name': 'unsigned int'}
	Removed params:
		block               : {'kind': 'TYPEDEF', 'name': 'bool'}
hmm_range_fault
	Added params:
		flags               : {'kind': 'INT', 'name': 'unsigned int'}
	Removed params:
		block               : {'kind': 'TYPEDEF', 'name': 'bool'}
hmm_range_register
	Removed params:
		start               : {'kind': 'INT', 'name': 'long unsigned int'}
		end                 : {'kind': 'INT', 'name': 'long unsigned int'}
		page_shift          : {'kind': 'INT', 'name': 'unsigned int'}
mnt_get_count
	Return type changed:
		                    : {'kind': 'INT', 'name': 'unsigned int'}
		                    ->{'kind': 'INT', 'name': 'int'}
scan_positives
	Added params:
		last                : {'kind': 'PTR', 'type': {'kind': 'STRUCT', 'name': 'dentry'}}
	Removed params:
		res                 : {'kind': 'PTR', 'type': {'kind': 'PTR', 'type': {'kind': 'STRUCT', 'name': 'dentry'}}}
	Return type changed:
		                    : {'kind': 'PTR', 'type': {'kind': 'STRUCT', 'name': 'list_head'}}
		                    ->{'kind': 'PTR', 'type': {'kind': 'STRUCT', 'name': 'dentry'}}
queue_io
	Added params:
		dirtied_before      : {'kind': 'INT', 'name': 'long unsigned int'}
move_expired_inodes
	Added params:
		dirtied_before      : {'kind': 'INT', 'name': 'long unsigned int'}
	Removed params:
		flags               : {'kind': 'INT', 'name': 'int'}
		work                : {'kind': 'PTR', 'type': {'kind': 'STRUCT', 'name': 'wb_writeback_work'}}
wb_wait_for_completion
	Removed params:
		bdi                 : {'kind': 'PTR', 'type': {'kind': 'STRUCT', 'name': 'backing_dev_info'}}
__bpf_trace_writeback_queue_io
	Added params:
		dirtied_before      : {'kind': 'INT', 'name': 'long unsigned int'}
perf_trace_writeback_queue_io
	Added params:
		dirtied_before      : {'kind': 'INT', 'name': 'long unsigned int'}
trace_event_raw_event_writeback_queue_io
	Added params:
		dirtied_before      : {'kind': 'INT', 'name': 'long unsigned int'}
lookup_bdev
	Removed params:
		mask                : {'kind': 'INT', 'name': 'int'}
inotify_find_inode
	Added params:
		mask                : {'kind': 'TYPEDEF', 'name': '__u64'}
fscrypt_msg
	Added params:
		inode               : {'kind': 'PTR', 'type': {'kind': 'CONST', 'name': '(anon)', 'type': {'kind': 'STRUCT', 'name': 'inode'}}}
	Removed params:
		sb                  : {'kind': 'PTR', 'type': {'kind': 'STRUCT', 'name': 'super_block'}}
derive_key_aes
	Added params:
		nonce               : {'kind': 'PTR', 'type': {'kind': 'CONST', 'name': '(anon)', 'type': {'kind': 'TYPEDEF', 'name': 'u8'}}}
	Removed params:
		ctx                 : {'kind': 'PTR', 'type': {'kind': 'CONST', 'name': '(anon)', 'type': {'kind': 'STRUCT', 'name': 'fscrypt_context'}}}
iomap_dio_rw
	Added params:
		dops                : {'kind': 'PTR', 'type': {'kind': 'CONST', 'name': '(anon)', 'type': {'kind': 'STRUCT', 'name': 'iomap_dio_ops'}}}
	Removed params:
		end_io              : {'kind': 'PTR', 'type': {'kind': 'TYPEDEF', 'name': 'iomap_dio_end_io_t'}}
configfs_create
	Removed params:
		init                : {'kind': 'PTR', 'type': {'kind': 'FUNC_PROTO', 'params': [{'name': '(anon)', 'type': {'kind': 'PTR', 'type': {'kind': 'STRUCT', 'name': 'inode'}}}], 'ret_type': {'name': 'void', 'kind': 'VOID'}}}
	Return type changed:
		                    : {'kind': 'INT', 'name': 'int'}
		                    ->{'kind': 'PTR', 'type': {'kind': 'STRUCT', 'name': 'inode'}}
configfs_create_link
	Added params:
		target              : {'kind': 'PTR', 'type': {'kind': 'STRUCT', 'name': 'configfs_dirent'}}
		body                : {'kind': 'PTR', 'type': {'kind': 'INT', 'name': 'char'}}
	Removed params:
		sl                  : {'kind': 'PTR', 'type': {'kind': 'STRUCT', 'name': 'configfs_symlink'}}
add_system_zone
	Added params:
		ino                 : {'kind': 'TYPEDEF', 'name': 'u32'}
__es_remove_extent
	Added params:
		reserved            : {'kind': 'PTR', 'type': {'kind': 'INT', 'name': 'int'}}
ext4_es_lookup_extent
	Added params:
		next_lblk           : {'kind': 'PTR', 'type': {'kind': 'TYPEDEF', 'name': 'ext4_lblk_t'}}
__ext4_abort
	Added params:
		error               : {'kind': 'INT', 'name': 'int'}
__ext4_error_inode
	Added params:
		error               : {'kind': 'INT', 'name': 'int'}
__ext4_error
	Added params:
		error               : {'kind': 'INT', 'name': 'int'}
		block               : {'kind': 'TYPEDEF', 'name': '__u64'}
save_error_info
	Added params:
		error               : {'kind': 'INT', 'name': 'int'}
		ino                 : {'kind': 'TYPEDEF', 'name': '__u32'}
		block               : {'kind': 'TYPEDEF', 'name': '__u64'}
__save_error_info
	Added params:
		error               : {'kind': 'INT', 'name': 'int'}
		ino                 : {'kind': 'TYPEDEF', 'name': '__u32'}
		block               : {'kind': 'TYPEDEF', 'name': '__u64'}
squashfs_fill_super
	Added params:
		fc                  : {'kind': 'PTR', 'type': {'kind': 'STRUCT', 'name': 'fs_context'}}
	Removed params:
		data                : {'kind': 'PTR', 'type': {'name': 'void', 'kind': 'VOID'}}
		silent              : {'kind': 'INT', 'name': 'int'}
squashfs_read_xattr_id_table
	Added params:
		table_start         : {'kind': 'TYPEDEF', 'name': 'u64'}
	Removed params:
		start               : {'kind': 'TYPEDEF', 'name': 'u64'}
ramfs_fill_super
	Added params:
		fc                  : {'kind': 'PTR', 'type': {'kind': 'STRUCT', 'name': 'fs_context'}}
	Removed params:
		data                : {'kind': 'PTR', 'type': {'name': 'void', 'kind': 'VOID'}}
		silent              : {'kind': 'INT', 'name': 'int'}
fuse_retrieve_end
	Added params:
		args                : {'kind': 'PTR', 'type': {'kind': 'STRUCT', 'name': 'fuse_args'}}
		error               : {'kind': 'INT', 'name': 'int'}
	Removed params:
		req                 : {'kind': 'PTR', 'type': {'kind': 'STRUCT', 'name': 'fuse_req'}}
fuse_get_req
	Added params:
		for_background      : {'kind': 'TYPEDEF', 'name': 'bool'}
	Removed params:
		npages              : {'kind': 'INT', 'name': 'unsigned int'}
fuse_request_alloc
	Added params:
		flags               : {'kind': 'TYPEDEF', 'name': 'gfp_t'}
	Removed params:
		npages              : {'kind': 'INT', 'name': 'unsigned int'}
fuse_writepage_end
	Added params:
		args                : {'kind': 'PTR', 'type': {'kind': 'STRUCT', 'name': 'fuse_args'}}
		error               : {'kind': 'INT', 'name': 'int'}
	Removed params:
		req                 : {'kind': 'PTR', 'type': {'kind': 'STRUCT', 'name': 'fuse_req'}}
fuse_send_writepage
	Added params:
		wpa                 : {'kind': 'PTR', 'type': {'kind': 'STRUCT', 'name': 'fuse_writepage_args'}}
	Removed params:
		req                 : {'kind': 'PTR', 'type': {'kind': 'STRUCT', 'name': 'fuse_req'}}
fuse_readpages_end
	Added params:
		args                : {'kind': 'PTR', 'type': {'kind': 'STRUCT', 'name': 'fuse_args'}}
		err                 : {'kind': 'INT', 'name': 'int'}
	Removed params:
		req                 : {'kind': 'PTR', 'type': {'kind': 'STRUCT', 'name': 'fuse_req'}}
fuse_async_req_send
	Added params:
		ia                  : {'kind': 'PTR', 'type': {'kind': 'STRUCT', 'name': 'fuse_io_args'}}
	Removed params:
		req                 : {'kind': 'PTR', 'type': {'kind': 'STRUCT', 'name': 'fuse_req'}}
		io                  : {'kind': 'PTR', 'type': {'kind': 'STRUCT', 'name': 'fuse_io_priv'}}
	Return type changed:
		                    : {'kind': 'TYPEDEF', 'name': 'size_t'}
		                    ->{'kind': 'TYPEDEF', 'name': 'ssize_t'}
fuse_aio_complete_req
	Added params:
		args                : {'kind': 'PTR', 'type': {'kind': 'STRUCT', 'name': 'fuse_args'}}
		err                 : {'kind': 'INT', 'name': 'int'}
	Removed params:
		req                 : {'kind': 'PTR', 'type': {'kind': 'STRUCT', 'name': 'fuse_req'}}
fuse_release_user_pages
	Added params:
		ap                  : {'kind': 'PTR', 'type': {'kind': 'STRUCT', 'name': 'fuse_args_pages'}}
	Removed params:
		req                 : {'kind': 'PTR', 'type': {'kind': 'STRUCT', 'name': 'fuse_req'}}
fuse_wait_on_page_writeback
	Return type changed:
		                    : {'kind': 'INT', 'name': 'int'}
		                    ->{'name': 'void', 'kind': 'VOID'}
fuse_find_writeback
	Return type changed:
		                    : {'kind': 'PTR', 'type': {'kind': 'STRUCT', 'name': 'fuse_req'}}
		                    ->{'kind': 'PTR', 'type': {'kind': 'STRUCT', 'name': 'fuse_writepage_args'}}
fuse_release_end
	Added params:
		args                : {'kind': 'PTR', 'type': {'kind': 'STRUCT', 'name': 'fuse_args'}}
		error               : {'kind': 'INT', 'name': 'int'}
	Removed params:
		req                 : {'kind': 'PTR', 'type': {'kind': 'STRUCT', 'name': 'fuse_req'}}
fuse_fill_super
	Added params:
		fsc                 : {'kind': 'PTR', 'type': {'kind': 'STRUCT', 'name': 'fs_context'}}
	Removed params:
		data                : {'kind': 'PTR', 'type': {'name': 'void', 'kind': 'VOID'}}
		silent              : {'kind': 'INT', 'name': 'int'}
fuse_dev_alloc
	Removed params:
		fc                  : {'kind': 'PTR', 'type': {'kind': 'STRUCT', 'name': 'fuse_conn'}}
process_init_reply
	Added params:
		args                : {'kind': 'PTR', 'type': {'kind': 'STRUCT', 'name': 'fuse_args'}}
		error               : {'kind': 'INT', 'name': 'int'}
	Removed params:
		req                 : {'kind': 'PTR', 'type': {'kind': 'STRUCT', 'name': 'fuse_req'}}
fuse_conn_init
	Added params:
		fiq_ops             : {'kind': 'PTR', 'type': {'kind': 'CONST', 'name': '(anon)', 'type': {'kind': 'STRUCT', 'name': 'fuse_iqueue_ops'}}}
		fiq_priv            : {'kind': 'PTR', 'type': {'name': 'void', 'kind': 'VOID'}}
smack_shm_shmat
	Added params:
		isp                 : {'kind': 'PTR', 'type': {'kind': 'STRUCT', 'name': 'kern_ipc_perm'}}
	Removed params:
		ipc                 : {'kind': 'PTR', 'type': {'kind': 'STRUCT', 'name': 'kern_ipc_perm'}}
get_cert_list
	Added params:
		status              : {'kind': 'PTR', 'type': {'kind': 'TYPEDEF', 'name': 'efi_status_t'}}
ima_store_measurement
	Added params:
		modsig              : {'kind': 'PTR', 'type': {'kind': 'CONST', 'name': '(anon)', 'type': {'kind': 'FWD', 'name': 'modsig', 'fwd_kind': 'struct'}}}
ima_collect_measurement
	Added params:
		modsig              : {'kind': 'PTR', 'type': {'kind': 'FWD', 'name': 'modsig', 'fwd_kind': 'struct'}}
ima_eventdigest_init_common
	Param type changed:
		digest              : {'kind': 'PTR', 'type': {'kind': 'TYPEDEF', 'name': 'u8'}}
		                    ->{'kind': 'PTR', 'type': {'kind': 'CONST', 'name': '(anon)', 'type': {'kind': 'TYPEDEF', 'name': 'u8'}}}
ima_appraise_measurement
	Added params:
		modsig              : {'kind': 'PTR', 'type': {'kind': 'CONST', 'name': '(anon)', 'type': {'kind': 'FWD', 'name': 'modsig', 'fwd_kind': 'struct'}}}
lockdown_param
	Added params:
		level               : {'kind': 'PTR', 'type': {'kind': 'INT', 'name': 'char'}}
	Removed params:
		ignored             : {'kind': 'PTR', 'type': {'kind': 'INT', 'name': 'char'}}
sha256_final
	Added params:
		sctx                : {'kind': 'PTR', 'type': {'kind': 'STRUCT', 'name': 'sha256_state'}}
	Removed params:
		desc                : {'kind': 'PTR', 'type': {'kind': 'STRUCT', 'name': 'shash_desc'}}
xor_tweak
	Added params:
		enc                 : {'kind': 'TYPEDEF', 'name': 'bool'}
aes_decrypt
	Added params:
		ctx                 : {'kind': 'PTR', 'type': {'kind': 'CONST', 'name': '(anon)', 'type': {'kind': 'STRUCT', 'name': 'crypto_aes_ctx'}}}
	Removed params:
		tfm                 : {'kind': 'PTR', 'type': {'kind': 'STRUCT', 'name': 'crypto_tfm'}}
aes_encrypt
	Added params:
		ctx                 : {'kind': 'PTR', 'type': {'kind': 'CONST', 'name': '(anon)', 'type': {'kind': 'STRUCT', 'name': 'crypto_aes_ctx'}}}
	Removed params:
		tfm                 : {'kind': 'PTR', 'type': {'kind': 'STRUCT', 'name': 'crypto_tfm'}}
update_io_ticks
	Added params:
		end                 : {'kind': 'TYPEDEF', 'name': 'bool'}
__bio_add_pc_page
	Added params:
		same_page           : {'kind': 'PTR', 'type': {'kind': 'TYPEDEF', 'name': 'bool'}}
	Removed params:
		put_same_page       : {'kind': 'TYPEDEF', 'name': 'bool'}
elevator_init_mq
	Return type changed:
		                    : {'kind': 'INT', 'name': 'int'}
		                    ->{'name': 'void', 'kind': 'VOID'}
elv_register_queue
	Added params:
		uevent              : {'kind': 'TYPEDEF', 'name': 'bool'}
elevator_find
	Added params:
		required_features   : {'kind': 'INT', 'name': 'unsigned int'}
blk_mq_init_allocated_queue
	Added params:
		elevator_init       : {'kind': 'TYPEDEF', 'name': 'bool'}
throtl_pd_alloc
	Added params:
		q                   : {'kind': 'PTR', 'type': {'kind': 'STRUCT', 'name': 'request_queue'}}
		blkcg               : {'kind': 'PTR', 'type': {'kind': 'STRUCT', 'name': 'blkcg'}}
	Removed params:
		node                : {'kind': 'INT', 'name': 'int'}
dd_bio_merge
	Added params:
		q                   : {'kind': 'PTR', 'type': {'kind': 'STRUCT', 'name': 'request_queue'}}
	Removed params:
		hctx                : {'kind': 'PTR', 'type': {'kind': 'STRUCT', 'name': 'blk_mq_hw_ctx'}}
t10_pi_generate
	Param type changed:
		type                : {'kind': 'INT', 'name': 'unsigned int'}
		                    ->{'kind': 'ENUM', 'name': 't10_dif_type', 'size': 4}
prandom_reseed
	Added params:
		unused              : {'kind': 'PTR', 'type': {'kind': 'STRUCT', 'name': 'timer_list'}}
	Return type changed:
		                    : {'kind': 'INT', 'name': 'int'}
		                    ->{'name': 'void', 'kind': 'VOID'}
csum_and_copy_to_iter
	Added params:
		_csstate            : {'kind': 'PTR', 'type': {'name': 'void', 'kind': 'VOID'}}
	Removed params:
		csump               : {'kind': 'PTR', 'type': {'name': 'void', 'kind': 'VOID'}}
__do_once_done
	Added params:
		mod                 : {'kind': 'PTR', 'type': {'kind': 'STRUCT', 'name': 'module'}}
crc_t10dif_rehash
	Added params:
		work                : {'kind': 'PTR', 'type': {'kind': 'STRUCT', 'name': 'work_struct'}}
	Removed params:
		self                : {'kind': 'PTR', 'type': {'kind': 'STRUCT', 'name': 'notifier_block'}}
		val                 : {'kind': 'INT', 'name': 'long unsigned int'}
		data                : {'kind': 'PTR', 'type': {'name': 'void', 'kind': 'VOID'}}
	Return type changed:
		                    : {'kind': 'INT', 'name': 'int'}
		                    ->{'name': 'void', 'kind': 'VOID'}
bitmap_clear_ll
	Param type changed:
		start               : {'kind': 'INT', 'name': 'int'}
		                    ->{'kind': 'INT', 'name': 'long unsigned int'}
		nr                  : {'kind': 'INT', 'name': 'int'}
		                    ->{'kind': 'INT', 'name': 'long unsigned int'}
	Return type changed:
		                    : {'kind': 'INT', 'name': 'int'}
		                    ->{'kind': 'INT', 'name': 'long unsigned int'}
pwm_apply_state
	Param type changed:
		state               : {'kind': 'PTR', 'type': {'kind': 'STRUCT', 'name': 'pwm_state'}}
		                    ->{'kind': 'PTR', 'type': {'kind': 'CONST', 'name': '(anon)', 'type': {'kind': 'STRUCT', 'name': 'pwm_state'}}}
pwm_lpss_apply
	Param type changed:
		state               : {'kind': 'PTR', 'type': {'kind': 'STRUCT', 'name': 'pwm_state'}}
		                    ->{'kind': 'PTR', 'type': {'kind': 'CONST', 'name': '(anon)', 'type': {'kind': 'STRUCT', 'name': 'pwm_state'}}}
pci_acpi_program_hp_params
	Removed params:
		hp_ops              : {'kind': 'PTR', 'type': {'kind': 'CONST', 'name': '(anon)', 'type': {'kind': 'STRUCT', 'name': 'hotplug_program_ops'}}}
__pci_msi_desc_mask_irq
	Return type changed:
		                    : {'kind': 'TYPEDEF', 'name': 'u32'}
		                    ->{'name': 'void', 'kind': 'VOID'}
bit_cursor
	Removed params:
		softback_lines      : {'kind': 'INT', 'name': 'int'}
tile_cursor
	Removed params:
		softback_lines      : {'kind': 'INT', 'name': 'int'}
cw_cursor
	Removed params:
		softback_lines      : {'kind': 'INT', 'name': 'int'}
ud_cursor
	Removed params:
		softback_lines      : {'kind': 'INT', 'name': 'int'}
ccw_cursor
	Removed params:
		softback_lines      : {'kind': 'INT', 'name': 'int'}
acpi_s2idle_wake
	Return type changed:
		                    : {'name': 'void', 'kind': 'VOID'}
		                    ->{'kind': 'TYPEDEF', 'name': 'bool'}
__acpi_device_wakeup_enable
	Removed params:
		max_count           : {'kind': 'INT', 'name': 'int'}
ec_install_handlers
	Added params:
		device              : {'kind': 'PTR', 'type': {'kind': 'STRUCT', 'name': 'acpi_device'}}
	Removed params:
		handle_events       : {'kind': 'TYPEDEF', 'name': 'bool'}
acpi_any_gpe_status_set
	Added params:
		gpe_skip_number     : {'kind': 'TYPEDEF', 'name': 'u32'}
acpi_hw_check_all_gpes
	Added params:
		gpe_skip_device     : {'kind': 'TYPEDEF', 'name': 'acpi_handle'}
		gpe_skip_number     : {'kind': 'TYPEDEF', 'name': 'u32'}
acpi_hw_get_gpe_block_status
	Added params:
		context             : {'kind': 'PTR', 'type': {'name': 'void', 'kind': 'VOID'}}
	Removed params:
		ret_ptr             : {'kind': 'PTR', 'type': {'name': 'void', 'kind': 'VOID'}}
acpi_ut_predefined_bios_error
	Param type changed:
		node_flags          : {'kind': 'TYPEDEF', 'name': 'u8'}
		                    ->{'kind': 'TYPEDEF', 'name': 'u16'}
acpi_ut_predefined_info
	Param type changed:
		node_flags          : {'kind': 'TYPEDEF', 'name': 'u8'}
		                    ->{'kind': 'TYPEDEF', 'name': 'u16'}
acpi_ut_predefined_warning
	Param type changed:
		node_flags          : {'kind': 'TYPEDEF', 'name': 'u8'}
		                    ->{'kind': 'TYPEDEF', 'name': 'u16'}
acpi_thermal_cpufreq_exit
	Added params:
		policy              : {'kind': 'PTR', 'type': {'kind': 'STRUCT', 'name': 'cpufreq_policy'}}
acpi_thermal_cpufreq_init
	Added params:
		policy              : {'kind': 'PTR', 'type': {'kind': 'STRUCT', 'name': 'cpufreq_policy'}}
acpi_processor_ppc_exit
	Added params:
		policy              : {'kind': 'PTR', 'type': {'kind': 'STRUCT', 'name': 'cpufreq_policy'}}
acpi_processor_ppc_init
	Added params:
		policy              : {'kind': 'PTR', 'type': {'kind': 'STRUCT', 'name': 'cpufreq_policy'}}
show_status
	Added params:
		kobj                : {'kind': 'PTR', 'type': {'kind': 'STRUCT', 'name': 'kobject'}}
	Removed params:
		dev                 : {'kind': 'PTR', 'type': {'kind': 'STRUCT', 'name': 'device'}}
	Param type changed:
		attr                : {'kind': 'PTR', 'type': {'kind': 'STRUCT', 'name': 'device_attribute'}}
		                    ->{'kind': 'PTR', 'type': {'kind': 'STRUCT', 'name': 'kobj_attribute'}}
show_feedback_ctrs
	Param type changed:
		attr                : {'kind': 'PTR', 'type': {'kind': 'STRUCT', 'name': 'attribute'}}
		                    ->{'kind': 'PTR', 'type': {'kind': 'STRUCT', 'name': 'kobj_attribute'}}
show_wraparound_time
	Param type changed:
		attr                : {'kind': 'PTR', 'type': {'kind': 'STRUCT', 'name': 'attribute'}}
		                    ->{'kind': 'PTR', 'type': {'kind': 'STRUCT', 'name': 'kobj_attribute'}}
show_reference_perf
	Param type changed:
		attr                : {'kind': 'PTR', 'type': {'kind': 'STRUCT', 'name': 'attribute'}}
		                    ->{'kind': 'PTR', 'type': {'kind': 'STRUCT', 'name': 'kobj_attribute'}}
show_nominal_freq
	Param type changed:
		attr                : {'kind': 'PTR', 'type': {'kind': 'STRUCT', 'name': 'attribute'}}
		                    ->{'kind': 'PTR', 'type': {'kind': 'STRUCT', 'name': 'kobj_attribute'}}
show_lowest_freq
	Param type changed:
		attr                : {'kind': 'PTR', 'type': {'kind': 'STRUCT', 'name': 'attribute'}}
		                    ->{'kind': 'PTR', 'type': {'kind': 'STRUCT', 'name': 'kobj_attribute'}}
show_lowest_nonlinear_perf
	Param type changed:
		attr                : {'kind': 'PTR', 'type': {'kind': 'STRUCT', 'name': 'attribute'}}
		                    ->{'kind': 'PTR', 'type': {'kind': 'STRUCT', 'name': 'kobj_attribute'}}
show_nominal_perf
	Param type changed:
		attr                : {'kind': 'PTR', 'type': {'kind': 'STRUCT', 'name': 'attribute'}}
		                    ->{'kind': 'PTR', 'type': {'kind': 'STRUCT', 'name': 'kobj_attribute'}}
show_lowest_perf
	Param type changed:
		attr                : {'kind': 'PTR', 'type': {'kind': 'STRUCT', 'name': 'attribute'}}
		                    ->{'kind': 'PTR', 'type': {'kind': 'STRUCT', 'name': 'kobj_attribute'}}
show_highest_perf
	Param type changed:
		attr                : {'kind': 'PTR', 'type': {'kind': 'STRUCT', 'name': 'attribute'}}
		                    ->{'kind': 'PTR', 'type': {'kind': 'STRUCT', 'name': 'kobj_attribute'}}
bind_interdomain_evtchn_to_irqhandler
	Param type changed:
		remote_port         : {'kind': 'INT', 'name': 'unsigned int'}
		                    ->{'kind': 'TYPEDEF', 'name': 'evtchn_port_t'}
bind_evtchn_to_irqhandler
	Param type changed:
		evtchn              : {'kind': 'INT', 'name': 'unsigned int'}
		                    ->{'kind': 'TYPEDEF', 'name': 'evtchn_port_t'}
bind_interdomain_evtchn_to_irq
	Param type changed:
		remote_port         : {'kind': 'INT', 'name': 'unsigned int'}
		                    ->{'kind': 'TYPEDEF', 'name': 'evtchn_port_t'}
bind_evtchn_to_irq
	Param type changed:
		evtchn              : {'kind': 'INT', 'name': 'unsigned int'}
		                    ->{'kind': 'TYPEDEF', 'name': 'evtchn_port_t'}
evtchn_2l_handle_events
	Added params:
		ctrl                : {'kind': 'PTR', 'type': {'kind': 'STRUCT', 'name': 'evtchn_loop_ctrl'}}
evtchn_fifo_handle_events
	Added params:
		ctrl                : {'kind': 'PTR', 'type': {'kind': 'STRUCT', 'name': 'evtchn_loop_ctrl'}}
__evtchn_fifo_handle_events
	Added params:
		ctrl                : {'kind': 'PTR', 'type': {'kind': 'STRUCT', 'name': 'evtchn_loop_ctrl'}}
	Removed params:
		drop                : {'kind': 'TYPEDEF', 'name': 'bool'}
xenbus_watch_pathfmt
	Added params:
		will_handle         : {'kind': 'PTR', 'type': {'kind': 'FUNC_PROTO', 'params': [{'name': '(anon)', 'type': {'kind': 'PTR', 'type': {'kind': 'STRUCT', 'name': 'xenbus_watch'}}}, {'name': '(anon-1)', 'type': {'kind': 'PTR', 'type': {'kind': 'CONST', 'name': '(anon)', 'type': {'kind': 'INT', 'name': 'char'}}}}, {'name': '(anon-2)', 'type': {'kind': 'PTR', 'type': {'kind': 'CONST', 'name': '(anon)', 'type': {'kind': 'INT', 'name': 'char'}}}}], 'ret_type': {'kind': 'TYPEDEF', 'name': 'bool'}}}
xenbus_watch_path
	Added params:
		will_handle         : {'kind': 'PTR', 'type': {'kind': 'FUNC_PROTO', 'params': [{'name': '(anon)', 'type': {'kind': 'PTR', 'type': {'kind': 'STRUCT', 'name': 'xenbus_watch'}}}, {'name': '(anon-1)', 'type': {'kind': 'PTR', 'type': {'kind': 'CONST', 'name': '(anon)', 'type': {'kind': 'INT', 'name': 'char'}}}}, {'name': '(anon-2)', 'type': {'kind': 'PTR', 'type': {'kind': 'CONST', 'name': '(anon)', 'type': {'kind': 'INT', 'name': 'char'}}}}], 'ret_type': {'kind': 'TYPEDEF', 'name': 'bool'}}}
xenbus_probe
	Removed params:
		unused              : {'kind': 'PTR', 'type': {'kind': 'STRUCT', 'name': 'work_struct'}}
set_machine_constraints
	Removed params:
		constraints         : {'kind': 'PTR', 'type': {'kind': 'CONST', 'name': '(anon)', 'type': {'kind': 'STRUCT', 'name': 'regulation_constraints'}}}
serial_pnp_resume
	Param type changed:
		dev                 : {'kind': 'PTR', 'type': {'kind': 'STRUCT', 'name': 'pnp_dev'}}
		                    ->{'kind': 'PTR', 'type': {'kind': 'STRUCT', 'name': 'device'}}
serial_pnp_suspend
	Removed params:
		state               : {'kind': 'TYPEDEF', 'name': 'pm_message_t'}
	Param type changed:
		dev                 : {'kind': 'PTR', 'type': {'kind': 'STRUCT', 'name': 'pnp_dev'}}
		                    ->{'kind': 'PTR', 'type': {'kind': 'STRUCT', 'name': 'device'}}
tpm2_init_space
	Added params:
		buf_size            : {'kind': 'INT', 'name': 'unsigned int'}
iommu_unmap_fast
	Added params:
		iotlb_gather        : {'kind': 'PTR', 'type': {'kind': 'STRUCT', 'name': 'iommu_iotlb_gather'}}
__iommu_unmap
	Added params:
		iotlb_gather        : {'kind': 'PTR', 'type': {'kind': 'STRUCT', 'name': 'iommu_iotlb_gather'}}
	Removed params:
		sync                : {'kind': 'TYPEDEF', 'name': 'bool'}
amd_iommu_unmap
	Added params:
		gather              : {'kind': 'PTR', 'type': {'kind': 'STRUCT', 'name': 'iommu_iotlb_gather'}}
intel_iommu_unmap
	Added params:
		gather              : {'kind': 'PTR', 'type': {'kind': 'STRUCT', 'name': 'iommu_iotlb_gather'}}
nvm_submit_io_sync
	Added params:
		buf                 : {'kind': 'PTR', 'type': {'name': 'void', 'kind': 'VOID'}}
nvm_submit_io
	Added params:
		buf                 : {'kind': 'PTR', 'type': {'name': 'void', 'kind': 'VOID'}}
pm_runtime_drop_link
	Added params:
		link                : {'kind': 'PTR', 'type': {'kind': 'STRUCT', 'name': 'device_link'}}
	Removed params:
		dev                 : {'kind': 'PTR', 'type': {'kind': 'STRUCT', 'name': 'device'}}
wakeup_source_register
	Added params:
		dev                 : {'kind': 'PTR', 'type': {'kind': 'STRUCT', 'name': 'device'}}
link_mem_sections
	Added params:
		context             : {'kind': 'ENUM', 'name': 'meminit_context', 'size': 4}
memory_dev_init
	Return type changed:
		                    : {'kind': 'INT', 'name': 'int'}
		                    ->{'name': 'void', 'kind': 'VOID'}
_regmap_raw_read
	Added params:
		noinc               : {'kind': 'TYPEDEF', 'name': 'bool'}
_regmap_raw_write
	Added params:
		noinc               : {'kind': 'TYPEDEF', 'name': 'bool'}
_regmap_raw_write_impl
	Added params:
		noinc               : {'kind': 'TYPEDEF', 'name': 'bool'}
alloc_dax_region
	Param type changed:
		pfn_flags           : {'kind': 'INT', 'name': 'long unsigned int'}
		                    ->{'kind': 'INT', 'name': 'long long unsigned int'}
sd_zbc_setup_reset_cmnd
	Added params:
		all                 : {'kind': 'TYPEDEF', 'name': 'bool'}
ata_noop_qc_prep
	Return type changed:
		                    : {'name': 'void', 'kind': 'VOID'}
		                    ->{'kind': 'ENUM', 'name': 'ata_completion_errors', 'size': 4}
ata_bmdma_dumb_qc_prep
	Return type changed:
		                    : {'name': 'void', 'kind': 'VOID'}
		                    ->{'kind': 'ENUM', 'name': 'ata_completion_errors', 'size': 4}
ata_bmdma_qc_prep
	Return type changed:
		                    : {'name': 'void', 'kind': 'VOID'}
		                    ->{'kind': 'ENUM', 'name': 'ata_completion_errors', 'size': 4}
quirks_param_set
	Added params:
		value               : {'kind': 'PTR', 'type': {'kind': 'CONST', 'name': '(anon)', 'type': {'kind': 'INT', 'name': 'char'}}}
	Removed params:
		val                 : {'kind': 'PTR', 'type': {'kind': 'CONST', 'name': '(anon)', 'type': {'kind': 'INT', 'name': 'char'}}}
scaled_ppm_to_ppb
	Return type changed:
		                    : {'kind': 'TYPEDEF', 'name': 's32'}
		                    ->{'kind': 'INT', 'name': 'long int'}
dev_pm_opp_attach_genpd
	Added params:
		virt_devs           : {'kind': 'PTR', 'type': {'kind': 'PTR', 'type': {'kind': 'PTR', 'type': {'kind': 'STRUCT', 'name': 'device'}}}}
cpufreq_set_policy
	Added params:
		new_gov             : {'kind': 'PTR', 'type': {'kind': 'STRUCT', 'name': 'cpufreq_governor'}}
		new_pol             : {'kind': 'INT', 'name': 'unsigned int'}
	Removed params:
		new_policy          : {'kind': 'PTR', 'type': {'kind': 'STRUCT', 'name': 'cpufreq_policy'}}
cpufreq_generic_frequency_table_verify
	Param type changed:
		policy              : {'kind': 'PTR', 'type': {'kind': 'STRUCT', 'name': 'cpufreq_policy'}}
		                    ->{'kind': 'PTR', 'type': {'kind': 'STRUCT', 'name': 'cpufreq_policy_data'}}
cpufreq_frequency_table_verify
	Param type changed:
		policy              : {'kind': 'PTR', 'type': {'kind': 'STRUCT', 'name': 'cpufreq_policy'}}
		                    ->{'kind': 'PTR', 'type': {'kind': 'STRUCT', 'name': 'cpufreq_policy_data'}}
pcc_cpufreq_verify
	Param type changed:
		policy              : {'kind': 'PTR', 'type': {'kind': 'STRUCT', 'name': 'cpufreq_policy'}}
		                    ->{'kind': 'PTR', 'type': {'kind': 'STRUCT', 'name': 'cpufreq_policy_data'}}
intel_cpufreq_verify_policy
	Param type changed:
		policy              : {'kind': 'PTR', 'type': {'kind': 'STRUCT', 'name': 'cpufreq_policy'}}
		                    ->{'kind': 'PTR', 'type': {'kind': 'STRUCT', 'name': 'cpufreq_policy_data'}}
intel_pstate_verify_policy
	Param type changed:
		policy              : {'kind': 'PTR', 'type': {'kind': 'STRUCT', 'name': 'cpufreq_policy'}}
		                    ->{'kind': 'PTR', 'type': {'kind': 'STRUCT', 'name': 'cpufreq_policy_data'}}
intel_pstate_update_perf_limits
	Added params:
		policy_min          : {'kind': 'INT', 'name': 'unsigned int'}
		policy_max          : {'kind': 'INT', 'name': 'unsigned int'}
	Removed params:
		policy              : {'kind': 'PTR', 'type': {'kind': 'STRUCT', 'name': 'cpufreq_policy'}}
idle_inject_get_duration
	Added params:
		run_duration_us     : {'kind': 'PTR', 'type': {'kind': 'INT', 'name': 'unsigned int'}}
		idle_duration_us    : {'kind': 'PTR', 'type': {'kind': 'INT', 'name': 'unsigned int'}}
	Removed params:
		run_duration_ms     : {'kind': 'PTR', 'type': {'kind': 'INT', 'name': 'unsigned int'}}
		idle_duration_ms    : {'kind': 'PTR', 'type': {'kind': 'INT', 'name': 'unsigned int'}}
idle_inject_set_duration
	Added params:
		run_duration_us     : {'kind': 'INT', 'name': 'unsigned int'}
		idle_duration_us    : {'kind': 'INT', 'name': 'unsigned int'}
	Removed params:
		run_duration_ms     : {'kind': 'INT', 'name': 'unsigned int'}
		idle_duration_ms    : {'kind': 'INT', 'name': 'unsigned int'}
rtnl_net_notifyid
	Added params:
		portid              : {'kind': 'TYPEDEF', 'name': 'u32'}
		nlh                 : {'kind': 'PTR', 'type': {'kind': 'STRUCT', 'name': 'nlmsghdr'}}
bpf_flow_dissect
	Added params:
		flags               : {'kind': 'INT', 'name': 'unsigned int'}
__netdev_has_upper_dev
	Added params:
		dev                 : {'kind': 'PTR', 'type': {'kind': 'STRUCT', 'name': 'net_device'}}
	Removed params:
		data                : {'kind': 'PTR', 'type': {'name': 'void', 'kind': 'VOID'}}
	Return type changed:
		                    : {'kind': 'INT', 'name': 'int'}
		                    ->{'kind': 'TYPEDEF', 'name': 'bool'}
napi_gro_complete
	Added params:
		napi                : {'kind': 'PTR', 'type': {'kind': 'STRUCT', 'name': 'napi_struct'}}
sock_map_prog_update
	Added params:
		old                 : {'kind': 'PTR', 'type': {'kind': 'STRUCT', 'name': 'bpf_prog'}}
devlink_region_snapshot_create
	Removed params:
		data_len            : {'kind': 'TYPEDEF', 'name': 'u64'}
devlink_region_snapshot_del
	Added params:
		region              : {'kind': 'PTR', 'type': {'kind': 'STRUCT', 'name': 'devlink_region'}}
tc_setup_flow_action
	Added params:
		rtnl_held           : {'kind': 'TYPEDEF', 'name': 'bool'}
tc_setup_cb_call
	Added params:
		rtnl_held           : {'kind': 'TYPEDEF', 'name': 'bool'}
inet_csk_reqsk_queue_drop
	Return type changed:
		                    : {'name': 'void', 'kind': 'VOID'}
		                    ->{'kind': 'TYPEDEF', 'name': 'bool'}
tcp_rack_mark_lost
	Return type changed:
		                    : {'name': 'void', 'kind': 'VOID'}
		                    ->{'kind': 'TYPEDEF', 'name': 'bool'}
fib_add_nexthop
	Added params:
		nh_tclassid         : {'kind': 'TYPEDEF', 'name': 'u32'}
nexthop_flush_dev
	Added params:
		event               : {'kind': 'INT', 'name': 'long unsigned int'}
ip_route_me_harder
	Added params:
		sk                  : {'kind': 'PTR', 'type': {'kind': 'STRUCT', 'name': 'sock'}}
ip6_xmit
	Added params:
		priority            : {'kind': 'TYPEDEF', 'name': 'u32'}
icmp6_send
	Added params:
		parm                : {'kind': 'PTR', 'type': {'kind': 'CONST', 'name': '(anon)', 'type': {'kind': 'STRUCT', 'name': 'inet6_skb_parm'}}}
tcp_v6_send_response
	Added params:
		priority            : {'kind': 'TYPEDEF', 'name': 'u32'}
br_ip6_fragment
	Param type changed:
		data                : {'kind': 'PTR', 'type': {'kind': 'STRUCT', 'name': 'nf_ct_bridge_frag_data'}}
		                    ->{'kind': 'PTR', 'type': {'kind': 'FWD', 'name': 'nf_bridge_frag_data', 'fwd_kind': 'struct'}}
		output              : {'kind': 'PTR', 'type': {'kind': 'FUNC_PROTO', 'params': [{'name': '(anon)', 'type': {'kind': 'PTR', 'type': {'kind': 'STRUCT', 'name': 'net'}}}, {'name': '(anon-1)', 'type': {'kind': 'PTR', 'type': {'kind': 'STRUCT', 'name': 'sock'}}}, {'name': '(anon-2)', 'type': {'kind': 'PTR', 'type': {'kind': 'CONST', 'name': '(anon)', 'type': {'kind': 'STRUCT', 'name': 'nf_ct_bridge_frag_data'}}}}, {'name': '(anon-3)', 'type': {'kind': 'PTR', 'type': {'kind': 'STRUCT', 'name': 'sk_buff'}}}], 'ret_type': {'kind': 'INT', 'name': 'int'}}}
		                    ->{'kind': 'PTR', 'type': {'kind': 'FUNC_PROTO', 'params': [{'name': '(anon)', 'type': {'kind': 'PTR', 'type': {'kind': 'STRUCT', 'name': 'net'}}}, {'name': '(anon-1)', 'type': {'kind': 'PTR', 'type': {'kind': 'STRUCT', 'name': 'sock'}}}, {'name': '(anon-2)', 'type': {'kind': 'PTR', 'type': {'kind': 'CONST', 'name': '(anon)', 'type': {'kind': 'FWD', 'name': 'nf_bridge_frag_data', 'fwd_kind': 'struct'}}}}, {'name': '(anon-3)', 'type': {'kind': 'PTR', 'type': {'kind': 'STRUCT', 'name': 'sk_buff'}}}], 'ret_type': {'kind': 'INT', 'name': 'int'}}}
ip6_route_me_harder
	Added params:
		sk_partial          : {'kind': 'PTR', 'type': {'kind': 'STRUCT', 'name': 'sock'}}
ncsi_init_netlink
	Removed params:
		dev                 : {'kind': 'PTR', 'type': {'kind': 'STRUCT', 'name': 'net_device'}}
xsk_poll
	Return type changed:
		                    : {'kind': 'INT', 'name': 'unsigned int'}
		                    ->{'kind': 'TYPEDEF', 'name': '__poll_t'}
