Added STRUCT (75): ['trace_event_raw_initcall_level', 'trace_event_raw_initcall_start', 'trace_event_raw_initcall_finish', 'trace_event_raw_hyperv_nested_flush_guest_mapping', 'trace_event_raw_hyperv_nested_flush_guest_mapping_range', 'trace_event_raw_hyperv_send_ipi_mask', 'trace_event_raw_pseudo_lock_mem_latency', 'trace_event_raw_pseudo_lock_l2', 'trace_event_raw_pseudo_lock_l3', 'trace_event_raw_cgroup_event', 'trace_event_raw_cpu_frequency_limits', 'trace_event_raw_xdp_bulk_tx', 'trace_event_raw_xdp_devmap_xmit', 'trace_event_raw_mem_disconnect', 'trace_event_raw_mem_connect', 'trace_event_raw_mem_return_failed', 'trace_event_raw_rseq_update', 'trace_event_raw_rseq_ip_fixup', 'trace_event_raw_mm_vmscan_node_reclaim_begin', 'trace_event_raw_writeback_page_template', 'trace_event_raw_inode_foreign_history', 'trace_event_raw_inode_switch_wbs', 'trace_event_raw_track_foreign_dirty', 'trace_event_raw_flush_foreign', 'trace_event_raw_leases_conflict', 'trace_event_raw_ext4_es_find_extent_range_enter', 'trace_event_raw_ext4_es_find_extent_range_exit', 'trace_event_raw_ext4_es_insert_delayed_block', 'trace_event_raw_ext4_shutdown', 'trace_event_raw_ext4_error', 'trace_event_raw_iocost_iocg_activate', 'trace_event_raw_iocg_inuse_update', 'trace_event_raw_iocost_ioc_vrate_adj', 'trace_event_raw_clk_duty_cycle', 'trace_event_raw_add_device_randomness', 'trace_event_raw_random__mix_pool_bytes', 'trace_event_raw_credit_entropy_bits', 'trace_event_raw_push_to_pool', 'trace_event_raw_debit_entropy', 'trace_event_raw_add_input_randomness', 'trace_event_raw_add_disk_randomness', 'trace_event_raw_xfer_secondary_pool', 'trace_event_raw_random__get_random_bytes', 'trace_event_raw_random__extract_entropy', 'trace_event_raw_random_read', 'trace_event_raw_urandom_read', 'trace_event_raw_dma_map', 'trace_event_raw_dma_unmap', 'trace_event_raw_xhci_log_ctrl_ctx', 'trace_event_raw_rtc_time_alarm_class', 'trace_event_raw_rtc_irq_set_freq', 'trace_event_raw_rtc_irq_set_state', 'trace_event_raw_rtc_alarm_irq_enable', 'trace_event_raw_rtc_offset_class', 'trace_event_raw_rtc_timer_class', 'trace_event_raw_hwmon_attr_class', 'trace_event_raw_hwmon_attr_show_string', 'trace_event_raw_cros_ec_cmd_class', 'trace_event_raw_devfreq_monitor', 'trace_event_raw_net_dev_xmit_timeout', 'trace_event_raw_net_dev_rx_exit_template', 'trace_event_raw_inet_sock_set_state', 'trace_event_raw_tcp_probe', 'trace_event_raw_page_pool_inflight', 'trace_event_raw_page_pool_state_release', 'trace_event_raw_page_pool_state_hold', 'trace_event_raw_neigh_create', 'trace_event_raw_neigh_update', 'trace_event_raw_neigh__update', 'trace_event_raw_devlink_hwmsg', 'trace_event_raw_devlink_hwerr', 'trace_event_raw_devlink_health_report', 'trace_event_raw_devlink_health_recover_aborted', 'trace_event_raw_devlink_health_reporter_state_update', 'trace_event_raw_bpf_test_finish']
Removed STRUCT (15): ['trace_event_raw_bpf_prog_event', 'trace_event_raw_bpf_prog_load', 'trace_event_raw_bpf_map_create', 'trace_event_raw_bpf_obj_prog', 'trace_event_raw_bpf_obj_map', 'trace_event_raw_bpf_map_keyval', 'trace_event_raw_bpf_map_delete_elem', 'trace_event_raw_bpf_map_next_key', 'trace_event_raw_mm_numa_migrate_ratelimit', 'trace_event_raw_writeback_dirty_page', 'trace_event_raw_ext4_es_find_delayed_extent_range_enter', 'trace_event_raw_ext4_es_find_delayed_extent_range_exit', 'trace_event_raw_tcp_set_state', 'trace_event_raw_fib_table_lookup_nh', 'trace_event_raw_fib_validate_source']
Changed STRUCT (25): ['trace_event_raw_x86_fpu', 'trace_event_raw_timer_expire_entry', 'trace_event_raw_hrtimer_start', 'trace_event_raw_cgroup_migrate', 'trace_event_raw_mm_vmscan_wakeup_kswapd', 'trace_event_raw_mm_vmscan_direct_reclaim_begin_template', 'trace_event_raw_mm_shrink_slab_start', 'trace_event_raw_mm_vmscan_lru_isolate', 'trace_event_raw_mm_vmscan_lru_shrink_inactive', 'trace_event_raw_filelock_lock', 'trace_event_raw_filelock_lease', 'trace_event_raw_generic_add_lease', 'trace_event_raw_ext4_remove_blocks', 'trace_event_raw_ext4_ext_rm_leaf', 'trace_event_raw_ext4_ext_remove_space_done', 'trace_event_raw_spi_transfer', 'trace_event_raw_xhci_log_trb', 'trace_event_raw_xhci_log_portsc', 'trace_event_raw_extlog_mem_event', 'trace_event_raw_aer_event', 'trace_event_raw_sock_exceed_buf_limit', 'trace_event_raw_tcp_event_sk_skb', 'trace_event_raw_tcp_event_sk', 'trace_event_raw_fib_table_lookup', 'trace_event_raw_fib6_table_lookup']
Reasons STRUCT (4): [('Field added', 21), ('Field removed', 10), ('Field type changed', 3), ('Layout changed', 23)]
trace_event_raw_x86_fpu
	Field added
		load_fpu            : {'kind': 'TYPEDEF', 'name': 'bool'}
	Field removed
		initialized         : {'kind': 'TYPEDEF', 'name': 'bool'}
	Layout changed
trace_event_raw_timer_expire_entry
	Field added
		baseclk             : {'kind': 'INT', 'name': 'long unsigned int'}
	Layout changed
trace_event_raw_hrtimer_start
	Field added
		mode                : {'kind': 'ENUM', 'name': 'hrtimer_mode', 'size': 4}
	Layout changed
trace_event_raw_cgroup_migrate
	Layout changed
trace_event_raw_mm_vmscan_wakeup_kswapd
	Field added
		gfp_flags           : {'kind': 'TYPEDEF', 'name': 'gfp_t'}
	Layout changed
trace_event_raw_mm_vmscan_direct_reclaim_begin_template
	Field removed
		may_writepage       : {'kind': 'INT', 'name': 'int'}
		classzone_idx       : {'kind': 'INT', 'name': 'int'}
	Layout changed
trace_event_raw_mm_shrink_slab_start
	Field added
		priority            : {'kind': 'INT', 'name': 'int'}
	Field removed
		pgs_scanned         : {'kind': 'INT', 'name': 'long unsigned int'}
		lru_pgs             : {'kind': 'INT', 'name': 'long unsigned int'}
	Layout changed
trace_event_raw_mm_vmscan_lru_isolate
	Field type changed
		isolate_mode        : {'kind': 'INT', 'name': 'unsigned int'}
		                    ->{'kind': 'TYPEDEF', 'name': 'isolate_mode_t'}
trace_event_raw_mm_vmscan_lru_shrink_inactive
	Field added
		nr_activate0        : {'kind': 'INT', 'name': 'unsigned int'}
		nr_activate1        : {'kind': 'INT', 'name': 'unsigned int'}
	Field removed
		nr_activate         : {'kind': 'INT', 'name': 'long unsigned int'}
	Layout changed
trace_event_raw_filelock_lock
	Field added
		fl_blocker          : {'kind': 'PTR', 'type': {'kind': 'STRUCT', 'name': 'file_lock'}}
	Field removed
		fl_next             : {'kind': 'PTR', 'type': {'kind': 'STRUCT', 'name': 'file_lock'}}
	Layout changed
trace_event_raw_filelock_lease
	Field added
		fl_blocker          : {'kind': 'PTR', 'type': {'kind': 'STRUCT', 'name': 'file_lock'}}
	Field removed
		fl_next             : {'kind': 'PTR', 'type': {'kind': 'STRUCT', 'name': 'file_lock'}}
	Layout changed
trace_event_raw_generic_add_lease
	Field added
		rcount              : {'kind': 'INT', 'name': 'int'}
	Field removed
		dcount              : {'kind': 'INT', 'name': 'int'}
	Layout changed
trace_event_raw_ext4_remove_blocks
	Field added
		pc_pclu             : {'kind': 'TYPEDEF', 'name': 'ext4_fsblk_t'}
		pc_lblk             : {'kind': 'TYPEDEF', 'name': 'ext4_lblk_t'}
		pc_state            : {'kind': 'INT', 'name': 'int'}
	Field removed
		partial             : {'kind': 'INT', 'name': 'long long int'}
	Layout changed
trace_event_raw_ext4_ext_rm_leaf
	Field added
		pc_pclu             : {'kind': 'TYPEDEF', 'name': 'ext4_fsblk_t'}
		pc_lblk             : {'kind': 'TYPEDEF', 'name': 'ext4_lblk_t'}
		pc_state            : {'kind': 'INT', 'name': 'int'}
	Field removed
		partial             : {'kind': 'INT', 'name': 'long long int'}
	Layout changed
trace_event_raw_ext4_ext_remove_space_done
	Field added
		pc_pclu             : {'kind': 'TYPEDEF', 'name': 'ext4_fsblk_t'}
		pc_lblk             : {'kind': 'TYPEDEF', 'name': 'ext4_lblk_t'}
		pc_state            : {'kind': 'INT', 'name': 'int'}
	Field removed
		partial             : {'kind': 'INT', 'name': 'long long int'}
	Layout changed
trace_event_raw_spi_transfer
	Field added
		__data_loc_rx_buf   : {'kind': 'TYPEDEF', 'name': 'u32'}
		__data_loc_tx_buf   : {'kind': 'TYPEDEF', 'name': 'u32'}
	Layout changed
trace_event_raw_xhci_log_trb
	Field added
		__data_loc_str      : {'kind': 'TYPEDEF', 'name': 'u32'}
	Layout changed
trace_event_raw_xhci_log_portsc
	Field added
		__data_loc_str      : {'kind': 'TYPEDEF', 'name': 'u32'}
	Layout changed
trace_event_raw_extlog_mem_event
	Field type changed
		fru_id              : {'kind': 'TYPEDEF', 'name': 'uuid_le'}
		                    ->{'kind': 'TYPEDEF', 'name': 'guid_t'}
trace_event_raw_aer_event
	Field added
		tlp_header_valid    : {'kind': 'TYPEDEF', 'name': 'u8'}
		tlp_header          : {'kind': 'ARRAY', 'name': '(anon)', 'nr_elems': 4, 'type': {'kind': 'TYPEDEF', 'name': 'u32'}}
	Layout changed
trace_event_raw_sock_exceed_buf_limit
	Field added
		sysctl_wmem         : {'kind': 'INT', 'name': 'int'}
		wmem_alloc          : {'kind': 'INT', 'name': 'int'}
		wmem_queued         : {'kind': 'INT', 'name': 'int'}
		kind                : {'kind': 'INT', 'name': 'int'}
	Field type changed
		sysctl_mem          : {'kind': 'ARRAY', 'name': '(anon)', 'nr_elems': 3, 'type': {'kind': 'INT', 'name': 'long int'}}
		                    ->{'kind': 'PTR', 'type': {'kind': 'INT', 'name': 'long int'}}
	Layout changed
trace_event_raw_tcp_event_sk_skb
	Field added
		state               : {'kind': 'INT', 'name': 'int'}
	Layout changed
trace_event_raw_tcp_event_sk
	Field added
		sock_cookie         : {'kind': 'TYPEDEF', 'name': '__u64'}
	Layout changed
trace_event_raw_fib_table_lookup
	Field added
		err                 : {'kind': 'INT', 'name': 'int'}
		proto               : {'kind': 'TYPEDEF', 'name': 'u8'}
		gw4                 : {'kind': 'ARRAY', 'name': '(anon)', 'nr_elems': 4, 'type': {'kind': 'TYPEDEF', 'name': '__u8'}}
		gw6                 : {'kind': 'ARRAY', 'name': '(anon)', 'nr_elems': 16, 'type': {'kind': 'TYPEDEF', 'name': '__u8'}}
		sport               : {'kind': 'TYPEDEF', 'name': 'u16'}
		dport               : {'kind': 'TYPEDEF', 'name': 'u16'}
		__data_loc_name     : {'kind': 'TYPEDEF', 'name': 'u32'}
	Layout changed
trace_event_raw_fib6_table_lookup
	Field added
		err                 : {'kind': 'INT', 'name': 'int'}
		sport               : {'kind': 'TYPEDEF', 'name': 'u16'}
		dport               : {'kind': 'TYPEDEF', 'name': 'u16'}
		proto               : {'kind': 'TYPEDEF', 'name': 'u8'}
		rt_type             : {'kind': 'TYPEDEF', 'name': 'u8'}
	Layout changed
