Added Kind.STRUCT (94): ['trace_event_raw_xen_mmu_flush_tlb_multi', 'trace_event_raw_hyperv_mmu_flush_tlb_multi', 'trace_event_raw_hyperv_send_ipi_one', 'trace_event_raw_workqueue_activate_work', 'trace_event_raw_workqueue_execute_end', 'trace_event_raw_sched_kthread_work_queue_work', 'trace_event_raw_sched_kthread_work_execute_start', 'trace_event_raw_sched_kthread_work_execute_end', 'trace_event_raw_sched_move_numa', 'trace_event_raw_sched_numa_pair_template', 'trace_event_raw_rcu_stall_warning', 'trace_event_raw_thread_noise', 'trace_event_raw_softirq_noise', 'trace_event_raw_irq_noise', 'trace_event_raw_nmi_noise', 'trace_event_raw_sample_threshold', 'trace_event_raw_bpf_trace_printk', 'trace_event_raw_error_report_template', 'trace_event_raw_cpu_latency_qos_request', 'trace_event_raw_kfree', 'trace_event_raw_kmem_cache_free', 'trace_event_raw_rss_stat', 'trace_event_raw_mmap_lock_start_locking', 'trace_event_raw_mmap_lock_acquire_returned', 'trace_event_raw_mmap_lock_released', 'trace_event_raw_vm_unmapped_area', 'trace_event_raw_mm_migrate_pages_start', 'trace_event_raw_iomap_readpage_class', 'trace_event_raw_iomap_range_class', 'trace_event_raw_iomap_class', 'trace_event_raw_iomap_iter', 'trace_event_raw_ext4_read_block_bitmap_load', 'trace_event_raw_ext4_prefetch_bitmaps', 'trace_event_raw_ext4_lazy_itable_init', 'trace_event_raw_ext4_fc_replay_scan', 'trace_event_raw_ext4_fc_replay', 'trace_event_raw_ext4_fc_commit_start', 'trace_event_raw_ext4_fc_commit_stop', 'trace_event_raw_ext4_fc_stats', 'trace_event_raw_ext4_fc_track_create', 'trace_event_raw_ext4_fc_track_link', 'trace_event_raw_ext4_fc_track_unlink', 'trace_event_raw_ext4_fc_track_inode', 'trace_event_raw_ext4_fc_track_range', 'trace_event_raw_jbd2_handle_start_class', 'trace_event_raw_jbd2_journal_shrink', 'trace_event_raw_jbd2_shrink_scan_exit', 'trace_event_raw_jbd2_shrink_checkpoint_list', 'trace_event_raw_selinux_audited', 'trace_event_raw_block_bio', 'trace_event_raw_iocost_iocg_state', 'trace_event_raw_iocost_iocg_forgive_debt', 'trace_event_raw_io_uring_create', 'trace_event_raw_io_uring_register', 'trace_event_raw_io_uring_file_get', 'trace_event_raw_io_uring_queue_async_work', 'trace_event_raw_io_uring_defer', 'trace_event_raw_io_uring_link', 'trace_event_raw_io_uring_cqring_wait', 'trace_event_raw_io_uring_fail_link', 'trace_event_raw_io_uring_complete', 'trace_event_raw_io_uring_submit_sqe', 'trace_event_raw_io_uring_poll_arm', 'trace_event_raw_io_uring_poll_wake', 'trace_event_raw_io_uring_task_add', 'trace_event_raw_io_uring_task_run', 'trace_event_raw_pwm', 'trace_event_raw_clk_rate_range', 'trace_event_raw_qi_submit', 'trace_event_raw_prq_report', 'trace_event_raw_devres', 'trace_event_raw_spi_setup', 'trace_event_raw_spi_set_cs', 'trace_event_raw_xhci_log_doorbell', 'trace_event_raw_amd_pstate_perf', 'trace_event_raw_cros_ec_request_start', 'trace_event_raw_cros_ec_request_done', 'trace_event_raw_devfreq_frequency', 'trace_event_raw_icc_set_bw', 'trace_event_raw_icc_set_bw_end', 'trace_event_raw_inet_sk_error_report', 'trace_event_raw_tcp_event_skb', 'trace_event_raw_qdisc_enqueue', 'trace_event_raw_qdisc_reset', 'trace_event_raw_qdisc_destroy', 'trace_event_raw_qdisc_create', 'trace_event_raw_page_pool_release', 'trace_event_raw_page_pool_update_nid', 'trace_event_raw_devlink_trap_report', 'trace_event_raw_netlink_extack', 'trace_event_raw_mptcp_subflow_get_send', 'trace_event_raw_mptcp_dump_mpext', 'trace_event_raw_ack_update_msk', 'trace_event_raw_subflow_check_data_avail']
Removed Kind.STRUCT (34): ['trace_event_raw_xen_mmu_set_pte_at', 'trace_event_raw_xen_mmu_flush_tlb_others', 'trace_event_raw_hyperv_mmu_flush_tlb_others', 'trace_event_raw_mpx_bounds_register_exception', 'trace_event_raw_bounds_exception_mpx', 'trace_event_raw_mpx_range_trace', 'trace_event_raw_mpx_new_bounds_table', 'trace_event_raw_workqueue_work', 'trace_event_raw_sched_move_task_template', 'trace_event_raw_sched_swap_numa', 'trace_event_raw_pm_qos_request', 'trace_event_raw_pm_qos_update_request_timeout', 'trace_event_raw_mm_vmscan_inactive_list_is_low', 'trace_event_raw_kmem_free', 'trace_event_raw_cma_alloc', 'trace_event_raw_cma_release', 'trace_event_raw_do_sys_open', 'trace_event_raw_open_exec', 'trace_event_raw_ext4_direct_IO_enter', 'trace_event_raw_ext4_direct_IO_exit', 'trace_event_raw_ext4_ext_put_in_cache', 'trace_event_raw_ext4_ext_in_cache', 'trace_event_raw_ext4_find_delalloc_range', 'trace_event_raw_ext4_get_reserved_cluster_alloc', 'trace_event_raw_jbd2_handle_start', 'trace_event_raw_block_bio_bounce', 'trace_event_raw_block_bio_merge', 'trace_event_raw_block_bio_queue', 'trace_event_raw_block_get_rq', 'trace_event_raw_iocost_iocg_activate', 'trace_event_raw_dma_map', 'trace_event_raw_dma_unmap', 'trace_event_raw_cros_ec_cmd_class', 'trace_event_raw_page_pool_inflight']
Changed Kind.STRUCT (47): ['trace_event_raw_workqueue_queue_work', 'trace_event_raw_sched_wakeup_template', 'trace_event_raw_itimer_state', 'trace_event_raw_cgroup', 'trace_event_raw_cgroup_migrate', 'trace_event_raw_cgroup_event', 'trace_event_raw_xdp_cpumap_kthread', 'trace_event_raw_xdp_devmap_xmit', 'trace_event_raw_mm_lru_insertion', 'trace_event_raw_mm_vmscan_lru_isolate', 'trace_event_raw_kcompactd_wake_template', 'trace_event_raw_mm_migrate_pages', 'trace_event_raw_writeback_page_template', 'trace_event_raw_writeback_dirty_inode_template', 'trace_event_raw_inode_foreign_history', 'trace_event_raw_inode_switch_wbs', 'trace_event_raw_track_foreign_dirty', 'trace_event_raw_flush_foreign', 'trace_event_raw_writeback_write_inode_template', 'trace_event_raw_writeback_work_class', 'trace_event_raw_writeback_class', 'trace_event_raw_wbc_class', 'trace_event_raw_writeback_queue_io', 'trace_event_raw_global_dirty_state', 'trace_event_raw_bdi_dirty_ratelimit', 'trace_event_raw_balance_dirty_pages', 'trace_event_raw_writeback_sb_inodes_requeue', 'trace_event_raw_writeback_single_inode_template', 'trace_event_raw_writeback_inode_template', 'trace_event_raw_ext4_discard_preallocations', 'trace_event_raw_ext4_journal_start', 'trace_event_raw_iocost_ioc_vrate_adj', 'trace_event_raw_regcache_sync', 'trace_event_raw_xhci_log_ep_ctx', 'trace_event_raw_xhci_log_slot_ctx', 'trace_event_raw_xhci_log_ctrl_ctx', 'trace_event_raw_thermal_power_devfreq_get_power', 'trace_event_raw_extlog_mem_event', 'trace_event_raw_kfree_skb', 'trace_event_raw_inet_sock_set_state', 'trace_event_raw_tcp_event_sk_skb', 'trace_event_raw_tcp_event_sk', 'trace_event_raw_tcp_retransmit_synack', 'trace_event_raw_tcp_probe', 'trace_event_raw_br_fdb_update', 'trace_event_raw_page_pool_state_release', 'trace_event_raw_page_pool_state_hold']
Reasons Kind.STRUCT (4): [('Field added', 20), ('Field removed', 11), ('Field type changed', 21), ('Layout changed', 43)]
trace_event_raw_workqueue_queue_work
	Field added
		__data_loc_workqueue: {'kind': 'TYPEDEF', 'name': 'u32'}
	Field removed
		workqueue           : {'kind': 'PTR', 'type': {'name': 'void', 'kind': 'VOID'}}
	Layout changed
trace_event_raw_sched_wakeup_template
	Field removed
		success             : {'kind': 'INT', 'name': 'int'}
	Layout changed
trace_event_raw_itimer_state
	Field added
		value_nsec          : {'kind': 'INT', 'name': 'long int'}
		interval_nsec       : {'kind': 'INT', 'name': 'long int'}
	Field removed
		value_usec          : {'kind': 'INT', 'name': 'long int'}
		interval_usec       : {'kind': 'INT', 'name': 'long int'}
	Layout changed
trace_event_raw_cgroup
	Field type changed
		id                  : {'kind': 'INT', 'name': 'int'}
		                    ->{'kind': 'TYPEDEF', 'name': 'u64'}
	Layout changed
trace_event_raw_cgroup_migrate
	Field type changed
		dst_id              : {'kind': 'INT', 'name': 'int'}
		                    ->{'kind': 'TYPEDEF', 'name': 'u64'}
	Layout changed
trace_event_raw_cgroup_event
	Field type changed
		id                  : {'kind': 'INT', 'name': 'int'}
		                    ->{'kind': 'TYPEDEF', 'name': 'u64'}
	Layout changed
trace_event_raw_xdp_cpumap_kthread
	Field added
		xdp_pass            : {'kind': 'INT', 'name': 'unsigned int'}
		xdp_drop            : {'kind': 'INT', 'name': 'unsigned int'}
		xdp_redirect        : {'kind': 'INT', 'name': 'unsigned int'}
	Layout changed
trace_event_raw_xdp_devmap_xmit
	Field removed
		map_id              : {'kind': 'INT', 'name': 'int'}
		map_index           : {'kind': 'TYPEDEF', 'name': 'u32'}
	Layout changed
trace_event_raw_mm_lru_insertion
	Field type changed
		lru                 : {'kind': 'INT', 'name': 'int'}
		                    ->{'kind': 'ENUM', 'name': 'lru_list', 'size': 4}
trace_event_raw_mm_vmscan_lru_isolate
	Field added
		highest_zoneidx     : {'kind': 'INT', 'name': 'int'}
	Field removed
		classzone_idx       : {'kind': 'INT', 'name': 'int'}
	Layout changed
trace_event_raw_kcompactd_wake_template
	Field added
		highest_zoneidx     : {'kind': 'ENUM', 'name': 'zone_type', 'size': 4}
	Field removed
		classzone_idx       : {'kind': 'ENUM', 'name': 'zone_type', 'size': 4}
	Layout changed
trace_event_raw_mm_migrate_pages
	Field added
		thp_succeeded       : {'kind': 'INT', 'name': 'long unsigned int'}
		thp_failed          : {'kind': 'INT', 'name': 'long unsigned int'}
		thp_split           : {'kind': 'INT', 'name': 'long unsigned int'}
	Layout changed
trace_event_raw_writeback_page_template
	Field type changed
		ino                 : {'kind': 'INT', 'name': 'long unsigned int'}
		                    ->{'kind': 'TYPEDEF', 'name': 'ino_t'}
trace_event_raw_writeback_dirty_inode_template
	Field type changed
		ino                 : {'kind': 'INT', 'name': 'long unsigned int'}
		                    ->{'kind': 'TYPEDEF', 'name': 'ino_t'}
trace_event_raw_inode_foreign_history
	Field type changed
		ino                 : {'kind': 'INT', 'name': 'long unsigned int'}
		                    ->{'kind': 'TYPEDEF', 'name': 'ino_t'}
		cgroup_ino          : {'kind': 'INT', 'name': 'unsigned int'}
		                    ->{'kind': 'TYPEDEF', 'name': 'ino_t'}
	Layout changed
trace_event_raw_inode_switch_wbs
	Field type changed
		ino                 : {'kind': 'INT', 'name': 'long unsigned int'}
		                    ->{'kind': 'TYPEDEF', 'name': 'ino_t'}
		old_cgroup_ino      : {'kind': 'INT', 'name': 'unsigned int'}
		                    ->{'kind': 'TYPEDEF', 'name': 'ino_t'}
		new_cgroup_ino      : {'kind': 'INT', 'name': 'unsigned int'}
		                    ->{'kind': 'TYPEDEF', 'name': 'ino_t'}
	Layout changed
trace_event_raw_track_foreign_dirty
	Field type changed
		ino                 : {'kind': 'INT', 'name': 'long unsigned int'}
		                    ->{'kind': 'TYPEDEF', 'name': 'ino_t'}
		cgroup_ino          : {'kind': 'INT', 'name': 'unsigned int'}
		                    ->{'kind': 'TYPEDEF', 'name': 'ino_t'}
		page_cgroup_ino     : {'kind': 'INT', 'name': 'unsigned int'}
		                    ->{'kind': 'TYPEDEF', 'name': 'ino_t'}
	Layout changed
trace_event_raw_flush_foreign
	Field type changed
		cgroup_ino          : {'kind': 'INT', 'name': 'unsigned int'}
		                    ->{'kind': 'TYPEDEF', 'name': 'ino_t'}
	Layout changed
trace_event_raw_writeback_write_inode_template
	Field type changed
		ino                 : {'kind': 'INT', 'name': 'long unsigned int'}
		                    ->{'kind': 'TYPEDEF', 'name': 'ino_t'}
		cgroup_ino          : {'kind': 'INT', 'name': 'unsigned int'}
		                    ->{'kind': 'TYPEDEF', 'name': 'ino_t'}
	Layout changed
trace_event_raw_writeback_work_class
	Field type changed
		cgroup_ino          : {'kind': 'INT', 'name': 'unsigned int'}
		                    ->{'kind': 'TYPEDEF', 'name': 'ino_t'}
	Layout changed
trace_event_raw_writeback_class
	Field type changed
		cgroup_ino          : {'kind': 'INT', 'name': 'unsigned int'}
		                    ->{'kind': 'TYPEDEF', 'name': 'ino_t'}
	Layout changed
trace_event_raw_wbc_class
	Field type changed
		cgroup_ino          : {'kind': 'INT', 'name': 'unsigned int'}
		                    ->{'kind': 'TYPEDEF', 'name': 'ino_t'}
	Layout changed
trace_event_raw_writeback_queue_io
	Field type changed
		cgroup_ino          : {'kind': 'INT', 'name': 'unsigned int'}
		                    ->{'kind': 'TYPEDEF', 'name': 'ino_t'}
	Layout changed
trace_event_raw_global_dirty_state
	Field removed
		nr_unstable         : {'kind': 'INT', 'name': 'long unsigned int'}
	Layout changed
trace_event_raw_bdi_dirty_ratelimit
	Field type changed
		cgroup_ino          : {'kind': 'INT', 'name': 'unsigned int'}
		                    ->{'kind': 'TYPEDEF', 'name': 'ino_t'}
	Layout changed
trace_event_raw_balance_dirty_pages
	Field type changed
		cgroup_ino          : {'kind': 'INT', 'name': 'unsigned int'}
		                    ->{'kind': 'TYPEDEF', 'name': 'ino_t'}
	Layout changed
trace_event_raw_writeback_sb_inodes_requeue
	Field type changed
		ino                 : {'kind': 'INT', 'name': 'long unsigned int'}
		                    ->{'kind': 'TYPEDEF', 'name': 'ino_t'}
		cgroup_ino          : {'kind': 'INT', 'name': 'unsigned int'}
		                    ->{'kind': 'TYPEDEF', 'name': 'ino_t'}
	Layout changed
trace_event_raw_writeback_single_inode_template
	Field type changed
		ino                 : {'kind': 'INT', 'name': 'long unsigned int'}
		                    ->{'kind': 'TYPEDEF', 'name': 'ino_t'}
		cgroup_ino          : {'kind': 'INT', 'name': 'unsigned int'}
		                    ->{'kind': 'TYPEDEF', 'name': 'ino_t'}
	Layout changed
trace_event_raw_writeback_inode_template
	Field type changed
		ino                 : {'kind': 'INT', 'name': 'long unsigned int'}
		                    ->{'kind': 'TYPEDEF', 'name': 'ino_t'}
trace_event_raw_ext4_discard_preallocations
	Field added
		len                 : {'kind': 'INT', 'name': 'unsigned int'}
		needed              : {'kind': 'INT', 'name': 'unsigned int'}
	Layout changed
trace_event_raw_ext4_journal_start
	Field added
		revoke_creds        : {'kind': 'INT', 'name': 'int'}
	Layout changed
trace_event_raw_iocost_ioc_vrate_adj
	Field removed
		nr_surpluses        : {'kind': 'INT', 'name': 'int'}
	Layout changed
trace_event_raw_regcache_sync
	Field removed
		type                : {'kind': 'INT', 'name': 'int'}
	Layout changed
trace_event_raw_xhci_log_ep_ctx
	Field added
		__data_loc_str      : {'kind': 'TYPEDEF', 'name': 'u32'}
	Layout changed
trace_event_raw_xhci_log_slot_ctx
	Field added
		__data_loc_str      : {'kind': 'TYPEDEF', 'name': 'u32'}
	Layout changed
trace_event_raw_xhci_log_ctrl_ctx
	Field added
		__data_loc_str      : {'kind': 'TYPEDEF', 'name': 'u32'}
	Layout changed
trace_event_raw_thermal_power_devfreq_get_power
	Field added
		busy_time           : {'kind': 'TYPEDEF', 'name': 'u32'}
		total_time          : {'kind': 'TYPEDEF', 'name': 'u32'}
	Field removed
		load                : {'kind': 'TYPEDEF', 'name': 'u32'}
		dynamic_power       : {'kind': 'TYPEDEF', 'name': 'u32'}
		static_power        : {'kind': 'TYPEDEF', 'name': 'u32'}
	Layout changed
trace_event_raw_extlog_mem_event
	Layout changed
trace_event_raw_kfree_skb
	Field added
		reason              : {'kind': 'ENUM', 'name': 'skb_drop_reason', 'size': 4}
	Layout changed
trace_event_raw_inet_sock_set_state
	Field type changed
		protocol            : {'kind': 'TYPEDEF', 'name': '__u8'}
		                    ->{'kind': 'TYPEDEF', 'name': '__u16'}
	Layout changed
trace_event_raw_tcp_event_sk_skb
	Field added
		family              : {'kind': 'TYPEDEF', 'name': '__u16'}
	Layout changed
trace_event_raw_tcp_event_sk
	Field added
		family              : {'kind': 'TYPEDEF', 'name': '__u16'}
	Layout changed
trace_event_raw_tcp_retransmit_synack
	Field added
		family              : {'kind': 'TYPEDEF', 'name': '__u16'}
	Layout changed
trace_event_raw_tcp_probe
	Field added
		family              : {'kind': 'TYPEDEF', 'name': '__u16'}
	Layout changed
trace_event_raw_br_fdb_update
	Field added
		flags               : {'kind': 'INT', 'name': 'long unsigned int'}
	Field removed
		added_by_user       : {'kind': 'TYPEDEF', 'name': 'bool'}
	Layout changed
trace_event_raw_page_pool_state_release
	Field added
		pfn                 : {'kind': 'INT', 'name': 'long unsigned int'}
	Layout changed
trace_event_raw_page_pool_state_hold
	Field added
		pfn                 : {'kind': 'INT', 'name': 'long unsigned int'}
	Layout changed
