Added Kind.STRUCT (16): ['trace_event_raw_cpuhp_multi_enter', 'trace_event_raw_alarmtimer_suspend', 'trace_event_raw_alarm_class', 'trace_event_raw_cgroup_root', 'trace_event_raw_cgroup', 'trace_event_raw_cgroup_migrate', 'trace_event_raw_wbt_stat', 'trace_event_raw_wbt_lat', 'trace_event_raw_wbt_step', 'trace_event_raw_wbt_timer', 'trace_event_raw_dma_fence_annotate_wait_on', 'trace_event_raw_dma_fence', 'trace_event_raw_sync_timeline', 'trace_event_raw_mdio_access', 'trace_event_raw_arm_event', 'trace_event_raw_non_standard_event']
Removed Kind.STRUCT (2): ['trace_event_raw_fence_annotate_wait_on', 'trace_event_raw_fence']
Changed Kind.STRUCT (4): ['trace_event_raw_x86_fpu', 'trace_event_raw_mce_record', 'trace_event_raw_pstate_sample', 'trace_event_raw_swiotlb_bounced']
Reasons Kind.STRUCT (4): [('Field added', 2), ('Field removed', 1), ('Field type changed', 1), ('Layout changed', 3)]
trace_event_raw_x86_fpu
	Field removed
		counter             : {'kind': 'INT', 'name': 'int'}
	Layout changed
trace_event_raw_mce_record
	Field added
		synd                : {'kind': 'TYPEDEF', 'name': 'u64'}
		ipid                : {'kind': 'TYPEDEF', 'name': 'u64'}
	Layout changed
trace_event_raw_pstate_sample
	Field added
		io_boost            : {'kind': 'TYPEDEF', 'name': 'u32'}
	Layout changed
trace_event_raw_swiotlb_bounced
	Field type changed
		swiotlb_force       : {'kind': 'INT', 'name': 'int'}
		                    ->{'kind': 'ENUM', 'name': 'swiotlb_force', 'size': 4}
