Added Kind.ENUM (69): ['vmscan_throttle_state', 'device_physical_location_panel', 'device_physical_location_vertical_position', 'device_physical_location_horizontal_position', 'blk_unique_id', 'rpc_display_format_t', 'cc_vendor', 'mmio_type', 'perf_adl_uncore_imc_freerunning_types', 'hv_mem_host_visibility', 'psc_op', 'btf_kfunc_type', 'auditsc_class_t', 'bpf_kptr_type', 'hk_type', 'sys_off_mode', 'msi_desc_filter', 'pfn_cache_usage', 'kvm_apicv_inhibit', 'fsnotify_iter_type', 'bpf_dynptr_type', 'bpf_core_relo_kind', 'bpf_access_src', 'btf_kfunc_hook', 'btf_field_type', 'blacklist_hash_type', 'vmemmap_optimize_mode', 'class_stat_type', 'utf8_normalization', 'dax_access_mode', 'fuse_dax_mode', 'ethtool_link_ext_substate_module', 'ethtool_module_power_mode_policy', 'ethtool_module_power_mode', 'ib_uverbs_device_cap_flags', 'ib_uverbs_raw_packet_caps', 'policy_opt', 'digest_type', 'io_uring_op', 'hte_edge', 'hte_return', 'intel_cht_wc_models', 'acpi_cedt_type', 'acpi_bridge_type', 'acpi_ec_event_state', 'pxa_ssp_type', 'tpm_tis_io_mode', 'dma_resv_usage', 'scsi_vpd_parameters', 'zbc_zone_alignment_method', 'wwan_port_type', 'vfio_device_mig_state', 'vfio_group_type', 'i2c_driver_flags', 'psp_i2c_req_type', 'power_supply_charge_behaviour', 'simatic_ipc_station_ids', 'devfreq_parent_dev_type', 'dsa_db_type', 'netdev_offload_xstats_type', 'rtnl_kinds', 'qdisc_state2_t', 'hwtstamp_flags', 'xdp_buff_flags', 'offload_act_command', 'devlink_linecard_state', 'ethtool_supported_ring_param', 'mptcp_pm_type', 'mctp_neigh_source']
Removed Kind.ENUM (24): ['memcg_kmem_state', 'swiotlb_force', 'gds_mitigations', 'srso_mitigation', 'srso_mitigation_cmd', 'dl_bw_request', 'profile_type', 'stack_access_src', 'wb_congested_state', 'oom_status', 'zs_stat_type', 'shrink_type', 'ib_uverbs_flow_action_esp_keymat', 'ib_uverbs_flow_action_esp_replay', 'icst_control_type', 'xen_swiotlb_err', 'iommu_inv_granularity', 'chips', 'tps80031_ext_control', 'tps80031_pupd_pins', 'tps80031_pupd_settings', 'dev_dax_subsys', 'seqno_fence_condition', 'packet_sock_flags']
Changed Kind.ENUM (105): ['node_stat_item', 'zone_watermarks', 'fault_flag', 'vm_event_item', 'system_states', 'rpm_status', 'cpuhp_state', 'memcg_stat_item', 'memcg_memory_event', 'flow_dissector_key_id', 'bpf_map_type', 'bpf_attach_type', 'bpf_reg_type', 'net_device_path_type', 'tc_setup_type', 'bpf_type_flag', 'bpf_arg_type', 'bpf_return_type', 'pageflags', 'pt_capabilities', 'lockdown_reason', 'memblock_flags', 'iommu_cap', 'iommu_dev_features', 'cpuid_leafs', 'task_work_notify_mode', 'mf_flags', 'smca_bank_types', 'acpi_madt_type', 'cc_attr', 'req_opf', 'req_flag_bits', 'hv_tsc_page_status', 'bpf_link_type', 'skb_drop_reason', 'fsnotify_obj_type', 'fsnotify_data_type', 'trace_flag_type', 'fetch_op', 'field_op_id', 'hist_field_flags', 'bpf_func_id', 'error_detector', 'bpf_stack_slot_type', 'netdev_priv_flags', 'netdev_cmd', 'sock_flags', 'perf_event_read_format', 'perf_event_type', 'mapping_flags', 'slab_modes', 'scan_result', 'res_type', 'mf_action_page_type', 'fanotify_event_type', 'tpm2_return_codes', 'ethtool_link_ext_state', 'ethtool_link_mode_bit_indices', 'label_flags', 'profile_mode', 'path_flags', 'evm_ima_xattr_type', 'data_formats', 'x509_actions', 'tg_state_flags', 'io_uring_cmd_flags', 'pin_config_param', 'gpio_v2_line_flag', 'pci_dev_flags', 'dma_transaction_type', 'acpi_subtable_type', 'power_supply_property', 'acpi_srat_type', 'xsd_sockmsg_type', 'pci_board_num_t', 'tpm_chip_flags', 'da9063_variant_codes', 'nd_driver_flags', 'dax_device_flags', 'zbc_zone_type', 'vfio_notify_type', 'hwmon_pwm_attributes', 'thermal_genl_attr', 'thermal_genl_event', 'ec_mkbp_event', 'rtnetlink_groups', 'rtnl_link_flags', 'flow_action_id', 'dsa_tag_protocol', 'nf_ct_ext_id', 'nf_dev_hooks', 'net_dm_attr', 'devlink_command', 'devlink_attr', 'devlink_param_generic_id', 'sk_psock_state_bits', 'tunable_id', 'nl80211_chan_width', 'nl80211_band', 'nl80211_ext_feature_index', 'switchdev_attr_id', 'linux_mptcp_mib_field', 'mapping_status', 'mptcp_pm_status', 'mptcp_event_attr']
Reasons Kind.ENUM (3): [('Elem added', 89), ('Elem removed', 22), ('Value changed', 61)]
node_stat_item
	Elem added
		NR_THROTTLED_WRITTEN                    : 33
		PGPROMOTE_SUCCESS                       : 40
	Value changed
		NR_KERNEL_MISC_RECLAIMABLE              : 33 -> 34
		NR_FOLL_PIN_ACQUIRED                    : 34 -> 35
		NR_FOLL_PIN_RELEASED                    : 35 -> 36
		NR_KERNEL_STACK_KB                      : 36 -> 37
		NR_PAGETABLE                            : 37 -> 38
		NR_SWAPCACHE                            : 38 -> 39
		NR_VM_NODE_STAT_ITEMS                   : 39 -> 41
zone_watermarks
	Elem added
		WMARK_PROMO                             : 3
	Value changed
		NR_WMARK                                : 3 -> 4
fault_flag
	Elem added
		FAULT_FLAG_UNSHARE                      : 1024
		FAULT_FLAG_ORIG_PTE_VALID               : 2048
vm_event_item
	Elem added
		THP_SCAN_EXCEED_NONE_PTE                : 88
		THP_SCAN_EXCEED_SWAP_PTE                : 89
		THP_SCAN_EXCEED_SHARED_PTE              : 90
		KSM_SWPIN_COPY                          : 101
		COW_KSM                                 : 102
		ZSWPIN                                  : 103
		ZSWPOUT                                 : 104
	Value changed
		THP_SPLIT_PUD                           : 88 -> 91
		THP_ZERO_PAGE_ALLOC                     : 89 -> 92
		THP_ZERO_PAGE_ALLOC_FAILED              : 90 -> 93
		THP_SWPOUT                              : 91 -> 94
		THP_SWPOUT_FALLBACK                     : 92 -> 95
		BALLOON_INFLATE                         : 93 -> 96
		BALLOON_DEFLATE                         : 94 -> 97
		BALLOON_MIGRATE                         : 95 -> 98
		SWAP_RA                                 : 96 -> 99
		SWAP_RA_HIT                             : 97 -> 100
		DIRECT_MAP_LEVEL2_SPLIT                 : 98 -> 105
		DIRECT_MAP_LEVEL3_SPLIT                 : 99 -> 106
		NR_VM_EVENT_ITEMS                       : 100 -> 107
system_states
	Elem added
		SYSTEM_FREEING_INITMEM                  : 2
	Value changed
		SYSTEM_RUNNING                          : 2 -> 3
		SYSTEM_HALT                             : 3 -> 4
		SYSTEM_POWER_OFF                        : 4 -> 5
		SYSTEM_RESTART                          : 5 -> 6
		SYSTEM_SUSPEND                          : 6 -> 7
rpm_status
	Elem added
		RPM_INVALID                             : -1
cpuhp_state
	Elem added
		CPUHP_AP_DTPM_CPU_DEAD                  : 40
		CPUHP_AP_ARM_SDEI_STARTING              : 115
		CPUHP_AP_PERF_RISCV_STARTING            : 121
		CPUHP_AP_PERF_ARM_HISI_CPA_ONLINE       : 174
		CPUHP_AP_PERF_ARM_HISI_PCIE_PMU_ONLINE  : 180
		CPUHP_AP_PERF_ARM_MARVELL_CN10K_DDR_ONLINE: 186
	Elem removed
		CPUHP_AP_DTPM_CPU_ONLINE                : 227
	Value changed
		CPUHP_RANDOM_PREPARE                    : 40 -> 41
		CPUHP_WORKQUEUE_PREP                    : 41 -> 42
		CPUHP_POWER_NUMA_PREPARE                : 42 -> 43
		CPUHP_HRTIMERS_PREPARE                  : 43 -> 44
		CPUHP_PROFILE_PREPARE                   : 44 -> 45
		CPUHP_X2APIC_PREPARE                    : 45 -> 46
		CPUHP_SMPCFD_PREPARE                    : 46 -> 47
		CPUHP_RELAY_PREPARE                     : 47 -> 48
		CPUHP_SLAB_PREPARE                      : 48 -> 49
		CPUHP_MD_RAID5_PREPARE                  : 49 -> 50
		CPUHP_RCUTREE_PREP                      : 50 -> 51
		CPUHP_CPUIDLE_COUPLED_PREPARE           : 51 -> 52
		CPUHP_POWERPC_PMAC_PREPARE              : 52 -> 53
		CPUHP_POWERPC_MMU_CTX_PREPARE           : 53 -> 54
		CPUHP_XEN_PREPARE                       : 54 -> 55
		CPUHP_XEN_EVTCHN_PREPARE                : 55 -> 56
		CPUHP_ARM_SHMOBILE_SCU_PREPARE          : 56 -> 57
		CPUHP_SH_SH3X_PREPARE                   : 57 -> 58
		CPUHP_NET_FLOW_PREPARE                  : 58 -> 59
		CPUHP_TOPOLOGY_PREPARE                  : 59 -> 60
		CPUHP_NET_IUCV_PREPARE                  : 60 -> 61
		CPUHP_ARM_BL_PREPARE                    : 61 -> 62
		CPUHP_TRACE_RB_PREPARE                  : 62 -> 63
		CPUHP_MM_ZS_PREPARE                     : 63 -> 64
		CPUHP_MM_ZSWP_MEM_PREPARE               : 64 -> 65
		CPUHP_MM_ZSWP_POOL_PREPARE              : 65 -> 66
		CPUHP_KVM_PPC_BOOK3S_PREPARE            : 66 -> 67
		CPUHP_ZCOMP_PREPARE                     : 67 -> 68
		CPUHP_TIMERS_PREPARE                    : 68 -> 69
		CPUHP_MIPS_SOC_PREPARE                  : 69 -> 70
		CPUHP_BP_PREPARE_DYN                    : 70 -> 71
		CPUHP_BP_PREPARE_DYN_END                : 90 -> 91
		CPUHP_BRINGUP_CPU                       : 91 -> 92
		CPUHP_AP_IDLE_DEAD                      : 92 -> 93
		CPUHP_AP_OFFLINE                        : 93 -> 94
		CPUHP_AP_SCHED_STARTING                 : 94 -> 95
		CPUHP_AP_RCUTREE_DYING                  : 95 -> 96
		CPUHP_AP_CPU_PM_STARTING                : 96 -> 97
		CPUHP_AP_IRQ_GIC_STARTING               : 97 -> 98
		CPUHP_AP_IRQ_HIP04_STARTING             : 98 -> 99
		CPUHP_AP_IRQ_APPLE_AIC_STARTING         : 99 -> 100
		CPUHP_AP_IRQ_ARMADA_XP_STARTING         : 100 -> 101
		CPUHP_AP_IRQ_BCM2836_STARTING           : 101 -> 102
		CPUHP_AP_IRQ_MIPS_GIC_STARTING          : 102 -> 103
		CPUHP_AP_IRQ_RISCV_STARTING             : 103 -> 104
		CPUHP_AP_IRQ_SIFIVE_PLIC_STARTING       : 104 -> 105
		CPUHP_AP_ARM_MVEBU_COHERENCY            : 105 -> 106
		CPUHP_AP_MICROCODE_LOADER               : 106 -> 107
		CPUHP_AP_PERF_X86_AMD_UNCORE_STARTING   : 107 -> 108
		CPUHP_AP_PERF_X86_STARTING              : 108 -> 109
		CPUHP_AP_PERF_X86_AMD_IBS_STARTING      : 109 -> 110
		CPUHP_AP_PERF_X86_CQM_STARTING          : 110 -> 111
		CPUHP_AP_PERF_X86_CSTATE_STARTING       : 111 -> 112
		CPUHP_AP_PERF_XTENSA_STARTING           : 112 -> 113
		CPUHP_AP_MIPS_OP_LOONGSON3_STARTING     : 113 -> 114
		CPUHP_AP_ARM_VFP_STARTING               : 114 -> 116
		CPUHP_AP_ARM64_DEBUG_MONITORS_STARTING  : 115 -> 117
		CPUHP_AP_PERF_ARM_HW_BREAKPOINT_STARTING: 116 -> 118
		CPUHP_AP_PERF_ARM_ACPI_STARTING         : 117 -> 119
		CPUHP_AP_PERF_ARM_STARTING              : 118 -> 120
		CPUHP_AP_ARM_L2X0_STARTING              : 119 -> 122
		CPUHP_AP_EXYNOS4_MCT_TIMER_STARTING     : 120 -> 123
		CPUHP_AP_ARM_ARCH_TIMER_STARTING        : 121 -> 124
		CPUHP_AP_ARM_GLOBAL_TIMER_STARTING      : 122 -> 125
		CPUHP_AP_JCORE_TIMER_STARTING           : 123 -> 126
		CPUHP_AP_ARM_TWD_STARTING               : 124 -> 127
		CPUHP_AP_QCOM_TIMER_STARTING            : 125 -> 128
		CPUHP_AP_TEGRA_TIMER_STARTING           : 126 -> 129
		CPUHP_AP_ARMADA_TIMER_STARTING          : 127 -> 130
		CPUHP_AP_MARCO_TIMER_STARTING           : 128 -> 131
		CPUHP_AP_MIPS_GIC_TIMER_STARTING        : 129 -> 132
		CPUHP_AP_ARC_TIMER_STARTING             : 130 -> 133
		CPUHP_AP_RISCV_TIMER_STARTING           : 131 -> 134
		CPUHP_AP_CLINT_TIMER_STARTING           : 132 -> 135
		CPUHP_AP_CSKY_TIMER_STARTING            : 133 -> 136
		CPUHP_AP_TI_GP_TIMER_STARTING           : 134 -> 137
		CPUHP_AP_HYPERV_TIMER_STARTING          : 135 -> 138
		CPUHP_AP_KVM_STARTING                   : 136 -> 139
		CPUHP_AP_KVM_ARM_VGIC_INIT_STARTING     : 137 -> 140
		CPUHP_AP_KVM_ARM_VGIC_STARTING          : 138 -> 141
		CPUHP_AP_KVM_ARM_TIMER_STARTING         : 139 -> 142
		CPUHP_AP_DUMMY_TIMER_STARTING           : 140 -> 143
		CPUHP_AP_ARM_XEN_STARTING               : 141 -> 144
		CPUHP_AP_ARM_CORESIGHT_STARTING         : 142 -> 145
		CPUHP_AP_ARM_CORESIGHT_CTI_STARTING     : 143 -> 146
		CPUHP_AP_ARM64_ISNDEP_STARTING          : 144 -> 147
		CPUHP_AP_SMPCFD_DYING                   : 145 -> 148
		CPUHP_AP_X86_TBOOT_DYING                : 146 -> 149
		CPUHP_AP_ARM_CACHE_B15_RAC_DYING        : 147 -> 150
		CPUHP_AP_ONLINE                         : 148 -> 151
		CPUHP_TEARDOWN_CPU                      : 149 -> 152
		CPUHP_AP_ONLINE_IDLE                    : 150 -> 153
		CPUHP_AP_SCHED_WAIT_EMPTY               : 151 -> 154
		CPUHP_AP_SMPBOOT_THREADS                : 152 -> 155
		CPUHP_AP_X86_VDSO_VMA_ONLINE            : 153 -> 156
		CPUHP_AP_IRQ_AFFINITY_ONLINE            : 154 -> 157
		CPUHP_AP_BLK_MQ_ONLINE                  : 155 -> 158
		CPUHP_AP_ARM_MVEBU_SYNC_CLOCKS          : 156 -> 159
		CPUHP_AP_X86_INTEL_EPB_ONLINE           : 157 -> 160
		CPUHP_AP_PERF_ONLINE                    : 158 -> 161
		CPUHP_AP_PERF_X86_ONLINE                : 159 -> 162
		CPUHP_AP_PERF_X86_UNCORE_ONLINE         : 160 -> 163
		CPUHP_AP_PERF_X86_AMD_UNCORE_ONLINE     : 161 -> 164
		CPUHP_AP_PERF_X86_AMD_POWER_ONLINE      : 162 -> 165
		CPUHP_AP_PERF_X86_RAPL_ONLINE           : 163 -> 166
		CPUHP_AP_PERF_X86_CQM_ONLINE            : 164 -> 167
		CPUHP_AP_PERF_X86_CSTATE_ONLINE         : 165 -> 168
		CPUHP_AP_PERF_X86_IDXD_ONLINE           : 166 -> 169
		CPUHP_AP_PERF_S390_CF_ONLINE            : 167 -> 170
		CPUHP_AP_PERF_S390_SF_ONLINE            : 168 -> 171
		CPUHP_AP_PERF_ARM_CCI_ONLINE            : 169 -> 172
		CPUHP_AP_PERF_ARM_CCN_ONLINE            : 170 -> 173
		CPUHP_AP_PERF_ARM_HISI_DDRC_ONLINE      : 171 -> 175
		CPUHP_AP_PERF_ARM_HISI_HHA_ONLINE       : 172 -> 176
		CPUHP_AP_PERF_ARM_HISI_L3_ONLINE        : 173 -> 177
		CPUHP_AP_PERF_ARM_HISI_PA_ONLINE        : 174 -> 178
		CPUHP_AP_PERF_ARM_HISI_SLLC_ONLINE      : 175 -> 179
		CPUHP_AP_PERF_ARM_L2X0_ONLINE           : 176 -> 181
		CPUHP_AP_PERF_ARM_QCOM_L2_ONLINE        : 177 -> 182
		CPUHP_AP_PERF_ARM_QCOM_L3_ONLINE        : 178 -> 183
		CPUHP_AP_PERF_ARM_APM_XGENE_ONLINE      : 179 -> 184
		CPUHP_AP_PERF_ARM_CAVIUM_TX2_UNCORE_ONLINE: 180 -> 185
		CPUHP_AP_PERF_POWERPC_NEST_IMC_ONLINE   : 181 -> 187
		CPUHP_AP_PERF_POWERPC_CORE_IMC_ONLINE   : 182 -> 188
		CPUHP_AP_PERF_POWERPC_THREAD_IMC_ONLINE : 183 -> 189
		CPUHP_AP_PERF_POWERPC_TRACE_IMC_ONLINE  : 184 -> 190
		CPUHP_AP_PERF_POWERPC_HV_24x7_ONLINE    : 185 -> 191
		CPUHP_AP_PERF_POWERPC_HV_GPCI_ONLINE    : 186 -> 192
		CPUHP_AP_PERF_CSKY_ONLINE               : 187 -> 193
		CPUHP_AP_WATCHDOG_ONLINE                : 188 -> 194
		CPUHP_AP_WORKQUEUE_ONLINE               : 189 -> 195
		CPUHP_AP_RANDOM_ONLINE                  : 190 -> 196
		CPUHP_AP_RCUTREE_ONLINE                 : 191 -> 197
		CPUHP_AP_BASE_CACHEINFO_ONLINE          : 192 -> 198
		CPUHP_AP_ONLINE_DYN                     : 193 -> 199
		CPUHP_AP_ONLINE_DYN_END                 : 223 -> 229
		CPUHP_AP_MM_DEMOTION_ONLINE             : 224 -> 230
		CPUHP_AP_X86_HPET_ONLINE                : 225 -> 231
		CPUHP_AP_X86_KVM_CLK_ONLINE             : 226 -> 232
		CPUHP_AP_ACTIVE                         : 228 -> 233
		CPUHP_ONLINE                            : 229 -> 234
memcg_stat_item
	Elem added
		MEMCG_VMALLOC                           : 44
		MEMCG_KMEM                              : 45
		MEMCG_ZSWAP_B                           : 46
		MEMCG_ZSWAPPED                          : 47
	Value changed
		MEMCG_SWAP                              : 39 -> 41
		MEMCG_SOCK                              : 40 -> 42
		MEMCG_PERCPU_B                          : 41 -> 43
		MEMCG_NR_STAT                           : 42 -> 48
memcg_memory_event
	Elem added
		MEMCG_OOM_GROUP_KILL                    : 5
	Value changed
		MEMCG_SWAP_HIGH                         : 5 -> 6
		MEMCG_SWAP_MAX                          : 6 -> 7
		MEMCG_SWAP_FAIL                         : 7 -> 8
		MEMCG_NR_MEMORY_EVENTS                  : 8 -> 9
flow_dissector_key_id
	Elem added
		FLOW_DISSECTOR_KEY_NUM_OF_VLANS         : 28
	Value changed
		FLOW_DISSECTOR_KEY_MAX                  : 28 -> 29
bpf_map_type
	Elem added
		BPF_MAP_TYPE_BLOOM_FILTER               : 30
bpf_attach_type
	Elem added
		BPF_TRACE_KPROBE_MULTI                  : 42
	Value changed
		__MAX_BPF_ATTACH_TYPE                   : 42 -> 43
bpf_reg_type
	Elem removed
		PTR_TO_PERCPU_BTF_ID                    : 19
	Value changed
		PTR_TO_FUNC                             : 20 -> 19
		__BPF_REG_TYPE_MAX                      : 21 -> 20
		__BPF_REG_TYPE_LIMIT                    : 1023 -> 524287
net_device_path_type
	Elem added
		DEV_PATH_MTK_WDMA                       : 5
tc_setup_type
	Elem added
		TC_SETUP_ACT                            : 19
bpf_type_flag
	Elem added
		MEM_ALLOC                               : 1024
		MEM_USER                                : 2048
		MEM_PERCPU                              : 4096
		OBJ_RELEASE                             : 8192
		PTR_UNTRUSTED                           : 16384
		MEM_UNINIT                              : 32768
		DYNPTR_TYPE_LOCAL                       : 65536
		DYNPTR_TYPE_RINGBUF                     : 131072
		MEM_FIXED_SIZE                          : 262144
		__BPF_TYPE_FLAG_MAX                     : 262145
	Value changed
		__BPF_TYPE_LAST_FLAG                    : 512 -> 262144
bpf_arg_type
	Elem added
		ARG_PTR_TO_KPTR                         : 23
		ARG_PTR_TO_DYNPTR                       : 24
		ARG_PTR_TO_BTF_ID_OR_NULL               : 270
		ARG_PTR_TO_FIXED_SIZE_MEM               : 262148
	Elem removed
		ARG_PTR_TO_UNINIT_MAP_VALUE             : 4
	Value changed
		ARG_PTR_TO_MEM                          : 5 -> 4
		ARG_PTR_TO_UNINIT_MEM                   : 6 -> 32772
		ARG_CONST_SIZE                          : 7 -> 5
		ARG_CONST_SIZE_OR_ZERO                  : 8 -> 6
		ARG_PTR_TO_CTX                          : 9 -> 7
		ARG_ANYTHING                            : 10 -> 8
		ARG_PTR_TO_SPIN_LOCK                    : 11 -> 9
		ARG_PTR_TO_SOCK_COMMON                  : 12 -> 10
		ARG_PTR_TO_INT                          : 13 -> 11
		ARG_PTR_TO_LONG                         : 14 -> 12
		ARG_PTR_TO_SOCKET                       : 15 -> 13
		ARG_PTR_TO_BTF_ID                       : 16 -> 14
		ARG_PTR_TO_ALLOC_MEM                    : 17 -> 15
		ARG_CONST_ALLOC_SIZE_OR_ZERO            : 18 -> 16
		ARG_PTR_TO_BTF_ID_SOCK_COMMON           : 19 -> 17
		ARG_PTR_TO_PERCPU_BTF_ID                : 20 -> 18
		ARG_PTR_TO_FUNC                         : 21 -> 19
		ARG_PTR_TO_STACK                        : 22 -> 20
		ARG_PTR_TO_CONST_STR                    : 23 -> 21
		ARG_PTR_TO_TIMER                        : 24 -> 22
		ARG_PTR_TO_MEM_OR_NULL                  : 261 -> 260
		ARG_PTR_TO_CTX_OR_NULL                  : 265 -> 263
		ARG_PTR_TO_SOCKET_OR_NULL               : 271 -> 269
		ARG_PTR_TO_ALLOC_MEM_OR_NULL            : 273 -> 271
		ARG_PTR_TO_STACK_OR_NULL                : 278 -> 276
		__BPF_ARG_TYPE_LIMIT                    : 1023 -> 524287
bpf_return_type
	Elem added
		RET_PTR_TO_DYNPTR_MEM_OR_NULL           : 262
	Value changed
		RET_PTR_TO_ALLOC_MEM_OR_NULL            : 262 -> 1286
		__BPF_RET_TYPE_LIMIT                    : 1023 -> 524287
pageflags
	Elem added
		PG_readahead                            : 18
		PG_anon_exclusive                       : 17
	Value changed
		PG_has_hwpoisoned                       : 17 -> 8
pt_capabilities
	Elem added
		PT_CAP_event_trace                      : 7
		PT_CAP_tnt_disable                      : 8
	Value changed
		PT_CAP_topa_output                      : 7 -> 9
		PT_CAP_topa_multiple_entries            : 8 -> 10
		PT_CAP_single_range_output              : 9 -> 11
		PT_CAP_output_subsys                    : 10 -> 12
		PT_CAP_payloads_lip                     : 11 -> 13
		PT_CAP_num_address_ranges               : 12 -> 14
		PT_CAP_mtc_periods                      : 13 -> 15
		PT_CAP_cycle_thresholds                 : 14 -> 16
		PT_CAP_psb_periods                      : 15 -> 17
lockdown_reason
	Elem added
		LOCKDOWN_DBG_WRITE_KERNEL               : 17
		LOCKDOWN_DBG_READ_KERNEL                : 22
	Elem removed
		LOCKDOWN_KGDB                           : 17
	Value changed
		LOCKDOWN_PERF                           : 22 -> 23
		LOCKDOWN_TRACEFS                        : 23 -> 24
		LOCKDOWN_XMON_RW                        : 24 -> 25
		LOCKDOWN_XFRM_SECRET                    : 25 -> 26
		LOCKDOWN_CONFIDENTIALITY_MAX            : 26 -> 27
memblock_flags
	Elem added
		MEMBLOCK_DRIVER_MANAGED                 : 8
iommu_cap
	Elem added
		IOMMU_CAP_PRE_BOOT_PROTECTION           : 3
iommu_dev_features
	Elem removed
		IOMMU_DEV_FEAT_AUX                      : 0
	Value changed
		IOMMU_DEV_FEAT_SVA                      : 1 -> 0
		IOMMU_DEV_FEAT_IOPF                     : 2 -> 1
cpuid_leafs
	Elem removed
		CPUID_8000_0021_EAX                     : 20
task_work_notify_mode
	Elem added
		TWA_SIGNAL_NO_IPI                       : 3
mf_flags
	Elem added
		MF_UNPOISON                             : 16
		MF_SW_SIMULATED                         : 32
smca_bank_types
	Elem added
		SMCA_MPDMA                              : 20
		SMCA_NBIF                               : 25
		SMCA_SHUB                               : 26
		SMCA_SATA                               : 27
		SMCA_USB                                : 28
		SMCA_GMI_PCS                            : 29
		SMCA_GMI_PHY                            : 32
	Value changed
		SMCA_NBIO                               : 20 -> 21
		SMCA_PCIE                               : 21 -> 22
		SMCA_PCIE_V2                            : 22 -> 23
		SMCA_XGMI_PCS                           : 23 -> 24
		SMCA_XGMI_PHY                           : 24 -> 30
		SMCA_WAFL_PHY                           : 25 -> 31
		N_SMCA_BANK_TYPES                       : 26 -> 33
acpi_madt_type
	Elem added
		ACPI_MADT_TYPE_OEM_RESERVED             : 128
cc_attr
	Elem added
		CC_ATTR_GUEST_UNROLL_STRING_IO          : 4
		CC_ATTR_GUEST_SEV_SNP                   : 5
		CC_ATTR_HOTPLUG_DISABLED                : 6
req_opf
	Elem removed
		REQ_OP_WRITE_SAME                       : 7
req_flag_bits
	Elem added
		__REQ_POLLED                            : 23
		__REQ_ALLOC_CACHE                       : 24
	Elem removed
		__REQ_HIPRI                             : 24
	Value changed
		__REQ_NOUNMAP                           : 23 -> 27
		__REQ_DRV                               : 25 -> 26
		__REQ_SWAP                              : 26 -> 25
		__REQ_NR_BITS                           : 27 -> 28
hv_tsc_page_status
	Elem removed
		HV_TSC_PAGE_UPDATING                    : 4
	Value changed
		HV_TSC_PAGE_BROKEN                      : 5 -> 4
bpf_link_type
	Elem added
		BPF_LINK_TYPE_KPROBE_MULTI              : 8
		BPF_LINK_TYPE_STRUCT_OPS                : 9
	Value changed
		MAX_BPF_LINK_TYPE                       : 8 -> 10
skb_drop_reason
	Elem added
		SKB_NOT_DROPPED_YET                     : 0
		SKB_DROP_REASON_XFRM_POLICY             : 13
		SKB_DROP_REASON_IP_NOPROTO              : 14
		SKB_DROP_REASON_SOCKET_RCVBUFF          : 15
		SKB_DROP_REASON_PROTO_MEM               : 16
		SKB_DROP_REASON_TCP_MD5NOTFOUND         : 17
		SKB_DROP_REASON_TCP_MD5UNEXPECTED       : 18
		SKB_DROP_REASON_TCP_MD5FAILURE          : 19
		SKB_DROP_REASON_SOCKET_BACKLOG          : 20
		SKB_DROP_REASON_TCP_FLAGS               : 21
		SKB_DROP_REASON_TCP_ZEROWINDOW          : 22
		SKB_DROP_REASON_TCP_OLD_DATA            : 23
		SKB_DROP_REASON_TCP_OVERWINDOW          : 24
		SKB_DROP_REASON_TCP_OFOMERGE            : 25
		SKB_DROP_REASON_TCP_RFC7323_PAWS        : 26
		SKB_DROP_REASON_TCP_INVALID_SEQUENCE    : 27
		SKB_DROP_REASON_TCP_RESET               : 28
		SKB_DROP_REASON_TCP_INVALID_SYN         : 29
		SKB_DROP_REASON_TCP_CLOSE               : 30
		SKB_DROP_REASON_TCP_FASTOPEN            : 31
		SKB_DROP_REASON_TCP_OLD_ACK             : 32
		SKB_DROP_REASON_TCP_TOO_OLD_ACK         : 33
		SKB_DROP_REASON_TCP_ACK_UNSENT_DATA     : 34
		SKB_DROP_REASON_TCP_OFO_QUEUE_PRUNE     : 35
		SKB_DROP_REASON_TCP_OFO_DROP            : 36
		SKB_DROP_REASON_IP_OUTNOROUTES          : 37
		SKB_DROP_REASON_BPF_CGROUP_EGRESS       : 38
		SKB_DROP_REASON_IPV6DISABLED            : 39
		SKB_DROP_REASON_NEIGH_CREATEFAIL        : 40
		SKB_DROP_REASON_NEIGH_FAILED            : 41
		SKB_DROP_REASON_NEIGH_QUEUEFULL         : 42
		SKB_DROP_REASON_NEIGH_DEAD              : 43
		SKB_DROP_REASON_TC_EGRESS               : 44
		SKB_DROP_REASON_QDISC_DROP              : 45
		SKB_DROP_REASON_CPU_BACKLOG             : 46
		SKB_DROP_REASON_XDP                     : 47
		SKB_DROP_REASON_TC_INGRESS              : 48
		SKB_DROP_REASON_UNHANDLED_PROTO         : 49
		SKB_DROP_REASON_SKB_CSUM                : 50
		SKB_DROP_REASON_SKB_GSO_SEG             : 51
		SKB_DROP_REASON_SKB_UCOPY_FAULT         : 52
		SKB_DROP_REASON_DEV_HDR                 : 53
		SKB_DROP_REASON_DEV_READY               : 54
		SKB_DROP_REASON_FULL_RING               : 55
		SKB_DROP_REASON_NOMEM                   : 56
		SKB_DROP_REASON_HDR_TRUNC               : 57
		SKB_DROP_REASON_TAP_FILTER              : 58
		SKB_DROP_REASON_TAP_TXFILTER            : 59
		SKB_DROP_REASON_ICMP_CSUM               : 60
		SKB_DROP_REASON_INVALID_PROTO           : 61
		SKB_DROP_REASON_IP_INADDRERRORS         : 62
		SKB_DROP_REASON_IP_INNOROUTES           : 63
		SKB_DROP_REASON_PKT_TOO_BIG             : 64
	Value changed
		SKB_DROP_REASON_NOT_SPECIFIED           : 0 -> 1
		SKB_DROP_REASON_NO_SOCKET               : 1 -> 2
		SKB_DROP_REASON_PKT_TOO_SMALL           : 2 -> 3
		SKB_DROP_REASON_TCP_CSUM                : 3 -> 4
		SKB_DROP_REASON_SOCKET_FILTER           : 4 -> 5
		SKB_DROP_REASON_UDP_CSUM                : 5 -> 6
		SKB_DROP_REASON_NETFILTER_DROP          : 6 -> 7
		SKB_DROP_REASON_OTHERHOST               : 7 -> 8
		SKB_DROP_REASON_IP_CSUM                 : 8 -> 9
		SKB_DROP_REASON_IP_INHDR                : 9 -> 10
		SKB_DROP_REASON_IP_RPFILTER             : 10 -> 11
		SKB_DROP_REASON_UNICAST_IN_L2_MULTICAST : 11 -> 12
		SKB_DROP_REASON_MAX                     : 12 -> 65
fsnotify_obj_type
	Elem added
		FSNOTIFY_OBJ_TYPE_ANY                   : -1
	Elem removed
		FSNOTIFY_OBJ_TYPE_PARENT                : 1
	Value changed
		FSNOTIFY_OBJ_TYPE_VFSMOUNT              : 2 -> 1
		FSNOTIFY_OBJ_TYPE_SB                    : 3 -> 2
		FSNOTIFY_OBJ_TYPE_COUNT                 : 4 -> 3
		FSNOTIFY_OBJ_TYPE_DETACHED              : 4 -> 3
fsnotify_data_type
	Elem added
		FSNOTIFY_EVENT_DENTRY                   : 3
		FSNOTIFY_EVENT_ERROR                    : 4
trace_flag_type
	Elem added
		TRACE_FLAG_BH_OFF                       : 128
fetch_op
	Elem removed
		FETCH_OP_ST_SYMSTR                      : 17
	Value changed
		FETCH_OP_MOD_BF                         : 18 -> 17
		FETCH_OP_LP_ARRAY                       : 19 -> 18
		FETCH_OP_TP_ARG                         : 20 -> 19
		FETCH_OP_END                            : 21 -> 20
		FETCH_NOP_SYMBOL                        : 22 -> 21
field_op_id
	Elem added
		FIELD_OP_DIV                            : 4
		FIELD_OP_MULT                           : 5
hist_field_flags
	Elem added
		HIST_FIELD_FL_CONST                     : 262144
bpf_func_id
	Elem added
		BPF_FUNC_get_branch_snapshot            : 176
		BPF_FUNC_trace_vprintk                  : 177
		BPF_FUNC_skc_to_unix_sock               : 178
		BPF_FUNC_kallsyms_lookup_name           : 179
		BPF_FUNC_find_vma                       : 180
		BPF_FUNC_loop                           : 181
		BPF_FUNC_strncmp                        : 182
		BPF_FUNC_get_func_arg                   : 183
		BPF_FUNC_get_func_ret                   : 184
		BPF_FUNC_get_func_arg_cnt               : 185
		BPF_FUNC_get_retval                     : 186
		BPF_FUNC_set_retval                     : 187
		BPF_FUNC_xdp_get_buff_len               : 188
		BPF_FUNC_xdp_load_bytes                 : 189
		BPF_FUNC_xdp_store_bytes                : 190
		BPF_FUNC_copy_from_user_task            : 191
		BPF_FUNC_skb_set_tstamp                 : 192
		BPF_FUNC_ima_file_hash                  : 193
		BPF_FUNC_kptr_xchg                      : 194
		BPF_FUNC_map_lookup_percpu_elem         : 195
		BPF_FUNC_skc_to_mptcp_sock              : 196
		BPF_FUNC_dynptr_from_mem                : 197
		BPF_FUNC_ringbuf_reserve_dynptr         : 198
		BPF_FUNC_ringbuf_submit_dynptr          : 199
		BPF_FUNC_ringbuf_discard_dynptr         : 200
		BPF_FUNC_dynptr_read                    : 201
		BPF_FUNC_dynptr_write                   : 202
		BPF_FUNC_dynptr_data                    : 203
	Value changed
		__BPF_FUNC_MAX_ID                       : 176 -> 204
error_detector
	Elem added
		ERROR_DETECTOR_WARN                     : 2
bpf_stack_slot_type
	Elem added
		STACK_DYNPTR                            : 4
netdev_priv_flags
	Elem added
		IFF_CHANGE_PROTO_DOWN                   : 0
netdev_cmd
	Elem added
		NETDEV_OFFLOAD_XSTATS_ENABLE            : 35
		NETDEV_OFFLOAD_XSTATS_DISABLE           : 36
		NETDEV_OFFLOAD_XSTATS_REPORT_USED       : 37
		NETDEV_OFFLOAD_XSTATS_REPORT_DELTA      : 38
sock_flags
	Elem added
		SOCK_RCVMARK                            : 27
perf_event_read_format
	Elem removed
		PERF_FORMAT_LOST                        : 16
	Value changed
		PERF_FORMAT_MAX                         : 32 -> 16
perf_event_type
	Elem added
		PERF_RECORD_AUX_OUTPUT_HW_ID            : 21
	Value changed
		PERF_RECORD_MAX                         : 21 -> 22
mapping_flags
	Elem added
		AS_LARGE_FOLIO_SUPPORT                  : 6
	Elem removed
		AS_THP_SUPPORT                          : 6
slab_modes
	Elem added
		M_FULL_NOLIST                           : 4
scan_result
	Elem removed
		SCAN_SWAP_CACHE_PAGE                    : 21
	Value changed
		SCAN_DEL_PAGE_LRU                       : 22 -> 21
		SCAN_ALLOC_HUGE_PAGE_FAIL               : 23 -> 22
		SCAN_CGROUP_CHARGE_FAIL                 : 24 -> 23
		SCAN_TRUNCATED                          : 25 -> 24
		SCAN_PAGE_HAS_PRIVATE                   : 26 -> 25
res_type
	Elem removed
		_OOM_TYPE                               : 2
	Value changed
		_KMEM                                   : 3 -> 2
		_TCP                                    : 4 -> 3
mf_action_page_type
	Elem removed
		MF_MSG_POISONED_HUGE                    : 4
		MF_MSG_BUDDY_2ND                        : 19
	Value changed
		MF_MSG_HUGE                             : 5 -> 4
		MF_MSG_FREE_HUGE                        : 6 -> 5
		MF_MSG_NON_PMD_HUGE                     : 7 -> 6
		MF_MSG_UNMAP_FAILED                     : 8 -> 7
		MF_MSG_DIRTY_SWAPCACHE                  : 9 -> 8
		MF_MSG_CLEAN_SWAPCACHE                  : 10 -> 9
		MF_MSG_DIRTY_MLOCKED_LRU                : 11 -> 10
		MF_MSG_CLEAN_MLOCKED_LRU                : 12 -> 11
		MF_MSG_DIRTY_UNEVICTABLE_LRU            : 13 -> 12
		MF_MSG_CLEAN_UNEVICTABLE_LRU            : 14 -> 13
		MF_MSG_DIRTY_LRU                        : 15 -> 14
		MF_MSG_CLEAN_LRU                        : 16 -> 15
		MF_MSG_TRUNCATED_LRU                    : 17 -> 16
		MF_MSG_BUDDY                            : 18 -> 17
		MF_MSG_DAX                              : 20 -> 18
		MF_MSG_UNSPLIT_THP                      : 21 -> 19
		MF_MSG_UNKNOWN                          : 22 -> 20
fanotify_event_type
	Elem added
		FANOTIFY_EVENT_TYPE_FS_ERROR            : 5
	Value changed
		__FANOTIFY_EVENT_TYPE_NUM               : 5 -> 6
tpm2_return_codes
	Elem added
		TPM2_RC_UPGRADE                         : 301
ethtool_link_ext_state
	Elem added
		ETHTOOL_LINK_EXT_STATE_MODULE           : 10
ethtool_link_mode_bit_indices
	Elem added
		ETHTOOL_LINK_MODE_10baseT1L_Full_BIT    : 92
	Value changed
		__ETHTOOL_LINK_MODE_MASK_NBITS          : 92 -> 93
label_flags
	Elem added
		FLAG_DEBUG1                             : 16384
		FLAG_DEBUG2                             : 32768
profile_mode
	Elem added
		APPARMOR_USER                           : 4
path_flags
	Value changed
		PATH_DELEGATE_DELETED                   : 32768 -> 65536
		PATH_MEDIATE_DELETED                    : 65536 -> 131072
evm_ima_xattr_type
	Elem added
		IMA_VERITY_DIGSIG                       : 6
	Value changed
		IMA_XATTR_LAST                          : 6 -> 7
data_formats
	Elem added
		DATA_FMT_DIGEST_WITH_TYPE_AND_ALGO      : 2
	Value changed
		DATA_FMT_STRING                         : 2 -> 3
		DATA_FMT_HEX                            : 3 -> 4
		DATA_FMT_UINT                           : 4 -> 5
x509_actions
	Elem added
		ACT_x509_note_sig_algo                  : 8
	Elem removed
		ACT_x509_note_pkey_algo                 : 7
	Value changed
		ACT_x509_note_serial                    : 8 -> 7
tg_state_flags
	Elem added
		THROTL_TG_HAS_IOPS_LIMIT                : 4
		THROTL_TG_CANCELING                     : 8
io_uring_cmd_flags
	Elem added
		IO_URING_F_UNLOCKED                     : 2
		IO_URING_F_SQE128                       : 4
		IO_URING_F_CQE32                        : 8
		IO_URING_F_IOPOLL                       : 16
	Value changed
		IO_URING_F_NONBLOCK                     : 1 -> -2147483648
		IO_URING_F_COMPLETE_DEFER               : 2 -> 1
pin_config_param
	Elem added
		PIN_CONFIG_OUTPUT_IMPEDANCE_OHMS        : 19
	Value changed
		PIN_CONFIG_PERSIST_STATE                : 19 -> 20
		PIN_CONFIG_POWER_SOURCE                 : 20 -> 21
		PIN_CONFIG_SKEW_DELAY                   : 21 -> 22
		PIN_CONFIG_SLEEP_HARDWARE_STATE         : 22 -> 23
		PIN_CONFIG_SLEW_RATE                    : 23 -> 24
gpio_v2_line_flag
	Elem added
		GPIO_V2_LINE_FLAG_EVENT_CLOCK_HTE       : 4096
pci_dev_flags
	Value changed
		PCI_DEV_FLAGS_ENABLE_ASPM               : 4096 -> 8192
		PCI_DEV_FLAGS_HAS_MSI_MASKING           : 8192 -> 4096
dma_transaction_type
	Elem added
		DMA_MEMCPY_SG                           : 1
	Value changed
		DMA_XOR                                 : 1 -> 2
		DMA_PQ                                  : 2 -> 3
		DMA_XOR_VAL                             : 3 -> 4
		DMA_PQ_VAL                              : 4 -> 5
		DMA_MEMSET                              : 5 -> 6
		DMA_MEMSET_SG                           : 6 -> 7
		DMA_INTERRUPT                           : 7 -> 8
		DMA_PRIVATE                             : 8 -> 9
		DMA_ASYNC_TX                            : 9 -> 10
		DMA_SLAVE                               : 10 -> 11
		DMA_CYCLIC                              : 11 -> 12
		DMA_INTERLEAVE                          : 12 -> 13
		DMA_COMPLETION_NO_ORDER                 : 13 -> 14
		DMA_REPEAT                              : 14 -> 15
		DMA_LOAD_EOT                            : 15 -> 16
		DMA_TX_TYPE_END                         : 16 -> 17
acpi_subtable_type
	Elem added
		ACPI_SUBTABLE_CEDT                      : 3
power_supply_property
	Elem added
		POWER_SUPPLY_PROP_CHARGE_BEHAVIOUR      : 37
	Value changed
		POWER_SUPPLY_PROP_INPUT_CURRENT_LIMIT   : 37 -> 38
		POWER_SUPPLY_PROP_INPUT_VOLTAGE_LIMIT   : 38 -> 39
		POWER_SUPPLY_PROP_INPUT_POWER_LIMIT     : 39 -> 40
		POWER_SUPPLY_PROP_ENERGY_FULL_DESIGN    : 40 -> 41
		POWER_SUPPLY_PROP_ENERGY_EMPTY_DESIGN   : 41 -> 42
		POWER_SUPPLY_PROP_ENERGY_FULL           : 42 -> 43
		POWER_SUPPLY_PROP_ENERGY_EMPTY          : 43 -> 44
		POWER_SUPPLY_PROP_ENERGY_NOW            : 44 -> 45
		POWER_SUPPLY_PROP_ENERGY_AVG            : 45 -> 46
		POWER_SUPPLY_PROP_CAPACITY              : 46 -> 47
		POWER_SUPPLY_PROP_CAPACITY_ALERT_MIN    : 47 -> 48
		POWER_SUPPLY_PROP_CAPACITY_ALERT_MAX    : 48 -> 49
		POWER_SUPPLY_PROP_CAPACITY_ERROR_MARGIN : 49 -> 50
		POWER_SUPPLY_PROP_CAPACITY_LEVEL        : 50 -> 51
		POWER_SUPPLY_PROP_TEMP                  : 51 -> 52
		POWER_SUPPLY_PROP_TEMP_MAX              : 52 -> 53
		POWER_SUPPLY_PROP_TEMP_MIN              : 53 -> 54
		POWER_SUPPLY_PROP_TEMP_ALERT_MIN        : 54 -> 55
		POWER_SUPPLY_PROP_TEMP_ALERT_MAX        : 55 -> 56
		POWER_SUPPLY_PROP_TEMP_AMBIENT          : 56 -> 57
		POWER_SUPPLY_PROP_TEMP_AMBIENT_ALERT_MIN: 57 -> 58
		POWER_SUPPLY_PROP_TEMP_AMBIENT_ALERT_MAX: 58 -> 59
		POWER_SUPPLY_PROP_TIME_TO_EMPTY_NOW     : 59 -> 60
		POWER_SUPPLY_PROP_TIME_TO_EMPTY_AVG     : 60 -> 61
		POWER_SUPPLY_PROP_TIME_TO_FULL_NOW      : 61 -> 62
		POWER_SUPPLY_PROP_TIME_TO_FULL_AVG      : 62 -> 63
		POWER_SUPPLY_PROP_TYPE                  : 63 -> 64
		POWER_SUPPLY_PROP_USB_TYPE              : 64 -> 65
		POWER_SUPPLY_PROP_SCOPE                 : 65 -> 66
		POWER_SUPPLY_PROP_PRECHARGE_CURRENT     : 66 -> 67
		POWER_SUPPLY_PROP_CHARGE_TERM_CURRENT   : 67 -> 68
		POWER_SUPPLY_PROP_CALIBRATE             : 68 -> 69
		POWER_SUPPLY_PROP_MANUFACTURE_YEAR      : 69 -> 70
		POWER_SUPPLY_PROP_MANUFACTURE_MONTH     : 70 -> 71
		POWER_SUPPLY_PROP_MANUFACTURE_DAY       : 71 -> 72
		POWER_SUPPLY_PROP_MODEL_NAME            : 72 -> 73
		POWER_SUPPLY_PROP_MANUFACTURER          : 73 -> 74
		POWER_SUPPLY_PROP_SERIAL_NUMBER         : 74 -> 75
acpi_srat_type
	Elem added
		ACPI_SRAT_TYPE_GENERIC_PORT_AFFINITY    : 6
	Value changed
		ACPI_SRAT_TYPE_RESERVED                 : 6 -> 7
xsd_sockmsg_type
	Elem added
		XS_CONTROL                              : 0
		XS_DIRECTORY_PART                       : 22
		XS_TYPE_COUNT                           : 23
		XS_INVALID                              : 65535
	Elem removed
		XS_DEBUG                                : 0
		XS_RESTRICT                             : 20
pci_board_num_t
	Elem removed
		pbn_pericom_PI7C9X7951                  : 104
		pbn_pericom_PI7C9X7952                  : 105
		pbn_pericom_PI7C9X7954                  : 106
		pbn_pericom_PI7C9X7958                  : 107
	Value changed
		pbn_sunix_pci_1s                        : 108 -> 104
		pbn_sunix_pci_2s                        : 109 -> 105
		pbn_sunix_pci_4s                        : 110 -> 106
		pbn_sunix_pci_8s                        : 111 -> 107
		pbn_sunix_pci_16s                       : 112 -> 108
		pbn_titan_1_4000000                     : 113 -> 109
		pbn_titan_2_4000000                     : 114 -> 110
		pbn_titan_4_4000000                     : 115 -> 111
		pbn_titan_8_4000000                     : 116 -> 112
		pbn_moxa8250_2p                         : 117 -> 113
		pbn_moxa8250_4p                         : 118 -> 114
		pbn_moxa8250_8p                         : 119 -> 115
tpm_chip_flags
	Elem added
		TPM_CHIP_FLAG_FIRMWARE_UPGRADE          : 128
da9063_variant_codes
	Elem added
		PMIC_DA9063_EA                          : 8
nd_driver_flags
	Elem removed
		ND_DRIVER_NAMESPACE_BLK                 : 64
dax_device_flags
	Elem added
		DAXDEV_NOCACHE                          : 3
		DAXDEV_NOMC                             : 4
zbc_zone_type
	Elem added
		ZBC_ZONE_TYPE_SEQ_OR_BEFORE_REQ         : 4
		ZBC_ZONE_TYPE_GAP                       : 5
vfio_notify_type
	Elem removed
		VFIO_GROUP_NOTIFY                       : 1
hwmon_pwm_attributes
	Elem added
		hwmon_pwm_auto_channels_temp            : 4
thermal_genl_attr
	Elem added
		THERMAL_GENL_ATTR_CPU_CAPABILITY        : 20
		THERMAL_GENL_ATTR_CPU_CAPABILITY_ID     : 21
		THERMAL_GENL_ATTR_CPU_CAPABILITY_PERFORMANCE: 22
		THERMAL_GENL_ATTR_CPU_CAPABILITY_EFFICIENCY: 23
	Value changed
		__THERMAL_GENL_ATTR_MAX                 : 20 -> 24
thermal_genl_event
	Elem added
		THERMAL_GENL_EVENT_CPU_CAPABILITY_CHANGE: 14
	Value changed
		__THERMAL_GENL_EVENT_MAX                : 14 -> 15
ec_mkbp_event
	Elem added
		EC_MKBP_EVENT_PCHG                      : 12
	Value changed
		EC_MKBP_EVENT_COUNT                     : 10 -> 13
rtnetlink_groups
	Elem added
		RTNLGRP_MCTP_IFADDR                     : 34
		RTNLGRP_TUNNEL                          : 35
		RTNLGRP_STATS                           : 36
	Value changed
		__RTNLGRP_MAX                           : 34 -> 37
rtnl_link_flags
	Elem added
		RTNL_FLAG_BULK_DEL_SUPPORTED            : 2
flow_action_id
	Elem added
		FLOW_ACTION_JUMP                        : 30
		FLOW_ACTION_PIPE                        : 31
		FLOW_ACTION_VLAN_PUSH_ETH               : 32
		FLOW_ACTION_VLAN_POP_ETH                : 33
		FLOW_ACTION_CONTINUE                    : 34
	Value changed
		NUM_FLOW_ACTIONS                        : 30 -> 35
dsa_tag_protocol
	Elem added
		DSA_TAG_PROTO_RTL8_4                    : 24
		DSA_TAG_PROTO_RTL8_4T                   : 25
nf_ct_ext_id
	Elem added
		NF_CT_EXT_ACT_CT                        : 9
	Value changed
		NF_CT_EXT_NUM                           : 9 -> 10
nf_dev_hooks
	Elem added
		NF_NETDEV_EGRESS                        : 1
	Value changed
		NF_NETDEV_NUMHOOKS                      : 1 -> 2
net_dm_attr
	Elem added
		NET_DM_ATTR_REASON                      : 23
	Value changed
		__NET_DM_ATTR_MAX                       : 23 -> 24
		NET_DM_ATTR_MAX                         : 22 -> 23
devlink_command
	Elem added
		DEVLINK_CMD_LINECARD_GET                : 78
		DEVLINK_CMD_LINECARD_SET                : 79
		DEVLINK_CMD_LINECARD_NEW                : 80
		DEVLINK_CMD_LINECARD_DEL                : 81
	Value changed
		__DEVLINK_CMD_MAX                       : 78 -> 82
		DEVLINK_CMD_MAX                         : 77 -> 81
devlink_attr
	Elem added
		DEVLINK_ATTR_REGION_MAX_SNAPSHOTS       : 170
		DEVLINK_ATTR_LINECARD_INDEX             : 171
		DEVLINK_ATTR_LINECARD_STATE             : 172
		DEVLINK_ATTR_LINECARD_TYPE              : 173
		DEVLINK_ATTR_LINECARD_SUPPORTED_TYPES   : 174
	Value changed
		__DEVLINK_ATTR_MAX                      : 170 -> 175
		DEVLINK_ATTR_MAX                        : 169 -> 174
devlink_param_generic_id
	Elem added
		DEVLINK_PARAM_GENERIC_ID_ENABLE_IWARP   : 14
		DEVLINK_PARAM_GENERIC_ID_IO_EQ_SIZE     : 15
		DEVLINK_PARAM_GENERIC_ID_EVENT_EQ_SIZE  : 16
	Value changed
		__DEVLINK_PARAM_GENERIC_ID_MAX          : 14 -> 17
		DEVLINK_PARAM_GENERIC_ID_MAX            : 13 -> 16
sk_psock_state_bits
	Elem removed
		SK_PSOCK_RX_STRP_ENABLED                : 1
tunable_id
	Elem added
		ETHTOOL_TX_COPYBREAK_BUF_SIZE           : 4
	Value changed
		__ETHTOOL_TUNABLE_COUNT                 : 4 -> 5
nl80211_chan_width
	Elem added
		NL80211_CHAN_WIDTH_320                  : 13
nl80211_band
	Elem added
		NL80211_BAND_LC                         : 5
	Value changed
		NUM_NL80211_BANDS                       : 5 -> 6
nl80211_ext_feature_index
	Elem added
		NL80211_EXT_FEATURE_FILS_CRYPTO_OFFLOAD : 59
		NL80211_EXT_FEATURE_RADAR_BACKGROUND    : 60
	Value changed
		NUM_NL80211_EXT_FEATURES                : 59 -> 61
		MAX_NL80211_EXT_FEATURES                : 58 -> 60
switchdev_attr_id
	Elem added
		SWITCHDEV_ATTR_ID_PORT_MST_STATE        : 2
		SWITCHDEV_ATTR_ID_BRIDGE_MST            : 11
		SWITCHDEV_ATTR_ID_VLAN_MSTI             : 13
	Value changed
		SWITCHDEV_ATTR_ID_PORT_BRIDGE_FLAGS     : 2 -> 3
		SWITCHDEV_ATTR_ID_PORT_PRE_BRIDGE_FLAGS : 3 -> 4
		SWITCHDEV_ATTR_ID_PORT_MROUTER          : 4 -> 5
		SWITCHDEV_ATTR_ID_BRIDGE_AGEING_TIME    : 5 -> 6
		SWITCHDEV_ATTR_ID_BRIDGE_VLAN_FILTERING : 6 -> 7
		SWITCHDEV_ATTR_ID_BRIDGE_VLAN_PROTOCOL  : 7 -> 8
		SWITCHDEV_ATTR_ID_BRIDGE_MC_DISABLED    : 8 -> 9
		SWITCHDEV_ATTR_ID_BRIDGE_MROUTER        : 9 -> 10
		SWITCHDEV_ATTR_ID_MRP_PORT_ROLE         : 10 -> 12
linux_mptcp_mib_field
	Elem added
		MPTCP_MIB_INFINITEMAPTX                 : 16
		MPTCP_MIB_MPFASTCLOSETX                 : 41
		MPTCP_MIB_MPFASTCLOSERX                 : 42
		MPTCP_MIB_MPRSTTX                       : 43
		MPTCP_MIB_MPRSTRX                       : 44
		MPTCP_MIB_SNDWNDSHARED                  : 48
		MPTCP_MIB_RCVWNDSHARED                  : 49
		MPTCP_MIB_RCVWNDCONFLICTUPDATE          : 50
		MPTCP_MIB_RCVWNDCONFLICT                : 51
	Value changed
		MPTCP_MIB_INFINITEMAPRX                 : 16 -> 17
		MPTCP_MIB_DSSTCPMISMATCH                : 17 -> 18
		MPTCP_MIB_DATACSUMERR                   : 18 -> 19
		MPTCP_MIB_OFOQUEUETAIL                  : 19 -> 20
		MPTCP_MIB_OFOQUEUE                      : 20 -> 21
		MPTCP_MIB_OFOMERGE                      : 21 -> 22
		MPTCP_MIB_NODSSWINDOW                   : 22 -> 23
		MPTCP_MIB_DUPDATA                       : 23 -> 24
		MPTCP_MIB_ADDADDR                       : 24 -> 25
		MPTCP_MIB_ECHOADD                       : 25 -> 26
		MPTCP_MIB_PORTADD                       : 26 -> 27
		MPTCP_MIB_ADDADDRDROP                   : 27 -> 28
		MPTCP_MIB_JOINPORTSYNRX                 : 28 -> 29
		MPTCP_MIB_JOINPORTSYNACKRX              : 29 -> 30
		MPTCP_MIB_JOINPORTACKRX                 : 30 -> 31
		MPTCP_MIB_MISMATCHPORTSYNRX             : 31 -> 32
		MPTCP_MIB_MISMATCHPORTACKRX             : 32 -> 33
		MPTCP_MIB_RMADDR                        : 33 -> 34
		MPTCP_MIB_RMADDRDROP                    : 34 -> 35
		MPTCP_MIB_RMSUBFLOW                     : 35 -> 36
		MPTCP_MIB_MPPRIOTX                      : 36 -> 37
		MPTCP_MIB_MPPRIORX                      : 37 -> 38
		MPTCP_MIB_MPFAILTX                      : 38 -> 39
		MPTCP_MIB_MPFAILRX                      : 39 -> 40
		MPTCP_MIB_RCVPRUNED                     : 40 -> 45
		MPTCP_MIB_SUBFLOWSTALE                  : 41 -> 46
		MPTCP_MIB_SUBFLOWRECOVER                : 42 -> 47
		__MPTCP_MIB_MAX                         : 43 -> 52
mapping_status
	Elem added
		MAPPING_BAD_CSUM                        : 5
mptcp_pm_status
	Elem added
		MPTCP_PM_MPC_ENDPOINT_ACCOUNTED         : 6
	Value changed
		MPTCP_PM_ALREADY_ESTABLISHED            : 4 -> 5
		MPTCP_PM_SUBFLOW_ESTABLISHED            : 5 -> 4
mptcp_event_attr
	Elem added
		MPTCP_ATTR_SERVER_SIDE                  : 18
	Value changed
		__MPTCP_ATTR_AFTER_LAST                 : 18 -> 19
