Added Kind.FUNC (31): ['perf_trace_contention_end', 'perf_trace_contention_begin', 'perf_trace_mm_vmscan_throttled', 'perf_trace_mm_vmscan_write_folio', 'perf_trace_mmap_lock', 'perf_trace_migration_pte', 'perf_trace_migration_pmd', 'perf_trace_hugepage_update', 'perf_trace_hugepage_set_pmd', 'perf_trace_writeback_folio_template', 'perf_trace_ext4_update_sb', 'perf_trace_ext4_fc_cleanup', 'perf_trace_ext4_fc_track_dentry', 'perf_trace_ext4_invalidate_folio_op', 'perf_trace_block_rq_completion', 'perf_trace_io_uring_cqe_overflow', 'perf_trace_io_uring_req_failed', 'perf_trace_ata_sff_template', 'perf_trace_ata_transfer_data_template', 'perf_trace_ata_sff_hsm_template', 'perf_trace_ata_port_eh_begin_template', 'perf_trace_ata_link_reset_end_template', 'perf_trace_ata_link_reset_begin_template', 'perf_trace_ata_eh_action_template', 'perf_trace_ata_bmdma_status', 'perf_trace_ata_exec_command_template', 'perf_trace_ata_tf_load', 'perf_trace_ata_qc_issue_template', 'perf_trace_tcp_cong_state_set', 'perf_trace_mctp_key_release', 'perf_trace_mctp_key_acquire']
Removed Kind.FUNC (18): ['perf_trace_sample_threshold', 'perf_trace_nmi_noise', 'perf_trace_irq_noise', 'perf_trace_softirq_noise', 'perf_trace_thread_noise', 'perf_trace_mm_vmscan_writepage', 'perf_trace_mmap_lock_released', 'perf_trace_mmap_lock_start_locking', 'perf_trace_writeback_congest_waited_template', 'perf_trace_writeback_page_template', 'perf_trace_ext4_fc_track_unlink', 'perf_trace_ext4_fc_track_link', 'perf_trace_ext4_fc_track_create', 'perf_trace_ext4_invalidatepage_op', 'perf_trace_block_rq_complete', 'perf_trace_io_uring_task_run', 'perf_trace_io_uring_poll_wake', 'perf_trace_ata_qc_issue']
Changed Kind.FUNC (28): ['perf_trace_workqueue_queue_work', 'perf_trace_sched_switch', 'perf_trace_swiotlb_bounced', 'perf_trace_mm_filemap_op_page_cache', 'perf_trace_mm_lru_activate', 'perf_trace_mm_lru_insertion', 'perf_trace_percpu_alloc_percpu', 'perf_trace_mm_page', 'perf_trace_mm_compaction_end', 'perf_trace_mm_compaction_begin', 'perf_trace_mm_compaction_migratepages', 'perf_trace_track_foreign_dirty', 'perf_trace_ext4_fc_track_range', 'perf_trace_ext4_fc_track_inode', 'perf_trace_ext4_fc_commit_stop', 'perf_trace_ext4_fc_commit_start', 'perf_trace_ext4__write_begin', 'perf_trace_jbd2_shrink_checkpoint_list', 'perf_trace_io_uring_task_add', 'perf_trace_io_uring_poll_arm', 'perf_trace_io_uring_submit_sqe', 'perf_trace_io_uring_complete', 'perf_trace_io_uring_fail_link', 'perf_trace_io_uring_defer', 'perf_trace_io_uring_queue_async_work', 'perf_trace_io_uring_file_get', 'perf_trace_io_uring_register', 'perf_trace_amd_pstate_perf']
Reasons Kind.FUNC (5): [('Param added', 22), ('Param removed', 10), ('Param type changed', 3), ('Param reordered', 15), ('Return type changed', 0)]
perf_trace_workqueue_queue_work
	Param type changed
		req_cpu             : {'kind': 'INT', 'name': 'unsigned int'}
		                    ->{'kind': 'INT', 'name': 'int'}
perf_trace_sched_switch
	Param added
		prev_state          : {'kind': 'INT', 'name': 'unsigned int'}
perf_trace_swiotlb_bounced
	Param removed
		swiotlb_force       : {'kind': 'ENUM', 'name': 'swiotlb_force', 'size': 4}
perf_trace_mm_filemap_op_page_cache
	Param added
		folio               : {'kind': 'PTR', 'type': {'kind': 'STRUCT', 'name': 'folio'}}
	Param removed
		page                : {'kind': 'PTR', 'type': {'kind': 'STRUCT', 'name': 'page'}}
perf_trace_mm_lru_activate
	Param added
		folio               : {'kind': 'PTR', 'type': {'kind': 'STRUCT', 'name': 'folio'}}
	Param removed
		page                : {'kind': 'PTR', 'type': {'kind': 'STRUCT', 'name': 'page'}}
perf_trace_mm_lru_insertion
	Param added
		folio               : {'kind': 'PTR', 'type': {'kind': 'STRUCT', 'name': 'folio'}}
	Param removed
		page                : {'kind': 'PTR', 'type': {'kind': 'STRUCT', 'name': 'page'}}
perf_trace_percpu_alloc_percpu
	Param added
		call_site           : {'kind': 'INT', 'name': 'long unsigned int'}
		bytes_alloc         : {'kind': 'TYPEDEF', 'name': 'size_t'}
		gfp_flags           : {'kind': 'TYPEDEF', 'name': 'gfp_t'}
	Param reordered
		                     ['__data', 'reserved', 'is_atomic', 'size', 'align', 'base_addr', 'off', 'ptr']
		                     ['__data', 'call_site', 'reserved', 'is_atomic', 'size', 'align', 'base_addr', 'off', 'ptr', 'bytes_alloc', 'gfp_flags']
perf_trace_mm_page
	Param added
		percpu_refill       : {'kind': 'INT', 'name': 'int'}
perf_trace_mm_compaction_end
	Param added
		cc                  : {'kind': 'PTR', 'type': {'kind': 'STRUCT', 'name': 'compact_control'}}
	Param removed
		migrate_pfn         : {'kind': 'INT', 'name': 'long unsigned int'}
		free_pfn            : {'kind': 'INT', 'name': 'long unsigned int'}
	Param reordered
		                     ['__data', 'zone_start', 'migrate_pfn', 'free_pfn', 'zone_end', 'sync', 'status']
		                     ['__data', 'cc', 'zone_start', 'zone_end', 'sync', 'status']
perf_trace_mm_compaction_begin
	Param added
		cc                  : {'kind': 'PTR', 'type': {'kind': 'STRUCT', 'name': 'compact_control'}}
	Param removed
		migrate_pfn         : {'kind': 'INT', 'name': 'long unsigned int'}
		free_pfn            : {'kind': 'INT', 'name': 'long unsigned int'}
	Param reordered
		                     ['__data', 'zone_start', 'migrate_pfn', 'free_pfn', 'zone_end', 'sync']
		                     ['__data', 'cc', 'zone_start', 'zone_end', 'sync']
perf_trace_mm_compaction_migratepages
	Param added
		cc                  : {'kind': 'PTR', 'type': {'kind': 'STRUCT', 'name': 'compact_control'}}
		nr_succeeded        : {'kind': 'INT', 'name': 'unsigned int'}
	Param removed
		nr_all              : {'kind': 'INT', 'name': 'long unsigned int'}
		migrate_rc          : {'kind': 'INT', 'name': 'int'}
		migratepages        : {'kind': 'PTR', 'type': {'kind': 'STRUCT', 'name': 'list_head'}}
perf_trace_track_foreign_dirty
	Param added
		folio               : {'kind': 'PTR', 'type': {'kind': 'STRUCT', 'name': 'folio'}}
	Param removed
		page                : {'kind': 'PTR', 'type': {'kind': 'STRUCT', 'name': 'page'}}
perf_trace_ext4_fc_track_range
	Param added
		handle              : {'kind': 'PTR', 'type': {'kind': 'TYPEDEF', 'name': 'handle_t'}}
	Param reordered
		                     ['__data', 'inode', 'start', 'end', 'ret']
		                     ['__data', 'handle', 'inode', 'start', 'end', 'ret']
perf_trace_ext4_fc_track_inode
	Param added
		handle              : {'kind': 'PTR', 'type': {'kind': 'TYPEDEF', 'name': 'handle_t'}}
	Param reordered
		                     ['__data', 'inode', 'ret']
		                     ['__data', 'handle', 'inode', 'ret']
perf_trace_ext4_fc_commit_stop
	Param added
		commit_tid          : {'kind': 'TYPEDEF', 'name': 'tid_t'}
perf_trace_ext4_fc_commit_start
	Param added
		commit_tid          : {'kind': 'TYPEDEF', 'name': 'tid_t'}
perf_trace_ext4__write_begin
	Param removed
		flags               : {'kind': 'INT', 'name': 'unsigned int'}
perf_trace_jbd2_shrink_checkpoint_list
	Param added
		nr_scanned          : {'kind': 'INT', 'name': 'long unsigned int'}
	Param reordered
		                     ['__data', 'journal', 'first_tid', 'tid', 'last_tid', 'nr_freed', 'next_tid']
		                     ['__data', 'journal', 'first_tid', 'tid', 'last_tid', 'nr_freed', 'nr_scanned', 'next_tid']
perf_trace_io_uring_task_add
	Param added
		req                 : {'kind': 'PTR', 'type': {'name': 'void', 'kind': 'VOID'}}
	Param reordered
		                     ['__data', 'ctx', 'opcode', 'user_data', 'mask']
		                     ['__data', 'ctx', 'req', 'user_data', 'opcode', 'mask']
	Param type changed
		user_data           : {'kind': 'TYPEDEF', 'name': 'u64'}
		                    ->{'kind': 'INT', 'name': 'long long unsigned int'}
perf_trace_io_uring_poll_arm
	Param reordered
		                     ['__data', 'ctx', 'req', 'opcode', 'user_data', 'mask', 'events']
		                     ['__data', 'ctx', 'req', 'user_data', 'opcode', 'mask', 'events']
perf_trace_io_uring_submit_sqe
	Param reordered
		                     ['__data', 'ctx', 'req', 'opcode', 'user_data', 'flags', 'force_nonblock', 'sq_thread']
		                     ['__data', 'ctx', 'req', 'user_data', 'opcode', 'flags', 'force_nonblock', 'sq_thread']
	Param type changed
		user_data           : {'kind': 'TYPEDEF', 'name': 'u64'}
		                    ->{'kind': 'INT', 'name': 'long long unsigned int'}
perf_trace_io_uring_complete
	Param added
		req                 : {'kind': 'PTR', 'type': {'name': 'void', 'kind': 'VOID'}}
		extra1              : {'kind': 'TYPEDEF', 'name': 'u64'}
		extra2              : {'kind': 'TYPEDEF', 'name': 'u64'}
	Param reordered
		                     ['__data', 'ctx', 'user_data', 'res', 'cflags']
		                     ['__data', 'ctx', 'req', 'user_data', 'res', 'cflags', 'extra1', 'extra2']
perf_trace_io_uring_fail_link
	Param added
		ctx                 : {'kind': 'PTR', 'type': {'name': 'void', 'kind': 'VOID'}}
		user_data           : {'kind': 'INT', 'name': 'long long unsigned int'}
		opcode              : {'kind': 'TYPEDEF', 'name': 'u8'}
	Param reordered
		                     ['__data', 'req', 'link']
		                     ['__data', 'ctx', 'req', 'user_data', 'opcode', 'link']
perf_trace_io_uring_defer
	Param added
		opcode              : {'kind': 'TYPEDEF', 'name': 'u8'}
perf_trace_io_uring_queue_async_work
	Param added
		user_data           : {'kind': 'INT', 'name': 'long long unsigned int'}
		opcode              : {'kind': 'TYPEDEF', 'name': 'u8'}
	Param reordered
		                     ['__data', 'ctx', 'rw', 'req', 'work', 'flags']
		                     ['__data', 'ctx', 'req', 'user_data', 'opcode', 'flags', 'work', 'rw']
perf_trace_io_uring_file_get
	Param added
		req                 : {'kind': 'PTR', 'type': {'name': 'void', 'kind': 'VOID'}}
		user_data           : {'kind': 'INT', 'name': 'long long unsigned int'}
	Param reordered
		                     ['__data', 'ctx', 'fd']
		                     ['__data', 'ctx', 'req', 'user_data', 'fd']
perf_trace_io_uring_register
	Param removed
		eventfd             : {'kind': 'TYPEDEF', 'name': 'bool'}
	Param reordered
		                     ['__data', 'ctx', 'opcode', 'nr_files', 'nr_bufs', 'eventfd', 'ret']
		                     ['__data', 'ctx', 'opcode', 'nr_files', 'nr_bufs', 'ret']
perf_trace_amd_pstate_perf
	Param added
		freq                : {'kind': 'TYPEDEF', 'name': 'u64'}
		mperf               : {'kind': 'TYPEDEF', 'name': 'u64'}
		aperf               : {'kind': 'TYPEDEF', 'name': 'u64'}
		tsc                 : {'kind': 'TYPEDEF', 'name': 'u64'}
	Param reordered
		                     ['__data', 'min_perf', 'target_perf', 'capacity', 'cpu_id', 'changed', 'fast_switch']
		                     ['__data', 'min_perf', 'target_perf', 'capacity', 'freq', 'mperf', 'aperf', 'tsc', 'cpu_id', 'changed', 'fast_switch']
