Added Kind.UNION (9): ['amd_debug_extn_cfg', 'cpuid_0x80000022_ebx', 'hv_ghcb', 'kvm_cpu_role', 'lower_chunk', 'upper_chunk', 'handle_parts', 'hfi_capabilities', 'cpuid6_edx']
Removed Kind.UNION (1): ['kvm_mmu_role']
Changed Kind.UNION (5): ['bpf_attr', 'flowi_uli', 'acpi_subtable_headers', 'security_list_options', 'phy_configure_opts']
Reasons Kind.UNION (4): [('Field added', 4), ('Field removed', 1), ('Field type changed', 1), ('Layout changed', 5)]
bpf_attr
	Layout changed
flowi_uli
	Field added
		dnports             : {'kind': 'STRUCT', 'name': '(anon)'}
	Layout changed
acpi_subtable_headers
	Field added
		cedt                : {'kind': 'STRUCT', 'name': 'acpi_cedt_header'}
	Layout changed
security_list_options
	Field added
		current_getsecid_subj: {'kind': 'PTR', 'type': {'kind': 'FUNC_PROTO', 'params': [{'name': '(anon)', 'type': {'kind': 'PTR', 'type': {'kind': 'TYPEDEF', 'name': 'u32'}}}], 'ret_type': {'name': 'void', 'kind': 'VOID'}}}
		userns_create       : {'kind': 'PTR', 'type': {'kind': 'FUNC_PROTO', 'params': [{'name': '(anon)', 'type': {'kind': 'PTR', 'type': {'kind': 'CONST', 'name': '(anon)', 'type': {'kind': 'STRUCT', 'name': 'cred'}}}}], 'ret_type': {'kind': 'INT', 'name': 'int'}}}
		sctp_assoc_established: {'kind': 'PTR', 'type': {'kind': 'FUNC_PROTO', 'params': [{'name': '(anon)', 'type': {'kind': 'PTR', 'type': {'kind': 'STRUCT', 'name': 'sctp_association'}}}, {'name': '(anon-1)', 'type': {'kind': 'PTR', 'type': {'kind': 'STRUCT', 'name': 'sk_buff'}}}], 'ret_type': {'kind': 'INT', 'name': 'int'}}}
		uring_override_creds: {'kind': 'PTR', 'type': {'kind': 'FUNC_PROTO', 'params': [{'name': '(anon)', 'type': {'kind': 'PTR', 'type': {'kind': 'CONST', 'name': '(anon)', 'type': {'kind': 'STRUCT', 'name': 'cred'}}}}], 'ret_type': {'kind': 'INT', 'name': 'int'}}}
		uring_sqpoll        : {'kind': 'PTR', 'type': {'kind': 'FUNC_PROTO', 'params': [], 'ret_type': {'kind': 'INT', 'name': 'int'}}}
		uring_cmd           : {'kind': 'PTR', 'type': {'kind': 'FUNC_PROTO', 'params': [{'name': '(anon)', 'type': {'kind': 'PTR', 'type': {'kind': 'STRUCT', 'name': 'io_uring_cmd'}}}], 'ret_type': {'kind': 'INT', 'name': 'int'}}}
	Field removed
		sb_add_mnt_opt      : {'kind': 'PTR', 'type': {'kind': 'FUNC_PROTO', 'params': [{'name': '(anon)', 'type': {'kind': 'PTR', 'type': {'kind': 'CONST', 'name': '(anon)', 'type': {'kind': 'INT', 'name': 'char'}}}}, {'name': '(anon-1)', 'type': {'kind': 'PTR', 'type': {'kind': 'CONST', 'name': '(anon)', 'type': {'kind': 'INT', 'name': 'char'}}}}, {'name': '(anon-2)', 'type': {'kind': 'INT', 'name': 'int'}}, {'name': '(anon-3)', 'type': {'kind': 'PTR', 'type': {'kind': 'PTR', 'type': {'name': 'void', 'kind': 'VOID'}}}}], 'ret_type': {'kind': 'INT', 'name': 'int'}}}
		task_getsecid_subj  : {'kind': 'PTR', 'type': {'kind': 'FUNC_PROTO', 'params': [{'name': '(anon)', 'type': {'kind': 'PTR', 'type': {'kind': 'STRUCT', 'name': 'task_struct'}}}, {'name': '(anon-1)', 'type': {'kind': 'PTR', 'type': {'kind': 'TYPEDEF', 'name': 'u32'}}}], 'ret_type': {'name': 'void', 'kind': 'VOID'}}}
	Field type changed
		dentry_init_security: {'kind': 'PTR', 'type': {'kind': 'FUNC_PROTO', 'params': [{'name': '(anon)', 'type': {'kind': 'PTR', 'type': {'kind': 'STRUCT', 'name': 'dentry'}}}, {'name': '(anon-1)', 'type': {'kind': 'INT', 'name': 'int'}}, {'name': '(anon-2)', 'type': {'kind': 'PTR', 'type': {'kind': 'CONST', 'name': '(anon)', 'type': {'kind': 'STRUCT', 'name': 'qstr'}}}}, {'name': '(anon-3)', 'type': {'kind': 'PTR', 'type': {'kind': 'PTR', 'type': {'name': 'void', 'kind': 'VOID'}}}}, {'name': '(anon-4)', 'type': {'kind': 'PTR', 'type': {'kind': 'TYPEDEF', 'name': 'u32'}}}], 'ret_type': {'kind': 'INT', 'name': 'int'}}}
		                    ->{'kind': 'PTR', 'type': {'kind': 'FUNC_PROTO', 'params': [{'name': '(anon)', 'type': {'kind': 'PTR', 'type': {'kind': 'STRUCT', 'name': 'dentry'}}}, {'name': '(anon-1)', 'type': {'kind': 'INT', 'name': 'int'}}, {'name': '(anon-2)', 'type': {'kind': 'PTR', 'type': {'kind': 'CONST', 'name': '(anon)', 'type': {'kind': 'STRUCT', 'name': 'qstr'}}}}, {'name': '(anon-3)', 'type': {'kind': 'PTR', 'type': {'kind': 'PTR', 'type': {'kind': 'CONST', 'name': '(anon)', 'type': {'kind': 'INT', 'name': 'char'}}}}}, {'name': '(anon-4)', 'type': {'kind': 'PTR', 'type': {'kind': 'PTR', 'type': {'name': 'void', 'kind': 'VOID'}}}}, {'name': '(anon-5)', 'type': {'kind': 'PTR', 'type': {'kind': 'TYPEDEF', 'name': 'u32'}}}], 'ret_type': {'kind': 'INT', 'name': 'int'}}}
		path_rename         : {'kind': 'PTR', 'type': {'kind': 'FUNC_PROTO', 'params': [{'name': '(anon)', 'type': {'kind': 'PTR', 'type': {'kind': 'CONST', 'name': '(anon)', 'type': {'kind': 'STRUCT', 'name': 'path'}}}}, {'name': '(anon-1)', 'type': {'kind': 'PTR', 'type': {'kind': 'STRUCT', 'name': 'dentry'}}}, {'name': '(anon-2)', 'type': {'kind': 'PTR', 'type': {'kind': 'CONST', 'name': '(anon)', 'type': {'kind': 'STRUCT', 'name': 'path'}}}}, {'name': '(anon-3)', 'type': {'kind': 'PTR', 'type': {'kind': 'STRUCT', 'name': 'dentry'}}}], 'ret_type': {'kind': 'INT', 'name': 'int'}}}
		                    ->{'kind': 'PTR', 'type': {'kind': 'FUNC_PROTO', 'params': [{'name': '(anon)', 'type': {'kind': 'PTR', 'type': {'kind': 'CONST', 'name': '(anon)', 'type': {'kind': 'STRUCT', 'name': 'path'}}}}, {'name': '(anon-1)', 'type': {'kind': 'PTR', 'type': {'kind': 'STRUCT', 'name': 'dentry'}}}, {'name': '(anon-2)', 'type': {'kind': 'PTR', 'type': {'kind': 'CONST', 'name': '(anon)', 'type': {'kind': 'STRUCT', 'name': 'path'}}}}, {'name': '(anon-3)', 'type': {'kind': 'PTR', 'type': {'kind': 'STRUCT', 'name': 'dentry'}}}, {'name': '(anon-4)', 'type': {'kind': 'INT', 'name': 'unsigned int'}}], 'ret_type': {'kind': 'INT', 'name': 'int'}}}
		sctp_assoc_request  : {'kind': 'PTR', 'type': {'kind': 'FUNC_PROTO', 'params': [{'name': '(anon)', 'type': {'kind': 'PTR', 'type': {'kind': 'STRUCT', 'name': 'sctp_endpoint'}}}, {'name': '(anon-1)', 'type': {'kind': 'PTR', 'type': {'kind': 'STRUCT', 'name': 'sk_buff'}}}], 'ret_type': {'kind': 'INT', 'name': 'int'}}}
		                    ->{'kind': 'PTR', 'type': {'kind': 'FUNC_PROTO', 'params': [{'name': '(anon)', 'type': {'kind': 'PTR', 'type': {'kind': 'STRUCT', 'name': 'sctp_association'}}}, {'name': '(anon-1)', 'type': {'kind': 'PTR', 'type': {'kind': 'STRUCT', 'name': 'sk_buff'}}}], 'ret_type': {'kind': 'INT', 'name': 'int'}}}
		sctp_sk_clone       : {'kind': 'PTR', 'type': {'kind': 'FUNC_PROTO', 'params': [{'name': '(anon)', 'type': {'kind': 'PTR', 'type': {'kind': 'STRUCT', 'name': 'sctp_endpoint'}}}, {'name': '(anon-1)', 'type': {'kind': 'PTR', 'type': {'kind': 'STRUCT', 'name': 'sock'}}}, {'name': '(anon-2)', 'type': {'kind': 'PTR', 'type': {'kind': 'STRUCT', 'name': 'sock'}}}], 'ret_type': {'name': 'void', 'kind': 'VOID'}}}
		                    ->{'kind': 'PTR', 'type': {'kind': 'FUNC_PROTO', 'params': [{'name': '(anon)', 'type': {'kind': 'PTR', 'type': {'kind': 'STRUCT', 'name': 'sctp_association'}}}, {'name': '(anon-1)', 'type': {'kind': 'PTR', 'type': {'kind': 'STRUCT', 'name': 'sock'}}}, {'name': '(anon-2)', 'type': {'kind': 'PTR', 'type': {'kind': 'STRUCT', 'name': 'sock'}}}], 'ret_type': {'name': 'void', 'kind': 'VOID'}}}
	Layout changed
phy_configure_opts
	Field added
		lvds                : {'kind': 'STRUCT', 'name': 'phy_configure_opts_lvds'}
	Layout changed
