Added Kind.FUNC (10): ['security_perf_event_write', 'security_perf_event_read', 'security_perf_event_free', 'security_perf_event_alloc', 'security_perf_event_open', 'security_watch_key', 'security_post_notification', 'security_task_fix_setgid', 'security_bprm_creds_from_file', 'security_bprm_creds_for_exec']
Removed Kind.FUNC (1): ['security_bprm_set_creds']
Changed Kind.FUNC (18): ['security_audit_rule_match', 'security_audit_rule_free', 'security_key_permission', 'security_secmark_relabel_packet', 'security_socket_getpeersec_dgram', 'security_inode_getsecctx', 'security_release_secctx', 'security_secctx_to_secid', 'security_secid_to_secctx', 'security_ipc_getsecid', 'security_task_getsecid', 'security_kernel_act_as', 'security_cred_getsecid', 'security_inode_getsecid', 'security_binder_transfer_file', 'security_binder_transfer_binder', 'security_binder_transaction', 'security_binder_set_context_mgr']
Reasons Kind.FUNC (5): [('Param added', 13), ('Param removed', 13), ('Param type changed', 6), ('Param reordered', 0), ('Return type changed', 0)]
security_audit_rule_match
	Param added
		blob                : {'kind': 'PTR', 'type': {'kind': 'STRUCT', 'name': 'lsmblob'}}
	Param removed
		secid               : {'kind': 'TYPEDEF', 'name': 'u32'}
	Param type changed
		lsmrule             : {'kind': 'PTR', 'type': {'name': 'void', 'kind': 'VOID'}}
		                    ->{'kind': 'PTR', 'type': {'kind': 'PTR', 'type': {'name': 'void', 'kind': 'VOID'}}}
security_audit_rule_free
	Param type changed
		lsmrule             : {'kind': 'PTR', 'type': {'name': 'void', 'kind': 'VOID'}}
		                    ->{'kind': 'PTR', 'type': {'kind': 'PTR', 'type': {'name': 'void', 'kind': 'VOID'}}}
security_key_permission
	Param added
		need_perm           : {'kind': 'ENUM', 'name': 'key_need_perm', 'size': 4}
	Param removed
		perm                : {'kind': 'INT', 'name': 'unsigned int'}
security_secmark_relabel_packet
	Param added
		blob                : {'kind': 'PTR', 'type': {'kind': 'STRUCT', 'name': 'lsmblob'}}
	Param removed
		secid               : {'kind': 'TYPEDEF', 'name': 'u32'}
security_socket_getpeersec_dgram
	Param added
		blob                : {'kind': 'PTR', 'type': {'kind': 'STRUCT', 'name': 'lsmblob'}}
	Param removed
		secid               : {'kind': 'PTR', 'type': {'kind': 'TYPEDEF', 'name': 'u32'}}
security_inode_getsecctx
	Param added
		cp                  : {'kind': 'PTR', 'type': {'kind': 'STRUCT', 'name': 'lsmcontext'}}
	Param removed
		ctx                 : {'kind': 'PTR', 'type': {'kind': 'PTR', 'type': {'name': 'void', 'kind': 'VOID'}}}
		ctxlen              : {'kind': 'PTR', 'type': {'kind': 'TYPEDEF', 'name': 'u32'}}
security_release_secctx
	Param added
		cp                  : {'kind': 'PTR', 'type': {'kind': 'STRUCT', 'name': 'lsmcontext'}}
	Param removed
		secdata             : {'kind': 'PTR', 'type': {'kind': 'INT', 'name': 'char'}}
		seclen              : {'kind': 'TYPEDEF', 'name': 'u32'}
security_secctx_to_secid
	Param added
		blob                : {'kind': 'PTR', 'type': {'kind': 'STRUCT', 'name': 'lsmblob'}}
	Param removed
		secid               : {'kind': 'PTR', 'type': {'kind': 'TYPEDEF', 'name': 'u32'}}
security_secid_to_secctx
	Param added
		blob                : {'kind': 'PTR', 'type': {'kind': 'STRUCT', 'name': 'lsmblob'}}
		cp                  : {'kind': 'PTR', 'type': {'kind': 'STRUCT', 'name': 'lsmcontext'}}
		display             : {'kind': 'INT', 'name': 'int'}
	Param removed
		secid               : {'kind': 'TYPEDEF', 'name': 'u32'}
		secdata             : {'kind': 'PTR', 'type': {'kind': 'PTR', 'type': {'kind': 'INT', 'name': 'char'}}}
		seclen              : {'kind': 'PTR', 'type': {'kind': 'TYPEDEF', 'name': 'u32'}}
security_ipc_getsecid
	Param added
		blob                : {'kind': 'PTR', 'type': {'kind': 'STRUCT', 'name': 'lsmblob'}}
	Param removed
		secid               : {'kind': 'PTR', 'type': {'kind': 'TYPEDEF', 'name': 'u32'}}
security_task_getsecid
	Param added
		blob                : {'kind': 'PTR', 'type': {'kind': 'STRUCT', 'name': 'lsmblob'}}
	Param removed
		secid               : {'kind': 'PTR', 'type': {'kind': 'TYPEDEF', 'name': 'u32'}}
security_kernel_act_as
	Param added
		blob                : {'kind': 'PTR', 'type': {'kind': 'STRUCT', 'name': 'lsmblob'}}
	Param removed
		secid               : {'kind': 'TYPEDEF', 'name': 'u32'}
security_cred_getsecid
	Param added
		blob                : {'kind': 'PTR', 'type': {'kind': 'STRUCT', 'name': 'lsmblob'}}
	Param removed
		secid               : {'kind': 'PTR', 'type': {'kind': 'TYPEDEF', 'name': 'u32'}}
security_inode_getsecid
	Param added
		blob                : {'kind': 'PTR', 'type': {'kind': 'STRUCT', 'name': 'lsmblob'}}
	Param removed
		secid               : {'kind': 'PTR', 'type': {'kind': 'TYPEDEF', 'name': 'u32'}}
security_binder_transfer_file
	Param type changed
		from                : {'kind': 'PTR', 'type': {'kind': 'CONST', 'name': '(anon)', 'type': {'kind': 'STRUCT', 'name': 'cred'}}}
		                    ->{'kind': 'PTR', 'type': {'kind': 'STRUCT', 'name': 'task_struct'}}
		to                  : {'kind': 'PTR', 'type': {'kind': 'CONST', 'name': '(anon)', 'type': {'kind': 'STRUCT', 'name': 'cred'}}}
		                    ->{'kind': 'PTR', 'type': {'kind': 'STRUCT', 'name': 'task_struct'}}
security_binder_transfer_binder
	Param type changed
		from                : {'kind': 'PTR', 'type': {'kind': 'CONST', 'name': '(anon)', 'type': {'kind': 'STRUCT', 'name': 'cred'}}}
		                    ->{'kind': 'PTR', 'type': {'kind': 'STRUCT', 'name': 'task_struct'}}
		to                  : {'kind': 'PTR', 'type': {'kind': 'CONST', 'name': '(anon)', 'type': {'kind': 'STRUCT', 'name': 'cred'}}}
		                    ->{'kind': 'PTR', 'type': {'kind': 'STRUCT', 'name': 'task_struct'}}
security_binder_transaction
	Param type changed
		from                : {'kind': 'PTR', 'type': {'kind': 'CONST', 'name': '(anon)', 'type': {'kind': 'STRUCT', 'name': 'cred'}}}
		                    ->{'kind': 'PTR', 'type': {'kind': 'STRUCT', 'name': 'task_struct'}}
		to                  : {'kind': 'PTR', 'type': {'kind': 'CONST', 'name': '(anon)', 'type': {'kind': 'STRUCT', 'name': 'cred'}}}
		                    ->{'kind': 'PTR', 'type': {'kind': 'STRUCT', 'name': 'task_struct'}}
security_binder_set_context_mgr
	Param type changed
		mgr                 : {'kind': 'PTR', 'type': {'kind': 'CONST', 'name': '(anon)', 'type': {'kind': 'STRUCT', 'name': 'cred'}}}
		                    ->{'kind': 'PTR', 'type': {'kind': 'STRUCT', 'name': 'task_struct'}}
