Added Kind.FUNC (51): ['perf_trace_hyperv_send_ipi_one', 'perf_trace_workqueue_execute_end', 'perf_trace_workqueue_activate_work', 'perf_trace_sched_numa_pair_template', 'perf_trace_sched_move_numa', 'perf_trace_cpu_latency_qos_request', 'perf_trace_rss_stat', 'perf_trace_vm_unmapped_area', 'perf_trace_io_uring_task_run', 'perf_trace_io_uring_task_add', 'perf_trace_io_uring_poll_wake', 'perf_trace_io_uring_poll_arm', 'perf_trace_io_uring_submit_sqe', 'perf_trace_io_uring_complete', 'perf_trace_io_uring_fail_link', 'perf_trace_io_uring_cqring_wait', 'perf_trace_io_uring_link', 'perf_trace_io_uring_defer', 'perf_trace_io_uring_queue_async_work', 'perf_trace_io_uring_file_get', 'perf_trace_io_uring_register', 'perf_trace_io_uring_create', 'perf_trace_iomap_apply', 'perf_trace_iomap_class', 'perf_trace_iomap_range_class', 'perf_trace_iomap_readpage_class', 'perf_trace_jbd2_handle_start_class', 'perf_trace_pwm', 'perf_trace_urandom_read', 'perf_trace_random_read', 'perf_trace_random__extract_entropy', 'perf_trace_random__get_random_bytes', 'perf_trace_xfer_secondary_pool', 'perf_trace_add_disk_randomness', 'perf_trace_add_input_randomness', 'perf_trace_debit_entropy', 'perf_trace_push_to_pool', 'perf_trace_credit_entropy_bits', 'perf_trace_random__mix_pool_bytes', 'perf_trace_add_device_randomness', 'perf_trace_dma_map_sg', 'perf_trace_xhci_log_doorbell', 'perf_trace_cros_ec_request_done', 'perf_trace_cros_ec_request_start', 'perf_trace_icc_set_bw_end', 'perf_trace_icc_set_bw', 'perf_trace_page_pool_update_nid', 'perf_trace_page_pool_release', 'perf_trace_qdisc_create', 'perf_trace_qdisc_destroy', 'perf_trace_qdisc_reset']
Removed Kind.FUNC (16): ['perf_trace_mpx_new_bounds_table', 'perf_trace_mpx_range_trace', 'perf_trace_bounds_exception_mpx', 'perf_trace_mpx_bounds_register_exception', 'perf_trace_workqueue_work', 'perf_trace_sched_swap_numa', 'perf_trace_sched_move_task_template', 'perf_trace_pm_qos_update_request_timeout', 'perf_trace_pm_qos_request', 'perf_trace_cma_release', 'perf_trace_cma_alloc', 'perf_trace_open_exec', 'perf_trace_do_sys_open', 'perf_trace_jbd2_handle_start', 'perf_trace_cros_ec_cmd_class', 'perf_trace_page_pool_inflight']
Changed Kind.FUNC (13): ['perf_trace_itimer_state', 'perf_trace_xdp_devmap_xmit', 'perf_trace_xdp_redirect_template', 'perf_trace_mm_vmscan_lru_isolate', 'perf_trace_kcompactd_wake_template', 'perf_trace_ext4_journal_start', 'perf_trace_ext4_discard_preallocations', 'perf_trace_jbd2_checkpoint_stats', 'perf_trace_jbd2_run_stats', 'perf_trace_jbd2_handle_stats', 'perf_trace_jbd2_handle_extend', 'perf_trace_block_bio_complete', 'perf_trace_br_fdb_update']
Reasons Kind.FUNC (5): [('Param added', 6), ('Param removed', 6), ('Param type changed', 5), ('Param reordered', 2), ('Return type changed', 0)]
perf_trace_itimer_state
	Param type changed
		value               : {'kind': 'CONST', 'name': '(anon)', 'type': {'kind': 'PTR', 'type': {'kind': 'CONST', 'name': '(anon)', 'type': {'kind': 'STRUCT', 'name': 'itimerval'}}}}
		                    ->{'kind': 'CONST', 'name': '(anon)', 'type': {'kind': 'PTR', 'type': {'kind': 'CONST', 'name': '(anon)', 'type': {'kind': 'STRUCT', 'name': 'itimerspec64'}}}}
perf_trace_xdp_devmap_xmit
	Param removed
		map                 : {'kind': 'PTR', 'type': {'kind': 'CONST', 'name': '(anon)', 'type': {'kind': 'STRUCT', 'name': 'bpf_map'}}}
		map_index           : {'kind': 'TYPEDEF', 'name': 'u32'}
	Param reordered
		                     ['__data', 'map', 'map_index', 'sent', 'drops', 'from_dev', 'to_dev', 'err']
		                     ['__data', 'from_dev', 'to_dev', 'sent', 'drops', 'err']
perf_trace_xdp_redirect_template
	Param added
		tgt                 : {'kind': 'PTR', 'type': {'kind': 'CONST', 'name': '(anon)', 'type': {'name': 'void', 'kind': 'VOID'}}}
		index               : {'kind': 'TYPEDEF', 'name': 'u32'}
	Param removed
		to_ifindex          : {'kind': 'INT', 'name': 'int'}
		map_index           : {'kind': 'TYPEDEF', 'name': 'u32'}
perf_trace_mm_vmscan_lru_isolate
	Param added
		highest_zoneidx     : {'kind': 'INT', 'name': 'int'}
	Param removed
		classzone_idx       : {'kind': 'INT', 'name': 'int'}
perf_trace_kcompactd_wake_template
	Param added
		highest_zoneidx     : {'kind': 'ENUM', 'name': 'zone_type', 'size': 4}
	Param removed
		classzone_idx       : {'kind': 'ENUM', 'name': 'zone_type', 'size': 4}
perf_trace_ext4_journal_start
	Param added
		revoke_creds        : {'kind': 'INT', 'name': 'int'}
	Param reordered
		                     ['__data', 'sb', 'blocks', 'rsv_blocks', 'IP']
		                     ['__data', 'sb', 'blocks', 'rsv_blocks', 'revoke_creds', 'IP']
perf_trace_ext4_discard_preallocations
	Param added
		len                 : {'kind': 'INT', 'name': 'unsigned int'}
		needed              : {'kind': 'INT', 'name': 'unsigned int'}
perf_trace_jbd2_checkpoint_stats
	Param type changed
		tid                 : {'kind': 'TYPEDEF', 'name': 'tid_t'}
		                    ->{'kind': 'INT', 'name': 'long unsigned int'}
perf_trace_jbd2_run_stats
	Param type changed
		tid                 : {'kind': 'TYPEDEF', 'name': 'tid_t'}
		                    ->{'kind': 'INT', 'name': 'long unsigned int'}
perf_trace_jbd2_handle_stats
	Param type changed
		tid                 : {'kind': 'TYPEDEF', 'name': 'tid_t'}
		                    ->{'kind': 'INT', 'name': 'long unsigned int'}
perf_trace_jbd2_handle_extend
	Param type changed
		tid                 : {'kind': 'TYPEDEF', 'name': 'tid_t'}
		                    ->{'kind': 'INT', 'name': 'long unsigned int'}
perf_trace_block_bio_complete
	Param removed
		error               : {'kind': 'INT', 'name': 'int'}
perf_trace_br_fdb_update
	Param added
		flags               : {'kind': 'INT', 'name': 'long unsigned int'}
	Param removed
		added_by_user       : {'kind': 'TYPEDEF', 'name': 'bool'}
