Added Kind.FUNC (5): ['security_task_fix_setgroups', 'security_file_truncate', 'security_inode_remove_acl', 'security_inode_get_acl', 'security_inode_set_acl']
Removed Kind.FUNC (0): []
Changed Kind.FUNC (4): ['security_socket_getpeersec_stream', 'security_setprocattr', 'security_getprocattr', 'security_inode_setattr']
Reasons Kind.FUNC (5): [('Param added', 3), ('Param removed', 2), ('Param type changed', 2), ('Param reordered', 1), ('Return type changed', 0)]
security_socket_getpeersec_stream
	Param type changed
		optval              : {'kind': 'PTR', 'type': {'kind': 'INT', 'name': 'char'}}
		                    ->{'kind': 'TYPEDEF', 'name': 'sockptr_t'}
		optlen              : {'kind': 'PTR', 'type': {'kind': 'INT', 'name': 'int'}}
		                    ->{'kind': 'TYPEDEF', 'name': 'sockptr_t'}
security_setprocattr
	Param added
		lsmid               : {'kind': 'INT', 'name': 'int'}
	Param removed
		lsm                 : {'kind': 'PTR', 'type': {'kind': 'CONST', 'name': '(anon)', 'type': {'kind': 'INT', 'name': 'char'}}}
security_getprocattr
	Param added
		lsmid               : {'kind': 'INT', 'name': 'int'}
	Param removed
		lsm                 : {'kind': 'PTR', 'type': {'kind': 'CONST', 'name': '(anon)', 'type': {'kind': 'INT', 'name': 'char'}}}
	Param type changed
		name                : {'kind': 'PTR', 'type': {'kind': 'INT', 'name': 'char'}}
		                    ->{'kind': 'PTR', 'type': {'kind': 'CONST', 'name': '(anon)', 'type': {'kind': 'INT', 'name': 'char'}}}
security_inode_setattr
	Param added
		mnt_userns          : {'kind': 'PTR', 'type': {'kind': 'STRUCT', 'name': 'user_namespace'}}
	Param reordered
		                     ['dentry', 'attr']
		                     ['mnt_userns', 'dentry', 'attr']
