Added Kind.FUNC (34): ['perf_trace_free_vmap_area_noflush', 'perf_trace_purge_vmap_area_lazy', 'perf_trace_alloc_vmap_area', 'perf_trace_scsi_zone_wp_update', 'perf_trace_scsi_prepare_zone_append', 'perf_trace_event_reg', 'perf_trace_error_da_monitor_id', 'perf_trace_event_da_monitor_id', 'perf_trace_kmalloc', 'perf_trace_kmem_cache_alloc', 'perf_trace_exit_mmap', 'perf_trace_vma_store', 'perf_trace_vma_mas_szero', 'perf_trace_io_uring_local_work_run', 'perf_trace_io_uring_short_write', 'perf_trace_io_uring_task_work_run', 'perf_trace_regmap_bulk', 'perf_trace_ma_write', 'perf_trace_ma_read', 'perf_trace_ma_op', 'perf_trace_guest_halt_poll_ns', 'perf_trace_cpu_idle_miss', 'perf_trace_mm_khugepaged_collapse_file', 'perf_trace_mm_khugepaged_scan_file', 'perf_trace_sample_threshold', 'perf_trace_nmi_noise', 'perf_trace_irq_noise', 'perf_trace_softirq_noise', 'perf_trace_thread_noise', 'perf_trace_ext4_journal_start_inode', 'perf_trace_ext4_journal_start_sb', 'perf_trace_clk_rate_request', 'perf_trace_watchdog_set_timeout', 'perf_trace_watchdog_template']
Removed Kind.FUNC (3): ['perf_trace_kmem_alloc_node', 'perf_trace_kmem_alloc', 'perf_trace_ext4_journal_start']
Changed Kind.FUNC (14): ['perf_trace_rss_stat', 'perf_trace_kmem_cache_free', 'perf_trace_jbd2_shrink_checkpoint_list', 'perf_trace_jbd2_write_superblock', 'perf_trace_io_uring_req_failed', 'perf_trace_io_uring_task_add', 'perf_trace_io_uring_poll_arm', 'perf_trace_io_uring_submit_sqe', 'perf_trace_io_uring_fail_link', 'perf_trace_io_uring_link', 'perf_trace_io_uring_defer', 'perf_trace_io_uring_queue_async_work', 'perf_trace_io_uring_file_get', 'perf_trace_pwm']
Reasons Kind.FUNC (5): [('Param added', 3), ('Param removed', 13), ('Param type changed', 9), ('Param reordered', 10), ('Return type changed', 0)]
perf_trace_rss_stat
	Param removed
		count               : {'kind': 'INT', 'name': 'long int'}
perf_trace_kmem_cache_free
	Param added
		s                   : {'kind': 'PTR', 'type': {'kind': 'CONST', 'name': '(anon)', 'type': {'kind': 'STRUCT', 'name': 'kmem_cache'}}}
	Param removed
		name                : {'kind': 'PTR', 'type': {'kind': 'CONST', 'name': '(anon)', 'type': {'kind': 'INT', 'name': 'char'}}}
perf_trace_jbd2_shrink_checkpoint_list
	Param removed
		nr_scanned          : {'kind': 'INT', 'name': 'long unsigned int'}
	Param reordered
		                     ['__data', 'journal', 'first_tid', 'tid', 'last_tid', 'nr_freed', 'nr_scanned', 'next_tid']
		                     ['__data', 'journal', 'first_tid', 'tid', 'last_tid', 'nr_freed', 'next_tid']
perf_trace_jbd2_write_superblock
	Param added
		write_flags         : {'kind': 'TYPEDEF', 'name': 'blk_opf_t'}
	Param removed
		write_op            : {'kind': 'INT', 'name': 'int'}
perf_trace_io_uring_req_failed
	Param removed
		ctx                 : {'kind': 'PTR', 'type': {'name': 'void', 'kind': 'VOID'}}
	Param reordered
		                     ['__data', 'sqe', 'ctx', 'req', 'error']
		                     ['__data', 'sqe', 'req', 'error']
	Param type changed
		req                 : {'kind': 'PTR', 'type': {'name': 'void', 'kind': 'VOID'}}
		                    ->{'kind': 'PTR', 'type': {'kind': 'STRUCT', 'name': 'io_kiocb'}}
perf_trace_io_uring_task_add
	Param removed
		ctx                 : {'kind': 'PTR', 'type': {'name': 'void', 'kind': 'VOID'}}
		user_data           : {'kind': 'INT', 'name': 'long long unsigned int'}
		opcode              : {'kind': 'TYPEDEF', 'name': 'u8'}
	Param reordered
		                     ['__data', 'ctx', 'req', 'user_data', 'opcode', 'mask']
		                     ['__data', 'req', 'mask']
	Param type changed
		req                 : {'kind': 'PTR', 'type': {'name': 'void', 'kind': 'VOID'}}
		                    ->{'kind': 'PTR', 'type': {'kind': 'STRUCT', 'name': 'io_kiocb'}}
perf_trace_io_uring_poll_arm
	Param removed
		ctx                 : {'kind': 'PTR', 'type': {'name': 'void', 'kind': 'VOID'}}
		user_data           : {'kind': 'TYPEDEF', 'name': 'u64'}
		opcode              : {'kind': 'TYPEDEF', 'name': 'u8'}
	Param reordered
		                     ['__data', 'ctx', 'req', 'user_data', 'opcode', 'mask', 'events']
		                     ['__data', 'req', 'mask', 'events']
	Param type changed
		req                 : {'kind': 'PTR', 'type': {'name': 'void', 'kind': 'VOID'}}
		                    ->{'kind': 'PTR', 'type': {'kind': 'STRUCT', 'name': 'io_kiocb'}}
perf_trace_io_uring_submit_sqe
	Param removed
		ctx                 : {'kind': 'PTR', 'type': {'name': 'void', 'kind': 'VOID'}}
		user_data           : {'kind': 'INT', 'name': 'long long unsigned int'}
		opcode              : {'kind': 'TYPEDEF', 'name': 'u8'}
		flags               : {'kind': 'TYPEDEF', 'name': 'u32'}
		sq_thread           : {'kind': 'TYPEDEF', 'name': 'bool'}
	Param reordered
		                     ['__data', 'ctx', 'req', 'user_data', 'opcode', 'flags', 'force_nonblock', 'sq_thread']
		                     ['__data', 'req', 'force_nonblock']
	Param type changed
		req                 : {'kind': 'PTR', 'type': {'name': 'void', 'kind': 'VOID'}}
		                    ->{'kind': 'PTR', 'type': {'kind': 'STRUCT', 'name': 'io_kiocb'}}
perf_trace_io_uring_fail_link
	Param removed
		ctx                 : {'kind': 'PTR', 'type': {'name': 'void', 'kind': 'VOID'}}
		user_data           : {'kind': 'INT', 'name': 'long long unsigned int'}
		opcode              : {'kind': 'TYPEDEF', 'name': 'u8'}
	Param reordered
		                     ['__data', 'ctx', 'req', 'user_data', 'opcode', 'link']
		                     ['__data', 'req', 'link']
	Param type changed
		req                 : {'kind': 'PTR', 'type': {'name': 'void', 'kind': 'VOID'}}
		                    ->{'kind': 'PTR', 'type': {'kind': 'STRUCT', 'name': 'io_kiocb'}}
		link                : {'kind': 'PTR', 'type': {'name': 'void', 'kind': 'VOID'}}
		                    ->{'kind': 'PTR', 'type': {'kind': 'STRUCT', 'name': 'io_kiocb'}}
perf_trace_io_uring_link
	Param removed
		ctx                 : {'kind': 'PTR', 'type': {'name': 'void', 'kind': 'VOID'}}
	Param reordered
		                     ['__data', 'ctx', 'req', 'target_req']
		                     ['__data', 'req', 'target_req']
	Param type changed
		req                 : {'kind': 'PTR', 'type': {'name': 'void', 'kind': 'VOID'}}
		                    ->{'kind': 'PTR', 'type': {'kind': 'STRUCT', 'name': 'io_kiocb'}}
		target_req          : {'kind': 'PTR', 'type': {'name': 'void', 'kind': 'VOID'}}
		                    ->{'kind': 'PTR', 'type': {'kind': 'STRUCT', 'name': 'io_kiocb'}}
perf_trace_io_uring_defer
	Param removed
		ctx                 : {'kind': 'PTR', 'type': {'name': 'void', 'kind': 'VOID'}}
		user_data           : {'kind': 'INT', 'name': 'long long unsigned int'}
		opcode              : {'kind': 'TYPEDEF', 'name': 'u8'}
	Param reordered
		                     ['__data', 'ctx', 'req', 'user_data', 'opcode']
		                     ['__data', 'req']
	Param type changed
		req                 : {'kind': 'PTR', 'type': {'name': 'void', 'kind': 'VOID'}}
		                    ->{'kind': 'PTR', 'type': {'kind': 'STRUCT', 'name': 'io_kiocb'}}
perf_trace_io_uring_queue_async_work
	Param removed
		ctx                 : {'kind': 'PTR', 'type': {'name': 'void', 'kind': 'VOID'}}
		user_data           : {'kind': 'INT', 'name': 'long long unsigned int'}
		opcode              : {'kind': 'TYPEDEF', 'name': 'u8'}
		flags               : {'kind': 'INT', 'name': 'unsigned int'}
		work                : {'kind': 'PTR', 'type': {'kind': 'STRUCT', 'name': 'io_wq_work'}}
	Param reordered
		                     ['__data', 'ctx', 'req', 'user_data', 'opcode', 'flags', 'work', 'rw']
		                     ['__data', 'req', 'rw']
	Param type changed
		req                 : {'kind': 'PTR', 'type': {'name': 'void', 'kind': 'VOID'}}
		                    ->{'kind': 'PTR', 'type': {'kind': 'STRUCT', 'name': 'io_kiocb'}}
perf_trace_io_uring_file_get
	Param removed
		ctx                 : {'kind': 'PTR', 'type': {'name': 'void', 'kind': 'VOID'}}
		user_data           : {'kind': 'INT', 'name': 'long long unsigned int'}
	Param reordered
		                     ['__data', 'ctx', 'req', 'user_data', 'fd']
		                     ['__data', 'req', 'fd']
	Param type changed
		req                 : {'kind': 'PTR', 'type': {'name': 'void', 'kind': 'VOID'}}
		                    ->{'kind': 'PTR', 'type': {'kind': 'STRUCT', 'name': 'io_kiocb'}}
perf_trace_pwm
	Param added
		err                 : {'kind': 'INT', 'name': 'int'}
