Added Kind.FUNC (12): ['security_current_getsecid_subj', 'security_file_truncate', 'security_fs_context_submount', 'security_inode_get_acl', 'security_inode_remove_acl', 'security_inode_set_acl', 'security_mptcp_add_subflow', 'security_sctp_assoc_established', 'security_task_fix_setgroups', 'security_uring_cmd', 'security_uring_override_creds', 'security_uring_sqpoll']
Removed Kind.FUNC (1): ['security_task_getsecid_subj']
Changed Kind.FUNC (18): ['security_audit_rule_match', 'security_audit_rule_free', 'security_audit_rule_init', 'security_key_getsecurity', 'security_sctp_sk_clone', 'security_sctp_assoc_request', 'security_secmark_relabel_packet', 'security_socket_getpeersec_dgram', 'security_socket_getpeersec_stream', 'security_secid_to_secctx', 'security_setprocattr', 'security_getprocattr', 'security_inode_getsecurity', 'security_inode_killpriv', 'security_inode_removexattr', 'security_inode_setxattr', 'security_inode_setattr', 'security_dentry_init_security']
Reasons Kind.FUNC (5): [('Param added', 17), ('Param removed', 16), ('Param type changed', 2), ('Param reordered', 1), ('Return type changed', 0)]
security_audit_rule_match
	Param added
		lsmrules            : {'kind': 'PTR', 'type': {'kind': 'STRUCT', 'name': 'audit_lsm_rules'}}
	Param removed
		lsmrule             : {'kind': 'PTR', 'type': {'kind': 'PTR', 'type': {'name': 'void', 'kind': 'VOID'}}}
security_audit_rule_free
	Param added
		lsmrules            : {'kind': 'PTR', 'type': {'kind': 'STRUCT', 'name': 'audit_lsm_rules'}}
	Param removed
		lsmrule             : {'kind': 'PTR', 'type': {'kind': 'PTR', 'type': {'name': 'void', 'kind': 'VOID'}}}
security_audit_rule_init
	Param added
		lsmrules            : {'kind': 'PTR', 'type': {'kind': 'STRUCT', 'name': 'audit_lsm_rules'}}
	Param removed
		lsmrule             : {'kind': 'PTR', 'type': {'kind': 'PTR', 'type': {'name': 'void', 'kind': 'VOID'}}}
security_key_getsecurity
	Param added
		buffer              : {'kind': 'PTR', 'type': {'kind': 'PTR', 'type': {'kind': 'INT', 'name': 'char'}}}
	Param removed
		_buffer             : {'kind': 'PTR', 'type': {'kind': 'PTR', 'type': {'kind': 'INT', 'name': 'char'}}}
security_sctp_sk_clone
	Param added
		asoc                : {'kind': 'PTR', 'type': {'kind': 'STRUCT', 'name': 'sctp_association'}}
	Param removed
		ep                  : {'kind': 'PTR', 'type': {'kind': 'STRUCT', 'name': 'sctp_endpoint'}}
security_sctp_assoc_request
	Param added
		asoc                : {'kind': 'PTR', 'type': {'kind': 'STRUCT', 'name': 'sctp_association'}}
	Param removed
		ep                  : {'kind': 'PTR', 'type': {'kind': 'STRUCT', 'name': 'sctp_endpoint'}}
security_secmark_relabel_packet
	Param added
		secid               : {'kind': 'TYPEDEF', 'name': 'u32'}
	Param removed
		blob                : {'kind': 'PTR', 'type': {'kind': 'STRUCT', 'name': 'lsmblob'}}
security_socket_getpeersec_dgram
	Param added
		secid               : {'kind': 'PTR', 'type': {'kind': 'TYPEDEF', 'name': 'u32'}}
	Param removed
		blob                : {'kind': 'PTR', 'type': {'kind': 'STRUCT', 'name': 'lsmblob'}}
security_socket_getpeersec_stream
	Param type changed
		optval              : {'kind': 'PTR', 'type': {'kind': 'INT', 'name': 'char'}}
		                    ->{'kind': 'TYPEDEF', 'name': 'sockptr_t'}
		optlen              : {'kind': 'PTR', 'type': {'kind': 'INT', 'name': 'int'}}
		                    ->{'kind': 'TYPEDEF', 'name': 'sockptr_t'}
security_secid_to_secctx
	Param added
		ilsm                : {'kind': 'INT', 'name': 'int'}
	Param removed
		display             : {'kind': 'INT', 'name': 'int'}
security_setprocattr
	Param added
		lsmid               : {'kind': 'INT', 'name': 'int'}
	Param removed
		lsm                 : {'kind': 'PTR', 'type': {'kind': 'CONST', 'name': '(anon)', 'type': {'kind': 'INT', 'name': 'char'}}}
security_getprocattr
	Param added
		lsmid               : {'kind': 'INT', 'name': 'int'}
	Param removed
		lsm                 : {'kind': 'PTR', 'type': {'kind': 'CONST', 'name': '(anon)', 'type': {'kind': 'INT', 'name': 'char'}}}
	Param type changed
		name                : {'kind': 'PTR', 'type': {'kind': 'INT', 'name': 'char'}}
		                    ->{'kind': 'PTR', 'type': {'kind': 'CONST', 'name': '(anon)', 'type': {'kind': 'INT', 'name': 'char'}}}
security_inode_getsecurity
	Param added
		idmap               : {'kind': 'PTR', 'type': {'kind': 'STRUCT', 'name': 'mnt_idmap'}}
	Param removed
		mnt_userns          : {'kind': 'PTR', 'type': {'kind': 'STRUCT', 'name': 'user_namespace'}}
security_inode_killpriv
	Param added
		idmap               : {'kind': 'PTR', 'type': {'kind': 'STRUCT', 'name': 'mnt_idmap'}}
	Param removed
		mnt_userns          : {'kind': 'PTR', 'type': {'kind': 'STRUCT', 'name': 'user_namespace'}}
security_inode_removexattr
	Param added
		idmap               : {'kind': 'PTR', 'type': {'kind': 'STRUCT', 'name': 'mnt_idmap'}}
	Param removed
		mnt_userns          : {'kind': 'PTR', 'type': {'kind': 'STRUCT', 'name': 'user_namespace'}}
security_inode_setxattr
	Param added
		idmap               : {'kind': 'PTR', 'type': {'kind': 'STRUCT', 'name': 'mnt_idmap'}}
	Param removed
		mnt_userns          : {'kind': 'PTR', 'type': {'kind': 'STRUCT', 'name': 'user_namespace'}}
security_inode_setattr
	Param added
		idmap               : {'kind': 'PTR', 'type': {'kind': 'STRUCT', 'name': 'mnt_idmap'}}
	Param reordered
		                     ['dentry', 'attr']
		                     ['idmap', 'dentry', 'attr']
security_dentry_init_security
	Param added
		xattr_name          : {'kind': 'PTR', 'type': {'kind': 'PTR', 'type': {'kind': 'CONST', 'name': '(anon)', 'type': {'kind': 'INT', 'name': 'char'}}}}
		lsmctx              : {'kind': 'PTR', 'type': {'kind': 'STRUCT', 'name': 'lsmcontext'}}
	Param removed
		ctx                 : {'kind': 'PTR', 'type': {'kind': 'PTR', 'type': {'name': 'void', 'kind': 'VOID'}}}
		ctxlen              : {'kind': 'PTR', 'type': {'kind': 'TYPEDEF', 'name': 'u32'}}
