Added Kind.STRUCT (84): ['trace_event_raw_notifier_info', 'trace_event_raw_mm_vmscan_write_folio', 'trace_event_raw_mm_vmscan_throttled', 'trace_event_raw_mmap_lock', 'trace_event_raw_migration_pte', 'trace_event_raw_ext4__folio_op', 'trace_event_raw_ext4_invalidate_folio_op', 'trace_event_raw_ext4_journal_start_sb', 'trace_event_raw_ext4_journal_start_inode', 'trace_event_raw_ext4_fc_track_dentry', 'trace_event_raw_ext4_fc_cleanup', 'trace_event_raw_ext4_update_sb', 'trace_event_raw_regmap_bulk', 'trace_event_raw_ata_qc_issue_template', 'trace_event_raw_ata_tf_load', 'trace_event_raw_ata_exec_command_template', 'trace_event_raw_ata_bmdma_status', 'trace_event_raw_ata_eh_action_template', 'trace_event_raw_ata_link_reset_begin_template', 'trace_event_raw_ata_link_reset_end_template', 'trace_event_raw_ata_port_eh_begin_template', 'trace_event_raw_ata_sff_hsm_template', 'trace_event_raw_ata_transfer_data_template', 'trace_event_raw_ata_sff_template', 'trace_event_raw_mctp_key_acquire', 'trace_event_raw_mctp_key_release', 'trace_event_raw_tasklet', 'trace_event_raw_csd_queue_cpu', 'trace_event_raw_csd_function', 'trace_event_raw_ksm_scan_template', 'trace_event_raw_ksm_enter_exit_template', 'trace_event_raw_ksm_merge_one_page', 'trace_event_raw_ksm_merge_with_ksm_page', 'trace_event_raw_ksm_remove_ksm_page', 'trace_event_raw_ksm_remove_rmap_item', 'trace_event_raw_clk_rate_request', 'trace_event_raw_scsi_prepare_zone_append', 'trace_event_raw_scsi_zone_wp_update', 'trace_event_raw_ipi_raise', 'trace_event_raw_ipi_send_cpu', 'trace_event_raw_ipi_send_cpumask', 'trace_event_raw_ipi_handler', 'trace_event_raw_cpu_idle_miss', 'trace_event_raw_guest_halt_poll_ns', 'trace_event_raw_hugepage_set_pmd', 'trace_event_raw_hugepage_update', 'trace_event_raw_migration_pmd', 'trace_event_raw_block_rq_completion', 'trace_event_raw_watchdog_template', 'trace_event_raw_watchdog_set_timeout', 'trace_event_raw_sk_data_ready', 'trace_event_raw_sock_msg_length', 'trace_event_raw_tcp_cong_state_set', 'trace_event_raw_br_mdb_full', 'trace_event_raw_handshake_event_class', 'trace_event_raw_handshake_fd_class', 'trace_event_raw_handshake_error_class', 'trace_event_raw_handshake_complete', 'trace_event_raw_ma_op', 'trace_event_raw_ma_read', 'trace_event_raw_ma_write', 'trace_event_raw_contention_begin', 'trace_event_raw_contention_end', 'trace_event_raw_event_da_monitor_id', 'trace_event_raw_error_da_monitor_id', 'trace_event_raw_kmem_cache_alloc', 'trace_event_raw_kmalloc', 'trace_event_raw_vma_mas_szero', 'trace_event_raw_vma_store', 'trace_event_raw_exit_mmap', 'trace_event_raw_alloc_vmap_area', 'trace_event_raw_purge_vmap_area_lazy', 'trace_event_raw_free_vmap_area_noflush', 'trace_event_raw_mm_khugepaged_scan_file', 'trace_event_raw_mm_khugepaged_collapse_file', 'trace_event_raw_writeback_folio_template', 'trace_event_raw_iomap_dio_rw_begin', 'trace_event_raw_iomap_dio_complete', 'trace_event_raw_io_uring_submit_req', 'trace_event_raw_io_uring_req_failed', 'trace_event_raw_io_uring_cqe_overflow', 'trace_event_raw_io_uring_task_work_run', 'trace_event_raw_io_uring_short_write', 'trace_event_raw_io_uring_local_work_run']
Removed Kind.STRUCT (18): ['trace_event_raw_mm_vmscan_writepage', 'trace_event_raw_kmem_alloc', 'trace_event_raw_kmem_alloc_node', 'trace_event_raw_mmap_lock_start_locking', 'trace_event_raw_mmap_lock_released', 'trace_event_raw_writeback_page_template', 'trace_event_raw_writeback_congest_waited_template', 'trace_event_raw_ext4__page_op', 'trace_event_raw_ext4_invalidatepage_op', 'trace_event_raw_ext4_journal_start', 'trace_event_raw_ext4_fc_track_create', 'trace_event_raw_ext4_fc_track_link', 'trace_event_raw_ext4_fc_track_unlink', 'trace_event_raw_block_rq_complete', 'trace_event_raw_io_uring_submit_sqe', 'trace_event_raw_io_uring_poll_wake', 'trace_event_raw_io_uring_task_run', 'trace_event_raw_ata_qc_issue']
Changed Kind.STRUCT (46): ['trace_event_raw_workqueue_queue_work', 'trace_event_raw_swiotlb_bounced', 'trace_event_raw_rseq_update', 'trace_event_raw_mm_filemap_op_page_cache', 'trace_event_raw_mm_lru_insertion', 'trace_event_raw_mm_lru_activate', 'trace_event_raw_mm_vmscan_wakeup_kswapd', 'trace_event_raw_mm_vmscan_direct_reclaim_begin_template', 'trace_event_raw_mm_shrink_slab_start', 'trace_event_raw_mm_vmscan_node_reclaim_begin', 'trace_event_raw_percpu_alloc_percpu', 'trace_event_raw_mm_page_alloc', 'trace_event_raw_mm_page', 'trace_event_raw_mm_compaction_try_to_compact_pages', 'trace_event_raw_ext4__write_begin', 'trace_event_raw_ext4_fc_commit_start', 'trace_event_raw_ext4_fc_commit_stop', 'trace_event_raw_ext4_fc_track_inode', 'trace_event_raw_ext4_fc_track_range', 'trace_event_raw_jbd2_write_superblock', 'trace_event_raw_io_uring_register', 'trace_event_raw_io_uring_file_get', 'trace_event_raw_io_uring_queue_async_work', 'trace_event_raw_io_uring_defer', 'trace_event_raw_io_uring_fail_link', 'trace_event_raw_io_uring_complete', 'trace_event_raw_io_uring_poll_arm', 'trace_event_raw_io_uring_task_add', 'trace_event_raw_pwm', 'trace_event_raw_scsi_dispatch_cmd_start', 'trace_event_raw_scsi_dispatch_cmd_error', 'trace_event_raw_scsi_cmd_done_timeout_template', 'trace_event_raw_xhci_log_ctx', 'trace_event_raw_xhci_log_trb', 'trace_event_raw_xhci_log_ep_ctx', 'trace_event_raw_xhci_log_slot_ctx', 'trace_event_raw_xhci_log_ctrl_ctx', 'trace_event_raw_xhci_log_ring', 'trace_event_raw_xhci_log_portsc', 'trace_event_raw_xhci_log_doorbell', 'trace_event_raw_amd_pstate_perf', 'trace_event_raw_consume_skb', 'trace_event_raw_fib_table_lookup', 'trace_event_raw_devlink_trap_report', 'trace_event_raw_fib6_table_lookup', 'trace_event_raw_mptcp_dump_mpext']
Reasons Kind.STRUCT (4): [('Field added', 29), ('Field removed', 19), ('Field type changed', 9), ('Layout changed', 44)]
trace_event_raw_workqueue_queue_work
	Field type changed
		req_cpu             : {'kind': 'INT', 'name': 'unsigned int'}
		                    ->{'kind': 'INT', 'name': 'int'}
		cpu                 : {'kind': 'INT', 'name': 'unsigned int'}
		                    ->{'kind': 'INT', 'name': 'int'}
trace_event_raw_swiotlb_bounced
	Field added
		force               : {'kind': 'TYPEDEF', 'name': 'bool'}
	Field removed
		swiotlb_force       : {'kind': 'ENUM', 'name': 'swiotlb_force', 'size': 4}
	Layout changed
trace_event_raw_rseq_update
	Field added
		node_id             : {'kind': 'TYPEDEF', 'name': 's32'}
		mm_cid              : {'kind': 'TYPEDEF', 'name': 's32'}
	Layout changed
trace_event_raw_mm_filemap_op_page_cache
	Field added
		order               : {'kind': 'INT', 'name': 'unsigned char'}
	Layout changed
trace_event_raw_mm_lru_insertion
	Field added
		folio               : {'kind': 'PTR', 'type': {'kind': 'STRUCT', 'name': 'folio'}}
	Field removed
		page                : {'kind': 'PTR', 'type': {'kind': 'STRUCT', 'name': 'page'}}
	Layout changed
trace_event_raw_mm_lru_activate
	Field added
		folio               : {'kind': 'PTR', 'type': {'kind': 'STRUCT', 'name': 'folio'}}
	Field removed
		page                : {'kind': 'PTR', 'type': {'kind': 'STRUCT', 'name': 'page'}}
	Layout changed
trace_event_raw_mm_vmscan_wakeup_kswapd
	Field type changed
		gfp_flags           : {'kind': 'TYPEDEF', 'name': 'gfp_t'}
		                    ->{'kind': 'INT', 'name': 'long unsigned int'}
	Layout changed
trace_event_raw_mm_vmscan_direct_reclaim_begin_template
	Field type changed
		gfp_flags           : {'kind': 'TYPEDEF', 'name': 'gfp_t'}
		                    ->{'kind': 'INT', 'name': 'long unsigned int'}
	Layout changed
trace_event_raw_mm_shrink_slab_start
	Field type changed
		gfp_flags           : {'kind': 'TYPEDEF', 'name': 'gfp_t'}
		                    ->{'kind': 'INT', 'name': 'long unsigned int'}
trace_event_raw_mm_vmscan_node_reclaim_begin
	Field type changed
		gfp_flags           : {'kind': 'TYPEDEF', 'name': 'gfp_t'}
		                    ->{'kind': 'INT', 'name': 'long unsigned int'}
	Layout changed
trace_event_raw_percpu_alloc_percpu
	Field added
		call_site           : {'kind': 'INT', 'name': 'long unsigned int'}
		bytes_alloc         : {'kind': 'TYPEDEF', 'name': 'size_t'}
		gfp_flags           : {'kind': 'INT', 'name': 'long unsigned int'}
	Layout changed
trace_event_raw_mm_page_alloc
	Field type changed
		gfp_flags           : {'kind': 'TYPEDEF', 'name': 'gfp_t'}
		                    ->{'kind': 'INT', 'name': 'long unsigned int'}
	Layout changed
trace_event_raw_mm_page
	Field added
		percpu_refill       : {'kind': 'INT', 'name': 'int'}
	Layout changed
trace_event_raw_mm_compaction_try_to_compact_pages
	Field type changed
		gfp_mask            : {'kind': 'TYPEDEF', 'name': 'gfp_t'}
		                    ->{'kind': 'INT', 'name': 'long unsigned int'}
	Layout changed
trace_event_raw_ext4__write_begin
	Field removed
		flags               : {'kind': 'INT', 'name': 'unsigned int'}
	Layout changed
trace_event_raw_ext4_fc_commit_start
	Field added
		tid                 : {'kind': 'TYPEDEF', 'name': 'tid_t'}
	Layout changed
trace_event_raw_ext4_fc_commit_stop
	Field added
		tid                 : {'kind': 'TYPEDEF', 'name': 'tid_t'}
	Layout changed
trace_event_raw_ext4_fc_track_inode
	Field added
		t_tid               : {'kind': 'TYPEDEF', 'name': 'tid_t'}
		i_ino               : {'kind': 'TYPEDEF', 'name': 'ino_t'}
		i_sync_tid          : {'kind': 'TYPEDEF', 'name': 'tid_t'}
	Field removed
		ino                 : {'kind': 'INT', 'name': 'int'}
	Layout changed
trace_event_raw_ext4_fc_track_range
	Field added
		t_tid               : {'kind': 'TYPEDEF', 'name': 'tid_t'}
		i_ino               : {'kind': 'TYPEDEF', 'name': 'ino_t'}
		i_sync_tid          : {'kind': 'TYPEDEF', 'name': 'tid_t'}
	Field removed
		ino                 : {'kind': 'INT', 'name': 'int'}
	Layout changed
trace_event_raw_jbd2_write_superblock
	Field added
		write_flags         : {'kind': 'TYPEDEF', 'name': 'blk_opf_t'}
	Field removed
		write_op            : {'kind': 'INT', 'name': 'int'}
	Layout changed
trace_event_raw_io_uring_register
	Field removed
		eventfd             : {'kind': 'TYPEDEF', 'name': 'bool'}
	Layout changed
trace_event_raw_io_uring_file_get
	Field added
		req                 : {'kind': 'PTR', 'type': {'name': 'void', 'kind': 'VOID'}}
		user_data           : {'kind': 'TYPEDEF', 'name': 'u64'}
	Layout changed
trace_event_raw_io_uring_queue_async_work
	Field added
		user_data           : {'kind': 'TYPEDEF', 'name': 'u64'}
		opcode              : {'kind': 'TYPEDEF', 'name': 'u8'}
		__data_loc_op_str   : {'kind': 'TYPEDEF', 'name': 'u32'}
	Layout changed
trace_event_raw_io_uring_defer
	Field added
		opcode              : {'kind': 'TYPEDEF', 'name': 'u8'}
		__data_loc_op_str   : {'kind': 'TYPEDEF', 'name': 'u32'}
	Layout changed
trace_event_raw_io_uring_fail_link
	Field added
		ctx                 : {'kind': 'PTR', 'type': {'name': 'void', 'kind': 'VOID'}}
		user_data           : {'kind': 'INT', 'name': 'long long unsigned int'}
		opcode              : {'kind': 'TYPEDEF', 'name': 'u8'}
		__data_loc_op_str   : {'kind': 'TYPEDEF', 'name': 'u32'}
	Layout changed
trace_event_raw_io_uring_complete
	Field added
		req                 : {'kind': 'PTR', 'type': {'name': 'void', 'kind': 'VOID'}}
		extra1              : {'kind': 'TYPEDEF', 'name': 'u64'}
		extra2              : {'kind': 'TYPEDEF', 'name': 'u64'}
	Layout changed
trace_event_raw_io_uring_poll_arm
	Field added
		__data_loc_op_str   : {'kind': 'TYPEDEF', 'name': 'u32'}
	Field type changed
		user_data           : {'kind': 'TYPEDEF', 'name': 'u64'}
		                    ->{'kind': 'INT', 'name': 'long long unsigned int'}
	Layout changed
trace_event_raw_io_uring_task_add
	Field added
		req                 : {'kind': 'PTR', 'type': {'name': 'void', 'kind': 'VOID'}}
		__data_loc_op_str   : {'kind': 'TYPEDEF', 'name': 'u32'}
	Field type changed
		user_data           : {'kind': 'TYPEDEF', 'name': 'u64'}
		                    ->{'kind': 'INT', 'name': 'long long unsigned int'}
	Layout changed
trace_event_raw_pwm
	Field added
		err                 : {'kind': 'INT', 'name': 'int'}
	Layout changed
trace_event_raw_scsi_dispatch_cmd_start
	Field added
		driver_tag          : {'kind': 'INT', 'name': 'int'}
		scheduler_tag       : {'kind': 'INT', 'name': 'int'}
	Layout changed
trace_event_raw_scsi_dispatch_cmd_error
	Field added
		driver_tag          : {'kind': 'INT', 'name': 'int'}
		scheduler_tag       : {'kind': 'INT', 'name': 'int'}
	Layout changed
trace_event_raw_scsi_cmd_done_timeout_template
	Field added
		driver_tag          : {'kind': 'INT', 'name': 'int'}
		scheduler_tag       : {'kind': 'INT', 'name': 'int'}
		sense_key           : {'kind': 'TYPEDEF', 'name': 'u8'}
		asc                 : {'kind': 'TYPEDEF', 'name': 'u8'}
		ascq                : {'kind': 'TYPEDEF', 'name': 'u8'}
	Layout changed
trace_event_raw_xhci_log_ctx
	Field removed
		slot_id             : {'kind': 'INT', 'name': 'int'}
	Layout changed
trace_event_raw_xhci_log_trb
	Field removed
		__data_loc_str      : {'kind': 'TYPEDEF', 'name': 'u32'}
	Layout changed
trace_event_raw_xhci_log_ep_ctx
	Field removed
		__data_loc_str      : {'kind': 'TYPEDEF', 'name': 'u32'}
	Layout changed
trace_event_raw_xhci_log_slot_ctx
	Field removed
		__data_loc_str      : {'kind': 'TYPEDEF', 'name': 'u32'}
	Layout changed
trace_event_raw_xhci_log_ctrl_ctx
	Field removed
		__data_loc_str      : {'kind': 'TYPEDEF', 'name': 'u32'}
	Layout changed
trace_event_raw_xhci_log_ring
	Field removed
		num_trbs_free       : {'kind': 'INT', 'name': 'unsigned int'}
	Layout changed
trace_event_raw_xhci_log_portsc
	Field removed
		__data_loc_str      : {'kind': 'TYPEDEF', 'name': 'u32'}
	Layout changed
trace_event_raw_xhci_log_doorbell
	Field removed
		__data_loc_str      : {'kind': 'TYPEDEF', 'name': 'u32'}
	Layout changed
trace_event_raw_amd_pstate_perf
	Field added
		freq                : {'kind': 'INT', 'name': 'long long unsigned int'}
		mperf               : {'kind': 'INT', 'name': 'long long unsigned int'}
		aperf               : {'kind': 'INT', 'name': 'long long unsigned int'}
		tsc                 : {'kind': 'INT', 'name': 'long long unsigned int'}
	Layout changed
trace_event_raw_consume_skb
	Field added
		location            : {'kind': 'PTR', 'type': {'name': 'void', 'kind': 'VOID'}}
	Layout changed
trace_event_raw_fib_table_lookup
	Field added
		name                : {'kind': 'ARRAY', 'name': '(anon)', 'nr_elems': 16, 'type': {'kind': 'INT', 'name': 'char'}}
	Field removed
		__data_loc_name     : {'kind': 'TYPEDEF', 'name': 'u32'}
	Layout changed
trace_event_raw_devlink_trap_report
	Field added
		input_dev_name      : {'kind': 'ARRAY', 'name': '(anon)', 'nr_elems': 16, 'type': {'kind': 'INT', 'name': 'char'}}
	Field removed
		__data_loc_input_dev_name: {'kind': 'TYPEDEF', 'name': 'u32'}
	Layout changed
trace_event_raw_fib6_table_lookup
	Field added
		name                : {'kind': 'ARRAY', 'name': '(anon)', 'nr_elems': 16, 'type': {'kind': 'INT', 'name': 'char'}}
	Field removed
		__data_loc_name     : {'kind': 'TYPEDEF', 'name': 'u32'}
	Layout changed
trace_event_raw_mptcp_dump_mpext
	Field added
		infinite_map        : {'kind': 'TYPEDEF', 'name': 'u8'}
	Layout changed
