Added Kind.UNION (26): ['rv_task_monitor', 'msi_instance_cookie', 'msi_domain_cookie', 'cpuid_0x80000022_ebx', 'amd_debug_extn_cfg', 'ibs_op_data', 'ibs_op_data2', 'ibs_op_data3', 'kvm_cpu_role', 'lower_chunk', 'upper_chunk', 'migration_ptr', 'handle_parts', 'gpio_irq_fwspec', 'hv_reference_tsc_msr', 'salt', 'pn', 'trace_synth_field', 'apparmor_notif_resp', 'hv_ghcb', 'cpumask_rcuhead', '__u128_halves', 'apparmor_notif_all', 'hfi_capabilities', 'cpuid6_edx', 'tcf_exts_miss_cookie']
Removed Kind.UNION (2): ['kvm_mmu_role', 'sctp_sack_variable']
Changed Kind.UNION (11): ['bpf_attr', 'intel_x86_pebs_dse', 'acpi_subtable_headers', 'bpf_iter_link_info', 'proc_op', 'security_list_options', 'aa_buffer', 'phy_configure_opts', 'acpi_resource_data', 'hdmi_infoframe', 'aml_resource']
Reasons Kind.UNION (4): [('Field added', 9), ('Field removed', 3), ('Field type changed', 1), ('Layout changed', 11)]
bpf_attr
	Layout changed
intel_x86_pebs_dse
	Field added
		(anon-3)            : {'kind': 'STRUCT', 'name': '(anon)'}
	Layout changed
acpi_subtable_headers
	Field added
		cedt                : {'kind': 'STRUCT', 'name': 'acpi_cedt_header'}
	Layout changed
bpf_iter_link_info
	Field added
		cgroup              : {'kind': 'STRUCT', 'name': '(anon)'}
		task                : {'kind': 'STRUCT', 'name': '(anon)'}
	Layout changed
proc_op
	Field added
		lsmid               : {'kind': 'INT', 'name': 'int'}
	Field removed
		lsm                 : {'kind': 'PTR', 'type': {'kind': 'CONST', 'name': '(anon)', 'type': {'kind': 'INT', 'name': 'char'}}}
	Layout changed
security_list_options
	Field added
		fs_context_submount : {'kind': 'PTR', 'type': {'kind': 'FUNC_PROTO', 'params': [{'name': '(anon)', 'type': {'kind': 'PTR', 'type': {'kind': 'STRUCT', 'name': 'fs_context'}}}, {'name': '(anon-1)', 'type': {'kind': 'PTR', 'type': {'kind': 'STRUCT', 'name': 'super_block'}}}], 'ret_type': {'kind': 'INT', 'name': 'int'}}}
		inode_set_acl       : {'kind': 'PTR', 'type': {'kind': 'FUNC_PROTO', 'params': [{'name': '(anon)', 'type': {'kind': 'PTR', 'type': {'kind': 'STRUCT', 'name': 'mnt_idmap'}}}, {'name': '(anon-1)', 'type': {'kind': 'PTR', 'type': {'kind': 'STRUCT', 'name': 'dentry'}}}, {'name': '(anon-2)', 'type': {'kind': 'PTR', 'type': {'kind': 'CONST', 'name': '(anon)', 'type': {'kind': 'INT', 'name': 'char'}}}}, {'name': '(anon-3)', 'type': {'kind': 'PTR', 'type': {'kind': 'STRUCT', 'name': 'posix_acl'}}}], 'ret_type': {'kind': 'INT', 'name': 'int'}}}
		inode_get_acl       : {'kind': 'PTR', 'type': {'kind': 'FUNC_PROTO', 'params': [{'name': '(anon)', 'type': {'kind': 'PTR', 'type': {'kind': 'STRUCT', 'name': 'mnt_idmap'}}}, {'name': '(anon-1)', 'type': {'kind': 'PTR', 'type': {'kind': 'STRUCT', 'name': 'dentry'}}}, {'name': '(anon-2)', 'type': {'kind': 'PTR', 'type': {'kind': 'CONST', 'name': '(anon)', 'type': {'kind': 'INT', 'name': 'char'}}}}], 'ret_type': {'kind': 'INT', 'name': 'int'}}}
		inode_remove_acl    : {'kind': 'PTR', 'type': {'kind': 'FUNC_PROTO', 'params': [{'name': '(anon)', 'type': {'kind': 'PTR', 'type': {'kind': 'STRUCT', 'name': 'mnt_idmap'}}}, {'name': '(anon-1)', 'type': {'kind': 'PTR', 'type': {'kind': 'STRUCT', 'name': 'dentry'}}}, {'name': '(anon-2)', 'type': {'kind': 'PTR', 'type': {'kind': 'CONST', 'name': '(anon)', 'type': {'kind': 'INT', 'name': 'char'}}}}], 'ret_type': {'kind': 'INT', 'name': 'int'}}}
		file_truncate       : {'kind': 'PTR', 'type': {'kind': 'FUNC_PROTO', 'params': [{'name': '(anon)', 'type': {'kind': 'PTR', 'type': {'kind': 'STRUCT', 'name': 'file'}}}], 'ret_type': {'kind': 'INT', 'name': 'int'}}}
		task_fix_setgroups  : {'kind': 'PTR', 'type': {'kind': 'FUNC_PROTO', 'params': [{'name': '(anon)', 'type': {'kind': 'PTR', 'type': {'kind': 'STRUCT', 'name': 'cred'}}}, {'name': '(anon-1)', 'type': {'kind': 'PTR', 'type': {'kind': 'CONST', 'name': '(anon)', 'type': {'kind': 'STRUCT', 'name': 'cred'}}}}], 'ret_type': {'kind': 'INT', 'name': 'int'}}}
		current_getsecid_subj: {'kind': 'PTR', 'type': {'kind': 'FUNC_PROTO', 'params': [{'name': '(anon)', 'type': {'kind': 'PTR', 'type': {'kind': 'TYPEDEF', 'name': 'u32'}}}], 'ret_type': {'name': 'void', 'kind': 'VOID'}}}
		userns_create       : {'kind': 'PTR', 'type': {'kind': 'FUNC_PROTO', 'params': [{'name': '(anon)', 'type': {'kind': 'PTR', 'type': {'kind': 'CONST', 'name': '(anon)', 'type': {'kind': 'STRUCT', 'name': 'cred'}}}}], 'ret_type': {'kind': 'INT', 'name': 'int'}}}
		sctp_assoc_established: {'kind': 'PTR', 'type': {'kind': 'FUNC_PROTO', 'params': [{'name': '(anon)', 'type': {'kind': 'PTR', 'type': {'kind': 'STRUCT', 'name': 'sctp_association'}}}, {'name': '(anon-1)', 'type': {'kind': 'PTR', 'type': {'kind': 'STRUCT', 'name': 'sk_buff'}}}], 'ret_type': {'kind': 'INT', 'name': 'int'}}}
		mptcp_add_subflow   : {'kind': 'PTR', 'type': {'kind': 'FUNC_PROTO', 'params': [{'name': '(anon)', 'type': {'kind': 'PTR', 'type': {'kind': 'STRUCT', 'name': 'sock'}}}, {'name': '(anon-1)', 'type': {'kind': 'PTR', 'type': {'kind': 'STRUCT', 'name': 'sock'}}}], 'ret_type': {'kind': 'INT', 'name': 'int'}}}
		uring_override_creds: {'kind': 'PTR', 'type': {'kind': 'FUNC_PROTO', 'params': [{'name': '(anon)', 'type': {'kind': 'PTR', 'type': {'kind': 'CONST', 'name': '(anon)', 'type': {'kind': 'STRUCT', 'name': 'cred'}}}}], 'ret_type': {'kind': 'INT', 'name': 'int'}}}
		uring_sqpoll        : {'kind': 'PTR', 'type': {'kind': 'FUNC_PROTO', 'params': [], 'ret_type': {'kind': 'INT', 'name': 'int'}}}
		uring_cmd           : {'kind': 'PTR', 'type': {'kind': 'FUNC_PROTO', 'params': [{'name': '(anon)', 'type': {'kind': 'PTR', 'type': {'kind': 'STRUCT', 'name': 'io_uring_cmd'}}}], 'ret_type': {'kind': 'INT', 'name': 'int'}}}
	Field removed
		sb_add_mnt_opt      : {'kind': 'PTR', 'type': {'kind': 'FUNC_PROTO', 'params': [{'name': '(anon)', 'type': {'kind': 'PTR', 'type': {'kind': 'CONST', 'name': '(anon)', 'type': {'kind': 'INT', 'name': 'char'}}}}, {'name': '(anon-1)', 'type': {'kind': 'PTR', 'type': {'kind': 'CONST', 'name': '(anon)', 'type': {'kind': 'INT', 'name': 'char'}}}}, {'name': '(anon-2)', 'type': {'kind': 'INT', 'name': 'int'}}, {'name': '(anon-3)', 'type': {'kind': 'PTR', 'type': {'kind': 'PTR', 'type': {'name': 'void', 'kind': 'VOID'}}}}], 'ret_type': {'kind': 'INT', 'name': 'int'}}}
		task_getsecid_subj  : {'kind': 'PTR', 'type': {'kind': 'FUNC_PROTO', 'params': [{'name': '(anon)', 'type': {'kind': 'PTR', 'type': {'kind': 'STRUCT', 'name': 'task_struct'}}}, {'name': '(anon-1)', 'type': {'kind': 'PTR', 'type': {'kind': 'TYPEDEF', 'name': 'u32'}}}], 'ret_type': {'name': 'void', 'kind': 'VOID'}}}
	Field type changed
		dentry_init_security: {'kind': 'PTR', 'type': {'kind': 'FUNC_PROTO', 'params': [{'name': '(anon)', 'type': {'kind': 'PTR', 'type': {'kind': 'STRUCT', 'name': 'dentry'}}}, {'name': '(anon-1)', 'type': {'kind': 'INT', 'name': 'int'}}, {'name': '(anon-2)', 'type': {'kind': 'PTR', 'type': {'kind': 'CONST', 'name': '(anon)', 'type': {'kind': 'STRUCT', 'name': 'qstr'}}}}, {'name': '(anon-3)', 'type': {'kind': 'PTR', 'type': {'kind': 'PTR', 'type': {'name': 'void', 'kind': 'VOID'}}}}, {'name': '(anon-4)', 'type': {'kind': 'PTR', 'type': {'kind': 'TYPEDEF', 'name': 'u32'}}}], 'ret_type': {'kind': 'INT', 'name': 'int'}}}
		                    ->{'kind': 'PTR', 'type': {'kind': 'FUNC_PROTO', 'params': [{'name': '(anon)', 'type': {'kind': 'PTR', 'type': {'kind': 'STRUCT', 'name': 'dentry'}}}, {'name': '(anon-1)', 'type': {'kind': 'INT', 'name': 'int'}}, {'name': '(anon-2)', 'type': {'kind': 'PTR', 'type': {'kind': 'CONST', 'name': '(anon)', 'type': {'kind': 'STRUCT', 'name': 'qstr'}}}}, {'name': '(anon-3)', 'type': {'kind': 'PTR', 'type': {'kind': 'PTR', 'type': {'kind': 'CONST', 'name': '(anon)', 'type': {'kind': 'INT', 'name': 'char'}}}}}, {'name': '(anon-4)', 'type': {'kind': 'PTR', 'type': {'kind': 'PTR', 'type': {'name': 'void', 'kind': 'VOID'}}}}, {'name': '(anon-5)', 'type': {'kind': 'PTR', 'type': {'kind': 'TYPEDEF', 'name': 'u32'}}}], 'ret_type': {'kind': 'INT', 'name': 'int'}}}
		path_rename         : {'kind': 'PTR', 'type': {'kind': 'FUNC_PROTO', 'params': [{'name': '(anon)', 'type': {'kind': 'PTR', 'type': {'kind': 'CONST', 'name': '(anon)', 'type': {'kind': 'STRUCT', 'name': 'path'}}}}, {'name': '(anon-1)', 'type': {'kind': 'PTR', 'type': {'kind': 'STRUCT', 'name': 'dentry'}}}, {'name': '(anon-2)', 'type': {'kind': 'PTR', 'type': {'kind': 'CONST', 'name': '(anon)', 'type': {'kind': 'STRUCT', 'name': 'path'}}}}, {'name': '(anon-3)', 'type': {'kind': 'PTR', 'type': {'kind': 'STRUCT', 'name': 'dentry'}}}], 'ret_type': {'kind': 'INT', 'name': 'int'}}}
		                    ->{'kind': 'PTR', 'type': {'kind': 'FUNC_PROTO', 'params': [{'name': '(anon)', 'type': {'kind': 'PTR', 'type': {'kind': 'CONST', 'name': '(anon)', 'type': {'kind': 'STRUCT', 'name': 'path'}}}}, {'name': '(anon-1)', 'type': {'kind': 'PTR', 'type': {'kind': 'STRUCT', 'name': 'dentry'}}}, {'name': '(anon-2)', 'type': {'kind': 'PTR', 'type': {'kind': 'CONST', 'name': '(anon)', 'type': {'kind': 'STRUCT', 'name': 'path'}}}}, {'name': '(anon-3)', 'type': {'kind': 'PTR', 'type': {'kind': 'STRUCT', 'name': 'dentry'}}}, {'name': '(anon-4)', 'type': {'kind': 'INT', 'name': 'unsigned int'}}], 'ret_type': {'kind': 'INT', 'name': 'int'}}}
		inode_setxattr      : {'kind': 'PTR', 'type': {'kind': 'FUNC_PROTO', 'params': [{'name': '(anon)', 'type': {'kind': 'PTR', 'type': {'kind': 'STRUCT', 'name': 'user_namespace'}}}, {'name': '(anon-1)', 'type': {'kind': 'PTR', 'type': {'kind': 'STRUCT', 'name': 'dentry'}}}, {'name': '(anon-2)', 'type': {'kind': 'PTR', 'type': {'kind': 'CONST', 'name': '(anon)', 'type': {'kind': 'INT', 'name': 'char'}}}}, {'name': '(anon-3)', 'type': {'kind': 'PTR', 'type': {'kind': 'CONST', 'name': '(anon)', 'type': {'name': 'void', 'kind': 'VOID'}}}}, {'name': '(anon-4)', 'type': {'kind': 'TYPEDEF', 'name': 'size_t'}}, {'name': '(anon-5)', 'type': {'kind': 'INT', 'name': 'int'}}], 'ret_type': {'kind': 'INT', 'name': 'int'}}}
		                    ->{'kind': 'PTR', 'type': {'kind': 'FUNC_PROTO', 'params': [{'name': '(anon)', 'type': {'kind': 'PTR', 'type': {'kind': 'STRUCT', 'name': 'mnt_idmap'}}}, {'name': '(anon-1)', 'type': {'kind': 'PTR', 'type': {'kind': 'STRUCT', 'name': 'dentry'}}}, {'name': '(anon-2)', 'type': {'kind': 'PTR', 'type': {'kind': 'CONST', 'name': '(anon)', 'type': {'kind': 'INT', 'name': 'char'}}}}, {'name': '(anon-3)', 'type': {'kind': 'PTR', 'type': {'kind': 'CONST', 'name': '(anon)', 'type': {'name': 'void', 'kind': 'VOID'}}}}, {'name': '(anon-4)', 'type': {'kind': 'TYPEDEF', 'name': 'size_t'}}, {'name': '(anon-5)', 'type': {'kind': 'INT', 'name': 'int'}}], 'ret_type': {'kind': 'INT', 'name': 'int'}}}
		inode_removexattr   : {'kind': 'PTR', 'type': {'kind': 'FUNC_PROTO', 'params': [{'name': '(anon)', 'type': {'kind': 'PTR', 'type': {'kind': 'STRUCT', 'name': 'user_namespace'}}}, {'name': '(anon-1)', 'type': {'kind': 'PTR', 'type': {'kind': 'STRUCT', 'name': 'dentry'}}}, {'name': '(anon-2)', 'type': {'kind': 'PTR', 'type': {'kind': 'CONST', 'name': '(anon)', 'type': {'kind': 'INT', 'name': 'char'}}}}], 'ret_type': {'kind': 'INT', 'name': 'int'}}}
		                    ->{'kind': 'PTR', 'type': {'kind': 'FUNC_PROTO', 'params': [{'name': '(anon)', 'type': {'kind': 'PTR', 'type': {'kind': 'STRUCT', 'name': 'mnt_idmap'}}}, {'name': '(anon-1)', 'type': {'kind': 'PTR', 'type': {'kind': 'STRUCT', 'name': 'dentry'}}}, {'name': '(anon-2)', 'type': {'kind': 'PTR', 'type': {'kind': 'CONST', 'name': '(anon)', 'type': {'kind': 'INT', 'name': 'char'}}}}], 'ret_type': {'kind': 'INT', 'name': 'int'}}}
		inode_killpriv      : {'kind': 'PTR', 'type': {'kind': 'FUNC_PROTO', 'params': [{'name': '(anon)', 'type': {'kind': 'PTR', 'type': {'kind': 'STRUCT', 'name': 'user_namespace'}}}, {'name': '(anon-1)', 'type': {'kind': 'PTR', 'type': {'kind': 'STRUCT', 'name': 'dentry'}}}], 'ret_type': {'kind': 'INT', 'name': 'int'}}}
		                    ->{'kind': 'PTR', 'type': {'kind': 'FUNC_PROTO', 'params': [{'name': '(anon)', 'type': {'kind': 'PTR', 'type': {'kind': 'STRUCT', 'name': 'mnt_idmap'}}}, {'name': '(anon-1)', 'type': {'kind': 'PTR', 'type': {'kind': 'STRUCT', 'name': 'dentry'}}}], 'ret_type': {'kind': 'INT', 'name': 'int'}}}
		inode_getsecurity   : {'kind': 'PTR', 'type': {'kind': 'FUNC_PROTO', 'params': [{'name': '(anon)', 'type': {'kind': 'PTR', 'type': {'kind': 'STRUCT', 'name': 'user_namespace'}}}, {'name': '(anon-1)', 'type': {'kind': 'PTR', 'type': {'kind': 'STRUCT', 'name': 'inode'}}}, {'name': '(anon-2)', 'type': {'kind': 'PTR', 'type': {'kind': 'CONST', 'name': '(anon)', 'type': {'kind': 'INT', 'name': 'char'}}}}, {'name': '(anon-3)', 'type': {'kind': 'PTR', 'type': {'kind': 'PTR', 'type': {'name': 'void', 'kind': 'VOID'}}}}, {'name': '(anon-4)', 'type': {'kind': 'TYPEDEF', 'name': 'bool'}}], 'ret_type': {'kind': 'INT', 'name': 'int'}}}
		                    ->{'kind': 'PTR', 'type': {'kind': 'FUNC_PROTO', 'params': [{'name': '(anon)', 'type': {'kind': 'PTR', 'type': {'kind': 'STRUCT', 'name': 'mnt_idmap'}}}, {'name': '(anon-1)', 'type': {'kind': 'PTR', 'type': {'kind': 'STRUCT', 'name': 'inode'}}}, {'name': '(anon-2)', 'type': {'kind': 'PTR', 'type': {'kind': 'CONST', 'name': '(anon)', 'type': {'kind': 'INT', 'name': 'char'}}}}, {'name': '(anon-3)', 'type': {'kind': 'PTR', 'type': {'kind': 'PTR', 'type': {'name': 'void', 'kind': 'VOID'}}}}, {'name': '(anon-4)', 'type': {'kind': 'TYPEDEF', 'name': 'bool'}}], 'ret_type': {'kind': 'INT', 'name': 'int'}}}
		getprocattr         : {'kind': 'PTR', 'type': {'kind': 'FUNC_PROTO', 'params': [{'name': '(anon)', 'type': {'kind': 'PTR', 'type': {'kind': 'STRUCT', 'name': 'task_struct'}}}, {'name': '(anon-1)', 'type': {'kind': 'PTR', 'type': {'kind': 'INT', 'name': 'char'}}}, {'name': '(anon-2)', 'type': {'kind': 'PTR', 'type': {'kind': 'PTR', 'type': {'kind': 'INT', 'name': 'char'}}}}], 'ret_type': {'kind': 'INT', 'name': 'int'}}}
		                    ->{'kind': 'PTR', 'type': {'kind': 'FUNC_PROTO', 'params': [{'name': '(anon)', 'type': {'kind': 'PTR', 'type': {'kind': 'STRUCT', 'name': 'task_struct'}}}, {'name': '(anon-1)', 'type': {'kind': 'PTR', 'type': {'kind': 'CONST', 'name': '(anon)', 'type': {'kind': 'INT', 'name': 'char'}}}}, {'name': '(anon-2)', 'type': {'kind': 'PTR', 'type': {'kind': 'PTR', 'type': {'kind': 'INT', 'name': 'char'}}}}], 'ret_type': {'kind': 'INT', 'name': 'int'}}}
		socket_getpeersec_stream: {'kind': 'PTR', 'type': {'kind': 'FUNC_PROTO', 'params': [{'name': '(anon)', 'type': {'kind': 'PTR', 'type': {'kind': 'STRUCT', 'name': 'socket'}}}, {'name': '(anon-1)', 'type': {'kind': 'PTR', 'type': {'kind': 'INT', 'name': 'char'}}}, {'name': '(anon-2)', 'type': {'kind': 'PTR', 'type': {'kind': 'INT', 'name': 'int'}}}, {'name': '(anon-3)', 'type': {'kind': 'INT', 'name': 'unsigned int'}}], 'ret_type': {'kind': 'INT', 'name': 'int'}}}
		                    ->{'kind': 'PTR', 'type': {'kind': 'FUNC_PROTO', 'params': [{'name': '(anon)', 'type': {'kind': 'PTR', 'type': {'kind': 'STRUCT', 'name': 'socket'}}}, {'name': '(anon-1)', 'type': {'kind': 'TYPEDEF', 'name': 'sockptr_t'}}, {'name': '(anon-2)', 'type': {'kind': 'TYPEDEF', 'name': 'sockptr_t'}}, {'name': '(anon-3)', 'type': {'kind': 'INT', 'name': 'unsigned int'}}], 'ret_type': {'kind': 'INT', 'name': 'int'}}}
		sctp_assoc_request  : {'kind': 'PTR', 'type': {'kind': 'FUNC_PROTO', 'params': [{'name': '(anon)', 'type': {'kind': 'PTR', 'type': {'kind': 'STRUCT', 'name': 'sctp_endpoint'}}}, {'name': '(anon-1)', 'type': {'kind': 'PTR', 'type': {'kind': 'STRUCT', 'name': 'sk_buff'}}}], 'ret_type': {'kind': 'INT', 'name': 'int'}}}
		                    ->{'kind': 'PTR', 'type': {'kind': 'FUNC_PROTO', 'params': [{'name': '(anon)', 'type': {'kind': 'PTR', 'type': {'kind': 'STRUCT', 'name': 'sctp_association'}}}, {'name': '(anon-1)', 'type': {'kind': 'PTR', 'type': {'kind': 'STRUCT', 'name': 'sk_buff'}}}], 'ret_type': {'kind': 'INT', 'name': 'int'}}}
		sctp_sk_clone       : {'kind': 'PTR', 'type': {'kind': 'FUNC_PROTO', 'params': [{'name': '(anon)', 'type': {'kind': 'PTR', 'type': {'kind': 'STRUCT', 'name': 'sctp_endpoint'}}}, {'name': '(anon-1)', 'type': {'kind': 'PTR', 'type': {'kind': 'STRUCT', 'name': 'sock'}}}, {'name': '(anon-2)', 'type': {'kind': 'PTR', 'type': {'kind': 'STRUCT', 'name': 'sock'}}}], 'ret_type': {'name': 'void', 'kind': 'VOID'}}}
		                    ->{'kind': 'PTR', 'type': {'kind': 'FUNC_PROTO', 'params': [{'name': '(anon)', 'type': {'kind': 'PTR', 'type': {'kind': 'STRUCT', 'name': 'sctp_association'}}}, {'name': '(anon-1)', 'type': {'kind': 'PTR', 'type': {'kind': 'STRUCT', 'name': 'sock'}}}, {'name': '(anon-2)', 'type': {'kind': 'PTR', 'type': {'kind': 'STRUCT', 'name': 'sock'}}}], 'ret_type': {'name': 'void', 'kind': 'VOID'}}}
	Layout changed
aa_buffer
	Field added
		(anon)              : {'kind': 'STRUCT', 'name': '(anon)'}
	Field removed
		buffer              : {'kind': 'ARRAY', 'name': '(anon)', 'nr_elems': 1, 'type': {'kind': 'INT', 'name': 'char'}}
	Layout changed
phy_configure_opts
	Field added
		lvds                : {'kind': 'STRUCT', 'name': 'phy_configure_opts_lvds'}
	Layout changed
acpi_resource_data
	Field added
		clock_input         : {'kind': 'STRUCT', 'name': 'acpi_resource_clock_input'}
	Layout changed
hdmi_infoframe
	Layout changed
aml_resource
	Field added
		clock_input         : {'kind': 'STRUCT', 'name': 'aml_resource_clock_input'}
	Layout changed
